{
  "uid" : "16346dd4d639e120",
  "name" : "test_pinterestSocialIcon",
  "fullName" : "test_regression_suite.FooterTests#test_pinterestSocialIcon",
  "historyId" : "b6598897c9cea01cf76f0d347a2f9d53",
  "time" : {
    "start" : 1591778366393,
    "stop" : 1591778391393,
    "duration" : 25000
  },
  "status" : "failed",
  "statusMessage" : "AssertionError",
  "statusTrace" : "self = <tests.home.footer_test.FooterTests testMethod=test_pinterestSocialIcon>\n\n    def test_pinterestSocialIcon(self):\n        result = self.fp.getPinterestStatus()\n>       self.ts.markFinal(\"test_pinterestSocialIcon\", result, \"Footer_Verified Pinterest Social Icon\")\n\nhome\\footer_test.py:28: \n_ _ _ _ _ _ _ _ _ _ _ _ _ _ _ _ _ _ _ _ _ _ _ _ _ _ _ _ _ _ _ _ _ _ _ _ _ _ _ _\n\nself = <utilities.casestatus.CaseStatus object at 0x000001DD3D7DF850>\ntestName = 'test_pinterestSocialIcon', result = False\nresultMessage = 'Footer_Verified Pinterest Social Icon'\n\n    def markFinal(self, testName, result, resultMessage):\n        \"\"\"\n        Mark the final result of verification point in a test case\n        This needs to be called at least once in a test case\n        This should be final test status of the test case\n        \"\"\"\n        self.setResult(result, resultMessage)\n    \n        if \"FAIL\" in self.resultList:\n            self.log.error(testName + \" Test Failed\")\n            self.resultList.clear()\n>           assert True == False\nE           AssertionError\n\n..\\utilities\\casestatus.py:74: AssertionError",
  "flaky" : false,
  "newFailed" : false,
  "beforeStages" : [ {
    "name" : "oneTimeSetUp",
    "time" : {
      "start" : 1591777691145,
      "stop" : 1591777725559,
      "duration" : 34414
    },
    "status" : "passed",
    "steps" : [ ],
    "attachments" : [ ],
    "parameters" : [ ],
    "hasContent" : false,
    "stepsCount" : 0,
    "shouldDisplayMessage" : false,
    "attachmentsCount" : 0
  }, {
    "name" : "_UnitTestCase__pytest_class_setup",
    "time" : {
      "start" : 1591777691143,
      "stop" : 1591777691143,
      "duration" : 0
    },
    "status" : "passed",
    "steps" : [ ],
    "attachments" : [ ],
    "parameters" : [ ],
    "hasContent" : false,
    "stepsCount" : 0,
    "shouldDisplayMessage" : false,
    "attachmentsCount" : 0
  }, {
    "name" : "classSetUp",
    "time" : {
      "start" : 1591778366392,
      "stop" : 1591778366392,
      "duration" : 0
    },
    "status" : "passed",
    "steps" : [ ],
    "attachments" : [ ],
    "parameters" : [ ],
    "hasContent" : false,
    "stepsCount" : 0,
    "shouldDisplayMessage" : false,
    "attachmentsCount" : 0
  }, {
    "name" : "browser",
    "time" : {
      "start" : 1591777691144,
      "stop" : 1591777691144,
      "duration" : 0
    },
    "status" : "passed",
    "steps" : [ ],
    "attachments" : [ ],
    "parameters" : [ ],
    "hasContent" : false,
    "stepsCount" : 0,
    "shouldDisplayMessage" : false,
    "attachmentsCount" : 0
  } ],
  "testStage" : {
    "status" : "failed",
    "statusMessage" : "AssertionError",
    "statusTrace" : "self = <tests.home.footer_test.FooterTests testMethod=test_pinterestSocialIcon>\n\n    def test_pinterestSocialIcon(self):\n        result = self.fp.getPinterestStatus()\n>       self.ts.markFinal(\"test_pinterestSocialIcon\", result, \"Footer_Verified Pinterest Social Icon\")\n\nhome\\footer_test.py:28: \n_ _ _ _ _ _ _ _ _ _ _ _ _ _ _ _ _ _ _ _ _ _ _ _ _ _ _ _ _ _ _ _ _ _ _ _ _ _ _ _\n\nself = <utilities.casestatus.CaseStatus object at 0x000001DD3D7DF850>\ntestName = 'test_pinterestSocialIcon', result = False\nresultMessage = 'Footer_Verified Pinterest Social Icon'\n\n    def markFinal(self, testName, result, resultMessage):\n        \"\"\"\n        Mark the final result of verification point in a test case\n        This needs to be called at least once in a test case\n        This should be final test status of the test case\n        \"\"\"\n        self.setResult(result, resultMessage)\n    \n        if \"FAIL\" in self.resultList:\n            self.log.error(testName + \" Test Failed\")\n            self.resultList.clear()\n>           assert True == False\nE           AssertionError\n\n..\\utilities\\casestatus.py:74: AssertionError",
    "steps" : [ ],
    "attachments" : [ {
      "uid" : "706e4960c26759b7",
      "name" : "Footer_Verified Pinterest Social Icon.1591778391389",
      "source" : "706e4960c26759b7.png",
      "type" : "image/png",
      "size" : 3831
    }, {
      "uid" : "6be62bb03b5b557a",
      "name" : "log",
      "source" : "6be62bb03b5b557a.txt",
      "type" : "text/plain",
      "size" : 1193
    }, {
      "uid" : "dc8a5bd819cbf2ed",
      "name" : "stdout",
      "source" : "dc8a5bd819cbf2ed.txt",
      "type" : "text/plain",
      "size" : 22
    } ],
    "parameters" : [ ],
    "hasContent" : true,
    "stepsCount" : 0,
    "shouldDisplayMessage" : true,
    "attachmentsCount" : 3
  },
  "afterStages" : [ {
    "name" : "oneTimeSetUp::0",
    "time" : {
      "start" : 1591778466217,
      "stop" : 1591778468433,
      "duration" : 2216
    },
    "status" : "passed",
    "steps" : [ ],
    "attachments" : [ ],
    "parameters" : [ ],
    "hasContent" : false,
    "stepsCount" : 0,
    "shouldDisplayMessage" : false,
    "attachmentsCount" : 0
  }, {
    "name" : "_UnitTestCase__pytest_class_setup::0",
    "time" : {
      "start" : 1591778468441,
      "stop" : 1591778468441,
      "duration" : 0
    },
    "status" : "passed",
    "steps" : [ ],
    "attachments" : [ ],
    "parameters" : [ ],
    "hasContent" : false,
    "stepsCount" : 0,
    "shouldDisplayMessage" : false,
    "attachmentsCount" : 0
  } ],
  "labels" : [ {
    "name" : "suite",
    "value" : "test_regression_suite"
  }, {
    "name" : "subSuite",
    "value" : "FooterTests"
  }, {
    "name" : "host",
    "value" : "EXIPC0154"
  }, {
    "name" : "thread",
    "value" : "11032-MainThread"
  }, {
    "name" : "framework",
    "value" : "pytest"
  }, {
    "name" : "language",
    "value" : "cpython3"
  }, {
    "name" : "package",
    "value" : "test_regression_suite"
  }, {
    "name" : "resultFormat",
    "value" : "allure2"
  } ],
  "parameters" : [ ],
  "links" : [ ],
  "hidden" : false,
  "retry" : false,
  "extra" : {
    "severity" : "normal",
    "retries" : [ {
      "uid" : "181d80dfc4b62f9e",
      "status" : "failed",
      "statusDetails" : "AssertionError",
      "time" : {
        "start" : 1591691635213,
        "stop" : 1591691660384,
        "duration" : 25171
      }
    }, {
      "uid" : "6814163df3be1e66",
      "status" : "broken",
      "statusDetails" : "selenium.common.exceptions.NoSuchWindowException: Message: no such window: target window already closed\nfrom unknown error: web view not found\n  (Session info: chrome=83.0.4103.61)",
      "time" : {
        "start" : 1591432241286,
        "stop" : 1591432241292,
        "duration" : 6
      }
    }, {
      "uid" : "6bab3b97639e0f03",
      "status" : "failed",
      "statusDetails" : "AssertionError",
      "time" : {
        "start" : 1591086889678,
        "stop" : 1591086914643,
        "duration" : 24965
      }
    }, {
      "uid" : "73d95ddc6c190409",
      "status" : "passed",
      "time" : {
        "start" : 1591000092990,
        "stop" : 1591000094453,
        "duration" : 1463
      }
    }, {
      "uid" : "b337cf0b7979ef82",
      "status" : "passed",
      "time" : {
        "start" : 1590998613260,
        "stop" : 1590998614763,
        "duration" : 1503
      }
    }, {
      "uid" : "75656841d8746003",
      "status" : "broken",
      "statusDetails" : "selenium.common.exceptions.SessionNotCreatedException: Message: session not created: This version of ChromeDriver only supports Chrome version 81",
      "time" : {
        "start" : 1590913648833,
        "stop" : 1590913648833,
        "duration" : 0
      }
    }, {
      "uid" : "41875b5817bed2d9",
      "status" : "passed",
      "time" : {
        "start" : 1590827310003,
        "stop" : 1590827311564,
        "duration" : 1561
      }
    }, {
      "uid" : "1a25fb5194aefa73",
      "status" : "passed",
      "time" : {
        "start" : 1590740953614,
        "stop" : 1590740957101,
        "duration" : 3487
      }
    }, {
      "uid" : "f430264701848ef3",
      "status" : "broken",
      "statusDetails" : "selenium.common.exceptions.WebDriverException: Message: chrome not reachable\n  (Session info: chrome=81.0.4044.138)",
      "time" : {
        "start" : 1590654773253,
        "stop" : 1590654797318,
        "duration" : 24065
      }
    }, {
      "uid" : "f6f7a52b4f23d211",
      "status" : "passed",
      "time" : {
        "start" : 1590568884452,
        "stop" : 1590568885998,
        "duration" : 1546
      }
    }, {
      "uid" : "ab280e63a7dd3bd6",
      "status" : "passed",
      "time" : {
        "start" : 1590405797322,
        "stop" : 1590405798443,
        "duration" : 1121
      }
    }, {
      "uid" : "bffadb88b78338c",
      "status" : "passed",
      "time" : {
        "start" : 1590404515782,
        "stop" : 1590404517523,
        "duration" : 1741
      }
    }, {
      "uid" : "5884e921a16c9ad1",
      "status" : "passed",
      "time" : {
        "start" : 1590404453459,
        "stop" : 1590404454650,
        "duration" : 1191
      }
    }, {
      "uid" : "a6659c0ff586a589",
      "status" : "passed",
      "time" : {
        "start" : 1589610681293,
        "stop" : 1589610684083,
        "duration" : 2790
      }
    }, {
      "uid" : "ec272c28baa5bc04",
      "status" : "broken",
      "statusDetails" : "selenium.common.exceptions.StaleElementReferenceException: Message: stale element reference: element is not attached to the page document\n  (Session info: chrome=81.0.4044.138)",
      "time" : {
        "start" : 1589609689999,
        "stop" : 1589609690175,
        "duration" : 176
      }
    }, {
      "uid" : "976187f18c0efd87",
      "status" : "passed",
      "time" : {
        "start" : 1589609439770,
        "stop" : 1589609441366,
        "duration" : 1596
      }
    }, {
      "uid" : "ffee168124e2b9fb",
      "status" : "passed",
      "time" : {
        "start" : 1589608984038,
        "stop" : 1589608985681,
        "duration" : 1643
      }
    }, {
      "uid" : "23f49326d1e5de9f",
      "status" : "broken",
      "statusDetails" : "selenium.common.exceptions.WebDriverException: Message: 'chromedriver.exe' executable needs to be in PATH. Please see https://sites.google.com/a/chromium.org/chromedriver/home",
      "time" : {
        "start" : 1589607870434,
        "stop" : 1589607870434,
        "duration" : 0
      }
    }, {
      "uid" : "5c56b4a2bc3cdd62",
      "status" : "passed",
      "time" : {
        "start" : 1589606512455,
        "stop" : 1589606513744,
        "duration" : 1289
      }
    }, {
      "uid" : "513e81cb85c1d903",
      "status" : "passed",
      "time" : {
        "start" : 1589597913764,
        "stop" : 1589597915063,
        "duration" : 1299
      }
    }, {
      "uid" : "13a3699f3772e338",
      "status" : "passed",
      "time" : {
        "start" : 1589596700858,
        "stop" : 1589596703175,
        "duration" : 2317
      }
    }, {
      "uid" : "6c79678dbc984ddf",
      "status" : "passed",
      "time" : {
        "start" : 1589534547523,
        "stop" : 1589534552156,
        "duration" : 4633
      }
    }, {
      "uid" : "40868ae550e6a0dc",
      "status" : "passed",
      "time" : {
        "start" : 1589469166001,
        "stop" : 1589469167751,
        "duration" : 1750
      }
    }, {
      "uid" : "b398eb2ae4bec733",
      "status" : "passed",
      "time" : {
        "start" : 1589386797810,
        "stop" : 1589386799276,
        "duration" : 1466
      }
    }, {
      "uid" : "f8dc4fc6bad9101f",
      "status" : "passed",
      "time" : {
        "start" : 1589272133304,
        "stop" : 1589272135279,
        "duration" : 1975
      }
    }, {
      "uid" : "1b4979169fcb33f0",
      "status" : "passed",
      "time" : {
        "start" : 1589258693119,
        "stop" : 1589258696213,
        "duration" : 3094
      }
    }, {
      "uid" : "95432a960c2edb9",
      "status" : "passed",
      "time" : {
        "start" : 1589258580826,
        "stop" : 1589258582094,
        "duration" : 1268
      }
    }, {
      "uid" : "a4fabbf186a91f7",
      "status" : "passed",
      "time" : {
        "start" : 1589255129886,
        "stop" : 1589255131145,
        "duration" : 1259
      }
    }, {
      "uid" : "f3b8f2ddb5269817",
      "status" : "passed",
      "time" : {
        "start" : 1589253213191,
        "stop" : 1589253215949,
        "duration" : 2758
      }
    }, {
      "uid" : "28b82d1a062f24ed",
      "status" : "passed",
      "time" : {
        "start" : 1589216127494,
        "stop" : 1589216129016,
        "duration" : 1522
      }
    }, {
      "uid" : "d43a971c6f08ebae",
      "status" : "passed",
      "time" : {
        "start" : 1589207735711,
        "stop" : 1589207739511,
        "duration" : 3800
      }
    }, {
      "uid" : "1bb58a3cc17437f8",
      "status" : "passed",
      "time" : {
        "start" : 1589206285333,
        "stop" : 1589206288845,
        "duration" : 3512
      }
    }, {
      "uid" : "99aa1e81ae82bfff",
      "status" : "passed",
      "time" : {
        "start" : 1589205359943,
        "stop" : 1589205361739,
        "duration" : 1796
      }
    }, {
      "uid" : "20b067246b24119d",
      "status" : "passed",
      "time" : {
        "start" : 1589203308582,
        "stop" : 1589203309614,
        "duration" : 1032
      }
    }, {
      "uid" : "ee0e988f60638edc",
      "status" : "passed",
      "time" : {
        "start" : 1589163799040,
        "stop" : 1589163802726,
        "duration" : 3686
      }
    }, {
      "uid" : "9196a30f3cf05c31",
      "status" : "passed",
      "time" : {
        "start" : 1589113070689,
        "stop" : 1589113071815,
        "duration" : 1126
      }
    }, {
      "uid" : "9a4b92e62b07e551",
      "status" : "passed",
      "time" : {
        "start" : 1588853672898,
        "stop" : 1588853678740,
        "duration" : 5842
      }
    }, {
      "uid" : "51dc7644e96d8f34",
      "status" : "passed",
      "time" : {
        "start" : 1588852350182,
        "stop" : 1588852352705,
        "duration" : 2523
      }
    } ],
    "categories" : [ {
      "name" : "Product defects",
      "matchedStatuses" : [ ],
      "flaky" : false
    } ],
    "history" : {
      "statistic" : {
        "failed" : 6,
        "broken" : 6,
        "skipped" : 0,
        "passed" : 32,
        "unknown" : 0,
        "total" : 44
      },
      "items" : [ {
        "uid" : "ca146d6b439b5ebe",
        "reportUrl" : "http://localhost:9090/jenkins/job/MattamyAutomationFramework/62/allure/#testresult/ca146d6b439b5ebe",
        "status" : "failed",
        "statusDetails" : "AssertionError",
        "time" : {
          "start" : 1591691635213,
          "stop" : 1591691660384,
          "duration" : 25171
        }
      }, {
        "uid" : "2ab13e1a68ccc548",
        "reportUrl" : "http://localhost:9090/jenkins/job/MattamyAutomationFramework/61/allure/#testresult/2ab13e1a68ccc548",
        "status" : "broken",
        "statusDetails" : "selenium.common.exceptions.NoSuchWindowException: Message: no such window: target window already closed\nfrom unknown error: web view not found\n  (Session info: chrome=83.0.4103.61)",
        "time" : {
          "start" : 1591432241286,
          "stop" : 1591432241292,
          "duration" : 6
        }
      }, {
        "uid" : "13a32342b30feaa3",
        "reportUrl" : "http://localhost:9090/jenkins/job/MattamyAutomationFramework/60/allure/#testresult/13a32342b30feaa3",
        "status" : "broken",
        "statusDetails" : "selenium.common.exceptions.NoSuchWindowException: Message: no such window: target window already closed\nfrom unknown error: web view not found\n  (Session info: chrome=83.0.4103.61)",
        "time" : {
          "start" : 1591432241286,
          "stop" : 1591432241292,
          "duration" : 6
        }
      }, {
        "uid" : "18c67deb496c79ff",
        "reportUrl" : "http://localhost:9090/jenkins/job/MattamyAutomationFramework/59/allure/#testresult/18c67deb496c79ff",
        "status" : "broken",
        "statusDetails" : "selenium.common.exceptions.NoSuchWindowException: Message: no such window: target window already closed\nfrom unknown error: web view not found\n  (Session info: chrome=83.0.4103.61)",
        "time" : {
          "start" : 1591432241286,
          "stop" : 1591432241292,
          "duration" : 6
        }
      }, {
        "uid" : "bf6badf58a08d5bb",
        "reportUrl" : "http://localhost:9090/jenkins/job/MattamyAutomationFramework/58/allure/#testresult/bf6badf58a08d5bb",
        "status" : "failed",
        "statusDetails" : "AssertionError",
        "time" : {
          "start" : 1591086889678,
          "stop" : 1591086914643,
          "duration" : 24965
        }
      }, {
        "uid" : "6ae88413d1a08a9d",
        "reportUrl" : "http://localhost:9090/jenkins/job/MattamyAutomationFramework/57/allure/#testresult/6ae88413d1a08a9d",
        "status" : "failed",
        "statusDetails" : "AssertionError",
        "time" : {
          "start" : 1591086889678,
          "stop" : 1591086914643,
          "duration" : 24965
        }
      }, {
        "uid" : "5219b627071df554",
        "reportUrl" : "http://localhost:9090/jenkins/job/MattamyAutomationFramework/56/allure/#testresult/5219b627071df554",
        "status" : "failed",
        "statusDetails" : "AssertionError",
        "time" : {
          "start" : 1591086889678,
          "stop" : 1591086914643,
          "duration" : 24965
        }
      }, {
        "uid" : "78368437f697ab5b",
        "reportUrl" : "http://localhost:9090/jenkins/job/MattamyAutomationFramework/55/allure/#testresult/78368437f697ab5b",
        "status" : "failed",
        "statusDetails" : "AssertionError",
        "time" : {
          "start" : 1591086889678,
          "stop" : 1591086914643,
          "duration" : 24965
        }
      }, {
        "uid" : "6262a481f3287c55",
        "reportUrl" : "http://localhost:9090/jenkins/job/MattamyAutomationFramework/54/allure/#testresult/6262a481f3287c55",
        "status" : "passed",
        "time" : {
          "start" : 1591000092990,
          "stop" : 1591000094453,
          "duration" : 1463
        }
      }, {
        "uid" : "75c3918dc7e32c7",
        "reportUrl" : "http://localhost:9090/jenkins/job/MattamyAutomationFramework/53/allure/#testresult/75c3918dc7e32c7",
        "status" : "passed",
        "time" : {
          "start" : 1590998613260,
          "stop" : 1590998614763,
          "duration" : 1503
        }
      }, {
        "uid" : "d9aade2e9c1672d",
        "reportUrl" : "http://localhost:9090/jenkins/job/MattamyAutomationFramework/52/allure/#testresult/d9aade2e9c1672d",
        "status" : "broken",
        "statusDetails" : "selenium.common.exceptions.SessionNotCreatedException: Message: session not created: This version of ChromeDriver only supports Chrome version 81",
        "time" : {
          "start" : 1590913648833,
          "stop" : 1590913648833,
          "duration" : 0
        }
      }, {
        "uid" : "4561fa7a45d499dc",
        "reportUrl" : "http://localhost:9090/jenkins/job/MattamyAutomationFramework/51/allure/#testresult/4561fa7a45d499dc",
        "status" : "passed",
        "time" : {
          "start" : 1590827310003,
          "stop" : 1590827311564,
          "duration" : 1561
        }
      }, {
        "uid" : "4bf244a1eab7cd6c",
        "reportUrl" : "http://localhost:9090/jenkins/job/MattamyAutomationFramework/50/allure/#testresult/4bf244a1eab7cd6c",
        "status" : "passed",
        "time" : {
          "start" : 1590740953614,
          "stop" : 1590740957101,
          "duration" : 3487
        }
      }, {
        "uid" : "4aa26d01c2fa24af",
        "reportUrl" : "http://localhost:9090/jenkins/job/MattamyAutomationFramework/49/allure/#testresult/4aa26d01c2fa24af",
        "status" : "broken",
        "statusDetails" : "selenium.common.exceptions.WebDriverException: Message: chrome not reachable\n  (Session info: chrome=81.0.4044.138)",
        "time" : {
          "start" : 1590654773253,
          "stop" : 1590654797318,
          "duration" : 24065
        }
      }, {
        "uid" : "ccc0941bfbab0086",
        "reportUrl" : "http://localhost:9090/jenkins/job/MattamyAutomationFramework/48/allure/#testresult/ccc0941bfbab0086",
        "status" : "passed",
        "time" : {
          "start" : 1590568884452,
          "stop" : 1590568885998,
          "duration" : 1546
        }
      }, {
        "uid" : "48de6704db63eba6",
        "reportUrl" : "http://localhost:9090/jenkins/job/MattamyAutomationFramework/47/allure/#testresult/48de6704db63eba6",
        "status" : "passed",
        "time" : {
          "start" : 1590405797322,
          "stop" : 1590405798443,
          "duration" : 1121
        }
      }, {
        "uid" : "3ff6925eece7f7da",
        "reportUrl" : "http://localhost:9090/jenkins/job/MattamyAutomationFramework/46/allure/#testresult/3ff6925eece7f7da",
        "status" : "passed",
        "time" : {
          "start" : 1590405797322,
          "stop" : 1590405798443,
          "duration" : 1121
        }
      }, {
        "uid" : "e50cbd6a41b73f10",
        "reportUrl" : "http://localhost:9090/jenkins/job/MattamyAutomationFramework/45/allure/#testresult/e50cbd6a41b73f10",
        "status" : "passed",
        "time" : {
          "start" : 1590404515782,
          "stop" : 1590404517523,
          "duration" : 1741
        }
      }, {
        "uid" : "fe4ad4fbc5f97b2d",
        "reportUrl" : "http://localhost:9090/jenkins/job/MattamyAutomationFramework/43/allure/#testresult/fe4ad4fbc5f97b2d",
        "status" : "passed",
        "time" : {
          "start" : 1589610681293,
          "stop" : 1589610684083,
          "duration" : 2790
        }
      }, {
        "uid" : "f1d173ed1de4677",
        "reportUrl" : "http://localhost:9090/jenkins/job/MattamyAutomationFramework/42/allure/#testresult/f1d173ed1de4677",
        "status" : "passed",
        "time" : {
          "start" : 1589610681293,
          "stop" : 1589610684083,
          "duration" : 2790
        }
      } ]
    },
    "tags" : [ ]
  },
  "source" : "16346dd4d639e120.json",
  "parameterValues" : [ ]
}