{
  "uid" : "280734657eac2a09",
  "name" : "test_faqLink",
  "fullName" : "test_regression_suite.FooterTests#test_faqLink",
  "historyId" : "7a51873bd392916254582a61f677b26e",
  "time" : {
    "start" : 1590913647530,
    "stop" : 1590913647530,
    "duration" : 0
  },
  "status" : "broken",
  "statusMessage" : "selenium.common.exceptions.SessionNotCreatedException: Message: session not created: This version of ChromeDriver only supports Chrome version 81",
  "statusTrace" : "request = <SubRequest 'oneTimeSetUp' for <TestCaseFunction test_accessibilityLink>>\nbrowser = None\n\n    @pytest.yield_fixture(scope=\"class\")\n    def oneTimeSetUp(request, browser):\n        conf = Config()\n        url = conf.base_url\n        wdf = WebDriverFactory(browser, url)\n>       driver = wdf.getWebDriverInstance()\n\nconftest.py:21: \n_ _ _ _ _ _ _ _ _ _ _ _ _ _ _ _ _ _ _ _ _ _ _ _ _ _ _ _ _ _ _ _ _ _ _ _ _ _ _ _\n..\\base\\webdriverfactory.py:80: in getWebDriverInstance\n    driver = webdriver.Chrome(executable_path=chromePath)\n..\\..\\..\\pycharmprojects\\mattamyhomes\\venv\\lib\\site-packages\\selenium\\webdriver\\chrome\\webdriver.py:76: in __init__\n    RemoteWebDriver.__init__(\n..\\..\\..\\pycharmprojects\\mattamyhomes\\venv\\lib\\site-packages\\selenium\\webdriver\\remote\\webdriver.py:157: in __init__\n    self.start_session(capabilities, browser_profile)\n..\\..\\..\\pycharmprojects\\mattamyhomes\\venv\\lib\\site-packages\\selenium\\webdriver\\remote\\webdriver.py:252: in start_session\n    response = self.execute(Command.NEW_SESSION, parameters)\n..\\..\\..\\pycharmprojects\\mattamyhomes\\venv\\lib\\site-packages\\selenium\\webdriver\\remote\\webdriver.py:321: in execute\n    self.error_handler.check_response(response)\n_ _ _ _ _ _ _ _ _ _ _ _ _ _ _ _ _ _ _ _ _ _ _ _ _ _ _ _ _ _ _ _ _ _ _ _ _ _ _ _\n\nself = <selenium.webdriver.remote.errorhandler.ErrorHandler object at 0x000002D1DF89BB50>\nresponse = {'status': 500, 'value': '{\"value\":{\"error\":\"session not created\",\"message\":\"session not created: This version of Chro...\\n\\\\tRtlGetAppContainerNamedObjectPath [0x77BC7B74+228]\\\\n\\\\tRtlGetAppContainerNamedObjectPath [0x77BC7B44+180]\\\\n\"}}'}\n\n    def check_response(self, response):\n        \"\"\"\n        Checks that a JSON response from the WebDriver does not have an error.\n    \n        :Args:\n         - response - The JSON response from the WebDriver server as a dictionary\n           object.\n    \n        :Raises: If the response contains an error message.\n        \"\"\"\n        status = response.get('status', None)\n        if status is None or status == ErrorCode.SUCCESS:\n            return\n        value = None\n        message = response.get(\"message\", \"\")\n        screen = response.get(\"screen\", \"\")\n        stacktrace = None\n        if isinstance(status, int):\n            value_json = response.get('value', None)\n            if value_json and isinstance(value_json, basestring):\n                import json\n                try:\n                    value = json.loads(value_json)\n                    if len(value.keys()) == 1:\n                        value = value['value']\n                    status = value.get('error', None)\n                    if status is None:\n                        status = value[\"status\"]\n                        message = value[\"value\"]\n                        if not isinstance(message, basestring):\n                            value = message\n                            message = message.get('message')\n                    else:\n                        message = value.get('message', None)\n                except ValueError:\n                    pass\n    \n        exception_class = ErrorInResponseException\n        if status in ErrorCode.NO_SUCH_ELEMENT:\n            exception_class = NoSuchElementException\n        elif status in ErrorCode.NO_SUCH_FRAME:\n            exception_class = NoSuchFrameException\n        elif status in ErrorCode.NO_SUCH_WINDOW:\n            exception_class = NoSuchWindowException\n        elif status in ErrorCode.STALE_ELEMENT_REFERENCE:\n            exception_class = StaleElementReferenceException\n        elif status in ErrorCode.ELEMENT_NOT_VISIBLE:\n            exception_class = ElementNotVisibleException\n        elif status in ErrorCode.INVALID_ELEMENT_STATE:\n            exception_class = InvalidElementStateException\n        elif status in ErrorCode.INVALID_SELECTOR \\\n                or status in ErrorCode.INVALID_XPATH_SELECTOR \\\n                or status in ErrorCode.INVALID_XPATH_SELECTOR_RETURN_TYPER:\n            exception_class = InvalidSelectorException\n        elif status in ErrorCode.ELEMENT_IS_NOT_SELECTABLE:\n            exception_class = ElementNotSelectableException\n        elif status in ErrorCode.ELEMENT_NOT_INTERACTABLE:\n            exception_class = ElementNotInteractableException\n        elif status in ErrorCode.INVALID_COOKIE_DOMAIN:\n            exception_class = InvalidCookieDomainException\n        elif status in ErrorCode.UNABLE_TO_SET_COOKIE:\n            exception_class = UnableToSetCookieException\n        elif status in ErrorCode.TIMEOUT:\n            exception_class = TimeoutException\n        elif status in ErrorCode.SCRIPT_TIMEOUT:\n            exception_class = TimeoutException\n        elif status in ErrorCode.UNKNOWN_ERROR:\n            exception_class = WebDriverException\n        elif status in ErrorCode.UNEXPECTED_ALERT_OPEN:\n            exception_class = UnexpectedAlertPresentException\n        elif status in ErrorCode.NO_ALERT_OPEN:\n            exception_class = NoAlertPresentException\n        elif status in ErrorCode.IME_NOT_AVAILABLE:\n            exception_class = ImeNotAvailableException\n        elif status in ErrorCode.IME_ENGINE_ACTIVATION_FAILED:\n            exception_class = ImeActivationFailedException\n        elif status in ErrorCode.MOVE_TARGET_OUT_OF_BOUNDS:\n            exception_class = MoveTargetOutOfBoundsException\n        elif status in ErrorCode.JAVASCRIPT_ERROR:\n            exception_class = JavascriptException\n        elif status in ErrorCode.SESSION_NOT_CREATED:\n            exception_class = SessionNotCreatedException\n        elif status in ErrorCode.INVALID_ARGUMENT:\n            exception_class = InvalidArgumentException\n        elif status in ErrorCode.NO_SUCH_COOKIE:\n            exception_class = NoSuchCookieException\n        elif status in ErrorCode.UNABLE_TO_CAPTURE_SCREEN:\n            exception_class = ScreenshotException\n        elif status in ErrorCode.ELEMENT_CLICK_INTERCEPTED:\n            exception_class = ElementClickInterceptedException\n        elif status in ErrorCode.INSECURE_CERTIFICATE:\n            exception_class = InsecureCertificateException\n        elif status in ErrorCode.INVALID_COORDINATES:\n            exception_class = InvalidCoordinatesException\n        elif status in ErrorCode.INVALID_SESSION_ID:\n            exception_class = InvalidSessionIdException\n        elif status in ErrorCode.UNKNOWN_METHOD:\n            exception_class = UnknownMethodException\n        else:\n            exception_class = WebDriverException\n        if value == '' or value is None:\n            value = response['value']\n        if isinstance(value, basestring):\n            if exception_class == ErrorInResponseException:\n                raise exception_class(response, value)\n            raise exception_class(value)\n        if message == \"\" and 'message' in value:\n            message = value['message']\n    \n        screen = None\n        if 'screen' in value:\n            screen = value['screen']\n    \n        stacktrace = None\n        if 'stackTrace' in value and value['stackTrace']:\n            stacktrace = []\n            try:\n                for frame in value['stackTrace']:\n                    line = self._value_or_default(frame, 'lineNumber', '')\n                    file = self._value_or_default(frame, 'fileName', '<anonymous>')\n                    if line:\n                        file = \"%s:%s\" % (file, line)\n                    meth = self._value_or_default(frame, 'methodName', '<anonymous>')\n                    if 'className' in frame:\n                        meth = \"%s.%s\" % (frame['className'], meth)\n                    msg = \"    at %s (%s)\"\n                    msg = msg % (meth, file)\n                    stacktrace.append(msg)\n            except TypeError:\n                pass\n        if exception_class == ErrorInResponseException:\n            raise exception_class(response, message)\n        elif exception_class == UnexpectedAlertPresentException:\n            alert_text = None\n            if 'data' in value:\n                alert_text = value['data'].get('text')\n            elif 'alert' in value:\n                alert_text = value['alert'].get('text')\n            raise exception_class(message, screen, stacktrace, alert_text)\n>       raise exception_class(message, screen, stacktrace)\nE       selenium.common.exceptions.SessionNotCreatedException: Message: session not created: This version of ChromeDriver only supports Chrome version 81\n\n..\\..\\..\\pycharmprojects\\mattamyhomes\\venv\\lib\\site-packages\\selenium\\webdriver\\remote\\errorhandler.py:242: SessionNotCreatedException",
  "flaky" : false,
  "newFailed" : false,
  "beforeStages" : [ {
    "name" : "browser",
    "time" : {
      "start" : 1590913643109,
      "stop" : 1590913643109,
      "duration" : 0
    },
    "status" : "passed",
    "steps" : [ ],
    "attachments" : [ ],
    "parameters" : [ ],
    "stepsCount" : 0,
    "hasContent" : false,
    "attachmentsCount" : 0,
    "shouldDisplayMessage" : false
  }, {
    "name" : "oneTimeSetUp",
    "time" : {
      "start" : 1590913643109,
      "stop" : 1590913646830,
      "duration" : 3721
    },
    "status" : "broken",
    "statusMessage" : "selenium.common.exceptions.SessionNotCreatedException: Message: session not created: This version of ChromeDriver only supports Chrome version 81\n\n",
    "statusTrace" : "  File \"c:\\users\\rgarg\\pycharmprojects\\mattamyhomes\\venv\\lib\\site-packages\\pluggy\\callers.py\", line 187, in _multicall\n    res = hook_impl.function(*args)\n  File \"c:\\users\\rgarg\\pycharmprojects\\mattamyhomes\\venv\\lib\\site-packages\\_pytest\\fixtures.py\", line 957, in pytest_fixture_setup\n    result = call_fixture_func(fixturefunc, request, kwargs)\n  File \"c:\\users\\rgarg\\pycharmprojects\\mattamyhomes\\venv\\lib\\site-packages\\_pytest\\fixtures.py\", line 783, in call_fixture_func\n    res = next(it)\n  File \"C:\\Users\\rgarg\\Desktop\\JenkinsJob\\tests\\conftest.py\", line 21, in oneTimeSetUp\n    driver = wdf.getWebDriverInstance()\n  File \"C:\\Users\\rgarg\\Desktop\\JenkinsJob\\base\\webdriverfactory.py\", line 80, in getWebDriverInstance\n    driver = webdriver.Chrome(executable_path=chromePath)\n  File \"c:\\users\\rgarg\\pycharmprojects\\mattamyhomes\\venv\\lib\\site-packages\\selenium\\webdriver\\chrome\\webdriver.py\", line 76, in __init__\n    RemoteWebDriver.__init__(\n  File \"c:\\users\\rgarg\\pycharmprojects\\mattamyhomes\\venv\\lib\\site-packages\\selenium\\webdriver\\remote\\webdriver.py\", line 157, in __init__\n    self.start_session(capabilities, browser_profile)\n  File \"c:\\users\\rgarg\\pycharmprojects\\mattamyhomes\\venv\\lib\\site-packages\\selenium\\webdriver\\remote\\webdriver.py\", line 252, in start_session\n    response = self.execute(Command.NEW_SESSION, parameters)\n  File \"c:\\users\\rgarg\\pycharmprojects\\mattamyhomes\\venv\\lib\\site-packages\\selenium\\webdriver\\remote\\webdriver.py\", line 321, in execute\n    self.error_handler.check_response(response)\n  File \"c:\\users\\rgarg\\pycharmprojects\\mattamyhomes\\venv\\lib\\site-packages\\selenium\\webdriver\\remote\\errorhandler.py\", line 242, in check_response\n    raise exception_class(message, screen, stacktrace)\n",
    "steps" : [ ],
    "attachments" : [ ],
    "parameters" : [ ],
    "stepsCount" : 0,
    "hasContent" : true,
    "attachmentsCount" : 0,
    "shouldDisplayMessage" : true
  }, {
    "name" : "_UnitTestCase__pytest_class_setup",
    "time" : {
      "start" : 1590913643108,
      "stop" : 1590913643108,
      "duration" : 0
    },
    "status" : "passed",
    "steps" : [ ],
    "attachments" : [ ],
    "parameters" : [ ],
    "stepsCount" : 0,
    "hasContent" : false,
    "attachmentsCount" : 0,
    "shouldDisplayMessage" : false
  } ],
  "afterStages" : [ {
    "name" : "_UnitTestCase__pytest_class_setup::0",
    "time" : {
      "start" : 1590913649557,
      "stop" : 1590913649557,
      "duration" : 0
    },
    "status" : "passed",
    "steps" : [ ],
    "attachments" : [ ],
    "parameters" : [ ],
    "stepsCount" : 0,
    "hasContent" : false,
    "attachmentsCount" : 0,
    "shouldDisplayMessage" : false
  } ],
  "labels" : [ {
    "name" : "suite",
    "value" : "test_regression_suite"
  }, {
    "name" : "subSuite",
    "value" : "FooterTests"
  }, {
    "name" : "host",
    "value" : "EXIPC0154"
  }, {
    "name" : "thread",
    "value" : "16104-MainThread"
  }, {
    "name" : "framework",
    "value" : "pytest"
  }, {
    "name" : "language",
    "value" : "cpython3"
  }, {
    "name" : "package",
    "value" : "test_regression_suite"
  }, {
    "name" : "resultFormat",
    "value" : "allure2"
  } ],
  "parameters" : [ ],
  "links" : [ ],
  "hidden" : false,
  "retry" : false,
  "extra" : {
    "severity" : "normal",
    "retries" : [ {
      "uid" : "c53cbc2ca39f3bbe",
      "status" : "passed",
      "time" : {
        "start" : 1590827287874,
        "stop" : 1590827290024,
        "duration" : 2150
      }
    }, {
      "uid" : "5fb9478ec97a06b1",
      "status" : "passed",
      "time" : {
        "start" : 1590740928684,
        "stop" : 1590740930630,
        "duration" : 1946
      }
    }, {
      "uid" : "8634595a9f5d7129",
      "status" : "broken",
      "statusDetails" : "selenium.common.exceptions.WebDriverException: Message: chrome not reachable\n  (Session info: chrome=81.0.4044.138)",
      "time" : {
        "start" : 1590654603756,
        "stop" : 1590654627826,
        "duration" : 24070
      }
    }, {
      "uid" : "6048c9661d8da4e3",
      "status" : "passed",
      "time" : {
        "start" : 1590568866639,
        "stop" : 1590568867712,
        "duration" : 1073
      }
    }, {
      "uid" : "cb27fd69ad42c35",
      "status" : "passed",
      "time" : {
        "start" : 1590405781078,
        "stop" : 1590405782172,
        "duration" : 1094
      }
    }, {
      "uid" : "a7ad6735de7db661",
      "status" : "passed",
      "time" : {
        "start" : 1590404491861,
        "stop" : 1590404493984,
        "duration" : 2123
      }
    }, {
      "uid" : "b50b54090fdd396e",
      "status" : "passed",
      "time" : {
        "start" : 1590404428769,
        "stop" : 1590404431068,
        "duration" : 2299
      }
    }, {
      "uid" : "261e7fac08f7889a",
      "status" : "passed",
      "time" : {
        "start" : 1589610659535,
        "stop" : 1589610660901,
        "duration" : 1366
      }
    }, {
      "uid" : "765d575e431861ac",
      "status" : "passed",
      "time" : {
        "start" : 1589609667592,
        "stop" : 1589609669207,
        "duration" : 1615
      }
    }, {
      "uid" : "aece654737cb6d48",
      "status" : "passed",
      "time" : {
        "start" : 1589609417325,
        "stop" : 1589609418809,
        "duration" : 1484
      }
    }, {
      "uid" : "eea33ce6fb8123f0",
      "status" : "passed",
      "time" : {
        "start" : 1589608957184,
        "stop" : 1589608958574,
        "duration" : 1390
      }
    }, {
      "uid" : "ea1d4dcc2a6673a8",
      "status" : "broken",
      "statusDetails" : "selenium.common.exceptions.WebDriverException: Message: 'chromedriver.exe' executable needs to be in PATH. Please see https://sites.google.com/a/chromium.org/chromedriver/home",
      "time" : {
        "start" : 1589607867715,
        "stop" : 1589607867715,
        "duration" : 0
      }
    }, {
      "uid" : "1ea54e967a8c3438",
      "status" : "passed",
      "time" : {
        "start" : 1589606493249,
        "stop" : 1589606494552,
        "duration" : 1303
      }
    }, {
      "uid" : "d617c8d87f24bf5f",
      "status" : "passed",
      "time" : {
        "start" : 1589597892714,
        "stop" : 1589597894767,
        "duration" : 2053
      }
    }, {
      "uid" : "e13c5da6153d8d6",
      "status" : "passed",
      "time" : {
        "start" : 1589596678931,
        "stop" : 1589596680252,
        "duration" : 1321
      }
    }, {
      "uid" : "1f00d0d7727881e0",
      "status" : "passed",
      "time" : {
        "start" : 1589534504594,
        "stop" : 1589534507902,
        "duration" : 3308
      }
    }, {
      "uid" : "67b81ee2f3a69286",
      "status" : "failed",
      "statusDetails" : "AssertionError",
      "time" : {
        "start" : 1589469140522,
        "stop" : 1589469142406,
        "duration" : 1884
      }
    }, {
      "uid" : "2b6852d5989933cc",
      "status" : "failed",
      "statusDetails" : "AssertionError",
      "time" : {
        "start" : 1589386780414,
        "stop" : 1589386781415,
        "duration" : 1001
      }
    }, {
      "uid" : "cc27370f12f027ff",
      "status" : "failed",
      "statusDetails" : "AssertionError",
      "time" : {
        "start" : 1589272052597,
        "stop" : 1589272053748,
        "duration" : 1151
      }
    }, {
      "uid" : "2c24dd49a496c850",
      "status" : "failed",
      "statusDetails" : "AssertionError",
      "time" : {
        "start" : 1589258676690,
        "stop" : 1589258677439,
        "duration" : 749
      }
    }, {
      "uid" : "318c8be9ba39a933",
      "status" : "failed",
      "statusDetails" : "AssertionError",
      "time" : {
        "start" : 1589258564849,
        "stop" : 1589258565966,
        "duration" : 1117
      }
    }, {
      "uid" : "d71a2e67c3b53fc2",
      "status" : "failed",
      "statusDetails" : "AssertionError",
      "time" : {
        "start" : 1589255118618,
        "stop" : 1589255119486,
        "duration" : 868
      }
    }, {
      "uid" : "d12f43180dcf06c6",
      "status" : "failed",
      "statusDetails" : "AssertionError",
      "time" : {
        "start" : 1589253203306,
        "stop" : 1589253204173,
        "duration" : 867
      }
    }, {
      "uid" : "9adbda7ba5f0144b",
      "status" : "failed",
      "statusDetails" : "AssertionError",
      "time" : {
        "start" : 1589216117824,
        "stop" : 1589216118783,
        "duration" : 959
      }
    }, {
      "uid" : "7d7f2f02d5ccb5da",
      "status" : "failed",
      "statusDetails" : "AssertionError",
      "time" : {
        "start" : 1589207723649,
        "stop" : 1589207724402,
        "duration" : 753
      }
    }, {
      "uid" : "4c283aacf706ec6",
      "status" : "failed",
      "statusDetails" : "AssertionError",
      "time" : {
        "start" : 1589206272612,
        "stop" : 1589206273394,
        "duration" : 782
      }
    }, {
      "uid" : "c998005b3520ee72",
      "status" : "failed",
      "statusDetails" : "AssertionError",
      "time" : {
        "start" : 1589205347782,
        "stop" : 1589205348914,
        "duration" : 1132
      }
    }, {
      "uid" : "13df17ce58fa9904",
      "status" : "failed",
      "statusDetails" : "AssertionError",
      "time" : {
        "start" : 1589203297521,
        "stop" : 1589203298426,
        "duration" : 905
      }
    }, {
      "uid" : "971173ede2aa0695",
      "status" : "failed",
      "statusDetails" : "AssertionError",
      "time" : {
        "start" : 1589163790054,
        "stop" : 1589163790859,
        "duration" : 805
      }
    }, {
      "uid" : "92c51f912cb367f5",
      "status" : "failed",
      "statusDetails" : "AssertionError",
      "time" : {
        "start" : 1589113057538,
        "stop" : 1589113058824,
        "duration" : 1286
      }
    }, {
      "uid" : "1fa683d56310a8ec",
      "status" : "failed",
      "statusDetails" : "AssertionError",
      "time" : {
        "start" : 1588853660545,
        "stop" : 1588853661308,
        "duration" : 763
      }
    }, {
      "uid" : "198cbac3600971f2",
      "status" : "failed",
      "statusDetails" : "AssertionError",
      "time" : {
        "start" : 1588852335340,
        "stop" : 1588852336303,
        "duration" : 963
      }
    } ],
    "categories" : [ {
      "name" : "Test defects",
      "matchedStatuses" : [ ],
      "flaky" : false
    } ],
    "history" : {
      "statistic" : {
        "failed" : 15,
        "broken" : 2,
        "skipped" : 0,
        "passed" : 16,
        "unknown" : 0,
        "total" : 33
      },
      "items" : [ {
        "uid" : "39b6b522cc451f18",
        "reportUrl" : "http://localhost:9090/jenkins/job/MattamyAutomationFramework/51/allure/#testresult/39b6b522cc451f18",
        "status" : "passed",
        "time" : {
          "start" : 1590827287874,
          "stop" : 1590827290024,
          "duration" : 2150
        }
      }, {
        "uid" : "2767a46da3d91f09",
        "reportUrl" : "http://localhost:9090/jenkins/job/MattamyAutomationFramework/50/allure/#testresult/2767a46da3d91f09",
        "status" : "passed",
        "time" : {
          "start" : 1590740928684,
          "stop" : 1590740930630,
          "duration" : 1946
        }
      }, {
        "uid" : "a6c7720a6a99baa6",
        "reportUrl" : "http://localhost:9090/jenkins/job/MattamyAutomationFramework/49/allure/#testresult/a6c7720a6a99baa6",
        "status" : "broken",
        "statusDetails" : "selenium.common.exceptions.WebDriverException: Message: chrome not reachable\n  (Session info: chrome=81.0.4044.138)",
        "time" : {
          "start" : 1590654603756,
          "stop" : 1590654627826,
          "duration" : 24070
        }
      }, {
        "uid" : "eab0d59707ab624c",
        "reportUrl" : "http://localhost:9090/jenkins/job/MattamyAutomationFramework/48/allure/#testresult/eab0d59707ab624c",
        "status" : "passed",
        "time" : {
          "start" : 1590568866639,
          "stop" : 1590568867712,
          "duration" : 1073
        }
      }, {
        "uid" : "1a89527a8bf64e38",
        "reportUrl" : "http://localhost:9090/jenkins/job/MattamyAutomationFramework/47/allure/#testresult/1a89527a8bf64e38",
        "status" : "passed",
        "time" : {
          "start" : 1590405781078,
          "stop" : 1590405782172,
          "duration" : 1094
        }
      }, {
        "uid" : "eaf7aabda1b62d2d",
        "reportUrl" : "http://localhost:9090/jenkins/job/MattamyAutomationFramework/46/allure/#testresult/eaf7aabda1b62d2d",
        "status" : "passed",
        "time" : {
          "start" : 1590405781078,
          "stop" : 1590405782172,
          "duration" : 1094
        }
      }, {
        "uid" : "17d398c1cfbc1381",
        "reportUrl" : "http://localhost:9090/jenkins/job/MattamyAutomationFramework/45/allure/#testresult/17d398c1cfbc1381",
        "status" : "passed",
        "time" : {
          "start" : 1590404491861,
          "stop" : 1590404493984,
          "duration" : 2123
        }
      }, {
        "uid" : "ffa15ee7d4721969",
        "reportUrl" : "http://localhost:9090/jenkins/job/MattamyAutomationFramework/43/allure/#testresult/ffa15ee7d4721969",
        "status" : "passed",
        "time" : {
          "start" : 1589610659535,
          "stop" : 1589610660901,
          "duration" : 1366
        }
      }, {
        "uid" : "863f71005da840e8",
        "reportUrl" : "http://localhost:9090/jenkins/job/MattamyAutomationFramework/42/allure/#testresult/863f71005da840e8",
        "status" : "passed",
        "time" : {
          "start" : 1589610659535,
          "stop" : 1589610660901,
          "duration" : 1366
        }
      }, {
        "uid" : "b0a69fdb0b3125c1",
        "reportUrl" : "http://localhost:9090/jenkins/job/MattamyAutomationFramework/41/allure/#testresult/b0a69fdb0b3125c1",
        "status" : "passed",
        "time" : {
          "start" : 1589609667592,
          "stop" : 1589609669207,
          "duration" : 1615
        }
      }, {
        "uid" : "eb7264562905d931",
        "reportUrl" : "http://localhost:9090/jenkins/job/MattamyAutomationFramework/40/allure/#testresult/eb7264562905d931",
        "status" : "passed",
        "time" : {
          "start" : 1589609417325,
          "stop" : 1589609418809,
          "duration" : 1484
        }
      }, {
        "uid" : "c404a55fba944831",
        "reportUrl" : "http://localhost:9090/jenkins/job/MattamyAutomationFramework/39/allure/#testresult/c404a55fba944831",
        "status" : "passed",
        "time" : {
          "start" : 1589608957184,
          "stop" : 1589608958574,
          "duration" : 1390
        }
      }, {
        "uid" : "1e9bd28f566e24d2",
        "reportUrl" : "http://localhost:9090/jenkins/job/MattamyAutomationFramework/37/allure/#testresult/1e9bd28f566e24d2",
        "status" : "passed",
        "time" : {
          "start" : 1589606493249,
          "stop" : 1589606494552,
          "duration" : 1303
        }
      }, {
        "uid" : "85545cc53b4a15c",
        "reportUrl" : "http://localhost:9090/jenkins/job/MattamyAutomationFramework/36/allure/#testresult/85545cc53b4a15c",
        "status" : "passed",
        "time" : {
          "start" : 1589597892714,
          "stop" : 1589597894767,
          "duration" : 2053
        }
      }, {
        "uid" : "1528651497a6d6c3",
        "reportUrl" : "http://localhost:9090/jenkins/job/MattamyAutomationFramework/35/allure/#testresult/1528651497a6d6c3",
        "status" : "passed",
        "time" : {
          "start" : 1589596678931,
          "stop" : 1589596680252,
          "duration" : 1321
        }
      }, {
        "uid" : "38dce3a233ee5896",
        "reportUrl" : "http://localhost:9090/jenkins/job/MattamyAutomationFramework/34/allure/#testresult/38dce3a233ee5896",
        "status" : "passed",
        "time" : {
          "start" : 1589534504594,
          "stop" : 1589534507902,
          "duration" : 3308
        }
      }, {
        "uid" : "9ac1283ccdcbd338",
        "reportUrl" : "http://localhost:9090/jenkins/job/MattamyAutomationFramework/33/allure/#testresult/9ac1283ccdcbd338",
        "status" : "passed",
        "time" : {
          "start" : 1589534504594,
          "stop" : 1589534507902,
          "duration" : 3308
        }
      }, {
        "uid" : "5c97403796d211a2",
        "reportUrl" : "http://localhost:9090/jenkins/job/MattamyAutomationFramework/32/allure/#testresult/5c97403796d211a2",
        "status" : "failed",
        "statusDetails" : "AssertionError",
        "time" : {
          "start" : 1589469140522,
          "stop" : 1589469142406,
          "duration" : 1884
        }
      }, {
        "uid" : "d97c0aecee9044f9",
        "reportUrl" : "http://localhost:8080/job/MattamyAutomationFramework/31/allure/#testresult/d97c0aecee9044f9",
        "status" : "failed",
        "statusDetails" : "AssertionError",
        "time" : {
          "start" : 1589386780414,
          "stop" : 1589386781415,
          "duration" : 1001
        }
      }, {
        "uid" : "18a39302ea253f92",
        "reportUrl" : "http://localhost:8080/job/MattamyAutomationFramework/30/allure/#testresult/18a39302ea253f92",
        "status" : "failed",
        "statusDetails" : "AssertionError",
        "time" : {
          "start" : 1589272052597,
          "stop" : 1589272053748,
          "duration" : 1151
        }
      } ]
    },
    "tags" : [ ]
  },
  "source" : "280734657eac2a09.json",
  "parameterValues" : [ ]
}