{
  "uid" : "29eb5d99dc1331b2",
  "name" : "test_FindYourDreamHomeDropdownExist",
  "fullName" : "test_regression_suite.HeaderTests#test_FindYourDreamHomeDropdownExist",
  "historyId" : "64d2000b8f36f3b9c6b50c30a5af008a",
  "time" : {
    "start" : 1594024604692,
    "stop" : 1594024622188,
    "duration" : 17496
  },
  "status" : "failed",
  "statusMessage" : "AssertionError",
  "statusTrace" : "self = <tests.home.header_test.HeaderTests testMethod=test_FindYourDreamHomeDropdownExist>\n\n    def test_FindYourDreamHomeDropdownExist(self):\n        result = self.hp.verifyFYDHElement()\n        self.hp.clickFindYourDreamHome()\n>       self.ts.markFinal(\"test_FindYourDreamHomeDropdownExist\", result,\n                          \"Verify that element exist under 'Find Your Dream Home' dropdown executed\")\n\nhome\\header_test.py:29: \n_ _ _ _ _ _ _ _ _ _ _ _ _ _ _ _ _ _ _ _ _ _ _ _ _ _ _ _ _ _ _ _ _ _ _ _ _ _ _ _\n\nself = <utilities.casestatus.CaseStatus object at 0x00000245DCBF19A0>\ntestName = 'test_FindYourDreamHomeDropdownExist', result = False\nresultMessage = \"Verify that element exist under 'Find Your Dream Home' dropdown executed\"\n\n    def markFinal(self, testName, result, resultMessage):\n        \"\"\"\n        Mark the final result of verification point in a test case\n        This needs to be called at least once in a test case\n        This should be final test status of the test case\n        \"\"\"\n        self.setResult(result, resultMessage)\n    \n        if \"FAIL\" in self.resultList:\n            self.log.error(testName + \" Test Failed\")\n            self.resultList.clear()\n>           assert True == False\nE           AssertionError\n\n..\\utilities\\casestatus.py:74: AssertionError",
  "flaky" : false,
  "newFailed" : false,
  "beforeStages" : [ {
    "name" : "_UnitTestCase__pytest_class_setup",
    "time" : {
      "start" : 1594024573026,
      "stop" : 1594024573026,
      "duration" : 0
    },
    "status" : "passed",
    "steps" : [ ],
    "attachments" : [ ],
    "parameters" : [ ],
    "stepsCount" : 0,
    "hasContent" : false,
    "attachmentsCount" : 0,
    "shouldDisplayMessage" : false
  }, {
    "name" : "oneTimeSetUp",
    "time" : {
      "start" : 1594024573027,
      "stop" : 1594024604689,
      "duration" : 31662
    },
    "status" : "passed",
    "steps" : [ ],
    "attachments" : [ ],
    "parameters" : [ ],
    "stepsCount" : 0,
    "hasContent" : false,
    "attachmentsCount" : 0,
    "shouldDisplayMessage" : false
  }, {
    "name" : "classSetUp",
    "time" : {
      "start" : 1594024604690,
      "stop" : 1594024604690,
      "duration" : 0
    },
    "status" : "passed",
    "steps" : [ ],
    "attachments" : [ ],
    "parameters" : [ ],
    "stepsCount" : 0,
    "hasContent" : false,
    "attachmentsCount" : 0,
    "shouldDisplayMessage" : false
  }, {
    "name" : "browser",
    "time" : {
      "start" : 1594024573027,
      "stop" : 1594024573027,
      "duration" : 0
    },
    "status" : "passed",
    "steps" : [ ],
    "attachments" : [ ],
    "parameters" : [ ],
    "stepsCount" : 0,
    "hasContent" : false,
    "attachmentsCount" : 0,
    "shouldDisplayMessage" : false
  } ],
  "testStage" : {
    "status" : "failed",
    "statusMessage" : "AssertionError",
    "statusTrace" : "self = <tests.home.header_test.HeaderTests testMethod=test_FindYourDreamHomeDropdownExist>\n\n    def test_FindYourDreamHomeDropdownExist(self):\n        result = self.hp.verifyFYDHElement()\n        self.hp.clickFindYourDreamHome()\n>       self.ts.markFinal(\"test_FindYourDreamHomeDropdownExist\", result,\n                          \"Verify that element exist under 'Find Your Dream Home' dropdown executed\")\n\nhome\\header_test.py:29: \n_ _ _ _ _ _ _ _ _ _ _ _ _ _ _ _ _ _ _ _ _ _ _ _ _ _ _ _ _ _ _ _ _ _ _ _ _ _ _ _\n\nself = <utilities.casestatus.CaseStatus object at 0x00000245DCBF19A0>\ntestName = 'test_FindYourDreamHomeDropdownExist', result = False\nresultMessage = \"Verify that element exist under 'Find Your Dream Home' dropdown executed\"\n\n    def markFinal(self, testName, result, resultMessage):\n        \"\"\"\n        Mark the final result of verification point in a test case\n        This needs to be called at least once in a test case\n        This should be final test status of the test case\n        \"\"\"\n        self.setResult(result, resultMessage)\n    \n        if \"FAIL\" in self.resultList:\n            self.log.error(testName + \" Test Failed\")\n            self.resultList.clear()\n>           assert True == False\nE           AssertionError\n\n..\\utilities\\casestatus.py:74: AssertionError",
    "steps" : [ ],
    "attachments" : [ {
      "uid" : "dbf3e891b11dc7c2",
      "name" : "Verify that element exist under 'Find Your Dream Home' dropdown executed.1594024622185",
      "source" : "dbf3e891b11dc7c2.png",
      "type" : "image/png",
      "size" : 613135
    }, {
      "uid" : "f977ed50bb254e27",
      "name" : "log",
      "source" : "f977ed50bb254e27.txt",
      "type" : "text/plain",
      "size" : 2433
    }, {
      "uid" : "b873f44cd15a57e",
      "name" : "stdout",
      "source" : "b873f44cd15a57e.txt",
      "type" : "text/plain",
      "size" : 22
    } ],
    "parameters" : [ ],
    "stepsCount" : 0,
    "hasContent" : true,
    "attachmentsCount" : 3,
    "shouldDisplayMessage" : true
  },
  "afterStages" : [ {
    "name" : "_UnitTestCase__pytest_class_setup::0",
    "time" : {
      "start" : 1594024657423,
      "stop" : 1594024657423,
      "duration" : 0
    },
    "status" : "passed",
    "steps" : [ ],
    "attachments" : [ ],
    "parameters" : [ ],
    "stepsCount" : 0,
    "hasContent" : false,
    "attachmentsCount" : 0,
    "shouldDisplayMessage" : false
  }, {
    "name" : "oneTimeSetUp::0",
    "time" : {
      "start" : 1594024654982,
      "stop" : 1594024657416,
      "duration" : 2434
    },
    "status" : "passed",
    "steps" : [ ],
    "attachments" : [ ],
    "parameters" : [ ],
    "stepsCount" : 0,
    "hasContent" : false,
    "attachmentsCount" : 0,
    "shouldDisplayMessage" : false
  } ],
  "labels" : [ {
    "name" : "suite",
    "value" : "test_regression_suite"
  }, {
    "name" : "subSuite",
    "value" : "HeaderTests"
  }, {
    "name" : "host",
    "value" : "EXIPC0154"
  }, {
    "name" : "thread",
    "value" : "5824-MainThread"
  }, {
    "name" : "framework",
    "value" : "pytest"
  }, {
    "name" : "language",
    "value" : "cpython3"
  }, {
    "name" : "package",
    "value" : "test_regression_suite"
  }, {
    "name" : "resultFormat",
    "value" : "allure2"
  } ],
  "parameters" : [ ],
  "links" : [ ],
  "hidden" : false,
  "retry" : false,
  "extra" : {
    "severity" : "normal",
    "retries" : [ {
      "uid" : "1de26377198181d3",
      "status" : "failed",
      "statusDetails" : "AssertionError",
      "time" : {
        "start" : 1593967942136,
        "stop" : 1593967979630,
        "duration" : 37494
      }
    }, {
      "uid" : "69c6203caec9fe42",
      "status" : "failed",
      "statusDetails" : "AssertionError",
      "time" : {
        "start" : 1593967160617,
        "stop" : 1593967175109,
        "duration" : 14492
      }
    }, {
      "uid" : "8af953bc586f8c10",
      "status" : "failed",
      "statusDetails" : "AssertionError",
      "time" : {
        "start" : 1593679384485,
        "stop" : 1593679451192,
        "duration" : 66707
      }
    }, {
      "uid" : "5460be565bded7ae",
      "status" : "failed",
      "statusDetails" : "AssertionError",
      "time" : {
        "start" : 1593420406295,
        "stop" : 1593420445412,
        "duration" : 39117
      }
    }, {
      "uid" : "ab3bfdf78fe43c08",
      "status" : "failed",
      "statusDetails" : "AssertionError",
      "time" : {
        "start" : 1593334218412,
        "stop" : 1593334232724,
        "duration" : 14312
      }
    }, {
      "uid" : "db2adc33203310e9",
      "status" : "failed",
      "statusDetails" : "AssertionError",
      "time" : {
        "start" : 1593315368338,
        "stop" : 1593315382430,
        "duration" : 14092
      }
    }, {
      "uid" : "55e94c8ed1a0f419",
      "status" : "failed",
      "statusDetails" : "AssertionError",
      "time" : {
        "start" : 1593275922406,
        "stop" : 1593275936347,
        "duration" : 13941
      }
    }, {
      "uid" : "1fd395a885c0fb81",
      "status" : "failed",
      "statusDetails" : "AssertionError",
      "time" : {
        "start" : 1593075196798,
        "stop" : 1593075211365,
        "duration" : 14567
      }
    }, {
      "uid" : "d85216af61090020",
      "status" : "failed",
      "statusDetails" : "AssertionError",
      "time" : {
        "start" : 1592814962604,
        "stop" : 1592814999440,
        "duration" : 36836
      }
    }, {
      "uid" : "bd0d2c6a982e09ec",
      "status" : "failed",
      "statusDetails" : "AssertionError",
      "time" : {
        "start" : 1592797559907,
        "stop" : 1592797574258,
        "duration" : 14351
      }
    }, {
      "uid" : "98a393ee739177f0",
      "status" : "failed",
      "statusDetails" : "AssertionError",
      "time" : {
        "start" : 1592555794278,
        "stop" : 1592555878524,
        "duration" : 84246
      }
    }, {
      "uid" : "e805fb7cc90532f9",
      "status" : "failed",
      "statusDetails" : "AssertionError",
      "time" : {
        "start" : 1592123801102,
        "stop" : 1592123906712,
        "duration" : 105610
      }
    }, {
      "uid" : "e85301764016a80c",
      "status" : "failed",
      "statusDetails" : "AssertionError",
      "time" : {
        "start" : 1592046333747,
        "stop" : 1592046348404,
        "duration" : 14657
      }
    }, {
      "uid" : "27cc97cd09e37e0a",
      "status" : "failed",
      "statusDetails" : "AssertionError",
      "time" : {
        "start" : 1591951009517,
        "stop" : 1591951023648,
        "duration" : 14131
      }
    }, {
      "uid" : "4518fbb4c5d8790b",
      "status" : "failed",
      "statusDetails" : "AssertionError",
      "time" : {
        "start" : 1591865637318,
        "stop" : 1591865651232,
        "duration" : 13914
      }
    }, {
      "uid" : "5a69b246b1f5a890",
      "status" : "failed",
      "statusDetails" : "AssertionError",
      "time" : {
        "start" : 1591778500945,
        "stop" : 1591778564308,
        "duration" : 63363
      }
    }, {
      "uid" : "95e377d4c696934f",
      "status" : "broken",
      "statusDetails" : "selenium.common.exceptions.NoSuchWindowException: Message: no such window: target window already closed\nfrom unknown error: web view not found\n  (Session info: chrome=83.0.4103.61)",
      "time" : {
        "start" : 1591691762486,
        "stop" : 1591691762581,
        "duration" : 95
      }
    }, {
      "uid" : "c5258e909fc9e7c4",
      "status" : "failed",
      "statusDetails" : "AssertionError",
      "time" : {
        "start" : 1591432270280,
        "stop" : 1591432285359,
        "duration" : 15079
      }
    }, {
      "uid" : "c9ec959e8326cbd1",
      "status" : "failed",
      "statusDetails" : "AssertionError",
      "time" : {
        "start" : 1591087016670,
        "stop" : 1591087031206,
        "duration" : 14536
      }
    }, {
      "uid" : "c1bdb93e069765fc",
      "status" : "passed",
      "time" : {
        "start" : 1591000114153,
        "stop" : 1591000115702,
        "duration" : 1549
      }
    }, {
      "uid" : "9cfbd1706af86089",
      "status" : "passed",
      "time" : {
        "start" : 1590998633770,
        "stop" : 1590998635266,
        "duration" : 1496
      }
    }, {
      "uid" : "a15868dd5901f8ef",
      "status" : "broken",
      "statusDetails" : "selenium.common.exceptions.SessionNotCreatedException: Message: session not created: This version of ChromeDriver only supports Chrome version 81",
      "time" : {
        "start" : 1590913649567,
        "stop" : 1590913649567,
        "duration" : 0
      }
    }, {
      "uid" : "2189a9af243e1c8f",
      "status" : "passed",
      "time" : {
        "start" : 1590827339313,
        "stop" : 1590827340851,
        "duration" : 1538
      }
    }, {
      "uid" : "bf85f0a5f93ef049",
      "status" : "passed",
      "time" : {
        "start" : 1590740988454,
        "stop" : 1590740989115,
        "duration" : 661
      }
    }, {
      "uid" : "93c53fe9f7c8a180",
      "status" : "broken",
      "statusDetails" : "selenium.common.exceptions.NoSuchWindowException: Message: no such window: target window already closed\nfrom unknown error: web view not found\n  (Session info: chrome=81.0.4044.138)",
      "time" : {
        "start" : 1590654886124,
        "stop" : 1590654886284,
        "duration" : 160
      }
    }, {
      "uid" : "43f25dc4335d93af",
      "status" : "passed",
      "time" : {
        "start" : 1590568907200,
        "stop" : 1590568907998,
        "duration" : 798
      }
    }, {
      "uid" : "85bcece1b2b0fc80",
      "status" : "passed",
      "time" : {
        "start" : 1590405822035,
        "stop" : 1590405823627,
        "duration" : 1592
      }
    }, {
      "uid" : "47d979dfb62cf178",
      "status" : "passed",
      "time" : {
        "start" : 1590404540302,
        "stop" : 1590404541757,
        "duration" : 1455
      }
    }, {
      "uid" : "d8f4235edce58115",
      "status" : "passed",
      "time" : {
        "start" : 1590404538324,
        "stop" : 1590404540924,
        "duration" : 2600
      }
    }, {
      "uid" : "701f7fac8f9eff8a",
      "status" : "passed",
      "time" : {
        "start" : 1589610704953,
        "stop" : 1589610705811,
        "duration" : 858
      }
    }, {
      "uid" : "c63fe9c7d5559843",
      "status" : "passed",
      "time" : {
        "start" : 1589609716454,
        "stop" : 1589609717322,
        "duration" : 868
      }
    }, {
      "uid" : "fa2e72f5e6861a1e",
      "status" : "passed",
      "time" : {
        "start" : 1589609462513,
        "stop" : 1589609463254,
        "duration" : 741
      }
    }, {
      "uid" : "7780a146011fdbf",
      "status" : "passed",
      "time" : {
        "start" : 1589609005952,
        "stop" : 1589609007010,
        "duration" : 1058
      }
    }, {
      "uid" : "2d616693b744a88a",
      "status" : "broken",
      "statusDetails" : "selenium.common.exceptions.WebDriverException: Message: 'chromedriver.exe' executable needs to be in PATH. Please see https://sites.google.com/a/chromium.org/chromedriver/home",
      "time" : {
        "start" : 1589607871868,
        "stop" : 1589607871868,
        "duration" : 0
      }
    }, {
      "uid" : "edb1d5e5215f248b",
      "status" : "passed",
      "time" : {
        "start" : 1589606535413,
        "stop" : 1589606536176,
        "duration" : 763
      }
    }, {
      "uid" : "90be4932bd0c67d2",
      "status" : "passed",
      "time" : {
        "start" : 1589597936931,
        "stop" : 1589597937624,
        "duration" : 693
      }
    }, {
      "uid" : "d9880efa432fc57c",
      "status" : "passed",
      "time" : {
        "start" : 1589596724953,
        "stop" : 1589596725603,
        "duration" : 650
      }
    }, {
      "uid" : "537216ff68322064",
      "status" : "passed",
      "time" : {
        "start" : 1589534596503,
        "stop" : 1589534597923,
        "duration" : 1420
      }
    }, {
      "uid" : "f3a7c6c2ac7702ed",
      "status" : "passed",
      "time" : {
        "start" : 1589469219346,
        "stop" : 1589469220829,
        "duration" : 1483
      }
    }, {
      "uid" : "69e850b02ac957ef",
      "status" : "passed",
      "time" : {
        "start" : 1589386820281,
        "stop" : 1589386821745,
        "duration" : 1464
      }
    }, {
      "uid" : "afaaef531221cc0",
      "status" : "passed",
      "time" : {
        "start" : 1589272268150,
        "stop" : 1589272269763,
        "duration" : 1613
      }
    }, {
      "uid" : "f342dd365bdf2447",
      "status" : "failed",
      "statusDetails" : "AssertionError",
      "time" : {
        "start" : 1589258714678,
        "stop" : 1589258747333,
        "duration" : 32655
      }
    }, {
      "uid" : "61e5956ec983f13b",
      "status" : "passed",
      "time" : {
        "start" : 1589258600381,
        "stop" : 1589258602023,
        "duration" : 1642
      }
    }, {
      "uid" : "5fa1145accd64cff",
      "status" : "passed",
      "time" : {
        "start" : 1589255148037,
        "stop" : 1589255149432,
        "duration" : 1395
      }
    }, {
      "uid" : "280340afc9261402",
      "status" : "failed",
      "statusDetails" : "AssertionError",
      "time" : {
        "start" : 1589253234006,
        "stop" : 1589253267081,
        "duration" : 33075
      }
    }, {
      "uid" : "f9ed2eb2603a46fb",
      "status" : "failed",
      "statusDetails" : "AssertionError",
      "time" : {
        "start" : 1589216167148,
        "stop" : 1589216213652,
        "duration" : 46504
      }
    }, {
      "uid" : "8aaca4dc419b3a52",
      "status" : "failed",
      "statusDetails" : "AssertionError",
      "time" : {
        "start" : 1589207770377,
        "stop" : 1589207829005,
        "duration" : 58628
      }
    }, {
      "uid" : "53507ac23ca8dea8",
      "status" : "failed",
      "statusDetails" : "AssertionError",
      "time" : {
        "start" : 1589206323185,
        "stop" : 1589206367756,
        "duration" : 44571
      }
    }, {
      "uid" : "83c008b76c0d64cf",
      "status" : "failed",
      "statusDetails" : "AssertionError",
      "time" : {
        "start" : 1589205400408,
        "stop" : 1589205418062,
        "duration" : 17654
      }
    }, {
      "uid" : "9b452861f4ae93f9",
      "status" : "failed",
      "statusDetails" : "AssertionError",
      "time" : {
        "start" : 1589203344393,
        "stop" : 1589203405241,
        "duration" : 60848
      }
    }, {
      "uid" : "3163c6b44683b034",
      "status" : "failed",
      "statusDetails" : "AssertionError",
      "time" : {
        "start" : 1589163837663,
        "stop" : 1589163924197,
        "duration" : 86534
      }
    }, {
      "uid" : "25d953bd8f086c40",
      "status" : "passed",
      "time" : {
        "start" : 1589113110076,
        "stop" : 1589113113363,
        "duration" : 3287
      }
    }, {
      "uid" : "5c706c689a8f1db9",
      "status" : "passed",
      "time" : {
        "start" : 1588853743153,
        "stop" : 1588853744608,
        "duration" : 1455
      }
    }, {
      "uid" : "ccd6072695d29553",
      "status" : "passed",
      "time" : {
        "start" : 1588852431212,
        "stop" : 1588852432830,
        "duration" : 1618
      }
    } ],
    "categories" : [ {
      "name" : "Product defects",
      "matchedStatuses" : [ ],
      "flaky" : false
    } ],
    "history" : {
      "statistic" : {
        "failed" : 42,
        "broken" : 3,
        "skipped" : 0,
        "passed" : 26,
        "unknown" : 0,
        "total" : 71
      },
      "items" : [ {
        "uid" : "61fbd950719270de",
        "reportUrl" : "http://localhost:9090/jenkins/job/MattamyAutomationFramework/89/allure/#testresult/61fbd950719270de",
        "status" : "failed",
        "statusDetails" : "AssertionError",
        "time" : {
          "start" : 1594024604692,
          "stop" : 1594024622188,
          "duration" : 17496
        }
      }, {
        "uid" : "f5bf3e390f4ab26d",
        "reportUrl" : "http://localhost:9090/jenkins/job/MattamyAutomationFramework/88/allure/#testresult/f5bf3e390f4ab26d",
        "status" : "failed",
        "statusDetails" : "AssertionError",
        "time" : {
          "start" : 1593967942136,
          "stop" : 1593967979630,
          "duration" : 37494
        }
      }, {
        "uid" : "df7a88892e8e1598",
        "reportUrl" : "http://localhost:9090/jenkins/job/MattamyAutomationFramework/87/allure/#testresult/df7a88892e8e1598",
        "status" : "failed",
        "statusDetails" : "AssertionError",
        "time" : {
          "start" : 1593967160617,
          "stop" : 1593967175109,
          "duration" : 14492
        }
      }, {
        "uid" : "6b445342272c2f60",
        "reportUrl" : "http://localhost:9090/jenkins/job/MattamyAutomationFramework/86/allure/#testresult/6b445342272c2f60",
        "status" : "failed",
        "statusDetails" : "AssertionError",
        "time" : {
          "start" : 1593679384485,
          "stop" : 1593679451192,
          "duration" : 66707
        }
      }, {
        "uid" : "cd6e550f4ed688e0",
        "reportUrl" : "http://localhost:9090/jenkins/job/MattamyAutomationFramework/85/allure/#testresult/cd6e550f4ed688e0",
        "status" : "failed",
        "statusDetails" : "AssertionError",
        "time" : {
          "start" : 1593679384485,
          "stop" : 1593679451192,
          "duration" : 66707
        }
      }, {
        "uid" : "ba302f94e887fd60",
        "reportUrl" : "http://localhost:9090/jenkins/job/MattamyAutomationFramework/84/allure/#testresult/ba302f94e887fd60",
        "status" : "failed",
        "statusDetails" : "AssertionError",
        "time" : {
          "start" : 1593420406295,
          "stop" : 1593420445412,
          "duration" : 39117
        }
      }, {
        "uid" : "c3b8b83ca263c34b",
        "reportUrl" : "http://localhost:9090/jenkins/job/MattamyAutomationFramework/83/allure/#testresult/c3b8b83ca263c34b",
        "status" : "failed",
        "statusDetails" : "AssertionError",
        "time" : {
          "start" : 1593420406295,
          "stop" : 1593420445412,
          "duration" : 39117
        }
      }, {
        "uid" : "90a16164d96eb5f4",
        "reportUrl" : "http://localhost:9090/jenkins/job/MattamyAutomationFramework/82/allure/#testresult/90a16164d96eb5f4",
        "status" : "failed",
        "statusDetails" : "AssertionError",
        "time" : {
          "start" : 1593420406295,
          "stop" : 1593420445412,
          "duration" : 39117
        }
      }, {
        "uid" : "12578a4dd9e65579",
        "reportUrl" : "http://localhost:9090/jenkins/job/MattamyAutomationFramework/81/allure/#testresult/12578a4dd9e65579",
        "status" : "failed",
        "statusDetails" : "AssertionError",
        "time" : {
          "start" : 1593334218412,
          "stop" : 1593334232724,
          "duration" : 14312
        }
      }, {
        "uid" : "c684a0f6a1d55ebf",
        "reportUrl" : "http://localhost:9090/jenkins/job/MattamyAutomationFramework/80/allure/#testresult/c684a0f6a1d55ebf",
        "status" : "failed",
        "statusDetails" : "AssertionError",
        "time" : {
          "start" : 1593315368338,
          "stop" : 1593315382430,
          "duration" : 14092
        }
      }, {
        "uid" : "1fb8faf7fe0f5167",
        "reportUrl" : "http://localhost:9090/jenkins/job/MattamyAutomationFramework/79/allure/#testresult/1fb8faf7fe0f5167",
        "status" : "failed",
        "statusDetails" : "AssertionError",
        "time" : {
          "start" : 1593275922406,
          "stop" : 1593275936347,
          "duration" : 13941
        }
      }, {
        "uid" : "d0d03a7bbda9adf9",
        "reportUrl" : "http://localhost:9090/jenkins/job/MattamyAutomationFramework/78/allure/#testresult/d0d03a7bbda9adf9",
        "status" : "failed",
        "statusDetails" : "AssertionError",
        "time" : {
          "start" : 1593075196798,
          "stop" : 1593075211365,
          "duration" : 14567
        }
      }, {
        "uid" : "3d31128b58f5048c",
        "reportUrl" : "http://localhost:9090/jenkins/job/MattamyAutomationFramework/77/allure/#testresult/3d31128b58f5048c",
        "status" : "failed",
        "statusDetails" : "AssertionError",
        "time" : {
          "start" : 1592814962604,
          "stop" : 1592814999440,
          "duration" : 36836
        }
      }, {
        "uid" : "6bb7dd13a94337f9",
        "reportUrl" : "http://localhost:9090/jenkins/job/MattamyAutomationFramework/76/allure/#testresult/6bb7dd13a94337f9",
        "status" : "failed",
        "statusDetails" : "AssertionError",
        "time" : {
          "start" : 1592814962604,
          "stop" : 1592814999440,
          "duration" : 36836
        }
      }, {
        "uid" : "13b2f573001d8911",
        "reportUrl" : "http://localhost:9090/jenkins/job/MattamyAutomationFramework/75/allure/#testresult/13b2f573001d8911",
        "status" : "failed",
        "statusDetails" : "AssertionError",
        "time" : {
          "start" : 1592814962604,
          "stop" : 1592814999440,
          "duration" : 36836
        }
      }, {
        "uid" : "cd938dc14cf9dd41",
        "reportUrl" : "http://localhost:9090/jenkins/job/MattamyAutomationFramework/74/allure/#testresult/cd938dc14cf9dd41",
        "status" : "failed",
        "statusDetails" : "AssertionError",
        "time" : {
          "start" : 1592797559907,
          "stop" : 1592797574258,
          "duration" : 14351
        }
      }, {
        "uid" : "8f3ff3f5a4928e99",
        "reportUrl" : "http://localhost:9090/jenkins/job/MattamyAutomationFramework/73/allure/#testresult/8f3ff3f5a4928e99",
        "status" : "failed",
        "statusDetails" : "AssertionError",
        "time" : {
          "start" : 1592555794278,
          "stop" : 1592555878524,
          "duration" : 84246
        }
      }, {
        "uid" : "c1461757783177d3",
        "reportUrl" : "http://localhost:9090/jenkins/job/MattamyAutomationFramework/72/allure/#testresult/c1461757783177d3",
        "status" : "failed",
        "statusDetails" : "AssertionError",
        "time" : {
          "start" : 1592555794278,
          "stop" : 1592555878524,
          "duration" : 84246
        }
      }, {
        "uid" : "8579a29d02131167",
        "reportUrl" : "http://localhost:9090/jenkins/job/MattamyAutomationFramework/71/allure/#testresult/8579a29d02131167",
        "status" : "failed",
        "statusDetails" : "AssertionError",
        "time" : {
          "start" : 1592123801102,
          "stop" : 1592123906712,
          "duration" : 105610
        }
      }, {
        "uid" : "51d118ddd5d8f15d",
        "reportUrl" : "http://localhost:9090/jenkins/job/MattamyAutomationFramework/70/allure/#testresult/51d118ddd5d8f15d",
        "status" : "failed",
        "statusDetails" : "AssertionError",
        "time" : {
          "start" : 1592123801102,
          "stop" : 1592123906712,
          "duration" : 105610
        }
      } ]
    },
    "tags" : [ ]
  },
  "source" : "29eb5d99dc1331b2.json",
  "parameterValues" : [ ]
}