{
  "uid" : "3fb2088dcca49db2",
  "name" : "test_FindYourDreamHomeDropdownExist",
  "fullName" : "test_regression_suite.HeaderTests#test_FindYourDreamHomeDropdownExist",
  "historyId" : "64d2000b8f36f3b9c6b50c30a5af008a",
  "time" : {
    "start" : 1596098184886,
    "stop" : 1596098198309,
    "duration" : 13423
  },
  "status" : "failed",
  "statusMessage" : "AssertionError",
  "statusTrace" : "self = <tests.home.header_test.HeaderTests testMethod=test_FindYourDreamHomeDropdownExist>\n\n    def test_FindYourDreamHomeDropdownExist(self):\n        result = self.hp.verifyFYDHElement()\n        self.hp.clickFindYourDreamHome()\n>       self.ts.markFinal(\"test_FindYourDreamHomeDropdownExist\", result,\n                          \"Verify that element exist under 'Find Your Dream Home' dropdown executed\")\n\nhome\\header_test.py:29: \n_ _ _ _ _ _ _ _ _ _ _ _ _ _ _ _ _ _ _ _ _ _ _ _ _ _ _ _ _ _ _ _ _ _ _ _ _ _ _ _\n\nself = <utilities.casestatus.CaseStatus object at 0x0000028929E0B550>\ntestName = 'test_FindYourDreamHomeDropdownExist', result = False\nresultMessage = \"Verify that element exist under 'Find Your Dream Home' dropdown executed\"\n\n    def markFinal(self, testName, result, resultMessage):\n        \"\"\"\n        Mark the final result of verification point in a test case\n        This needs to be called at least once in a test case\n        This should be final test status of the test case\n        \"\"\"\n        self.setResult(result, resultMessage)\n    \n        if \"FAIL\" in self.resultList:\n            self.log.error(testName + \" Test Failed\")\n            self.resultList.clear()\n>           assert True == False\nE           AssertionError\n\n..\\utilities\\casestatus.py:74: AssertionError",
  "flaky" : false,
  "newFailed" : false,
  "beforeStages" : [ {
    "name" : "classSetUp",
    "time" : {
      "start" : 1596098184883,
      "stop" : 1596098184883,
      "duration" : 0
    },
    "status" : "passed",
    "steps" : [ ],
    "attachments" : [ ],
    "parameters" : [ ],
    "stepsCount" : 0,
    "hasContent" : false,
    "attachmentsCount" : 0,
    "shouldDisplayMessage" : false
  }, {
    "name" : "_UnitTestCase__pytest_class_setup",
    "time" : {
      "start" : 1596098155921,
      "stop" : 1596098155921,
      "duration" : 0
    },
    "status" : "passed",
    "steps" : [ ],
    "attachments" : [ ],
    "parameters" : [ ],
    "stepsCount" : 0,
    "hasContent" : false,
    "attachmentsCount" : 0,
    "shouldDisplayMessage" : false
  }, {
    "name" : "browser",
    "time" : {
      "start" : 1596098155922,
      "stop" : 1596098155922,
      "duration" : 0
    },
    "status" : "passed",
    "steps" : [ ],
    "attachments" : [ ],
    "parameters" : [ ],
    "stepsCount" : 0,
    "hasContent" : false,
    "attachmentsCount" : 0,
    "shouldDisplayMessage" : false
  }, {
    "name" : "oneTimeSetUp",
    "time" : {
      "start" : 1596098155922,
      "stop" : 1596098184882,
      "duration" : 28960
    },
    "status" : "passed",
    "steps" : [ ],
    "attachments" : [ ],
    "parameters" : [ ],
    "stepsCount" : 0,
    "hasContent" : false,
    "attachmentsCount" : 0,
    "shouldDisplayMessage" : false
  } ],
  "testStage" : {
    "status" : "failed",
    "statusMessage" : "AssertionError",
    "statusTrace" : "self = <tests.home.header_test.HeaderTests testMethod=test_FindYourDreamHomeDropdownExist>\n\n    def test_FindYourDreamHomeDropdownExist(self):\n        result = self.hp.verifyFYDHElement()\n        self.hp.clickFindYourDreamHome()\n>       self.ts.markFinal(\"test_FindYourDreamHomeDropdownExist\", result,\n                          \"Verify that element exist under 'Find Your Dream Home' dropdown executed\")\n\nhome\\header_test.py:29: \n_ _ _ _ _ _ _ _ _ _ _ _ _ _ _ _ _ _ _ _ _ _ _ _ _ _ _ _ _ _ _ _ _ _ _ _ _ _ _ _\n\nself = <utilities.casestatus.CaseStatus object at 0x0000028929E0B550>\ntestName = 'test_FindYourDreamHomeDropdownExist', result = False\nresultMessage = \"Verify that element exist under 'Find Your Dream Home' dropdown executed\"\n\n    def markFinal(self, testName, result, resultMessage):\n        \"\"\"\n        Mark the final result of verification point in a test case\n        This needs to be called at least once in a test case\n        This should be final test status of the test case\n        \"\"\"\n        self.setResult(result, resultMessage)\n    \n        if \"FAIL\" in self.resultList:\n            self.log.error(testName + \" Test Failed\")\n            self.resultList.clear()\n>           assert True == False\nE           AssertionError\n\n..\\utilities\\casestatus.py:74: AssertionError",
    "steps" : [ ],
    "attachments" : [ {
      "uid" : "677d0ad4dcbb71a3",
      "name" : "Verify that element exist under 'Find Your Dream Home' dropdown executed.1596098198307",
      "source" : "677d0ad4dcbb71a3.png",
      "type" : "image/png",
      "size" : 178628
    }, {
      "uid" : "cc3e0464b0478107",
      "name" : "log",
      "source" : "cc3e0464b0478107.txt",
      "type" : "text/plain",
      "size" : 2433
    }, {
      "uid" : "ad958574160844fa",
      "name" : "stdout",
      "source" : "ad958574160844fa.txt",
      "type" : "text/plain",
      "size" : 22
    } ],
    "parameters" : [ ],
    "stepsCount" : 0,
    "hasContent" : true,
    "attachmentsCount" : 3,
    "shouldDisplayMessage" : true
  },
  "afterStages" : [ {
    "name" : "_UnitTestCase__pytest_class_setup::0",
    "time" : {
      "start" : 1596098232486,
      "stop" : 1596098232486,
      "duration" : 0
    },
    "status" : "passed",
    "steps" : [ ],
    "attachments" : [ ],
    "parameters" : [ ],
    "stepsCount" : 0,
    "hasContent" : false,
    "attachmentsCount" : 0,
    "shouldDisplayMessage" : false
  }, {
    "name" : "oneTimeSetUp::0",
    "time" : {
      "start" : 1596098230312,
      "stop" : 1596098232480,
      "duration" : 2168
    },
    "status" : "passed",
    "steps" : [ ],
    "attachments" : [ ],
    "parameters" : [ ],
    "stepsCount" : 0,
    "hasContent" : false,
    "attachmentsCount" : 0,
    "shouldDisplayMessage" : false
  } ],
  "labels" : [ {
    "name" : "suite",
    "value" : "test_regression_suite"
  }, {
    "name" : "subSuite",
    "value" : "HeaderTests"
  }, {
    "name" : "host",
    "value" : "EXIPC0154"
  }, {
    "name" : "thread",
    "value" : "3004-MainThread"
  }, {
    "name" : "framework",
    "value" : "pytest"
  }, {
    "name" : "language",
    "value" : "cpython3"
  }, {
    "name" : "package",
    "value" : "test_regression_suite"
  }, {
    "name" : "resultFormat",
    "value" : "allure2"
  } ],
  "parameters" : [ ],
  "links" : [ ],
  "hidden" : false,
  "retry" : false,
  "extra" : {
    "severity" : "normal",
    "retries" : [ {
      "uid" : "9c9907ea01ad35b7",
      "status" : "failed",
      "statusDetails" : "AssertionError",
      "time" : {
        "start" : 1595925507510,
        "stop" : 1595925520788,
        "duration" : 13278
      }
    }, {
      "uid" : "cbb85bc67927c608",
      "status" : "failed",
      "statusDetails" : "AssertionError",
      "time" : {
        "start" : 1595666619400,
        "stop" : 1595666632688,
        "duration" : 13288
      }
    }, {
      "uid" : "31926c0dfc6f4349",
      "status" : "failed",
      "statusDetails" : "AssertionError",
      "time" : {
        "start" : 1595320593454,
        "stop" : 1595320607880,
        "duration" : 14426
      }
    }, {
      "uid" : "ca6cd5b6bbbcc6c5",
      "status" : "failed",
      "statusDetails" : "AssertionError",
      "time" : {
        "start" : 1595235069150,
        "stop" : 1595235082811,
        "duration" : 13661
      }
    }, {
      "uid" : "741b21f034c1d976",
      "status" : "failed",
      "statusDetails" : "AssertionError",
      "time" : {
        "start" : 1595216611446,
        "stop" : 1595216624888,
        "duration" : 13442
      }
    }, {
      "uid" : "ce2a8d8aeb63a6c1",
      "status" : "failed",
      "statusDetails" : "AssertionError",
      "time" : {
        "start" : 1595061513785,
        "stop" : 1595061519610,
        "duration" : 5825
      }
    }, {
      "uid" : "544c58d4d4975cb1",
      "status" : "broken",
      "statusDetails" : "selenium.common.exceptions.TimeoutException: Message: timeout: Timed out receiving message from renderer: 10.000\n  (Session info: chrome=83.0.4103.116)",
      "time" : {
        "start" : 1594888770075,
        "stop" : 1594889038616,
        "duration" : 268541
      }
    }, {
      "uid" : "7245a59df650ea79",
      "status" : "failed",
      "statusDetails" : "AssertionError",
      "time" : {
        "start" : 1594715979452,
        "stop" : 1594716023454,
        "duration" : 44002
      }
    }, {
      "uid" : "c9ada38cb2ed6abc",
      "status" : "failed",
      "statusDetails" : "AssertionError",
      "time" : {
        "start" : 1594553613409,
        "stop" : 1594553686003,
        "duration" : 72594
      }
    }, {
      "uid" : "a2fae5e74ee94e16",
      "status" : "failed",
      "statusDetails" : "AssertionError",
      "time" : {
        "start" : 1594370198967,
        "stop" : 1594370315146,
        "duration" : 116179
      }
    }, {
      "uid" : "8b286b07b11f4f9c",
      "status" : "failed",
      "statusDetails" : "AssertionError",
      "time" : {
        "start" : 1594283789822,
        "stop" : 1594283803328,
        "duration" : 13506
      }
    }, {
      "uid" : "f5c4a366c7b567e",
      "status" : "failed",
      "statusDetails" : "AssertionError",
      "time" : {
        "start" : 1594024604692,
        "stop" : 1594024622188,
        "duration" : 17496
      }
    }, {
      "uid" : "6baabaed09a6b1e3",
      "status" : "failed",
      "statusDetails" : "AssertionError",
      "time" : {
        "start" : 1593967942136,
        "stop" : 1593967979630,
        "duration" : 37494
      }
    }, {
      "uid" : "8521c43badffb491",
      "status" : "failed",
      "statusDetails" : "AssertionError",
      "time" : {
        "start" : 1593967160617,
        "stop" : 1593967175109,
        "duration" : 14492
      }
    }, {
      "uid" : "43bcbb8830548a4e",
      "status" : "failed",
      "statusDetails" : "AssertionError",
      "time" : {
        "start" : 1593679384485,
        "stop" : 1593679451192,
        "duration" : 66707
      }
    }, {
      "uid" : "c861d59d04c06358",
      "status" : "failed",
      "statusDetails" : "AssertionError",
      "time" : {
        "start" : 1593420406295,
        "stop" : 1593420445412,
        "duration" : 39117
      }
    }, {
      "uid" : "e1111a4c4d4e688",
      "status" : "failed",
      "statusDetails" : "AssertionError",
      "time" : {
        "start" : 1593334218412,
        "stop" : 1593334232724,
        "duration" : 14312
      }
    }, {
      "uid" : "3c491987dcdd90f7",
      "status" : "failed",
      "statusDetails" : "AssertionError",
      "time" : {
        "start" : 1593315368338,
        "stop" : 1593315382430,
        "duration" : 14092
      }
    }, {
      "uid" : "fbf60f2b3d7618d8",
      "status" : "failed",
      "statusDetails" : "AssertionError",
      "time" : {
        "start" : 1593275922406,
        "stop" : 1593275936347,
        "duration" : 13941
      }
    }, {
      "uid" : "2f3401dc7addaa7a",
      "status" : "failed",
      "statusDetails" : "AssertionError",
      "time" : {
        "start" : 1593075196798,
        "stop" : 1593075211365,
        "duration" : 14567
      }
    }, {
      "uid" : "9f7a86b1993257cf",
      "status" : "failed",
      "statusDetails" : "AssertionError",
      "time" : {
        "start" : 1592814962604,
        "stop" : 1592814999440,
        "duration" : 36836
      }
    }, {
      "uid" : "5cc48dc0b2ff7a67",
      "status" : "failed",
      "statusDetails" : "AssertionError",
      "time" : {
        "start" : 1592797559907,
        "stop" : 1592797574258,
        "duration" : 14351
      }
    }, {
      "uid" : "83c85e9ba2894055",
      "status" : "failed",
      "statusDetails" : "AssertionError",
      "time" : {
        "start" : 1592555794278,
        "stop" : 1592555878524,
        "duration" : 84246
      }
    }, {
      "uid" : "d95e84b52810d8c2",
      "status" : "failed",
      "statusDetails" : "AssertionError",
      "time" : {
        "start" : 1592123801102,
        "stop" : 1592123906712,
        "duration" : 105610
      }
    }, {
      "uid" : "92da98a9ff9dc71c",
      "status" : "failed",
      "statusDetails" : "AssertionError",
      "time" : {
        "start" : 1592046333747,
        "stop" : 1592046348404,
        "duration" : 14657
      }
    }, {
      "uid" : "67d520d2e7349964",
      "status" : "failed",
      "statusDetails" : "AssertionError",
      "time" : {
        "start" : 1591951009517,
        "stop" : 1591951023648,
        "duration" : 14131
      }
    }, {
      "uid" : "9525e4e8775fc5e3",
      "status" : "failed",
      "statusDetails" : "AssertionError",
      "time" : {
        "start" : 1591865637318,
        "stop" : 1591865651232,
        "duration" : 13914
      }
    }, {
      "uid" : "523c723863872bb7",
      "status" : "failed",
      "statusDetails" : "AssertionError",
      "time" : {
        "start" : 1591778500945,
        "stop" : 1591778564308,
        "duration" : 63363
      }
    }, {
      "uid" : "78bf1805955325ce",
      "status" : "broken",
      "statusDetails" : "selenium.common.exceptions.NoSuchWindowException: Message: no such window: target window already closed\nfrom unknown error: web view not found\n  (Session info: chrome=83.0.4103.61)",
      "time" : {
        "start" : 1591691762486,
        "stop" : 1591691762581,
        "duration" : 95
      }
    }, {
      "uid" : "4e55634cd626c4eb",
      "status" : "failed",
      "statusDetails" : "AssertionError",
      "time" : {
        "start" : 1591432270280,
        "stop" : 1591432285359,
        "duration" : 15079
      }
    }, {
      "uid" : "79ad979cadabb8ed",
      "status" : "failed",
      "statusDetails" : "AssertionError",
      "time" : {
        "start" : 1591087016670,
        "stop" : 1591087031206,
        "duration" : 14536
      }
    }, {
      "uid" : "1747d7e5dcea3534",
      "status" : "passed",
      "time" : {
        "start" : 1591000114153,
        "stop" : 1591000115702,
        "duration" : 1549
      }
    }, {
      "uid" : "afbf3c98c0411637",
      "status" : "passed",
      "time" : {
        "start" : 1590998633770,
        "stop" : 1590998635266,
        "duration" : 1496
      }
    }, {
      "uid" : "f533531a341a73bb",
      "status" : "broken",
      "statusDetails" : "selenium.common.exceptions.SessionNotCreatedException: Message: session not created: This version of ChromeDriver only supports Chrome version 81",
      "time" : {
        "start" : 1590913649567,
        "stop" : 1590913649567,
        "duration" : 0
      }
    }, {
      "uid" : "b6a61acfda2e720a",
      "status" : "passed",
      "time" : {
        "start" : 1590827339313,
        "stop" : 1590827340851,
        "duration" : 1538
      }
    }, {
      "uid" : "e17b7279a85f314e",
      "status" : "passed",
      "time" : {
        "start" : 1590740988454,
        "stop" : 1590740989115,
        "duration" : 661
      }
    }, {
      "uid" : "d6ed8560573517c1",
      "status" : "broken",
      "statusDetails" : "selenium.common.exceptions.NoSuchWindowException: Message: no such window: target window already closed\nfrom unknown error: web view not found\n  (Session info: chrome=81.0.4044.138)",
      "time" : {
        "start" : 1590654886124,
        "stop" : 1590654886284,
        "duration" : 160
      }
    }, {
      "uid" : "ba2dc78436d90274",
      "status" : "passed",
      "time" : {
        "start" : 1590568907200,
        "stop" : 1590568907998,
        "duration" : 798
      }
    }, {
      "uid" : "5f4a4a974a088efc",
      "status" : "passed",
      "time" : {
        "start" : 1590405822035,
        "stop" : 1590405823627,
        "duration" : 1592
      }
    }, {
      "uid" : "8a12f41b99632fd0",
      "status" : "passed",
      "time" : {
        "start" : 1590404540302,
        "stop" : 1590404541757,
        "duration" : 1455
      }
    }, {
      "uid" : "8615b71ae0bf7a9d",
      "status" : "passed",
      "time" : {
        "start" : 1590404538324,
        "stop" : 1590404540924,
        "duration" : 2600
      }
    }, {
      "uid" : "576ef513335292bd",
      "status" : "passed",
      "time" : {
        "start" : 1589610704953,
        "stop" : 1589610705811,
        "duration" : 858
      }
    }, {
      "uid" : "a41c00088fe69ec4",
      "status" : "passed",
      "time" : {
        "start" : 1589609716454,
        "stop" : 1589609717322,
        "duration" : 868
      }
    }, {
      "uid" : "b657ec18792f17a1",
      "status" : "passed",
      "time" : {
        "start" : 1589609462513,
        "stop" : 1589609463254,
        "duration" : 741
      }
    }, {
      "uid" : "e62fc992392e3bfa",
      "status" : "passed",
      "time" : {
        "start" : 1589609005952,
        "stop" : 1589609007010,
        "duration" : 1058
      }
    }, {
      "uid" : "99c6bc32507b91ba",
      "status" : "broken",
      "statusDetails" : "selenium.common.exceptions.WebDriverException: Message: 'chromedriver.exe' executable needs to be in PATH. Please see https://sites.google.com/a/chromium.org/chromedriver/home",
      "time" : {
        "start" : 1589607871868,
        "stop" : 1589607871868,
        "duration" : 0
      }
    }, {
      "uid" : "922df2d837fb7cc9",
      "status" : "passed",
      "time" : {
        "start" : 1589606535413,
        "stop" : 1589606536176,
        "duration" : 763
      }
    }, {
      "uid" : "166f6804f79cb66c",
      "status" : "passed",
      "time" : {
        "start" : 1589597936931,
        "stop" : 1589597937624,
        "duration" : 693
      }
    }, {
      "uid" : "bf308e96a75c0593",
      "status" : "passed",
      "time" : {
        "start" : 1589596724953,
        "stop" : 1589596725603,
        "duration" : 650
      }
    }, {
      "uid" : "8f452d3de28ee3c7",
      "status" : "passed",
      "time" : {
        "start" : 1589534596503,
        "stop" : 1589534597923,
        "duration" : 1420
      }
    }, {
      "uid" : "f6df19528ea8d727",
      "status" : "passed",
      "time" : {
        "start" : 1589469219346,
        "stop" : 1589469220829,
        "duration" : 1483
      }
    }, {
      "uid" : "75c5fb90a77bea2",
      "status" : "passed",
      "time" : {
        "start" : 1589386820281,
        "stop" : 1589386821745,
        "duration" : 1464
      }
    }, {
      "uid" : "6c29a573fdc2cdbc",
      "status" : "passed",
      "time" : {
        "start" : 1589272268150,
        "stop" : 1589272269763,
        "duration" : 1613
      }
    }, {
      "uid" : "41e515280843c396",
      "status" : "failed",
      "statusDetails" : "AssertionError",
      "time" : {
        "start" : 1589258714678,
        "stop" : 1589258747333,
        "duration" : 32655
      }
    }, {
      "uid" : "abbd18af20259535",
      "status" : "passed",
      "time" : {
        "start" : 1589258600381,
        "stop" : 1589258602023,
        "duration" : 1642
      }
    }, {
      "uid" : "9ca0bad1c5d33b38",
      "status" : "passed",
      "time" : {
        "start" : 1589255148037,
        "stop" : 1589255149432,
        "duration" : 1395
      }
    }, {
      "uid" : "d59de0b4cf0f4f9",
      "status" : "failed",
      "statusDetails" : "AssertionError",
      "time" : {
        "start" : 1589253234006,
        "stop" : 1589253267081,
        "duration" : 33075
      }
    }, {
      "uid" : "c25b5fd89d766158",
      "status" : "failed",
      "statusDetails" : "AssertionError",
      "time" : {
        "start" : 1589216167148,
        "stop" : 1589216213652,
        "duration" : 46504
      }
    }, {
      "uid" : "92ed6134a37fe053",
      "status" : "failed",
      "statusDetails" : "AssertionError",
      "time" : {
        "start" : 1589207770377,
        "stop" : 1589207829005,
        "duration" : 58628
      }
    }, {
      "uid" : "6d56715828adc7bd",
      "status" : "failed",
      "statusDetails" : "AssertionError",
      "time" : {
        "start" : 1589206323185,
        "stop" : 1589206367756,
        "duration" : 44571
      }
    }, {
      "uid" : "aa3cfb56ceef6d24",
      "status" : "failed",
      "statusDetails" : "AssertionError",
      "time" : {
        "start" : 1589205400408,
        "stop" : 1589205418062,
        "duration" : 17654
      }
    }, {
      "uid" : "51bbcffd13c1e08e",
      "status" : "failed",
      "statusDetails" : "AssertionError",
      "time" : {
        "start" : 1589203344393,
        "stop" : 1589203405241,
        "duration" : 60848
      }
    }, {
      "uid" : "eee416f882329108",
      "status" : "failed",
      "statusDetails" : "AssertionError",
      "time" : {
        "start" : 1589163837663,
        "stop" : 1589163924197,
        "duration" : 86534
      }
    }, {
      "uid" : "9537546f02a9b0cc",
      "status" : "passed",
      "time" : {
        "start" : 1589113110076,
        "stop" : 1589113113363,
        "duration" : 3287
      }
    }, {
      "uid" : "fe0f0d875bb229ec",
      "status" : "passed",
      "time" : {
        "start" : 1588853743153,
        "stop" : 1588853744608,
        "duration" : 1455
      }
    }, {
      "uid" : "3728de8eb00d580e",
      "status" : "passed",
      "time" : {
        "start" : 1588852431212,
        "stop" : 1588852432830,
        "duration" : 1618
      }
    } ],
    "categories" : [ {
      "name" : "Product defects",
      "matchedStatuses" : [ ],
      "flaky" : false
    } ],
    "history" : {
      "statistic" : {
        "failed" : 63,
        "broken" : 5,
        "skipped" : 0,
        "passed" : 26,
        "unknown" : 0,
        "total" : 94
      },
      "items" : [ {
        "uid" : "22109d2e6e05843a",
        "reportUrl" : "http://localhost:9090/jenkins/job/MattamyAutomationFramework/112/allure/#testresult/22109d2e6e05843a",
        "status" : "failed",
        "statusDetails" : "AssertionError",
        "time" : {
          "start" : 1595925507510,
          "stop" : 1595925520788,
          "duration" : 13278
        }
      }, {
        "uid" : "a30973adc935a077",
        "reportUrl" : "http://localhost:9090/jenkins/job/MattamyAutomationFramework/111/allure/#testresult/a30973adc935a077",
        "status" : "failed",
        "statusDetails" : "AssertionError",
        "time" : {
          "start" : 1595925507510,
          "stop" : 1595925520788,
          "duration" : 13278
        }
      }, {
        "uid" : "529e5921ae8d5629",
        "reportUrl" : "http://localhost:9090/jenkins/job/MattamyAutomationFramework/110/allure/#testresult/529e5921ae8d5629",
        "status" : "failed",
        "statusDetails" : "AssertionError",
        "time" : {
          "start" : 1595666619400,
          "stop" : 1595666632688,
          "duration" : 13288
        }
      }, {
        "uid" : "70b3935ae4f8635",
        "reportUrl" : "http://localhost:9090/jenkins/job/MattamyAutomationFramework/109/allure/#testresult/70b3935ae4f8635",
        "status" : "failed",
        "statusDetails" : "AssertionError",
        "time" : {
          "start" : 1595666619400,
          "stop" : 1595666632688,
          "duration" : 13288
        }
      }, {
        "uid" : "8f683c8e986eea2d",
        "reportUrl" : "http://localhost:9090/jenkins/job/MattamyAutomationFramework/108/allure/#testresult/8f683c8e986eea2d",
        "status" : "failed",
        "statusDetails" : "AssertionError",
        "time" : {
          "start" : 1595666619400,
          "stop" : 1595666632688,
          "duration" : 13288
        }
      }, {
        "uid" : "d938ae9270dc5c05",
        "reportUrl" : "http://localhost:9090/jenkins/job/MattamyAutomationFramework/107/allure/#testresult/d938ae9270dc5c05",
        "status" : "failed",
        "statusDetails" : "AssertionError",
        "time" : {
          "start" : 1595320593454,
          "stop" : 1595320607880,
          "duration" : 14426
        }
      }, {
        "uid" : "f2a5060eb22b2725",
        "reportUrl" : "http://localhost:9090/jenkins/job/MattamyAutomationFramework/106/allure/#testresult/f2a5060eb22b2725",
        "status" : "failed",
        "statusDetails" : "AssertionError",
        "time" : {
          "start" : 1595320593454,
          "stop" : 1595320607880,
          "duration" : 14426
        }
      }, {
        "uid" : "1d0860abdad90ef9",
        "reportUrl" : "http://localhost:9090/jenkins/job/MattamyAutomationFramework/105/allure/#testresult/1d0860abdad90ef9",
        "status" : "failed",
        "statusDetails" : "AssertionError",
        "time" : {
          "start" : 1595320593454,
          "stop" : 1595320607880,
          "duration" : 14426
        }
      }, {
        "uid" : "7c9ee93b10aa2c09",
        "reportUrl" : "http://localhost:9090/jenkins/job/MattamyAutomationFramework/104/allure/#testresult/7c9ee93b10aa2c09",
        "status" : "failed",
        "statusDetails" : "AssertionError",
        "time" : {
          "start" : 1595320593454,
          "stop" : 1595320607880,
          "duration" : 14426
        }
      }, {
        "uid" : "9b9f1adb26b77d84",
        "reportUrl" : "http://localhost:9090/jenkins/job/MattamyAutomationFramework/103/allure/#testresult/9b9f1adb26b77d84",
        "status" : "failed",
        "statusDetails" : "AssertionError",
        "time" : {
          "start" : 1595235069150,
          "stop" : 1595235082811,
          "duration" : 13661
        }
      }, {
        "uid" : "89ee9a11a36ae909",
        "reportUrl" : "http://localhost:9090/jenkins/job/MattamyAutomationFramework/102/allure/#testresult/89ee9a11a36ae909",
        "status" : "failed",
        "statusDetails" : "AssertionError",
        "time" : {
          "start" : 1595216611446,
          "stop" : 1595216624888,
          "duration" : 13442
        }
      }, {
        "uid" : "a6822499748600b7",
        "reportUrl" : "http://localhost:9090/jenkins/job/MattamyAutomationFramework/101/allure/#testresult/a6822499748600b7",
        "status" : "failed",
        "statusDetails" : "AssertionError",
        "time" : {
          "start" : 1595061513785,
          "stop" : 1595061519610,
          "duration" : 5825
        }
      }, {
        "uid" : "64b49f34cb8241b5",
        "reportUrl" : "http://localhost:9090/jenkins/job/MattamyAutomationFramework/100/allure/#testresult/64b49f34cb8241b5",
        "status" : "broken",
        "statusDetails" : "selenium.common.exceptions.TimeoutException: Message: timeout: Timed out receiving message from renderer: 10.000\n  (Session info: chrome=83.0.4103.116)",
        "time" : {
          "start" : 1594888770075,
          "stop" : 1594889038616,
          "duration" : 268541
        }
      }, {
        "uid" : "8b42fe90b5dc3f77",
        "reportUrl" : "http://localhost:9090/jenkins/job/MattamyAutomationFramework/99/allure/#testresult/8b42fe90b5dc3f77",
        "status" : "broken",
        "statusDetails" : "selenium.common.exceptions.TimeoutException: Message: timeout: Timed out receiving message from renderer: 10.000\n  (Session info: chrome=83.0.4103.116)",
        "time" : {
          "start" : 1594888770075,
          "stop" : 1594889038616,
          "duration" : 268541
        }
      }, {
        "uid" : "a771257295fd9cae",
        "reportUrl" : "http://localhost:9090/jenkins/job/MattamyAutomationFramework/98/allure/#testresult/a771257295fd9cae",
        "status" : "failed",
        "statusDetails" : "AssertionError",
        "time" : {
          "start" : 1594715979452,
          "stop" : 1594716023454,
          "duration" : 44002
        }
      }, {
        "uid" : "53f6b7003d3ecca1",
        "reportUrl" : "http://localhost:9090/jenkins/job/MattamyAutomationFramework/97/allure/#testresult/53f6b7003d3ecca1",
        "status" : "failed",
        "statusDetails" : "AssertionError",
        "time" : {
          "start" : 1594715979452,
          "stop" : 1594716023454,
          "duration" : 44002
        }
      }, {
        "uid" : "d2f17e370dbe4c96",
        "reportUrl" : "http://localhost:9090/jenkins/job/MattamyAutomationFramework/96/allure/#testresult/d2f17e370dbe4c96",
        "status" : "failed",
        "statusDetails" : "AssertionError",
        "time" : {
          "start" : 1594553613409,
          "stop" : 1594553686003,
          "duration" : 72594
        }
      }, {
        "uid" : "9f70cbc4d6cd98bb",
        "reportUrl" : "http://localhost:9090/jenkins/job/MattamyAutomationFramework/95/allure/#testresult/9f70cbc4d6cd98bb",
        "status" : "failed",
        "statusDetails" : "AssertionError",
        "time" : {
          "start" : 1594553613409,
          "stop" : 1594553686003,
          "duration" : 72594
        }
      }, {
        "uid" : "c89d2952a5fe248f",
        "reportUrl" : "http://localhost:9090/jenkins/job/MattamyAutomationFramework/94/allure/#testresult/c89d2952a5fe248f",
        "status" : "failed",
        "statusDetails" : "AssertionError",
        "time" : {
          "start" : 1594370198967,
          "stop" : 1594370315146,
          "duration" : 116179
        }
      }, {
        "uid" : "e4d2a75b9bae7d47",
        "reportUrl" : "http://localhost:9090/jenkins/job/MattamyAutomationFramework/93/allure/#testresult/e4d2a75b9bae7d47",
        "status" : "failed",
        "statusDetails" : "AssertionError",
        "time" : {
          "start" : 1594370198967,
          "stop" : 1594370315146,
          "duration" : 116179
        }
      } ]
    },
    "tags" : [ ]
  },
  "source" : "3fb2088dcca49db2.json",
  "parameterValues" : [ ]
}