{
  "uid" : "44f9ae72e56d70b6",
  "name" : "test_forRealtorsLink",
  "fullName" : "test_regression_suite.FooterTests#test_forRealtorsLink",
  "historyId" : "4a95804f94bab01678c8fa8b37daadaf",
  "time" : {
    "start" : 1592797302629,
    "stop" : 1592797327466,
    "duration" : 24837
  },
  "status" : "failed",
  "statusMessage" : "AssertionError",
  "statusTrace" : "self = <tests.home.footer_test.FooterTests testMethod=test_forRealtorsLink>\n\n    def test_forRealtorsLink(self):\n        result = self.fp.getForRealtorsLinkStatus()\n>       self.ts.markFinal(\"test_forRealtorsLink\", result, \"Footer_Verified For Realtors Link\")\n\nhome\\footer_test.py:64: \n_ _ _ _ _ _ _ _ _ _ _ _ _ _ _ _ _ _ _ _ _ _ _ _ _ _ _ _ _ _ _ _ _ _ _ _ _ _ _ _\n\nself = <utilities.casestatus.CaseStatus object at 0x0000021539E717C0>\ntestName = 'test_forRealtorsLink', result = False\nresultMessage = 'Footer_Verified For Realtors Link'\n\n    def markFinal(self, testName, result, resultMessage):\n        \"\"\"\n        Mark the final result of verification point in a test case\n        This needs to be called at least once in a test case\n        This should be final test status of the test case\n        \"\"\"\n        self.setResult(result, resultMessage)\n    \n        if \"FAIL\" in self.resultList:\n            self.log.error(testName + \" Test Failed\")\n            self.resultList.clear()\n>           assert True == False\nE           AssertionError\n\n..\\utilities\\casestatus.py:74: AssertionError",
  "flaky" : true,
  "newFailed" : false,
  "beforeStages" : [ {
    "name" : "classSetUp",
    "time" : {
      "start" : 1592797302628,
      "stop" : 1592797302628,
      "duration" : 0
    },
    "status" : "passed",
    "steps" : [ ],
    "attachments" : [ ],
    "parameters" : [ ],
    "stepsCount" : 0,
    "hasContent" : false,
    "attachmentsCount" : 0,
    "shouldDisplayMessage" : false
  }, {
    "name" : "browser",
    "time" : {
      "start" : 1592797077128,
      "stop" : 1592797077128,
      "duration" : 0
    },
    "status" : "passed",
    "steps" : [ ],
    "attachments" : [ ],
    "parameters" : [ ],
    "stepsCount" : 0,
    "hasContent" : false,
    "attachmentsCount" : 0,
    "shouldDisplayMessage" : false
  }, {
    "name" : "_UnitTestCase__pytest_class_setup",
    "time" : {
      "start" : 1592797077127,
      "stop" : 1592797077127,
      "duration" : 0
    },
    "status" : "passed",
    "steps" : [ ],
    "attachments" : [ ],
    "parameters" : [ ],
    "stepsCount" : 0,
    "hasContent" : false,
    "attachmentsCount" : 0,
    "shouldDisplayMessage" : false
  }, {
    "name" : "oneTimeSetUp",
    "time" : {
      "start" : 1592797077128,
      "stop" : 1592797116316,
      "duration" : 39188
    },
    "status" : "passed",
    "steps" : [ ],
    "attachments" : [ ],
    "parameters" : [ ],
    "stepsCount" : 0,
    "hasContent" : false,
    "attachmentsCount" : 0,
    "shouldDisplayMessage" : false
  } ],
  "testStage" : {
    "status" : "failed",
    "statusMessage" : "AssertionError",
    "statusTrace" : "self = <tests.home.footer_test.FooterTests testMethod=test_forRealtorsLink>\n\n    def test_forRealtorsLink(self):\n        result = self.fp.getForRealtorsLinkStatus()\n>       self.ts.markFinal(\"test_forRealtorsLink\", result, \"Footer_Verified For Realtors Link\")\n\nhome\\footer_test.py:64: \n_ _ _ _ _ _ _ _ _ _ _ _ _ _ _ _ _ _ _ _ _ _ _ _ _ _ _ _ _ _ _ _ _ _ _ _ _ _ _ _\n\nself = <utilities.casestatus.CaseStatus object at 0x0000021539E717C0>\ntestName = 'test_forRealtorsLink', result = False\nresultMessage = 'Footer_Verified For Realtors Link'\n\n    def markFinal(self, testName, result, resultMessage):\n        \"\"\"\n        Mark the final result of verification point in a test case\n        This needs to be called at least once in a test case\n        This should be final test status of the test case\n        \"\"\"\n        self.setResult(result, resultMessage)\n    \n        if \"FAIL\" in self.resultList:\n            self.log.error(testName + \" Test Failed\")\n            self.resultList.clear()\n>           assert True == False\nE           AssertionError\n\n..\\utilities\\casestatus.py:74: AssertionError",
    "steps" : [ ],
    "attachments" : [ {
      "uid" : "224899dd7159ebc3",
      "name" : "Footer_Verified For Realtors Link.1592797327462",
      "source" : "224899dd7159ebc3.png",
      "type" : "image/png",
      "size" : 644786
    }, {
      "uid" : "b3fe3f2a72a8fc93",
      "name" : "log",
      "source" : "b3fe3f2a72a8fc93.txt",
      "type" : "text/plain",
      "size" : 1160
    }, {
      "uid" : "eeb9f4636300d4ba",
      "name" : "stdout",
      "source" : "eeb9f4636300d4ba.txt",
      "type" : "text/plain",
      "size" : 22
    } ],
    "parameters" : [ ],
    "stepsCount" : 0,
    "hasContent" : true,
    "attachmentsCount" : 3,
    "shouldDisplayMessage" : true
  },
  "afterStages" : [ {
    "name" : "_UnitTestCase__pytest_class_setup::0",
    "time" : {
      "start" : 1592797524404,
      "stop" : 1592797524404,
      "duration" : 0
    },
    "status" : "passed",
    "steps" : [ ],
    "attachments" : [ ],
    "parameters" : [ ],
    "stepsCount" : 0,
    "hasContent" : false,
    "attachmentsCount" : 0,
    "shouldDisplayMessage" : false
  }, {
    "name" : "oneTimeSetUp::0",
    "time" : {
      "start" : 1592797522163,
      "stop" : 1592797524397,
      "duration" : 2234
    },
    "status" : "passed",
    "steps" : [ ],
    "attachments" : [ ],
    "parameters" : [ ],
    "stepsCount" : 0,
    "hasContent" : false,
    "attachmentsCount" : 0,
    "shouldDisplayMessage" : false
  } ],
  "labels" : [ {
    "name" : "suite",
    "value" : "test_regression_suite"
  }, {
    "name" : "subSuite",
    "value" : "FooterTests"
  }, {
    "name" : "host",
    "value" : "EXIPC0154"
  }, {
    "name" : "thread",
    "value" : "7664-MainThread"
  }, {
    "name" : "framework",
    "value" : "pytest"
  }, {
    "name" : "language",
    "value" : "cpython3"
  }, {
    "name" : "package",
    "value" : "test_regression_suite"
  }, {
    "name" : "resultFormat",
    "value" : "allure2"
  } ],
  "parameters" : [ ],
  "links" : [ ],
  "hidden" : false,
  "retry" : false,
  "extra" : {
    "severity" : "normal",
    "retries" : [ {
      "uid" : "233bce50ff3bbb20",
      "status" : "failed",
      "statusDetails" : "AssertionError",
      "time" : {
        "start" : 1592555542682,
        "stop" : 1592555567577,
        "duration" : 24895
      }
    }, {
      "uid" : "a836d90c37e403b9",
      "status" : "failed",
      "statusDetails" : "AssertionError",
      "time" : {
        "start" : 1592123544890,
        "stop" : 1592123569814,
        "duration" : 24924
      }
    }, {
      "uid" : "3eefef0b2c4be31b",
      "status" : "failed",
      "statusDetails" : "AssertionError",
      "time" : {
        "start" : 1592046080059,
        "stop" : 1592046104739,
        "duration" : 24680
      }
    }, {
      "uid" : "ba380a6bd041e669",
      "status" : "failed",
      "statusDetails" : "AssertionError",
      "time" : {
        "start" : 1591950756262,
        "stop" : 1591950780977,
        "duration" : 24715
      }
    }, {
      "uid" : "687975d425eacf8b",
      "status" : "failed",
      "statusDetails" : "AssertionError",
      "time" : {
        "start" : 1591865385667,
        "stop" : 1591865410145,
        "duration" : 24478
      }
    }, {
      "uid" : "7050ec2858e18418",
      "status" : "passed",
      "time" : {
        "start" : 1591778313408,
        "stop" : 1591778314324,
        "duration" : 916
      }
    }, {
      "uid" : "8a6522598b2ec69e",
      "status" : "failed",
      "statusDetails" : "AssertionError",
      "time" : {
        "start" : 1591691512400,
        "stop" : 1591691537363,
        "duration" : 24963
      }
    }, {
      "uid" : "a292f230929f0565",
      "status" : "broken",
      "statusDetails" : "selenium.common.exceptions.NoSuchWindowException: Message: no such window: target window already closed\nfrom unknown error: web view not found\n  (Session info: chrome=83.0.4103.61)",
      "time" : {
        "start" : 1591432240654,
        "stop" : 1591432240659,
        "duration" : 5
      }
    }, {
      "uid" : "e6478e74b5946dfa",
      "status" : "failed",
      "statusDetails" : "AssertionError",
      "time" : {
        "start" : 1591086767891,
        "stop" : 1591086792721,
        "duration" : 24830
      }
    }, {
      "uid" : "fb1d263029831780",
      "status" : "passed",
      "time" : {
        "start" : 1591000075064,
        "stop" : 1591000076138,
        "duration" : 1074
      }
    }, {
      "uid" : "437bb1761cc6450d",
      "status" : "passed",
      "time" : {
        "start" : 1590998599206,
        "stop" : 1590998600317,
        "duration" : 1111
      }
    }, {
      "uid" : "24d4d4a14da263b8",
      "status" : "broken",
      "statusDetails" : "selenium.common.exceptions.SessionNotCreatedException: Message: session not created: This version of ChromeDriver only supports Chrome version 81",
      "time" : {
        "start" : 1590913647908,
        "stop" : 1590913647908,
        "duration" : 0
      }
    }, {
      "uid" : "b07455902a77b94d",
      "status" : "passed",
      "time" : {
        "start" : 1590827291981,
        "stop" : 1590827294980,
        "duration" : 2999
      }
    }, {
      "uid" : "83681366d978386a",
      "status" : "passed",
      "time" : {
        "start" : 1590740932223,
        "stop" : 1590740933827,
        "duration" : 1604
      }
    }, {
      "uid" : "3429737ef8f4cd1b",
      "status" : "broken",
      "statusDetails" : "selenium.common.exceptions.WebDriverException: Message: chrome not reachable\n  (Session info: chrome=81.0.4044.138)",
      "time" : {
        "start" : 1590654652204,
        "stop" : 1590654676267,
        "duration" : 24063
      }
    }, {
      "uid" : "58a6b1f7de9d5d7",
      "status" : "passed",
      "time" : {
        "start" : 1590568869419,
        "stop" : 1590568870334,
        "duration" : 915
      }
    }, {
      "uid" : "bf1886b1f6241eb3",
      "status" : "passed",
      "time" : {
        "start" : 1590405783298,
        "stop" : 1590405784489,
        "duration" : 1191
      }
    }, {
      "uid" : "82dcdb332a2397f",
      "status" : "passed",
      "time" : {
        "start" : 1590404495907,
        "stop" : 1590404497176,
        "duration" : 1269
      }
    }, {
      "uid" : "65d1ed2512433813",
      "status" : "passed",
      "time" : {
        "start" : 1590404432569,
        "stop" : 1590404433778,
        "duration" : 1209
      }
    }, {
      "uid" : "9b13f763cca43a29",
      "status" : "passed",
      "time" : {
        "start" : 1589610662408,
        "stop" : 1589610664074,
        "duration" : 1666
      }
    }, {
      "uid" : "d41c8ca220be35d4",
      "status" : "passed",
      "time" : {
        "start" : 1589609671766,
        "stop" : 1589609673172,
        "duration" : 1406
      }
    }, {
      "uid" : "5edaef575d737d5e",
      "status" : "passed",
      "time" : {
        "start" : 1589609420259,
        "stop" : 1589609421683,
        "duration" : 1424
      }
    }, {
      "uid" : "3e258240e82d1cd9",
      "status" : "passed",
      "time" : {
        "start" : 1589608959804,
        "stop" : 1589608961377,
        "duration" : 1573
      }
    }, {
      "uid" : "3860f19c4cfb32f2",
      "status" : "broken",
      "statusDetails" : "selenium.common.exceptions.WebDriverException: Message: 'chromedriver.exe' executable needs to be in PATH. Please see https://sites.google.com/a/chromium.org/chromedriver/home",
      "time" : {
        "start" : 1589607868709,
        "stop" : 1589607868709,
        "duration" : 0
      }
    }, {
      "uid" : "6c255e1fce16fd59",
      "status" : "passed",
      "time" : {
        "start" : 1589606495873,
        "stop" : 1589606497157,
        "duration" : 1284
      }
    }, {
      "uid" : "965b84df557e70c1",
      "status" : "passed",
      "time" : {
        "start" : 1589597896505,
        "stop" : 1589597897617,
        "duration" : 1112
      }
    }, {
      "uid" : "71bd2bf66b945ad1",
      "status" : "passed",
      "time" : {
        "start" : 1589596681556,
        "stop" : 1589596682815,
        "duration" : 1259
      }
    }, {
      "uid" : "29b79ffc2ddd91b1",
      "status" : "passed",
      "time" : {
        "start" : 1589534509700,
        "stop" : 1589534511044,
        "duration" : 1344
      }
    }, {
      "uid" : "13d42f999740d0b6",
      "status" : "failed",
      "statusDetails" : "AssertionError",
      "time" : {
        "start" : 1589469144833,
        "stop" : 1589469146500,
        "duration" : 1667
      }
    }, {
      "uid" : "c74e513e9058f9dc",
      "status" : "failed",
      "statusDetails" : "AssertionError",
      "time" : {
        "start" : 1589386782587,
        "stop" : 1589386783814,
        "duration" : 1227
      }
    }, {
      "uid" : "337ef6a982b4a6f4",
      "status" : "failed",
      "statusDetails" : "AssertionError",
      "time" : {
        "start" : 1589272054918,
        "stop" : 1589272056592,
        "duration" : 1674
      }
    }, {
      "uid" : "6d2b3da05e32ae69",
      "status" : "failed",
      "statusDetails" : "AssertionError",
      "time" : {
        "start" : 1589258678407,
        "stop" : 1589258679187,
        "duration" : 780
      }
    }, {
      "uid" : "ca82188c07b71bd4",
      "status" : "failed",
      "statusDetails" : "AssertionError",
      "time" : {
        "start" : 1589258567047,
        "stop" : 1589258568100,
        "duration" : 1053
      }
    }, {
      "uid" : "15972bedacbe83fa",
      "status" : "failed",
      "statusDetails" : "AssertionError",
      "time" : {
        "start" : 1589255120560,
        "stop" : 1589255121475,
        "duration" : 915
      }
    }, {
      "uid" : "5938ce7f0fd36762",
      "status" : "failed",
      "statusDetails" : "AssertionError",
      "time" : {
        "start" : 1589253205121,
        "stop" : 1589253205930,
        "duration" : 809
      }
    }, {
      "uid" : "98529a2827760d3f",
      "status" : "failed",
      "statusDetails" : "AssertionError",
      "time" : {
        "start" : 1589216119603,
        "stop" : 1589216120421,
        "duration" : 818
      }
    }, {
      "uid" : "c60ef2d4743df6de",
      "status" : "failed",
      "statusDetails" : "AssertionError",
      "time" : {
        "start" : 1589207725427,
        "stop" : 1589207726166,
        "duration" : 739
      }
    }, {
      "uid" : "b47d55cbab2c8746",
      "status" : "failed",
      "statusDetails" : "AssertionError",
      "time" : {
        "start" : 1589206274480,
        "stop" : 1589206275268,
        "duration" : 788
      }
    }, {
      "uid" : "a4856dd6946af4df",
      "status" : "failed",
      "statusDetails" : "AssertionError",
      "time" : {
        "start" : 1589205350514,
        "stop" : 1589205351760,
        "duration" : 1246
      }
    }, {
      "uid" : "740fab9813b706b",
      "status" : "failed",
      "statusDetails" : "AssertionError",
      "time" : {
        "start" : 1589203299931,
        "stop" : 1589203300877,
        "duration" : 946
      }
    }, {
      "uid" : "3ea21b043b53bb5a",
      "status" : "failed",
      "statusDetails" : "AssertionError",
      "time" : {
        "start" : 1589163791869,
        "stop" : 1589163792642,
        "duration" : 773
      }
    }, {
      "uid" : "4f1e22aac98e886b",
      "status" : "failed",
      "statusDetails" : "AssertionError",
      "time" : {
        "start" : 1589113060323,
        "stop" : 1589113061439,
        "duration" : 1116
      }
    }, {
      "uid" : "f29ee2536cf366bf",
      "status" : "failed",
      "statusDetails" : "AssertionError",
      "time" : {
        "start" : 1588853662333,
        "stop" : 1588853663232,
        "duration" : 899
      }
    }, {
      "uid" : "562c6e8fda65bb39",
      "status" : "failed",
      "statusDetails" : "AssertionError",
      "time" : {
        "start" : 1588852337480,
        "stop" : 1588852338512,
        "duration" : 1032
      }
    } ],
    "categories" : [ {
      "name" : "Product defects",
      "matchedStatuses" : [ ],
      "flaky" : false
    } ],
    "history" : {
      "statistic" : {
        "failed" : 31,
        "broken" : 5,
        "skipped" : 0,
        "passed" : 19,
        "unknown" : 0,
        "total" : 55
      },
      "items" : [ {
        "uid" : "c2f32d743f589341",
        "reportUrl" : "http://localhost:9090/jenkins/job/MattamyAutomationFramework/73/allure/#testresult/c2f32d743f589341",
        "status" : "failed",
        "statusDetails" : "AssertionError",
        "time" : {
          "start" : 1592555542682,
          "stop" : 1592555567577,
          "duration" : 24895
        }
      }, {
        "uid" : "56bb7989cc20ad59",
        "reportUrl" : "http://localhost:9090/jenkins/job/MattamyAutomationFramework/72/allure/#testresult/56bb7989cc20ad59",
        "status" : "failed",
        "statusDetails" : "AssertionError",
        "time" : {
          "start" : 1592555542682,
          "stop" : 1592555567577,
          "duration" : 24895
        }
      }, {
        "uid" : "64885b4fb55234e6",
        "reportUrl" : "http://localhost:9090/jenkins/job/MattamyAutomationFramework/71/allure/#testresult/64885b4fb55234e6",
        "status" : "failed",
        "statusDetails" : "AssertionError",
        "time" : {
          "start" : 1592123544890,
          "stop" : 1592123569814,
          "duration" : 24924
        }
      }, {
        "uid" : "f4af76ad816cfc40",
        "reportUrl" : "http://localhost:9090/jenkins/job/MattamyAutomationFramework/70/allure/#testresult/f4af76ad816cfc40",
        "status" : "failed",
        "statusDetails" : "AssertionError",
        "time" : {
          "start" : 1592123544890,
          "stop" : 1592123569814,
          "duration" : 24924
        }
      }, {
        "uid" : "a65c8a555db65369",
        "reportUrl" : "http://localhost:9090/jenkins/job/MattamyAutomationFramework/69/allure/#testresult/a65c8a555db65369",
        "status" : "failed",
        "statusDetails" : "AssertionError",
        "time" : {
          "start" : 1592123544890,
          "stop" : 1592123569814,
          "duration" : 24924
        }
      }, {
        "uid" : "f71edb6afa8ef568",
        "reportUrl" : "http://localhost:9090/jenkins/job/MattamyAutomationFramework/68/allure/#testresult/f71edb6afa8ef568",
        "status" : "failed",
        "statusDetails" : "AssertionError",
        "time" : {
          "start" : 1592123544890,
          "stop" : 1592123569814,
          "duration" : 24924
        }
      }, {
        "uid" : "4d037bde2b26a46",
        "reportUrl" : "http://localhost:9090/jenkins/job/MattamyAutomationFramework/67/allure/#testresult/4d037bde2b26a46",
        "status" : "failed",
        "statusDetails" : "AssertionError",
        "time" : {
          "start" : 1592123544890,
          "stop" : 1592123569814,
          "duration" : 24924
        }
      }, {
        "uid" : "bcbc3dea52a7aa8e",
        "reportUrl" : "http://localhost:9090/jenkins/job/MattamyAutomationFramework/66/allure/#testresult/bcbc3dea52a7aa8e",
        "status" : "failed",
        "statusDetails" : "AssertionError",
        "time" : {
          "start" : 1592046080059,
          "stop" : 1592046104739,
          "duration" : 24680
        }
      }, {
        "uid" : "31a7fa164dd070ed",
        "reportUrl" : "http://localhost:9090/jenkins/job/MattamyAutomationFramework/65/allure/#testresult/31a7fa164dd070ed",
        "status" : "failed",
        "statusDetails" : "AssertionError",
        "time" : {
          "start" : 1591950756262,
          "stop" : 1591950780977,
          "duration" : 24715
        }
      }, {
        "uid" : "5cef4b997b8c81a4",
        "reportUrl" : "http://localhost:9090/jenkins/job/MattamyAutomationFramework/64/allure/#testresult/5cef4b997b8c81a4",
        "status" : "failed",
        "statusDetails" : "AssertionError",
        "time" : {
          "start" : 1591865385667,
          "stop" : 1591865410145,
          "duration" : 24478
        }
      }, {
        "uid" : "65f3b7e48f58134a",
        "reportUrl" : "http://localhost:9090/jenkins/job/MattamyAutomationFramework/63/allure/#testresult/65f3b7e48f58134a",
        "status" : "passed",
        "time" : {
          "start" : 1591778313408,
          "stop" : 1591778314324,
          "duration" : 916
        }
      }, {
        "uid" : "f16bcde3252c8f68",
        "reportUrl" : "http://localhost:9090/jenkins/job/MattamyAutomationFramework/62/allure/#testresult/f16bcde3252c8f68",
        "status" : "failed",
        "statusDetails" : "AssertionError",
        "time" : {
          "start" : 1591691512400,
          "stop" : 1591691537363,
          "duration" : 24963
        }
      }, {
        "uid" : "31c146709f501cca",
        "reportUrl" : "http://localhost:9090/jenkins/job/MattamyAutomationFramework/61/allure/#testresult/31c146709f501cca",
        "status" : "broken",
        "statusDetails" : "selenium.common.exceptions.NoSuchWindowException: Message: no such window: target window already closed\nfrom unknown error: web view not found\n  (Session info: chrome=83.0.4103.61)",
        "time" : {
          "start" : 1591432240654,
          "stop" : 1591432240659,
          "duration" : 5
        }
      }, {
        "uid" : "3d8b307e1442de50",
        "reportUrl" : "http://localhost:9090/jenkins/job/MattamyAutomationFramework/60/allure/#testresult/3d8b307e1442de50",
        "status" : "broken",
        "statusDetails" : "selenium.common.exceptions.NoSuchWindowException: Message: no such window: target window already closed\nfrom unknown error: web view not found\n  (Session info: chrome=83.0.4103.61)",
        "time" : {
          "start" : 1591432240654,
          "stop" : 1591432240659,
          "duration" : 5
        }
      }, {
        "uid" : "1649c00eacbe9f50",
        "reportUrl" : "http://localhost:9090/jenkins/job/MattamyAutomationFramework/59/allure/#testresult/1649c00eacbe9f50",
        "status" : "broken",
        "statusDetails" : "selenium.common.exceptions.NoSuchWindowException: Message: no such window: target window already closed\nfrom unknown error: web view not found\n  (Session info: chrome=83.0.4103.61)",
        "time" : {
          "start" : 1591432240654,
          "stop" : 1591432240659,
          "duration" : 5
        }
      }, {
        "uid" : "2b2eb1e9bf5dc4a6",
        "reportUrl" : "http://localhost:9090/jenkins/job/MattamyAutomationFramework/58/allure/#testresult/2b2eb1e9bf5dc4a6",
        "status" : "failed",
        "statusDetails" : "AssertionError",
        "time" : {
          "start" : 1591086767891,
          "stop" : 1591086792721,
          "duration" : 24830
        }
      }, {
        "uid" : "b2d8ec326d93fbc9",
        "reportUrl" : "http://localhost:9090/jenkins/job/MattamyAutomationFramework/57/allure/#testresult/b2d8ec326d93fbc9",
        "status" : "failed",
        "statusDetails" : "AssertionError",
        "time" : {
          "start" : 1591086767891,
          "stop" : 1591086792721,
          "duration" : 24830
        }
      }, {
        "uid" : "fd60395329906058",
        "reportUrl" : "http://localhost:9090/jenkins/job/MattamyAutomationFramework/56/allure/#testresult/fd60395329906058",
        "status" : "failed",
        "statusDetails" : "AssertionError",
        "time" : {
          "start" : 1591086767891,
          "stop" : 1591086792721,
          "duration" : 24830
        }
      }, {
        "uid" : "b2f036cf072860e7",
        "reportUrl" : "http://localhost:9090/jenkins/job/MattamyAutomationFramework/55/allure/#testresult/b2f036cf072860e7",
        "status" : "failed",
        "statusDetails" : "AssertionError",
        "time" : {
          "start" : 1591086767891,
          "stop" : 1591086792721,
          "duration" : 24830
        }
      }, {
        "uid" : "a2d698807b1842f",
        "reportUrl" : "http://localhost:9090/jenkins/job/MattamyAutomationFramework/54/allure/#testresult/a2d698807b1842f",
        "status" : "passed",
        "time" : {
          "start" : 1591000075064,
          "stop" : 1591000076138,
          "duration" : 1074
        }
      } ]
    },
    "tags" : [ ]
  },
  "source" : "44f9ae72e56d70b6.json",
  "parameterValues" : [ ]
}