{
  "uid" : "4a310394ca948b58",
  "name" : "test_contactUsLink",
  "fullName" : "test_regression_suite.FooterTests#test_contactUsLink",
  "historyId" : "f96e1be7f4eab5e1c56d22dc6b1a0d37",
  "time" : {
    "start" : 1591691372737,
    "stop" : 1591691397812,
    "duration" : 25075
  },
  "status" : "failed",
  "statusMessage" : "AssertionError",
  "statusTrace" : "self = <tests.home.footer_test.FooterTests testMethod=test_contactUsLink>\n\n    def test_contactUsLink(self):\n        result = self.fp.getContactUsLinkStatus()\n>       self.ts.markFinal(\"test_contactUsLink\", result, \"Footer_Verified Contact Us Link\")\n\nhome\\footer_test.py:52: \n_ _ _ _ _ _ _ _ _ _ _ _ _ _ _ _ _ _ _ _ _ _ _ _ _ _ _ _ _ _ _ _ _ _ _ _ _ _ _ _\n\nself = <utilities.casestatus.CaseStatus object at 0x00000214DC0268E0>\ntestName = 'test_contactUsLink', result = False\nresultMessage = 'Footer_Verified Contact Us Link'\n\n    def markFinal(self, testName, result, resultMessage):\n        \"\"\"\n        Mark the final result of verification point in a test case\n        This needs to be called at least once in a test case\n        This should be final test status of the test case\n        \"\"\"\n        self.setResult(result, resultMessage)\n    \n        if \"FAIL\" in self.resultList:\n            self.log.error(testName + \" Test Failed\")\n            self.resultList.clear()\n>           assert True == False\nE           AssertionError\n\n..\\utilities\\casestatus.py:74: AssertionError",
  "flaky" : false,
  "newFailed" : false,
  "beforeStages" : [ {
    "name" : "classSetUp",
    "time" : {
      "start" : 1591691372736,
      "stop" : 1591691372736,
      "duration" : 0
    },
    "status" : "passed",
    "steps" : [ ],
    "attachments" : [ ],
    "parameters" : [ ],
    "attachmentsCount" : 0,
    "shouldDisplayMessage" : false,
    "stepsCount" : 0,
    "hasContent" : false
  }, {
    "name" : "oneTimeSetUp",
    "time" : {
      "start" : 1591691293896,
      "stop" : 1591691322647,
      "duration" : 28751
    },
    "status" : "passed",
    "steps" : [ ],
    "attachments" : [ ],
    "parameters" : [ ],
    "attachmentsCount" : 0,
    "shouldDisplayMessage" : false,
    "stepsCount" : 0,
    "hasContent" : false
  }, {
    "name" : "_UnitTestCase__pytest_class_setup",
    "time" : {
      "start" : 1591691293895,
      "stop" : 1591691293895,
      "duration" : 0
    },
    "status" : "passed",
    "steps" : [ ],
    "attachments" : [ ],
    "parameters" : [ ],
    "attachmentsCount" : 0,
    "shouldDisplayMessage" : false,
    "stepsCount" : 0,
    "hasContent" : false
  }, {
    "name" : "browser",
    "time" : {
      "start" : 1591691293896,
      "stop" : 1591691293896,
      "duration" : 0
    },
    "status" : "passed",
    "steps" : [ ],
    "attachments" : [ ],
    "parameters" : [ ],
    "attachmentsCount" : 0,
    "shouldDisplayMessage" : false,
    "stepsCount" : 0,
    "hasContent" : false
  } ],
  "testStage" : {
    "status" : "failed",
    "statusMessage" : "AssertionError",
    "statusTrace" : "self = <tests.home.footer_test.FooterTests testMethod=test_contactUsLink>\n\n    def test_contactUsLink(self):\n        result = self.fp.getContactUsLinkStatus()\n>       self.ts.markFinal(\"test_contactUsLink\", result, \"Footer_Verified Contact Us Link\")\n\nhome\\footer_test.py:52: \n_ _ _ _ _ _ _ _ _ _ _ _ _ _ _ _ _ _ _ _ _ _ _ _ _ _ _ _ _ _ _ _ _ _ _ _ _ _ _ _\n\nself = <utilities.casestatus.CaseStatus object at 0x00000214DC0268E0>\ntestName = 'test_contactUsLink', result = False\nresultMessage = 'Footer_Verified Contact Us Link'\n\n    def markFinal(self, testName, result, resultMessage):\n        \"\"\"\n        Mark the final result of verification point in a test case\n        This needs to be called at least once in a test case\n        This should be final test status of the test case\n        \"\"\"\n        self.setResult(result, resultMessage)\n    \n        if \"FAIL\" in self.resultList:\n            self.log.error(testName + \" Test Failed\")\n            self.resultList.clear()\n>           assert True == False\nE           AssertionError\n\n..\\utilities\\casestatus.py:74: AssertionError",
    "steps" : [ ],
    "attachments" : [ {
      "uid" : "31540672f7d12a0a",
      "name" : "Footer_Verified Contact Us Link.1591691397809",
      "source" : "31540672f7d12a0a.png",
      "type" : "image/png",
      "size" : 896943
    }, {
      "uid" : "89eebd9422deea6d",
      "name" : "log",
      "source" : "89eebd9422deea6d.txt",
      "type" : "text/plain",
      "size" : 1152
    }, {
      "uid" : "71628bb221cc656",
      "name" : "stdout",
      "source" : "71628bb221cc656.txt",
      "type" : "text/plain",
      "size" : 22
    } ],
    "parameters" : [ ],
    "attachmentsCount" : 3,
    "shouldDisplayMessage" : true,
    "stepsCount" : 0,
    "hasContent" : true
  },
  "afterStages" : [ {
    "name" : "oneTimeSetUp::0",
    "time" : {
      "start" : 1591691735710,
      "stop" : 1591691737994,
      "duration" : 2284
    },
    "status" : "passed",
    "steps" : [ ],
    "attachments" : [ ],
    "parameters" : [ ],
    "attachmentsCount" : 0,
    "shouldDisplayMessage" : false,
    "stepsCount" : 0,
    "hasContent" : false
  }, {
    "name" : "_UnitTestCase__pytest_class_setup::0",
    "time" : {
      "start" : 1591691738004,
      "stop" : 1591691738005,
      "duration" : 1
    },
    "status" : "passed",
    "steps" : [ ],
    "attachments" : [ ],
    "parameters" : [ ],
    "attachmentsCount" : 0,
    "shouldDisplayMessage" : false,
    "stepsCount" : 0,
    "hasContent" : false
  } ],
  "labels" : [ {
    "name" : "suite",
    "value" : "test_regression_suite"
  }, {
    "name" : "subSuite",
    "value" : "FooterTests"
  }, {
    "name" : "host",
    "value" : "EXIPC0154"
  }, {
    "name" : "thread",
    "value" : "24780-MainThread"
  }, {
    "name" : "framework",
    "value" : "pytest"
  }, {
    "name" : "language",
    "value" : "cpython3"
  }, {
    "name" : "package",
    "value" : "test_regression_suite"
  }, {
    "name" : "resultFormat",
    "value" : "allure2"
  } ],
  "parameters" : [ ],
  "links" : [ ],
  "hidden" : false,
  "retry" : false,
  "extra" : {
    "severity" : "normal",
    "retries" : [ {
      "uid" : "1b786a45894179e9",
      "status" : "failed",
      "statusDetails" : "AssertionError",
      "time" : {
        "start" : 1591432186371,
        "stop" : 1591432211231,
        "duration" : 24860
      }
    }, {
      "uid" : "26c7f609782f5aa9",
      "status" : "failed",
      "statusDetails" : "AssertionError",
      "time" : {
        "start" : 1591086628299,
        "stop" : 1591086653546,
        "duration" : 25247
      }
    }, {
      "uid" : "709bc43bd20d99c9",
      "status" : "passed",
      "time" : {
        "start" : 1591000068345,
        "stop" : 1591000069545,
        "duration" : 1200
      }
    }, {
      "uid" : "15b76d453bdfbe44",
      "status" : "passed",
      "time" : {
        "start" : 1590998592643,
        "stop" : 1590998593767,
        "duration" : 1124
      }
    }, {
      "uid" : "593aa63060261e66",
      "status" : "broken",
      "statusDetails" : "selenium.common.exceptions.SessionNotCreatedException: Message: session not created: This version of ChromeDriver only supports Chrome version 81",
      "time" : {
        "start" : 1590913647079,
        "stop" : 1590913647079,
        "duration" : 0
      }
    }, {
      "uid" : "3e44ab982878a55f",
      "status" : "passed",
      "time" : {
        "start" : 1590827282925,
        "stop" : 1590827284344,
        "duration" : 1419
      }
    }, {
      "uid" : "976a23b75f1ce401",
      "status" : "passed",
      "time" : {
        "start" : 1590740923557,
        "stop" : 1590740924887,
        "duration" : 1330
      }
    }, {
      "uid" : "55837e6194482a7",
      "status" : "broken",
      "statusDetails" : "selenium.common.exceptions.WebDriverException: Message: chrome not reachable\n  (Session info: chrome=81.0.4044.138)",
      "time" : {
        "start" : 1590654505212,
        "stop" : 1590654530431,
        "duration" : 25219
      }
    }, {
      "uid" : "e191da25ebd9203",
      "status" : "passed",
      "time" : {
        "start" : 1590568862492,
        "stop" : 1590568863554,
        "duration" : 1062
      }
    }, {
      "uid" : "9203e9207c6c3b2",
      "status" : "passed",
      "time" : {
        "start" : 1590405777378,
        "stop" : 1590405778613,
        "duration" : 1235
      }
    }, {
      "uid" : "9cf9aa50abd19db2",
      "status" : "passed",
      "time" : {
        "start" : 1590404485193,
        "stop" : 1590404487190,
        "duration" : 1997
      }
    }, {
      "uid" : "96056c0f5eaa479a",
      "status" : "passed",
      "time" : {
        "start" : 1590404423226,
        "stop" : 1590404424509,
        "duration" : 1283
      }
    }, {
      "uid" : "cdbd1a0302f1c1ef",
      "status" : "passed",
      "time" : {
        "start" : 1589610655173,
        "stop" : 1589610656554,
        "duration" : 1381
      }
    }, {
      "uid" : "6cc73c6eaa33927a",
      "status" : "passed",
      "time" : {
        "start" : 1589609662837,
        "stop" : 1589609664141,
        "duration" : 1304
      }
    }, {
      "uid" : "2c1ae263603f3e36",
      "status" : "passed",
      "time" : {
        "start" : 1589609413474,
        "stop" : 1589609414671,
        "duration" : 1197
      }
    }, {
      "uid" : "4ed7f24665054ca9",
      "status" : "passed",
      "time" : {
        "start" : 1589608952048,
        "stop" : 1589608953683,
        "duration" : 1635
      }
    }, {
      "uid" : "2f8819af7f211d4d",
      "status" : "broken",
      "statusDetails" : "selenium.common.exceptions.WebDriverException: Message: 'chromedriver.exe' executable needs to be in PATH. Please see https://sites.google.com/a/chromium.org/chromedriver/home",
      "time" : {
        "start" : 1589607866742,
        "stop" : 1589607866742,
        "duration" : 0
      }
    }, {
      "uid" : "e861b47d9314d54d",
      "status" : "passed",
      "time" : {
        "start" : 1589606489358,
        "stop" : 1589606490511,
        "duration" : 1153
      }
    }, {
      "uid" : "476773009e4b3842",
      "status" : "passed",
      "time" : {
        "start" : 1589597888489,
        "stop" : 1589597889689,
        "duration" : 1200
      }
    }, {
      "uid" : "307ed1571d36251c",
      "status" : "passed",
      "time" : {
        "start" : 1589596673104,
        "stop" : 1589596674555,
        "duration" : 1451
      }
    }, {
      "uid" : "b7bd0d87688a360b",
      "status" : "passed",
      "time" : {
        "start" : 1589534491961,
        "stop" : 1589534495440,
        "duration" : 3479
      }
    }, {
      "uid" : "54dbac805465dc3",
      "status" : "passed",
      "time" : {
        "start" : 1589469135206,
        "stop" : 1589469137005,
        "duration" : 1799
      }
    }, {
      "uid" : "20b6047292d9355c",
      "status" : "passed",
      "time" : {
        "start" : 1589386776811,
        "stop" : 1589386777987,
        "duration" : 1176
      }
    }, {
      "uid" : "f33393f58f040c8a",
      "status" : "passed",
      "time" : {
        "start" : 1589272041782,
        "stop" : 1589272045308,
        "duration" : 3526
      }
    }, {
      "uid" : "b722b0033bdbbde0",
      "status" : "failed",
      "statusDetails" : "AssertionError",
      "time" : {
        "start" : 1589258673253,
        "stop" : 1589258674182,
        "duration" : 929
      }
    }, {
      "uid" : "b8f412ac90f62a44",
      "status" : "failed",
      "statusDetails" : "AssertionError",
      "time" : {
        "start" : 1589258561049,
        "stop" : 1589258561978,
        "duration" : 929
      }
    }, {
      "uid" : "49469726750316e5",
      "status" : "failed",
      "statusDetails" : "AssertionError",
      "time" : {
        "start" : 1589255114844,
        "stop" : 1589255115873,
        "duration" : 1029
      }
    }, {
      "uid" : "6df2d41a49b40a99",
      "status" : "failed",
      "statusDetails" : "AssertionError",
      "time" : {
        "start" : 1589253199684,
        "stop" : 1589253200760,
        "duration" : 1076
      }
    }, {
      "uid" : "7c741a04638dc183",
      "status" : "failed",
      "statusDetails" : "AssertionError",
      "time" : {
        "start" : 1589216114509,
        "stop" : 1589216115471,
        "duration" : 962
      }
    }, {
      "uid" : "ecdd435295a87922",
      "status" : "failed",
      "statusDetails" : "AssertionError",
      "time" : {
        "start" : 1589207719720,
        "stop" : 1589207720609,
        "duration" : 889
      }
    }, {
      "uid" : "92e795e3c532c9e",
      "status" : "failed",
      "statusDetails" : "AssertionError",
      "time" : {
        "start" : 1589206268568,
        "stop" : 1589206269502,
        "duration" : 934
      }
    }, {
      "uid" : "a007e9700d0e986",
      "status" : "failed",
      "statusDetails" : "AssertionError",
      "time" : {
        "start" : 1589205343784,
        "stop" : 1589205344843,
        "duration" : 1059
      }
    }, {
      "uid" : "6711a3384c5a6163",
      "status" : "failed",
      "statusDetails" : "AssertionError",
      "time" : {
        "start" : 1589203293271,
        "stop" : 1589203294523,
        "duration" : 1252
      }
    }, {
      "uid" : "ff68c06cd24a5f5b",
      "status" : "failed",
      "statusDetails" : "AssertionError",
      "time" : {
        "start" : 1589163786362,
        "stop" : 1589163787392,
        "duration" : 1030
      }
    }, {
      "uid" : "f4f0bdb6ce093dd9",
      "status" : "failed",
      "statusDetails" : "AssertionError",
      "time" : {
        "start" : 1589113052644,
        "stop" : 1589113053997,
        "duration" : 1353
      }
    }, {
      "uid" : "a2b0f94781048415",
      "status" : "failed",
      "statusDetails" : "AssertionError",
      "time" : {
        "start" : 1588853651310,
        "stop" : 1588853652275,
        "duration" : 965
      }
    }, {
      "uid" : "232854356f0260e8",
      "status" : "failed",
      "statusDetails" : "AssertionError",
      "time" : {
        "start" : 1588852331217,
        "stop" : 1588852332384,
        "duration" : 1167
      }
    } ],
    "categories" : [ {
      "name" : "Product defects",
      "matchedStatuses" : [ ],
      "flaky" : false
    } ],
    "history" : {
      "statistic" : {
        "failed" : 20,
        "broken" : 2,
        "skipped" : 0,
        "passed" : 21,
        "unknown" : 0,
        "total" : 43
      },
      "items" : [ {
        "uid" : "f48ae325dacb08a6",
        "reportUrl" : "http://localhost:9090/jenkins/job/MattamyAutomationFramework/61/allure/#testresult/f48ae325dacb08a6",
        "status" : "failed",
        "statusDetails" : "AssertionError",
        "time" : {
          "start" : 1591432186371,
          "stop" : 1591432211231,
          "duration" : 24860
        }
      }, {
        "uid" : "5ca9396c5cde63ab",
        "reportUrl" : "http://localhost:9090/jenkins/job/MattamyAutomationFramework/60/allure/#testresult/5ca9396c5cde63ab",
        "status" : "failed",
        "statusDetails" : "AssertionError",
        "time" : {
          "start" : 1591432186371,
          "stop" : 1591432211231,
          "duration" : 24860
        }
      }, {
        "uid" : "9ba5413414e9446",
        "reportUrl" : "http://localhost:9090/jenkins/job/MattamyAutomationFramework/59/allure/#testresult/9ba5413414e9446",
        "status" : "failed",
        "statusDetails" : "AssertionError",
        "time" : {
          "start" : 1591432186371,
          "stop" : 1591432211231,
          "duration" : 24860
        }
      }, {
        "uid" : "ef87aa559631b01a",
        "reportUrl" : "http://localhost:9090/jenkins/job/MattamyAutomationFramework/58/allure/#testresult/ef87aa559631b01a",
        "status" : "failed",
        "statusDetails" : "AssertionError",
        "time" : {
          "start" : 1591086628299,
          "stop" : 1591086653546,
          "duration" : 25247
        }
      }, {
        "uid" : "128563bb88349dc0",
        "reportUrl" : "http://localhost:9090/jenkins/job/MattamyAutomationFramework/57/allure/#testresult/128563bb88349dc0",
        "status" : "failed",
        "statusDetails" : "AssertionError",
        "time" : {
          "start" : 1591086628299,
          "stop" : 1591086653546,
          "duration" : 25247
        }
      }, {
        "uid" : "cddd9bc7a350a6d5",
        "reportUrl" : "http://localhost:9090/jenkins/job/MattamyAutomationFramework/56/allure/#testresult/cddd9bc7a350a6d5",
        "status" : "failed",
        "statusDetails" : "AssertionError",
        "time" : {
          "start" : 1591086628299,
          "stop" : 1591086653546,
          "duration" : 25247
        }
      }, {
        "uid" : "3e3165e769007007",
        "reportUrl" : "http://localhost:9090/jenkins/job/MattamyAutomationFramework/55/allure/#testresult/3e3165e769007007",
        "status" : "failed",
        "statusDetails" : "AssertionError",
        "time" : {
          "start" : 1591086628299,
          "stop" : 1591086653546,
          "duration" : 25247
        }
      }, {
        "uid" : "2c9119c6d27795b5",
        "reportUrl" : "http://localhost:9090/jenkins/job/MattamyAutomationFramework/54/allure/#testresult/2c9119c6d27795b5",
        "status" : "passed",
        "time" : {
          "start" : 1591000068345,
          "stop" : 1591000069545,
          "duration" : 1200
        }
      }, {
        "uid" : "b19ba943bccff9d8",
        "reportUrl" : "http://localhost:9090/jenkins/job/MattamyAutomationFramework/53/allure/#testresult/b19ba943bccff9d8",
        "status" : "passed",
        "time" : {
          "start" : 1590998592643,
          "stop" : 1590998593767,
          "duration" : 1124
        }
      }, {
        "uid" : "62f573fb4b7830f4",
        "reportUrl" : "http://localhost:9090/jenkins/job/MattamyAutomationFramework/52/allure/#testresult/62f573fb4b7830f4",
        "status" : "broken",
        "statusDetails" : "selenium.common.exceptions.SessionNotCreatedException: Message: session not created: This version of ChromeDriver only supports Chrome version 81",
        "time" : {
          "start" : 1590913647079,
          "stop" : 1590913647079,
          "duration" : 0
        }
      }, {
        "uid" : "3f99998f4c4993bb",
        "reportUrl" : "http://localhost:9090/jenkins/job/MattamyAutomationFramework/51/allure/#testresult/3f99998f4c4993bb",
        "status" : "passed",
        "time" : {
          "start" : 1590827282925,
          "stop" : 1590827284344,
          "duration" : 1419
        }
      }, {
        "uid" : "1d20348df15d2d35",
        "reportUrl" : "http://localhost:9090/jenkins/job/MattamyAutomationFramework/50/allure/#testresult/1d20348df15d2d35",
        "status" : "passed",
        "time" : {
          "start" : 1590740923557,
          "stop" : 1590740924887,
          "duration" : 1330
        }
      }, {
        "uid" : "2a3e6a3fc374aae2",
        "reportUrl" : "http://localhost:9090/jenkins/job/MattamyAutomationFramework/49/allure/#testresult/2a3e6a3fc374aae2",
        "status" : "broken",
        "statusDetails" : "selenium.common.exceptions.WebDriverException: Message: chrome not reachable\n  (Session info: chrome=81.0.4044.138)",
        "time" : {
          "start" : 1590654505212,
          "stop" : 1590654530431,
          "duration" : 25219
        }
      }, {
        "uid" : "fbab36540bae7c4a",
        "reportUrl" : "http://localhost:9090/jenkins/job/MattamyAutomationFramework/48/allure/#testresult/fbab36540bae7c4a",
        "status" : "passed",
        "time" : {
          "start" : 1590568862492,
          "stop" : 1590568863554,
          "duration" : 1062
        }
      }, {
        "uid" : "95b1a67d886339c6",
        "reportUrl" : "http://localhost:9090/jenkins/job/MattamyAutomationFramework/47/allure/#testresult/95b1a67d886339c6",
        "status" : "passed",
        "time" : {
          "start" : 1590405777378,
          "stop" : 1590405778613,
          "duration" : 1235
        }
      }, {
        "uid" : "7c1853d7108069b9",
        "reportUrl" : "http://localhost:9090/jenkins/job/MattamyAutomationFramework/46/allure/#testresult/7c1853d7108069b9",
        "status" : "passed",
        "time" : {
          "start" : 1590405777378,
          "stop" : 1590405778613,
          "duration" : 1235
        }
      }, {
        "uid" : "cbe2f00a427ff67",
        "reportUrl" : "http://localhost:9090/jenkins/job/MattamyAutomationFramework/45/allure/#testresult/cbe2f00a427ff67",
        "status" : "passed",
        "time" : {
          "start" : 1590404485193,
          "stop" : 1590404487190,
          "duration" : 1997
        }
      }, {
        "uid" : "e9f1c5293c210de1",
        "reportUrl" : "http://localhost:9090/jenkins/job/MattamyAutomationFramework/43/allure/#testresult/e9f1c5293c210de1",
        "status" : "passed",
        "time" : {
          "start" : 1589610655173,
          "stop" : 1589610656554,
          "duration" : 1381
        }
      }, {
        "uid" : "f53cec47c4f7ac8b",
        "reportUrl" : "http://localhost:9090/jenkins/job/MattamyAutomationFramework/42/allure/#testresult/f53cec47c4f7ac8b",
        "status" : "passed",
        "time" : {
          "start" : 1589610655173,
          "stop" : 1589610656554,
          "duration" : 1381
        }
      }, {
        "uid" : "f2b376691e59f94e",
        "reportUrl" : "http://localhost:9090/jenkins/job/MattamyAutomationFramework/41/allure/#testresult/f2b376691e59f94e",
        "status" : "passed",
        "time" : {
          "start" : 1589609662837,
          "stop" : 1589609664141,
          "duration" : 1304
        }
      } ]
    },
    "tags" : [ ]
  },
  "source" : "4a310394ca948b58.json",
  "parameterValues" : [ ]
}