{
  "uid" : "71ada84b46c7277d",
  "name" : "test_experienceMattamyRedirect",
  "fullName" : "test_regression_suite.HeaderTests#test_experienceMattamyRedirect",
  "historyId" : "7b30fd80d841cf92e096bbd69f997293",
  "time" : {
    "start" : 1591432334662,
    "stop" : 1591432370769,
    "duration" : 36107
  },
  "status" : "broken",
  "statusMessage" : "selenium.common.exceptions.WebDriverException: Message: chrome not reachable\n  (Session info: chrome=83.0.4103.61)",
  "statusTrace" : "self = <tests.home.header_test.HeaderTests testMethod=test_experienceMattamyRedirect>\n\n    def test_experienceMattamyRedirect(self):\n>       result = self.hp.verifyExperienceMattamyRedirect()\n\nhome\\header_test.py:43: \n_ _ _ _ _ _ _ _ _ _ _ _ _ _ _ _ _ _ _ _ _ _ _ _ _ _ _ _ _ _ _ _ _ _ _ _ _ _ _ _\n..\\pages\\home\\header_page.py:70: in verifyExperienceMattamyRedirect\n    urlAlias = self.findUrlAlias()\n..\\base\\basepage.py:70: in findUrlAlias\n    url = self.getUrl()\n..\\base\\selenium_driver.py:44: in getUrl\n    return self.driver.current_url\n..\\..\\..\\pycharmprojects\\mattamyhomes\\venv\\lib\\site-packages\\selenium\\webdriver\\remote\\webdriver.py:669: in current_url\n    return self.execute(Command.GET_CURRENT_URL)['value']\n..\\..\\..\\pycharmprojects\\mattamyhomes\\venv\\lib\\site-packages\\selenium\\webdriver\\remote\\webdriver.py:321: in execute\n    self.error_handler.check_response(response)\n_ _ _ _ _ _ _ _ _ _ _ _ _ _ _ _ _ _ _ _ _ _ _ _ _ _ _ _ _ _ _ _ _ _ _ _ _ _ _ _\n\nself = <selenium.webdriver.remote.errorhandler.ErrorHandler object at 0x000001E96F0C3D00>\nresponse = {'status': 500, 'value': '{\"value\":{\"error\":\"chrome not reachable\",\"message\":\"chrome not reachable\\\\n  (Session info: ...\\n\\\\tRtlGetAppContainerNamedObjectPath [0x77BC7B74+228]\\\\n\\\\tRtlGetAppContainerNamedObjectPath [0x77BC7B44+180]\\\\n\"}}'}\n\n    def check_response(self, response):\n        \"\"\"\n        Checks that a JSON response from the WebDriver does not have an error.\n    \n        :Args:\n         - response - The JSON response from the WebDriver server as a dictionary\n           object.\n    \n        :Raises: If the response contains an error message.\n        \"\"\"\n        status = response.get('status', None)\n        if status is None or status == ErrorCode.SUCCESS:\n            return\n        value = None\n        message = response.get(\"message\", \"\")\n        screen = response.get(\"screen\", \"\")\n        stacktrace = None\n        if isinstance(status, int):\n            value_json = response.get('value', None)\n            if value_json and isinstance(value_json, basestring):\n                import json\n                try:\n                    value = json.loads(value_json)\n                    if len(value.keys()) == 1:\n                        value = value['value']\n                    status = value.get('error', None)\n                    if status is None:\n                        status = value[\"status\"]\n                        message = value[\"value\"]\n                        if not isinstance(message, basestring):\n                            value = message\n                            message = message.get('message')\n                    else:\n                        message = value.get('message', None)\n                except ValueError:\n                    pass\n    \n        exception_class = ErrorInResponseException\n        if status in ErrorCode.NO_SUCH_ELEMENT:\n            exception_class = NoSuchElementException\n        elif status in ErrorCode.NO_SUCH_FRAME:\n            exception_class = NoSuchFrameException\n        elif status in ErrorCode.NO_SUCH_WINDOW:\n            exception_class = NoSuchWindowException\n        elif status in ErrorCode.STALE_ELEMENT_REFERENCE:\n            exception_class = StaleElementReferenceException\n        elif status in ErrorCode.ELEMENT_NOT_VISIBLE:\n            exception_class = ElementNotVisibleException\n        elif status in ErrorCode.INVALID_ELEMENT_STATE:\n            exception_class = InvalidElementStateException\n        elif status in ErrorCode.INVALID_SELECTOR \\\n                or status in ErrorCode.INVALID_XPATH_SELECTOR \\\n                or status in ErrorCode.INVALID_XPATH_SELECTOR_RETURN_TYPER:\n            exception_class = InvalidSelectorException\n        elif status in ErrorCode.ELEMENT_IS_NOT_SELECTABLE:\n            exception_class = ElementNotSelectableException\n        elif status in ErrorCode.ELEMENT_NOT_INTERACTABLE:\n            exception_class = ElementNotInteractableException\n        elif status in ErrorCode.INVALID_COOKIE_DOMAIN:\n            exception_class = InvalidCookieDomainException\n        elif status in ErrorCode.UNABLE_TO_SET_COOKIE:\n            exception_class = UnableToSetCookieException\n        elif status in ErrorCode.TIMEOUT:\n            exception_class = TimeoutException\n        elif status in ErrorCode.SCRIPT_TIMEOUT:\n            exception_class = TimeoutException\n        elif status in ErrorCode.UNKNOWN_ERROR:\n            exception_class = WebDriverException\n        elif status in ErrorCode.UNEXPECTED_ALERT_OPEN:\n            exception_class = UnexpectedAlertPresentException\n        elif status in ErrorCode.NO_ALERT_OPEN:\n            exception_class = NoAlertPresentException\n        elif status in ErrorCode.IME_NOT_AVAILABLE:\n            exception_class = ImeNotAvailableException\n        elif status in ErrorCode.IME_ENGINE_ACTIVATION_FAILED:\n            exception_class = ImeActivationFailedException\n        elif status in ErrorCode.MOVE_TARGET_OUT_OF_BOUNDS:\n            exception_class = MoveTargetOutOfBoundsException\n        elif status in ErrorCode.JAVASCRIPT_ERROR:\n            exception_class = JavascriptException\n        elif status in ErrorCode.SESSION_NOT_CREATED:\n            exception_class = SessionNotCreatedException\n        elif status in ErrorCode.INVALID_ARGUMENT:\n            exception_class = InvalidArgumentException\n        elif status in ErrorCode.NO_SUCH_COOKIE:\n            exception_class = NoSuchCookieException\n        elif status in ErrorCode.UNABLE_TO_CAPTURE_SCREEN:\n            exception_class = ScreenshotException\n        elif status in ErrorCode.ELEMENT_CLICK_INTERCEPTED:\n            exception_class = ElementClickInterceptedException\n        elif status in ErrorCode.INSECURE_CERTIFICATE:\n            exception_class = InsecureCertificateException\n        elif status in ErrorCode.INVALID_COORDINATES:\n            exception_class = InvalidCoordinatesException\n        elif status in ErrorCode.INVALID_SESSION_ID:\n            exception_class = InvalidSessionIdException\n        elif status in ErrorCode.UNKNOWN_METHOD:\n            exception_class = UnknownMethodException\n        else:\n            exception_class = WebDriverException\n        if value == '' or value is None:\n            value = response['value']\n        if isinstance(value, basestring):\n            if exception_class == ErrorInResponseException:\n                raise exception_class(response, value)\n            raise exception_class(value)\n        if message == \"\" and 'message' in value:\n            message = value['message']\n    \n        screen = None\n        if 'screen' in value:\n            screen = value['screen']\n    \n        stacktrace = None\n        if 'stackTrace' in value and value['stackTrace']:\n            stacktrace = []\n            try:\n                for frame in value['stackTrace']:\n                    line = self._value_or_default(frame, 'lineNumber', '')\n                    file = self._value_or_default(frame, 'fileName', '<anonymous>')\n                    if line:\n                        file = \"%s:%s\" % (file, line)\n                    meth = self._value_or_default(frame, 'methodName', '<anonymous>')\n                    if 'className' in frame:\n                        meth = \"%s.%s\" % (frame['className'], meth)\n                    msg = \"    at %s (%s)\"\n                    msg = msg % (meth, file)\n                    stacktrace.append(msg)\n            except TypeError:\n                pass\n        if exception_class == ErrorInResponseException:\n            raise exception_class(response, message)\n        elif exception_class == UnexpectedAlertPresentException:\n            alert_text = None\n            if 'data' in value:\n                alert_text = value['data'].get('text')\n            elif 'alert' in value:\n                alert_text = value['alert'].get('text')\n            raise exception_class(message, screen, stacktrace, alert_text)\n>       raise exception_class(message, screen, stacktrace)\nE       selenium.common.exceptions.WebDriverException: Message: chrome not reachable\nE         (Session info: chrome=83.0.4103.61)\n\n..\\..\\..\\pycharmprojects\\mattamyhomes\\venv\\lib\\site-packages\\selenium\\webdriver\\remote\\errorhandler.py:242: WebDriverException",
  "flaky" : false,
  "newFailed" : false,
  "beforeStages" : [ {
    "name" : "_UnitTestCase__pytest_class_setup",
    "time" : {
      "start" : 1591432245119,
      "stop" : 1591432245119,
      "duration" : 0
    },
    "status" : "passed",
    "steps" : [ ],
    "attachments" : [ ],
    "parameters" : [ ],
    "attachmentsCount" : 0,
    "shouldDisplayMessage" : false,
    "stepsCount" : 0,
    "hasContent" : false
  }, {
    "name" : "classSetUp",
    "time" : {
      "start" : 1591432334659,
      "stop" : 1591432334660,
      "duration" : 1
    },
    "status" : "passed",
    "steps" : [ ],
    "attachments" : [ ],
    "parameters" : [ ],
    "attachmentsCount" : 0,
    "shouldDisplayMessage" : false,
    "stepsCount" : 0,
    "hasContent" : false
  }, {
    "name" : "oneTimeSetUp",
    "time" : {
      "start" : 1591432245119,
      "stop" : 1591432270276,
      "duration" : 25157
    },
    "status" : "passed",
    "steps" : [ ],
    "attachments" : [ ],
    "parameters" : [ ],
    "attachmentsCount" : 0,
    "shouldDisplayMessage" : false,
    "stepsCount" : 0,
    "hasContent" : false
  }, {
    "name" : "browser",
    "time" : {
      "start" : 1591432245119,
      "stop" : 1591432245119,
      "duration" : 0
    },
    "status" : "passed",
    "steps" : [ ],
    "attachments" : [ ],
    "parameters" : [ ],
    "attachmentsCount" : 0,
    "shouldDisplayMessage" : false,
    "stepsCount" : 0,
    "hasContent" : false
  } ],
  "testStage" : {
    "status" : "broken",
    "statusMessage" : "selenium.common.exceptions.WebDriverException: Message: chrome not reachable\n  (Session info: chrome=83.0.4103.61)",
    "statusTrace" : "self = <tests.home.header_test.HeaderTests testMethod=test_experienceMattamyRedirect>\n\n    def test_experienceMattamyRedirect(self):\n>       result = self.hp.verifyExperienceMattamyRedirect()\n\nhome\\header_test.py:43: \n_ _ _ _ _ _ _ _ _ _ _ _ _ _ _ _ _ _ _ _ _ _ _ _ _ _ _ _ _ _ _ _ _ _ _ _ _ _ _ _\n..\\pages\\home\\header_page.py:70: in verifyExperienceMattamyRedirect\n    urlAlias = self.findUrlAlias()\n..\\base\\basepage.py:70: in findUrlAlias\n    url = self.getUrl()\n..\\base\\selenium_driver.py:44: in getUrl\n    return self.driver.current_url\n..\\..\\..\\pycharmprojects\\mattamyhomes\\venv\\lib\\site-packages\\selenium\\webdriver\\remote\\webdriver.py:669: in current_url\n    return self.execute(Command.GET_CURRENT_URL)['value']\n..\\..\\..\\pycharmprojects\\mattamyhomes\\venv\\lib\\site-packages\\selenium\\webdriver\\remote\\webdriver.py:321: in execute\n    self.error_handler.check_response(response)\n_ _ _ _ _ _ _ _ _ _ _ _ _ _ _ _ _ _ _ _ _ _ _ _ _ _ _ _ _ _ _ _ _ _ _ _ _ _ _ _\n\nself = <selenium.webdriver.remote.errorhandler.ErrorHandler object at 0x000001E96F0C3D00>\nresponse = {'status': 500, 'value': '{\"value\":{\"error\":\"chrome not reachable\",\"message\":\"chrome not reachable\\\\n  (Session info: ...\\n\\\\tRtlGetAppContainerNamedObjectPath [0x77BC7B74+228]\\\\n\\\\tRtlGetAppContainerNamedObjectPath [0x77BC7B44+180]\\\\n\"}}'}\n\n    def check_response(self, response):\n        \"\"\"\n        Checks that a JSON response from the WebDriver does not have an error.\n    \n        :Args:\n         - response - The JSON response from the WebDriver server as a dictionary\n           object.\n    \n        :Raises: If the response contains an error message.\n        \"\"\"\n        status = response.get('status', None)\n        if status is None or status == ErrorCode.SUCCESS:\n            return\n        value = None\n        message = response.get(\"message\", \"\")\n        screen = response.get(\"screen\", \"\")\n        stacktrace = None\n        if isinstance(status, int):\n            value_json = response.get('value', None)\n            if value_json and isinstance(value_json, basestring):\n                import json\n                try:\n                    value = json.loads(value_json)\n                    if len(value.keys()) == 1:\n                        value = value['value']\n                    status = value.get('error', None)\n                    if status is None:\n                        status = value[\"status\"]\n                        message = value[\"value\"]\n                        if not isinstance(message, basestring):\n                            value = message\n                            message = message.get('message')\n                    else:\n                        message = value.get('message', None)\n                except ValueError:\n                    pass\n    \n        exception_class = ErrorInResponseException\n        if status in ErrorCode.NO_SUCH_ELEMENT:\n            exception_class = NoSuchElementException\n        elif status in ErrorCode.NO_SUCH_FRAME:\n            exception_class = NoSuchFrameException\n        elif status in ErrorCode.NO_SUCH_WINDOW:\n            exception_class = NoSuchWindowException\n        elif status in ErrorCode.STALE_ELEMENT_REFERENCE:\n            exception_class = StaleElementReferenceException\n        elif status in ErrorCode.ELEMENT_NOT_VISIBLE:\n            exception_class = ElementNotVisibleException\n        elif status in ErrorCode.INVALID_ELEMENT_STATE:\n            exception_class = InvalidElementStateException\n        elif status in ErrorCode.INVALID_SELECTOR \\\n                or status in ErrorCode.INVALID_XPATH_SELECTOR \\\n                or status in ErrorCode.INVALID_XPATH_SELECTOR_RETURN_TYPER:\n            exception_class = InvalidSelectorException\n        elif status in ErrorCode.ELEMENT_IS_NOT_SELECTABLE:\n            exception_class = ElementNotSelectableException\n        elif status in ErrorCode.ELEMENT_NOT_INTERACTABLE:\n            exception_class = ElementNotInteractableException\n        elif status in ErrorCode.INVALID_COOKIE_DOMAIN:\n            exception_class = InvalidCookieDomainException\n        elif status in ErrorCode.UNABLE_TO_SET_COOKIE:\n            exception_class = UnableToSetCookieException\n        elif status in ErrorCode.TIMEOUT:\n            exception_class = TimeoutException\n        elif status in ErrorCode.SCRIPT_TIMEOUT:\n            exception_class = TimeoutException\n        elif status in ErrorCode.UNKNOWN_ERROR:\n            exception_class = WebDriverException\n        elif status in ErrorCode.UNEXPECTED_ALERT_OPEN:\n            exception_class = UnexpectedAlertPresentException\n        elif status in ErrorCode.NO_ALERT_OPEN:\n            exception_class = NoAlertPresentException\n        elif status in ErrorCode.IME_NOT_AVAILABLE:\n            exception_class = ImeNotAvailableException\n        elif status in ErrorCode.IME_ENGINE_ACTIVATION_FAILED:\n            exception_class = ImeActivationFailedException\n        elif status in ErrorCode.MOVE_TARGET_OUT_OF_BOUNDS:\n            exception_class = MoveTargetOutOfBoundsException\n        elif status in ErrorCode.JAVASCRIPT_ERROR:\n            exception_class = JavascriptException\n        elif status in ErrorCode.SESSION_NOT_CREATED:\n            exception_class = SessionNotCreatedException\n        elif status in ErrorCode.INVALID_ARGUMENT:\n            exception_class = InvalidArgumentException\n        elif status in ErrorCode.NO_SUCH_COOKIE:\n            exception_class = NoSuchCookieException\n        elif status in ErrorCode.UNABLE_TO_CAPTURE_SCREEN:\n            exception_class = ScreenshotException\n        elif status in ErrorCode.ELEMENT_CLICK_INTERCEPTED:\n            exception_class = ElementClickInterceptedException\n        elif status in ErrorCode.INSECURE_CERTIFICATE:\n            exception_class = InsecureCertificateException\n        elif status in ErrorCode.INVALID_COORDINATES:\n            exception_class = InvalidCoordinatesException\n        elif status in ErrorCode.INVALID_SESSION_ID:\n            exception_class = InvalidSessionIdException\n        elif status in ErrorCode.UNKNOWN_METHOD:\n            exception_class = UnknownMethodException\n        else:\n            exception_class = WebDriverException\n        if value == '' or value is None:\n            value = response['value']\n        if isinstance(value, basestring):\n            if exception_class == ErrorInResponseException:\n                raise exception_class(response, value)\n            raise exception_class(value)\n        if message == \"\" and 'message' in value:\n            message = value['message']\n    \n        screen = None\n        if 'screen' in value:\n            screen = value['screen']\n    \n        stacktrace = None\n        if 'stackTrace' in value and value['stackTrace']:\n            stacktrace = []\n            try:\n                for frame in value['stackTrace']:\n                    line = self._value_or_default(frame, 'lineNumber', '')\n                    file = self._value_or_default(frame, 'fileName', '<anonymous>')\n                    if line:\n                        file = \"%s:%s\" % (file, line)\n                    meth = self._value_or_default(frame, 'methodName', '<anonymous>')\n                    if 'className' in frame:\n                        meth = \"%s.%s\" % (frame['className'], meth)\n                    msg = \"    at %s (%s)\"\n                    msg = msg % (meth, file)\n                    stacktrace.append(msg)\n            except TypeError:\n                pass\n        if exception_class == ErrorInResponseException:\n            raise exception_class(response, message)\n        elif exception_class == UnexpectedAlertPresentException:\n            alert_text = None\n            if 'data' in value:\n                alert_text = value['data'].get('text')\n            elif 'alert' in value:\n                alert_text = value['alert'].get('text')\n            raise exception_class(message, screen, stacktrace, alert_text)\n>       raise exception_class(message, screen, stacktrace)\nE       selenium.common.exceptions.WebDriverException: Message: chrome not reachable\nE         (Session info: chrome=83.0.4103.61)\n\n..\\..\\..\\pycharmprojects\\mattamyhomes\\venv\\lib\\site-packages\\selenium\\webdriver\\remote\\errorhandler.py:242: WebDriverException",
    "steps" : [ ],
    "attachments" : [ {
      "uid" : "90eb15c3d73eb484",
      "name" : "log",
      "source" : "90eb15c3d73eb484.txt",
      "type" : "text/plain",
      "size" : 492
    }, {
      "uid" : "d38d662c97101032",
      "name" : "stdout",
      "source" : "d38d662c97101032.txt",
      "type" : "text/plain",
      "size" : 69
    } ],
    "parameters" : [ ],
    "attachmentsCount" : 2,
    "shouldDisplayMessage" : true,
    "stepsCount" : 0,
    "hasContent" : true
  },
  "afterStages" : [ {
    "name" : "_UnitTestCase__pytest_class_setup::0",
    "time" : {
      "start" : 1591432445521,
      "stop" : 1591432445521,
      "duration" : 0
    },
    "status" : "passed",
    "steps" : [ ],
    "attachments" : [ ],
    "parameters" : [ ],
    "attachmentsCount" : 0,
    "shouldDisplayMessage" : false,
    "stepsCount" : 0,
    "hasContent" : false
  }, {
    "name" : "oneTimeSetUp::0",
    "time" : {
      "start" : 1591432443420,
      "stop" : 1591432445514,
      "duration" : 2094
    },
    "status" : "passed",
    "steps" : [ ],
    "attachments" : [ ],
    "parameters" : [ ],
    "attachmentsCount" : 0,
    "shouldDisplayMessage" : false,
    "stepsCount" : 0,
    "hasContent" : false
  } ],
  "labels" : [ {
    "name" : "suite",
    "value" : "test_regression_suite"
  }, {
    "name" : "subSuite",
    "value" : "HeaderTests"
  }, {
    "name" : "host",
    "value" : "EXIPC0154"
  }, {
    "name" : "thread",
    "value" : "29052-MainThread"
  }, {
    "name" : "framework",
    "value" : "pytest"
  }, {
    "name" : "language",
    "value" : "cpython3"
  }, {
    "name" : "package",
    "value" : "test_regression_suite"
  }, {
    "name" : "resultFormat",
    "value" : "allure2"
  } ],
  "parameters" : [ ],
  "links" : [ ],
  "hidden" : false,
  "retry" : false,
  "extra" : {
    "severity" : "normal",
    "retries" : [ {
      "uid" : "ebb623d3a7086b6",
      "status" : "passed",
      "time" : {
        "start" : 1591087062552,
        "stop" : 1591087062706,
        "duration" : 154
      }
    }, {
      "uid" : "3abb487f35e3db21",
      "status" : "passed",
      "time" : {
        "start" : 1591000116254,
        "stop" : 1591000117327,
        "duration" : 1073
      }
    }, {
      "uid" : "fe882533dd234756",
      "status" : "passed",
      "time" : {
        "start" : 1590998635734,
        "stop" : 1590998636591,
        "duration" : 857
      }
    }, {
      "uid" : "cb29137509bc96c7",
      "status" : "broken",
      "statusDetails" : "selenium.common.exceptions.SessionNotCreatedException: Message: session not created: This version of ChromeDriver only supports Chrome version 81",
      "time" : {
        "start" : 1590913653760,
        "stop" : 1590913653760,
        "duration" : 0
      }
    }, {
      "uid" : "be2fc38b06bbeb2d",
      "status" : "passed",
      "time" : {
        "start" : 1590827341299,
        "stop" : 1590827345215,
        "duration" : 3916
      }
    }, {
      "uid" : "f561154befa02bc4",
      "status" : "passed",
      "time" : {
        "start" : 1590740989874,
        "stop" : 1590740993831,
        "duration" : 3957
      }
    }, {
      "uid" : "7430fabb1f7f60df",
      "status" : "broken",
      "statusDetails" : "selenium.common.exceptions.NoSuchWindowException: Message: no such window: target window already closed\nfrom unknown error: web view not found\n  (Session info: chrome=81.0.4044.138)",
      "time" : {
        "start" : 1590654887027,
        "stop" : 1590654887034,
        "duration" : 7
      }
    }, {
      "uid" : "d928b0ebe2152122",
      "status" : "passed",
      "time" : {
        "start" : 1590568908798,
        "stop" : 1590568910096,
        "duration" : 1298
      }
    }, {
      "uid" : "5916db920da2bcd9",
      "status" : "passed",
      "time" : {
        "start" : 1590405824145,
        "stop" : 1590405825460,
        "duration" : 1315
      }
    }, {
      "uid" : "5790abd7820db8ce",
      "status" : "passed",
      "time" : {
        "start" : 1590404544744,
        "stop" : 1590404546377,
        "duration" : 1633
      }
    }, {
      "uid" : "5710afee7508b420",
      "status" : "passed",
      "time" : {
        "start" : 1590404544707,
        "stop" : 1590404546772,
        "duration" : 2065
      }
    }, {
      "uid" : "ac8163c92001d2c9",
      "status" : "passed",
      "time" : {
        "start" : 1589610706614,
        "stop" : 1589610707044,
        "duration" : 430
      }
    }, {
      "uid" : "7cd9345b8bff129",
      "status" : "passed",
      "time" : {
        "start" : 1589609718072,
        "stop" : 1589609718320,
        "duration" : 248
      }
    }, {
      "uid" : "84c37df551ed40e8",
      "status" : "passed",
      "time" : {
        "start" : 1589609463995,
        "stop" : 1589609464294,
        "duration" : 299
      }
    }, {
      "uid" : "bf1f83cd55815f74",
      "status" : "passed",
      "time" : {
        "start" : 1589609008113,
        "stop" : 1589609009217,
        "duration" : 1104
      }
    }, {
      "uid" : "b821d7c946e30786",
      "status" : "broken",
      "statusDetails" : "selenium.common.exceptions.WebDriverException: Message: 'chromedriver.exe' executable needs to be in PATH. Please see https://sites.google.com/a/chromium.org/chromedriver/home",
      "time" : {
        "start" : 1589607873065,
        "stop" : 1589607873065,
        "duration" : 0
      }
    }, {
      "uid" : "f3f6d9d9795e609b",
      "status" : "passed",
      "time" : {
        "start" : 1589606536956,
        "stop" : 1589606537226,
        "duration" : 270
      }
    }, {
      "uid" : "38ae409a1436b1fe",
      "status" : "passed",
      "time" : {
        "start" : 1589597938555,
        "stop" : 1589597939146,
        "duration" : 591
      }
    }, {
      "uid" : "3c59d2e3e3278671",
      "status" : "passed",
      "time" : {
        "start" : 1589596726396,
        "stop" : 1589596726778,
        "duration" : 382
      }
    }, {
      "uid" : "181815b9bce605d1",
      "status" : "passed",
      "time" : {
        "start" : 1589534598658,
        "stop" : 1589534598917,
        "duration" : 259
      }
    }, {
      "uid" : "627a19dd653e123f",
      "status" : "passed",
      "time" : {
        "start" : 1589469221610,
        "stop" : 1589469222001,
        "duration" : 391
      }
    }, {
      "uid" : "a05f41b0e7d21cc2",
      "status" : "passed",
      "time" : {
        "start" : 1589386822268,
        "stop" : 1589386822498,
        "duration" : 230
      }
    }, {
      "uid" : "4fe03ad5ffd3a933",
      "status" : "passed",
      "time" : {
        "start" : 1589272270264,
        "stop" : 1589272270469,
        "duration" : 205
      }
    }, {
      "uid" : "5391abaa80ac9a54",
      "status" : "failed",
      "statusDetails" : "AssertionError",
      "time" : {
        "start" : 1589258791400,
        "stop" : 1589258803470,
        "duration" : 12070
      }
    }, {
      "uid" : "28e07b853d9aa343",
      "status" : "passed",
      "time" : {
        "start" : 1589258602549,
        "stop" : 1589258602818,
        "duration" : 269
      }
    }, {
      "uid" : "d63e3d576aa7fd3",
      "status" : "passed",
      "time" : {
        "start" : 1589255149856,
        "stop" : 1589255150079,
        "duration" : 223
      }
    }, {
      "uid" : "f09cfc3fca08e409",
      "status" : "failed",
      "statusDetails" : "AssertionError",
      "time" : {
        "start" : 1589253310635,
        "stop" : 1589253322463,
        "duration" : 11828
      }
    }, {
      "uid" : "350e3b4be6ab226f",
      "status" : "passed",
      "time" : {
        "start" : 1589216214239,
        "stop" : 1589216214410,
        "duration" : 171
      }
    }, {
      "uid" : "135c90c1d7bfaf5e",
      "status" : "passed",
      "time" : {
        "start" : 1589207829476,
        "stop" : 1589207829628,
        "duration" : 152
      }
    }, {
      "uid" : "bc90d3ec751d7163",
      "status" : "passed",
      "time" : {
        "start" : 1589206368233,
        "stop" : 1589206368395,
        "duration" : 162
      }
    }, {
      "uid" : "b7bf4823d2478608",
      "status" : "passed",
      "time" : {
        "start" : 1589205418488,
        "stop" : 1589205418648,
        "duration" : 160
      }
    }, {
      "uid" : "5d9eb1086f081c57",
      "status" : "passed",
      "time" : {
        "start" : 1589203405679,
        "stop" : 1589203405876,
        "duration" : 197
      }
    }, {
      "uid" : "e8fb62d0bb03b2ef",
      "status" : "passed",
      "time" : {
        "start" : 1589163924692,
        "stop" : 1589163924864,
        "duration" : 172
      }
    }, {
      "uid" : "13ec6193d3a19a54",
      "status" : "passed",
      "time" : {
        "start" : 1589113113829,
        "stop" : 1589113114055,
        "duration" : 226
      }
    }, {
      "uid" : "6edb95618241c722",
      "status" : "passed",
      "time" : {
        "start" : 1588853745041,
        "stop" : 1588853745266,
        "duration" : 225
      }
    }, {
      "uid" : "c151f5947d462c38",
      "status" : "passed",
      "time" : {
        "start" : 1588852433358,
        "stop" : 1588852433546,
        "duration" : 188
      }
    } ],
    "categories" : [ {
      "name" : "Test defects",
      "matchedStatuses" : [ ],
      "flaky" : false
    } ],
    "history" : {
      "statistic" : {
        "failed" : 1,
        "broken" : 4,
        "skipped" : 0,
        "passed" : 36,
        "unknown" : 0,
        "total" : 41
      },
      "items" : [ {
        "uid" : "c155e923fcdb0ee5",
        "reportUrl" : "http://localhost:9090/jenkins/job/MattamyAutomationFramework/59/allure/#testresult/c155e923fcdb0ee5",
        "status" : "broken",
        "statusDetails" : "selenium.common.exceptions.WebDriverException: Message: chrome not reachable\n  (Session info: chrome=83.0.4103.61)",
        "time" : {
          "start" : 1591432334662,
          "stop" : 1591432370769,
          "duration" : 36107
        }
      }, {
        "uid" : "11247fc4902cdb2b",
        "reportUrl" : "http://localhost:9090/jenkins/job/MattamyAutomationFramework/58/allure/#testresult/11247fc4902cdb2b",
        "status" : "passed",
        "time" : {
          "start" : 1591087062552,
          "stop" : 1591087062706,
          "duration" : 154
        }
      }, {
        "uid" : "6852c6600b0eaf38",
        "reportUrl" : "http://localhost:9090/jenkins/job/MattamyAutomationFramework/57/allure/#testresult/6852c6600b0eaf38",
        "status" : "passed",
        "time" : {
          "start" : 1591087062552,
          "stop" : 1591087062706,
          "duration" : 154
        }
      }, {
        "uid" : "2bfa68c50d38090e",
        "reportUrl" : "http://localhost:9090/jenkins/job/MattamyAutomationFramework/56/allure/#testresult/2bfa68c50d38090e",
        "status" : "passed",
        "time" : {
          "start" : 1591087062552,
          "stop" : 1591087062706,
          "duration" : 154
        }
      }, {
        "uid" : "468aa9a574feb744",
        "reportUrl" : "http://localhost:9090/jenkins/job/MattamyAutomationFramework/55/allure/#testresult/468aa9a574feb744",
        "status" : "passed",
        "time" : {
          "start" : 1591087062552,
          "stop" : 1591087062706,
          "duration" : 154
        }
      }, {
        "uid" : "64e2fce00fb16ad8",
        "reportUrl" : "http://localhost:9090/jenkins/job/MattamyAutomationFramework/54/allure/#testresult/64e2fce00fb16ad8",
        "status" : "passed",
        "time" : {
          "start" : 1591000116254,
          "stop" : 1591000117327,
          "duration" : 1073
        }
      }, {
        "uid" : "21ca6b8b7256e9c0",
        "reportUrl" : "http://localhost:9090/jenkins/job/MattamyAutomationFramework/53/allure/#testresult/21ca6b8b7256e9c0",
        "status" : "passed",
        "time" : {
          "start" : 1590998635734,
          "stop" : 1590998636591,
          "duration" : 857
        }
      }, {
        "uid" : "ac08ae85f93d23f6",
        "reportUrl" : "http://localhost:9090/jenkins/job/MattamyAutomationFramework/52/allure/#testresult/ac08ae85f93d23f6",
        "status" : "broken",
        "statusDetails" : "selenium.common.exceptions.SessionNotCreatedException: Message: session not created: This version of ChromeDriver only supports Chrome version 81",
        "time" : {
          "start" : 1590913653760,
          "stop" : 1590913653760,
          "duration" : 0
        }
      }, {
        "uid" : "de844cbe86e4098c",
        "reportUrl" : "http://localhost:9090/jenkins/job/MattamyAutomationFramework/51/allure/#testresult/de844cbe86e4098c",
        "status" : "passed",
        "time" : {
          "start" : 1590827341299,
          "stop" : 1590827345215,
          "duration" : 3916
        }
      }, {
        "uid" : "3b906666a2752d42",
        "reportUrl" : "http://localhost:9090/jenkins/job/MattamyAutomationFramework/50/allure/#testresult/3b906666a2752d42",
        "status" : "passed",
        "time" : {
          "start" : 1590740989874,
          "stop" : 1590740993831,
          "duration" : 3957
        }
      }, {
        "uid" : "4c20e26accd76e6f",
        "reportUrl" : "http://localhost:9090/jenkins/job/MattamyAutomationFramework/49/allure/#testresult/4c20e26accd76e6f",
        "status" : "broken",
        "statusDetails" : "selenium.common.exceptions.NoSuchWindowException: Message: no such window: target window already closed\nfrom unknown error: web view not found\n  (Session info: chrome=81.0.4044.138)",
        "time" : {
          "start" : 1590654887027,
          "stop" : 1590654887034,
          "duration" : 7
        }
      }, {
        "uid" : "48c5ff82d6518aa6",
        "reportUrl" : "http://localhost:9090/jenkins/job/MattamyAutomationFramework/48/allure/#testresult/48c5ff82d6518aa6",
        "status" : "passed",
        "time" : {
          "start" : 1590568908798,
          "stop" : 1590568910096,
          "duration" : 1298
        }
      }, {
        "uid" : "d03a7bf51406d296",
        "reportUrl" : "http://localhost:9090/jenkins/job/MattamyAutomationFramework/47/allure/#testresult/d03a7bf51406d296",
        "status" : "passed",
        "time" : {
          "start" : 1590405824145,
          "stop" : 1590405825460,
          "duration" : 1315
        }
      }, {
        "uid" : "7bd6a4904742be4",
        "reportUrl" : "http://localhost:9090/jenkins/job/MattamyAutomationFramework/46/allure/#testresult/7bd6a4904742be4",
        "status" : "passed",
        "time" : {
          "start" : 1590405824145,
          "stop" : 1590405825460,
          "duration" : 1315
        }
      }, {
        "uid" : "f6d7cd0021af7c7b",
        "reportUrl" : "http://localhost:9090/jenkins/job/MattamyAutomationFramework/45/allure/#testresult/f6d7cd0021af7c7b",
        "status" : "passed",
        "time" : {
          "start" : 1590404544744,
          "stop" : 1590404546377,
          "duration" : 1633
        }
      }, {
        "uid" : "46db3e06cb450a64",
        "reportUrl" : "http://localhost:9090/jenkins/job/MattamyAutomationFramework/43/allure/#testresult/46db3e06cb450a64",
        "status" : "passed",
        "time" : {
          "start" : 1589610706614,
          "stop" : 1589610707044,
          "duration" : 430
        }
      }, {
        "uid" : "d2f22e314fecca54",
        "reportUrl" : "http://localhost:9090/jenkins/job/MattamyAutomationFramework/42/allure/#testresult/d2f22e314fecca54",
        "status" : "passed",
        "time" : {
          "start" : 1589610706614,
          "stop" : 1589610707044,
          "duration" : 430
        }
      }, {
        "uid" : "16112a079ca74b01",
        "reportUrl" : "http://localhost:9090/jenkins/job/MattamyAutomationFramework/41/allure/#testresult/16112a079ca74b01",
        "status" : "passed",
        "time" : {
          "start" : 1589609718072,
          "stop" : 1589609718320,
          "duration" : 248
        }
      }, {
        "uid" : "d6a0fb8d7726df74",
        "reportUrl" : "http://localhost:9090/jenkins/job/MattamyAutomationFramework/40/allure/#testresult/d6a0fb8d7726df74",
        "status" : "passed",
        "time" : {
          "start" : 1589609463995,
          "stop" : 1589609464294,
          "duration" : 299
        }
      }, {
        "uid" : "39b08bf9ef109842",
        "reportUrl" : "http://localhost:9090/jenkins/job/MattamyAutomationFramework/39/allure/#testresult/39b08bf9ef109842",
        "status" : "passed",
        "time" : {
          "start" : 1589609008113,
          "stop" : 1589609009217,
          "duration" : 1104
        }
      } ]
    },
    "tags" : [ ]
  },
  "source" : "71ada84b46c7277d.json",
  "parameterValues" : [ ]
}