{
  "uid" : "7abf619ae79455cc",
  "name" : "test_emailSignupLink",
  "fullName" : "test_regression_suite.FooterTests#test_emailSignupLink",
  "historyId" : "960a8c3a779ce8e87f3141841fa42fc2",
  "time" : {
    "start" : 1592123449309,
    "stop" : 1592123473618,
    "duration" : 24309
  },
  "status" : "failed",
  "statusMessage" : "AssertionError",
  "statusTrace" : "self = <tests.home.footer_test.FooterTests testMethod=test_emailSignupLink>\n\n    def test_emailSignupLink(self):\n        result = self.fp.getEmailSignupLinkStatus()\n>       self.ts.markFinal(\"test_emailSignupLink\", result, \"Footer_Verified Homeowners Link\")\n\nhome\\footer_test.py:48: \n_ _ _ _ _ _ _ _ _ _ _ _ _ _ _ _ _ _ _ _ _ _ _ _ _ _ _ _ _ _ _ _ _ _ _ _ _ _ _ _\n\nself = <utilities.casestatus.CaseStatus object at 0x000001FFB8E4A1F0>\ntestName = 'test_emailSignupLink', result = False\nresultMessage = 'Footer_Verified Homeowners Link'\n\n    def markFinal(self, testName, result, resultMessage):\n        \"\"\"\n        Mark the final result of verification point in a test case\n        This needs to be called at least once in a test case\n        This should be final test status of the test case\n        \"\"\"\n        self.setResult(result, resultMessage)\n    \n        if \"FAIL\" in self.resultList:\n            self.log.error(testName + \" Test Failed\")\n            self.resultList.clear()\n>           assert True == False\nE           AssertionError\n\n..\\utilities\\casestatus.py:74: AssertionError",
  "flaky" : false,
  "newFailed" : false,
  "beforeStages" : [ {
    "name" : "oneTimeSetUp",
    "time" : {
      "start" : 1592123322823,
      "stop" : 1592123361167,
      "duration" : 38344
    },
    "status" : "passed",
    "steps" : [ ],
    "attachments" : [ ],
    "parameters" : [ ],
    "attachmentsCount" : 0,
    "shouldDisplayMessage" : false,
    "hasContent" : false,
    "stepsCount" : 0
  }, {
    "name" : "classSetUp",
    "time" : {
      "start" : 1592123449307,
      "stop" : 1592123449307,
      "duration" : 0
    },
    "status" : "passed",
    "steps" : [ ],
    "attachments" : [ ],
    "parameters" : [ ],
    "attachmentsCount" : 0,
    "shouldDisplayMessage" : false,
    "hasContent" : false,
    "stepsCount" : 0
  }, {
    "name" : "browser",
    "time" : {
      "start" : 1592123322823,
      "stop" : 1592123322823,
      "duration" : 0
    },
    "status" : "passed",
    "steps" : [ ],
    "attachments" : [ ],
    "parameters" : [ ],
    "attachmentsCount" : 0,
    "shouldDisplayMessage" : false,
    "hasContent" : false,
    "stepsCount" : 0
  }, {
    "name" : "_UnitTestCase__pytest_class_setup",
    "time" : {
      "start" : 1592123322822,
      "stop" : 1592123322822,
      "duration" : 0
    },
    "status" : "passed",
    "steps" : [ ],
    "attachments" : [ ],
    "parameters" : [ ],
    "attachmentsCount" : 0,
    "shouldDisplayMessage" : false,
    "hasContent" : false,
    "stepsCount" : 0
  } ],
  "testStage" : {
    "status" : "failed",
    "statusMessage" : "AssertionError",
    "statusTrace" : "self = <tests.home.footer_test.FooterTests testMethod=test_emailSignupLink>\n\n    def test_emailSignupLink(self):\n        result = self.fp.getEmailSignupLinkStatus()\n>       self.ts.markFinal(\"test_emailSignupLink\", result, \"Footer_Verified Homeowners Link\")\n\nhome\\footer_test.py:48: \n_ _ _ _ _ _ _ _ _ _ _ _ _ _ _ _ _ _ _ _ _ _ _ _ _ _ _ _ _ _ _ _ _ _ _ _ _ _ _ _\n\nself = <utilities.casestatus.CaseStatus object at 0x000001FFB8E4A1F0>\ntestName = 'test_emailSignupLink', result = False\nresultMessage = 'Footer_Verified Homeowners Link'\n\n    def markFinal(self, testName, result, resultMessage):\n        \"\"\"\n        Mark the final result of verification point in a test case\n        This needs to be called at least once in a test case\n        This should be final test status of the test case\n        \"\"\"\n        self.setResult(result, resultMessage)\n    \n        if \"FAIL\" in self.resultList:\n            self.log.error(testName + \" Test Failed\")\n            self.resultList.clear()\n>           assert True == False\nE           AssertionError\n\n..\\utilities\\casestatus.py:74: AssertionError",
    "steps" : [ ],
    "attachments" : [ {
      "uid" : "eec418a5c7797e11",
      "name" : "Footer_Verified Homeowners Link.1592123473615",
      "source" : "eec418a5c7797e11.png",
      "type" : "image/png",
      "size" : 506718
    }, {
      "uid" : "8772b286213d8df",
      "name" : "log",
      "source" : "8772b286213d8df.txt",
      "type" : "text/plain",
      "size" : 1156
    }, {
      "uid" : "f13d03d1dd3f0719",
      "name" : "stdout",
      "source" : "f13d03d1dd3f0719.txt",
      "type" : "text/plain",
      "size" : 22
    } ],
    "parameters" : [ ],
    "attachmentsCount" : 3,
    "shouldDisplayMessage" : true,
    "hasContent" : true,
    "stepsCount" : 0
  },
  "afterStages" : [ {
    "name" : "oneTimeSetUp::0",
    "time" : {
      "start" : 1592123765179,
      "stop" : 1592123767438,
      "duration" : 2259
    },
    "status" : "passed",
    "steps" : [ ],
    "attachments" : [ ],
    "parameters" : [ ],
    "attachmentsCount" : 0,
    "shouldDisplayMessage" : false,
    "hasContent" : false,
    "stepsCount" : 0
  }, {
    "name" : "_UnitTestCase__pytest_class_setup::0",
    "time" : {
      "start" : 1592123767452,
      "stop" : 1592123767453,
      "duration" : 1
    },
    "status" : "passed",
    "steps" : [ ],
    "attachments" : [ ],
    "parameters" : [ ],
    "attachmentsCount" : 0,
    "shouldDisplayMessage" : false,
    "hasContent" : false,
    "stepsCount" : 0
  } ],
  "labels" : [ {
    "name" : "suite",
    "value" : "test_regression_suite"
  }, {
    "name" : "subSuite",
    "value" : "FooterTests"
  }, {
    "name" : "host",
    "value" : "EXIPC0154"
  }, {
    "name" : "thread",
    "value" : "7728-MainThread"
  }, {
    "name" : "framework",
    "value" : "pytest"
  }, {
    "name" : "language",
    "value" : "cpython3"
  }, {
    "name" : "package",
    "value" : "test_regression_suite"
  }, {
    "name" : "resultFormat",
    "value" : "allure2"
  } ],
  "parameters" : [ ],
  "links" : [ ],
  "hidden" : false,
  "retry" : false,
  "extra" : {
    "severity" : "normal",
    "retries" : [ {
      "uid" : "e76045d73fe440cf",
      "status" : "failed",
      "statusDetails" : "AssertionError",
      "time" : {
        "start" : 1592045983214,
        "stop" : 1592046007787,
        "duration" : 24573
      }
    }, {
      "uid" : "7226b22cc8dd322e",
      "status" : "failed",
      "statusDetails" : "AssertionError",
      "time" : {
        "start" : 1591950659401,
        "stop" : 1591950684018,
        "duration" : 24617
      }
    }, {
      "uid" : "f68d901ab98826d5",
      "status" : "failed",
      "statusDetails" : "AssertionError",
      "time" : {
        "start" : 1591865289372,
        "stop" : 1591865313807,
        "duration" : 24435
      }
    }, {
      "uid" : "6b17e706df128332",
      "status" : "broken",
      "statusDetails" : "selenium.common.exceptions.TimeoutException: Message: timeout: Timed out receiving message from renderer: 10.000\n  (Session info: chrome=83.0.4103.97)",
      "time" : {
        "start" : 1591778006369,
        "stop" : 1591778271688,
        "duration" : 265319
      }
    }, {
      "uid" : "42ad7c38dbe86cfd",
      "status" : "failed",
      "statusDetails" : "AssertionError",
      "time" : {
        "start" : 1591691413646,
        "stop" : 1591691438756,
        "duration" : 25110
      }
    }, {
      "uid" : "df925715749c71be",
      "status" : "broken",
      "statusDetails" : "selenium.common.exceptions.NoSuchWindowException: Message: no such window: target window already closed\nfrom unknown error: web view not found\n  (Session info: chrome=83.0.4103.61)",
      "time" : {
        "start" : 1591432226888,
        "stop" : 1591432239948,
        "duration" : 13060
      }
    }, {
      "uid" : "d4a8f3c14f7ab656",
      "status" : "failed",
      "statusDetails" : "AssertionError",
      "time" : {
        "start" : 1591086669262,
        "stop" : 1591086694307,
        "duration" : 25045
      }
    }, {
      "uid" : "4e3adf6e822f8c2e",
      "status" : "passed",
      "time" : {
        "start" : 1591000069627,
        "stop" : 1591000070705,
        "duration" : 1078
      }
    }, {
      "uid" : "380764d61d68fe6c",
      "status" : "passed",
      "time" : {
        "start" : 1590998593877,
        "stop" : 1590998595001,
        "duration" : 1124
      }
    }, {
      "uid" : "96cd1cc18e5c5c19",
      "status" : "broken",
      "statusDetails" : "selenium.common.exceptions.SessionNotCreatedException: Message: session not created: This version of ChromeDriver only supports Chrome version 81",
      "time" : {
        "start" : 1590913647315,
        "stop" : 1590913647315,
        "duration" : 0
      }
    }, {
      "uid" : "f9489916ff412801",
      "status" : "passed",
      "time" : {
        "start" : 1590827284456,
        "stop" : 1590827285682,
        "duration" : 1226
      }
    }, {
      "uid" : "7df3c46b46c0fb8e",
      "status" : "passed",
      "time" : {
        "start" : 1590740924987,
        "stop" : 1590740926442,
        "duration" : 1455
      }
    }, {
      "uid" : "7dee6966be6fb9fb",
      "status" : "broken",
      "statusDetails" : "selenium.common.exceptions.WebDriverException: Message: chrome not reachable\n  (Session info: chrome=81.0.4044.138)",
      "time" : {
        "start" : 1590654555369,
        "stop" : 1590654579421,
        "duration" : 24052
      }
    }, {
      "uid" : "f4d26269260f6c78",
      "status" : "passed",
      "time" : {
        "start" : 1590568863707,
        "stop" : 1590568864761,
        "duration" : 1054
      }
    }, {
      "uid" : "559689bc60bc67cb",
      "status" : "passed",
      "time" : {
        "start" : 1590405778701,
        "stop" : 1590405779666,
        "duration" : 965
      }
    }, {
      "uid" : "4bd866b43174e41f",
      "status" : "passed",
      "time" : {
        "start" : 1590404487612,
        "stop" : 1590404489302,
        "duration" : 1690
      }
    }, {
      "uid" : "1495fda2433c8466",
      "status" : "passed",
      "time" : {
        "start" : 1590404424920,
        "stop" : 1590404426587,
        "duration" : 1667
      }
    }, {
      "uid" : "a7a4f80abd49c8ce",
      "status" : "passed",
      "time" : {
        "start" : 1589610656675,
        "stop" : 1589610657869,
        "duration" : 1194
      }
    }, {
      "uid" : "535852049bbbb09c",
      "status" : "passed",
      "time" : {
        "start" : 1589609664287,
        "stop" : 1589609666268,
        "duration" : 1981
      }
    }, {
      "uid" : "4920f794347b0ee",
      "status" : "passed",
      "time" : {
        "start" : 1589609414801,
        "stop" : 1589609416038,
        "duration" : 1237
      }
    }, {
      "uid" : "1f651ba853492d06",
      "status" : "passed",
      "time" : {
        "start" : 1589608953865,
        "stop" : 1589608955309,
        "duration" : 1444
      }
    }, {
      "uid" : "6cd59a9f0bd449d1",
      "status" : "broken",
      "statusDetails" : "selenium.common.exceptions.WebDriverException: Message: 'chromedriver.exe' executable needs to be in PATH. Please see https://sites.google.com/a/chromium.org/chromedriver/home",
      "time" : {
        "start" : 1589607867221,
        "stop" : 1589607867221,
        "duration" : 0
      }
    }, {
      "uid" : "c9a37b515b5d9eed",
      "status" : "passed",
      "time" : {
        "start" : 1589606490649,
        "stop" : 1589606491810,
        "duration" : 1161
      }
    }, {
      "uid" : "d85abf978b597c34",
      "status" : "passed",
      "time" : {
        "start" : 1589597889790,
        "stop" : 1589597890987,
        "duration" : 1197
      }
    }, {
      "uid" : "24b2e5cba4c6f7e8",
      "status" : "passed",
      "time" : {
        "start" : 1589596674760,
        "stop" : 1589596675967,
        "duration" : 1207
      }
    }, {
      "uid" : "895e0500c26019da",
      "status" : "passed",
      "time" : {
        "start" : 1589534495544,
        "stop" : 1589534498753,
        "duration" : 3209
      }
    }, {
      "uid" : "a7e16d041362950e",
      "status" : "failed",
      "statusDetails" : "AssertionError",
      "time" : {
        "start" : 1589469137150,
        "stop" : 1589469138828,
        "duration" : 1678
      }
    }, {
      "uid" : "e31a2c6a661b5ee2",
      "status" : "failed",
      "statusDetails" : "AssertionError",
      "time" : {
        "start" : 1589386778112,
        "stop" : 1589386779128,
        "duration" : 1016
      }
    }, {
      "uid" : "877c946fb056fde3",
      "status" : "failed",
      "statusDetails" : "AssertionError",
      "time" : {
        "start" : 1589272045491,
        "stop" : 1589272046693,
        "duration" : 1202
      }
    }, {
      "uid" : "140a5c7e925cce22",
      "status" : "failed",
      "statusDetails" : "AssertionError",
      "time" : {
        "start" : 1589258674285,
        "stop" : 1589258675035,
        "duration" : 750
      }
    }, {
      "uid" : "da878a8769d52e53",
      "status" : "failed",
      "statusDetails" : "AssertionError",
      "time" : {
        "start" : 1589258562095,
        "stop" : 1589258563173,
        "duration" : 1078
      }
    }, {
      "uid" : "3221a3668c86c9a2",
      "status" : "failed",
      "statusDetails" : "AssertionError",
      "time" : {
        "start" : 1589255115999,
        "stop" : 1589255116925,
        "duration" : 926
      }
    }, {
      "uid" : "837649bafeba098b",
      "status" : "failed",
      "statusDetails" : "AssertionError",
      "time" : {
        "start" : 1589253200896,
        "stop" : 1589253201687,
        "duration" : 791
      }
    }, {
      "uid" : "82c4e76caaf0c9fc",
      "status" : "failed",
      "statusDetails" : "AssertionError",
      "time" : {
        "start" : 1589216115552,
        "stop" : 1589216116339,
        "duration" : 787
      }
    }, {
      "uid" : "50ebed65f6a42566",
      "status" : "failed",
      "statusDetails" : "AssertionError",
      "time" : {
        "start" : 1589207720717,
        "stop" : 1589207721509,
        "duration" : 792
      }
    }, {
      "uid" : "9370a8ad05a54929",
      "status" : "failed",
      "statusDetails" : "AssertionError",
      "time" : {
        "start" : 1589206269599,
        "stop" : 1589206270360,
        "duration" : 761
      }
    }, {
      "uid" : "e0b54b565f097868",
      "status" : "failed",
      "statusDetails" : "AssertionError",
      "time" : {
        "start" : 1589205345033,
        "stop" : 1589205346386,
        "duration" : 1353
      }
    }, {
      "uid" : "dc9fc25319949ca4",
      "status" : "failed",
      "statusDetails" : "AssertionError",
      "time" : {
        "start" : 1589203294624,
        "stop" : 1589203295473,
        "duration" : 849
      }
    }, {
      "uid" : "fc76e50dcf23aa6",
      "status" : "failed",
      "statusDetails" : "AssertionError",
      "time" : {
        "start" : 1589163787523,
        "stop" : 1589163788365,
        "duration" : 842
      }
    }, {
      "uid" : "3f10ff1a5c63e498",
      "status" : "failed",
      "statusDetails" : "AssertionError",
      "time" : {
        "start" : 1589113054099,
        "stop" : 1589113055726,
        "duration" : 1627
      }
    }, {
      "uid" : "642c8c27cc54972f",
      "status" : "failed",
      "statusDetails" : "AssertionError",
      "time" : {
        "start" : 1588853652460,
        "stop" : 1588853653365,
        "duration" : 905
      }
    }, {
      "uid" : "e7e6dd44fa960825",
      "status" : "failed",
      "statusDetails" : "AssertionError",
      "time" : {
        "start" : 1588852332490,
        "stop" : 1588852333939,
        "duration" : 1449
      }
    } ],
    "categories" : [ {
      "name" : "Product defects",
      "matchedStatuses" : [ ],
      "flaky" : false
    } ],
    "history" : {
      "statistic" : {
        "failed" : 24,
        "broken" : 6,
        "skipped" : 0,
        "passed" : 18,
        "unknown" : 0,
        "total" : 48
      },
      "items" : [ {
        "uid" : "e8844bab16c3a74b",
        "reportUrl" : "http://localhost:9090/jenkins/job/MattamyAutomationFramework/66/allure/#testresult/e8844bab16c3a74b",
        "status" : "failed",
        "statusDetails" : "AssertionError",
        "time" : {
          "start" : 1592045983214,
          "stop" : 1592046007787,
          "duration" : 24573
        }
      }, {
        "uid" : "4a447cd4fc64b9cd",
        "reportUrl" : "http://localhost:9090/jenkins/job/MattamyAutomationFramework/65/allure/#testresult/4a447cd4fc64b9cd",
        "status" : "failed",
        "statusDetails" : "AssertionError",
        "time" : {
          "start" : 1591950659401,
          "stop" : 1591950684018,
          "duration" : 24617
        }
      }, {
        "uid" : "ebedd708ee45a920",
        "reportUrl" : "http://localhost:9090/jenkins/job/MattamyAutomationFramework/64/allure/#testresult/ebedd708ee45a920",
        "status" : "failed",
        "statusDetails" : "AssertionError",
        "time" : {
          "start" : 1591865289372,
          "stop" : 1591865313807,
          "duration" : 24435
        }
      }, {
        "uid" : "21f03eed7d68876",
        "reportUrl" : "http://localhost:9090/jenkins/job/MattamyAutomationFramework/63/allure/#testresult/21f03eed7d68876",
        "status" : "broken",
        "statusDetails" : "selenium.common.exceptions.TimeoutException: Message: timeout: Timed out receiving message from renderer: 10.000\n  (Session info: chrome=83.0.4103.97)",
        "time" : {
          "start" : 1591778006369,
          "stop" : 1591778271688,
          "duration" : 265319
        }
      }, {
        "uid" : "2894d0d8a9271c9",
        "reportUrl" : "http://localhost:9090/jenkins/job/MattamyAutomationFramework/62/allure/#testresult/2894d0d8a9271c9",
        "status" : "failed",
        "statusDetails" : "AssertionError",
        "time" : {
          "start" : 1591691413646,
          "stop" : 1591691438756,
          "duration" : 25110
        }
      }, {
        "uid" : "e624f1c4df6eed64",
        "reportUrl" : "http://localhost:9090/jenkins/job/MattamyAutomationFramework/61/allure/#testresult/e624f1c4df6eed64",
        "status" : "broken",
        "statusDetails" : "selenium.common.exceptions.NoSuchWindowException: Message: no such window: target window already closed\nfrom unknown error: web view not found\n  (Session info: chrome=83.0.4103.61)",
        "time" : {
          "start" : 1591432226888,
          "stop" : 1591432239948,
          "duration" : 13060
        }
      }, {
        "uid" : "ac3d95babdce89eb",
        "reportUrl" : "http://localhost:9090/jenkins/job/MattamyAutomationFramework/60/allure/#testresult/ac3d95babdce89eb",
        "status" : "broken",
        "statusDetails" : "selenium.common.exceptions.NoSuchWindowException: Message: no such window: target window already closed\nfrom unknown error: web view not found\n  (Session info: chrome=83.0.4103.61)",
        "time" : {
          "start" : 1591432226888,
          "stop" : 1591432239948,
          "duration" : 13060
        }
      }, {
        "uid" : "955b773e62e33738",
        "reportUrl" : "http://localhost:9090/jenkins/job/MattamyAutomationFramework/59/allure/#testresult/955b773e62e33738",
        "status" : "broken",
        "statusDetails" : "selenium.common.exceptions.NoSuchWindowException: Message: no such window: target window already closed\nfrom unknown error: web view not found\n  (Session info: chrome=83.0.4103.61)",
        "time" : {
          "start" : 1591432226888,
          "stop" : 1591432239948,
          "duration" : 13060
        }
      }, {
        "uid" : "54bba56ab0bd0ae1",
        "reportUrl" : "http://localhost:9090/jenkins/job/MattamyAutomationFramework/58/allure/#testresult/54bba56ab0bd0ae1",
        "status" : "failed",
        "statusDetails" : "AssertionError",
        "time" : {
          "start" : 1591086669262,
          "stop" : 1591086694307,
          "duration" : 25045
        }
      }, {
        "uid" : "fda44efde671d26e",
        "reportUrl" : "http://localhost:9090/jenkins/job/MattamyAutomationFramework/57/allure/#testresult/fda44efde671d26e",
        "status" : "failed",
        "statusDetails" : "AssertionError",
        "time" : {
          "start" : 1591086669262,
          "stop" : 1591086694307,
          "duration" : 25045
        }
      }, {
        "uid" : "552024863d60bbd1",
        "reportUrl" : "http://localhost:9090/jenkins/job/MattamyAutomationFramework/56/allure/#testresult/552024863d60bbd1",
        "status" : "failed",
        "statusDetails" : "AssertionError",
        "time" : {
          "start" : 1591086669262,
          "stop" : 1591086694307,
          "duration" : 25045
        }
      }, {
        "uid" : "7e0e067ab4771fc4",
        "reportUrl" : "http://localhost:9090/jenkins/job/MattamyAutomationFramework/55/allure/#testresult/7e0e067ab4771fc4",
        "status" : "failed",
        "statusDetails" : "AssertionError",
        "time" : {
          "start" : 1591086669262,
          "stop" : 1591086694307,
          "duration" : 25045
        }
      }, {
        "uid" : "3e888cd2adfe54ab",
        "reportUrl" : "http://localhost:9090/jenkins/job/MattamyAutomationFramework/54/allure/#testresult/3e888cd2adfe54ab",
        "status" : "passed",
        "time" : {
          "start" : 1591000069627,
          "stop" : 1591000070705,
          "duration" : 1078
        }
      }, {
        "uid" : "b4b2a519e218789",
        "reportUrl" : "http://localhost:9090/jenkins/job/MattamyAutomationFramework/53/allure/#testresult/b4b2a519e218789",
        "status" : "passed",
        "time" : {
          "start" : 1590998593877,
          "stop" : 1590998595001,
          "duration" : 1124
        }
      }, {
        "uid" : "f676b3080ce6451e",
        "reportUrl" : "http://localhost:9090/jenkins/job/MattamyAutomationFramework/52/allure/#testresult/f676b3080ce6451e",
        "status" : "broken",
        "statusDetails" : "selenium.common.exceptions.SessionNotCreatedException: Message: session not created: This version of ChromeDriver only supports Chrome version 81",
        "time" : {
          "start" : 1590913647315,
          "stop" : 1590913647315,
          "duration" : 0
        }
      }, {
        "uid" : "7f893b38321e3152",
        "reportUrl" : "http://localhost:9090/jenkins/job/MattamyAutomationFramework/51/allure/#testresult/7f893b38321e3152",
        "status" : "passed",
        "time" : {
          "start" : 1590827284456,
          "stop" : 1590827285682,
          "duration" : 1226
        }
      }, {
        "uid" : "e89fb27d4520c62a",
        "reportUrl" : "http://localhost:9090/jenkins/job/MattamyAutomationFramework/50/allure/#testresult/e89fb27d4520c62a",
        "status" : "passed",
        "time" : {
          "start" : 1590740924987,
          "stop" : 1590740926442,
          "duration" : 1455
        }
      }, {
        "uid" : "a03d323816dd402b",
        "reportUrl" : "http://localhost:9090/jenkins/job/MattamyAutomationFramework/49/allure/#testresult/a03d323816dd402b",
        "status" : "broken",
        "statusDetails" : "selenium.common.exceptions.WebDriverException: Message: chrome not reachable\n  (Session info: chrome=81.0.4044.138)",
        "time" : {
          "start" : 1590654555369,
          "stop" : 1590654579421,
          "duration" : 24052
        }
      }, {
        "uid" : "aabd525e8a082073",
        "reportUrl" : "http://localhost:9090/jenkins/job/MattamyAutomationFramework/48/allure/#testresult/aabd525e8a082073",
        "status" : "passed",
        "time" : {
          "start" : 1590568863707,
          "stop" : 1590568864761,
          "duration" : 1054
        }
      }, {
        "uid" : "b42cf2c2cf2ea071",
        "reportUrl" : "http://localhost:9090/jenkins/job/MattamyAutomationFramework/47/allure/#testresult/b42cf2c2cf2ea071",
        "status" : "passed",
        "time" : {
          "start" : 1590405778701,
          "stop" : 1590405779666,
          "duration" : 965
        }
      } ]
    },
    "tags" : [ ]
  },
  "source" : "7abf619ae79455cc.json",
  "parameterValues" : [ ]
}