{
  "uid" : "882d3d475e1075cb",
  "name" : "test_instagramSocialIcon",
  "fullName" : "test_regression_suite.FooterTests#test_instagramSocialIcon",
  "historyId" : "3bb3aa38fe5449435d366fb6537fee78",
  "time" : {
    "start" : 1592046129677,
    "stop" : 1592046151534,
    "duration" : 21857
  },
  "status" : "failed",
  "statusMessage" : "AssertionError",
  "statusTrace" : "self = <tests.home.footer_test.FooterTests testMethod=test_instagramSocialIcon>\n\n    def test_instagramSocialIcon(self):\n        result = self.fp.getInstagramIconStatus()\n>       self.ts.markFinal(\"test_instagramSocialIcon\", result, \"Footer_Verified Instagram Social Icon\")\n\nhome\\footer_test.py:24: \n_ _ _ _ _ _ _ _ _ _ _ _ _ _ _ _ _ _ _ _ _ _ _ _ _ _ _ _ _ _ _ _ _ _ _ _ _ _ _ _\n\nself = <utilities.casestatus.CaseStatus object at 0x000002152D4DDD60>\ntestName = 'test_instagramSocialIcon', result = False\nresultMessage = 'Footer_Verified Instagram Social Icon'\n\n    def markFinal(self, testName, result, resultMessage):\n        \"\"\"\n        Mark the final result of verification point in a test case\n        This needs to be called at least once in a test case\n        This should be final test status of the test case\n        \"\"\"\n        self.setResult(result, resultMessage)\n    \n        if \"FAIL\" in self.resultList:\n            self.log.error(testName + \" Test Failed\")\n            self.resultList.clear()\n>           assert True == False\nE           AssertionError\n\n..\\utilities\\casestatus.py:74: AssertionError",
  "flaky" : false,
  "newFailed" : false,
  "beforeStages" : [ {
    "name" : "classSetUp",
    "time" : {
      "start" : 1592046129676,
      "stop" : 1592046129676,
      "duration" : 0
    },
    "status" : "passed",
    "steps" : [ ],
    "attachments" : [ ],
    "parameters" : [ ],
    "hasContent" : false,
    "stepsCount" : 0,
    "attachmentsCount" : 0,
    "shouldDisplayMessage" : false
  }, {
    "name" : "browser",
    "time" : {
      "start" : 1592045839483,
      "stop" : 1592045839483,
      "duration" : 0
    },
    "status" : "passed",
    "steps" : [ ],
    "attachments" : [ ],
    "parameters" : [ ],
    "hasContent" : false,
    "stepsCount" : 0,
    "attachmentsCount" : 0,
    "shouldDisplayMessage" : false
  }, {
    "name" : "oneTimeSetUp",
    "time" : {
      "start" : 1592045839484,
      "stop" : 1592045892569,
      "duration" : 53085
    },
    "status" : "passed",
    "steps" : [ ],
    "attachments" : [ ],
    "parameters" : [ ],
    "hasContent" : false,
    "stepsCount" : 0,
    "attachmentsCount" : 0,
    "shouldDisplayMessage" : false
  }, {
    "name" : "_UnitTestCase__pytest_class_setup",
    "time" : {
      "start" : 1592045839483,
      "stop" : 1592045839483,
      "duration" : 0
    },
    "status" : "passed",
    "steps" : [ ],
    "attachments" : [ ],
    "parameters" : [ ],
    "hasContent" : false,
    "stepsCount" : 0,
    "attachmentsCount" : 0,
    "shouldDisplayMessage" : false
  } ],
  "testStage" : {
    "status" : "failed",
    "statusMessage" : "AssertionError",
    "statusTrace" : "self = <tests.home.footer_test.FooterTests testMethod=test_instagramSocialIcon>\n\n    def test_instagramSocialIcon(self):\n        result = self.fp.getInstagramIconStatus()\n>       self.ts.markFinal(\"test_instagramSocialIcon\", result, \"Footer_Verified Instagram Social Icon\")\n\nhome\\footer_test.py:24: \n_ _ _ _ _ _ _ _ _ _ _ _ _ _ _ _ _ _ _ _ _ _ _ _ _ _ _ _ _ _ _ _ _ _ _ _ _ _ _ _\n\nself = <utilities.casestatus.CaseStatus object at 0x000002152D4DDD60>\ntestName = 'test_instagramSocialIcon', result = False\nresultMessage = 'Footer_Verified Instagram Social Icon'\n\n    def markFinal(self, testName, result, resultMessage):\n        \"\"\"\n        Mark the final result of verification point in a test case\n        This needs to be called at least once in a test case\n        This should be final test status of the test case\n        \"\"\"\n        self.setResult(result, resultMessage)\n    \n        if \"FAIL\" in self.resultList:\n            self.log.error(testName + \" Test Failed\")\n            self.resultList.clear()\n>           assert True == False\nE           AssertionError\n\n..\\utilities\\casestatus.py:74: AssertionError",
    "steps" : [ ],
    "attachments" : [ {
      "uid" : "5c90d3076da9a510",
      "name" : "Footer_Verified Instagram Social Icon.1592046151532",
      "source" : "5c90d3076da9a510.png",
      "type" : "image/png",
      "size" : 4195
    }, {
      "uid" : "9bd2732a121cfb8",
      "name" : "log",
      "source" : "9bd2732a121cfb8.txt",
      "type" : "text/plain",
      "size" : 1496
    }, {
      "uid" : "b42a240fce9cc5da",
      "name" : "stdout",
      "source" : "b42a240fce9cc5da.txt",
      "type" : "text/plain",
      "size" : 22
    } ],
    "parameters" : [ ],
    "hasContent" : true,
    "stepsCount" : 0,
    "attachmentsCount" : 3,
    "shouldDisplayMessage" : true
  },
  "afterStages" : [ {
    "name" : "oneTimeSetUp::0",
    "time" : {
      "start" : 1592046301854,
      "stop" : 1592046304062,
      "duration" : 2208
    },
    "status" : "passed",
    "steps" : [ ],
    "attachments" : [ ],
    "parameters" : [ ],
    "hasContent" : false,
    "stepsCount" : 0,
    "attachmentsCount" : 0,
    "shouldDisplayMessage" : false
  }, {
    "name" : "_UnitTestCase__pytest_class_setup::0",
    "time" : {
      "start" : 1592046304069,
      "stop" : 1592046304069,
      "duration" : 0
    },
    "status" : "passed",
    "steps" : [ ],
    "attachments" : [ ],
    "parameters" : [ ],
    "hasContent" : false,
    "stepsCount" : 0,
    "attachmentsCount" : 0,
    "shouldDisplayMessage" : false
  } ],
  "labels" : [ {
    "name" : "suite",
    "value" : "test_regression_suite"
  }, {
    "name" : "subSuite",
    "value" : "FooterTests"
  }, {
    "name" : "host",
    "value" : "EXIPC0154"
  }, {
    "name" : "thread",
    "value" : "11832-MainThread"
  }, {
    "name" : "framework",
    "value" : "pytest"
  }, {
    "name" : "language",
    "value" : "cpython3"
  }, {
    "name" : "package",
    "value" : "test_regression_suite"
  }, {
    "name" : "resultFormat",
    "value" : "allure2"
  } ],
  "parameters" : [ ],
  "links" : [ ],
  "hidden" : false,
  "retry" : false,
  "extra" : {
    "severity" : "normal",
    "retries" : [ {
      "uid" : "125cd6e377a2d434",
      "status" : "failed",
      "statusDetails" : "AssertionError",
      "time" : {
        "start" : 1591950805577,
        "stop" : 1591950828097,
        "duration" : 22520
      }
    }, {
      "uid" : "f93cf72ee06d7b3f",
      "status" : "failed",
      "statusDetails" : "AssertionError",
      "time" : {
        "start" : 1591865434494,
        "stop" : 1591865456141,
        "duration" : 21647
      }
    }, {
      "uid" : "d274d4a07e9585bf",
      "status" : "failed",
      "statusDetails" : "AssertionError",
      "time" : {
        "start" : 1591778315320,
        "stop" : 1591778316526,
        "duration" : 1206
      }
    }, {
      "uid" : "afee692b358e3f82",
      "status" : "failed",
      "statusDetails" : "AssertionError",
      "time" : {
        "start" : 1591691562423,
        "stop" : 1591691584715,
        "duration" : 22292
      }
    }, {
      "uid" : "1caba9dad9123433",
      "status" : "broken",
      "statusDetails" : "selenium.common.exceptions.NoSuchWindowException: Message: no such window: target window already closed\nfrom unknown error: web view not found\n  (Session info: chrome=83.0.4103.61)",
      "time" : {
        "start" : 1591432240879,
        "stop" : 1591432240886,
        "duration" : 7
      }
    }, {
      "uid" : "4baee6366cea2ae1",
      "status" : "failed",
      "statusDetails" : "AssertionError",
      "time" : {
        "start" : 1591086817354,
        "stop" : 1591086839564,
        "duration" : 22210
      }
    }, {
      "uid" : "5e950660ef5b6446",
      "status" : "passed",
      "time" : {
        "start" : 1591000077596,
        "stop" : 1591000085079,
        "duration" : 7483
      }
    }, {
      "uid" : "be8653986c36145a",
      "status" : "passed",
      "time" : {
        "start" : 1590998601323,
        "stop" : 1590998607734,
        "duration" : 6411
      }
    }, {
      "uid" : "1b7aa2d0874c01ab",
      "status" : "broken",
      "statusDetails" : "selenium.common.exceptions.SessionNotCreatedException: Message: session not created: This version of ChromeDriver only supports Chrome version 81",
      "time" : {
        "start" : 1590913648283,
        "stop" : 1590913648283,
        "duration" : 0
      }
    }, {
      "uid" : "9a105eb478dafc2c",
      "status" : "passed",
      "time" : {
        "start" : 1590827296532,
        "stop" : 1590827303610,
        "duration" : 7078
      }
    }, {
      "uid" : "e3ecaf6bfc1e2f23",
      "status" : "passed",
      "time" : {
        "start" : 1590740935351,
        "stop" : 1590740943903,
        "duration" : 8552
      }
    }, {
      "uid" : "950d82cd9d2d9170",
      "status" : "broken",
      "statusDetails" : "selenium.common.exceptions.WebDriverException: Message: chrome not reachable\n  (Session info: chrome=81.0.4044.138)",
      "time" : {
        "start" : 1590654700596,
        "stop" : 1590654724669,
        "duration" : 24073
      }
    }, {
      "uid" : "d8fb156583fdc531",
      "status" : "passed",
      "time" : {
        "start" : 1590568871465,
        "stop" : 1590568878455,
        "duration" : 6990
      }
    }, {
      "uid" : "86d0b4ae708a5893",
      "status" : "passed",
      "time" : {
        "start" : 1590405785987,
        "stop" : 1590405791785,
        "duration" : 5798
      }
    }, {
      "uid" : "4b909185119605c4",
      "status" : "passed",
      "time" : {
        "start" : 1590404498541,
        "stop" : 1590404507549,
        "duration" : 9008
      }
    }, {
      "uid" : "c35aabadca028493",
      "status" : "passed",
      "time" : {
        "start" : 1590404435874,
        "stop" : 1590404444780,
        "duration" : 8906
      }
    }, {
      "uid" : "d281765798212a2e",
      "status" : "passed",
      "time" : {
        "start" : 1589610665378,
        "stop" : 1589610674510,
        "duration" : 9132
      }
    }, {
      "uid" : "8fb83904d81573df",
      "status" : "passed",
      "time" : {
        "start" : 1589609675292,
        "stop" : 1589609682913,
        "duration" : 7621
      }
    }, {
      "uid" : "5306412c7e02fa8a",
      "status" : "passed",
      "time" : {
        "start" : 1589609423175,
        "stop" : 1589609431844,
        "duration" : 8669
      }
    }, {
      "uid" : "9fa9c065af546faf",
      "status" : "passed",
      "time" : {
        "start" : 1589608962765,
        "stop" : 1589608972949,
        "duration" : 10184
      }
    }, {
      "uid" : "c31bfe1f716b2e09",
      "status" : "broken",
      "statusDetails" : "selenium.common.exceptions.WebDriverException: Message: 'chromedriver.exe' executable needs to be in PATH. Please see https://sites.google.com/a/chromium.org/chromedriver/home",
      "time" : {
        "start" : 1589607869402,
        "stop" : 1589607869402,
        "duration" : 0
      }
    }, {
      "uid" : "18f02ea8b37e2ce4",
      "status" : "passed",
      "time" : {
        "start" : 1589606498317,
        "stop" : 1589606505369,
        "duration" : 7052
      }
    }, {
      "uid" : "55d482607043a5b3",
      "status" : "passed",
      "time" : {
        "start" : 1589597899389,
        "stop" : 1589597907121,
        "duration" : 7732
      }
    }, {
      "uid" : "ab792a0508b8334f",
      "status" : "passed",
      "time" : {
        "start" : 1589596684346,
        "stop" : 1589596693358,
        "duration" : 9012
      }
    }, {
      "uid" : "2b9c28ca17e6fc09",
      "status" : "passed",
      "time" : {
        "start" : 1589534512522,
        "stop" : 1589534534217,
        "duration" : 21695
      }
    }, {
      "uid" : "ebc08f2ef0469a1f",
      "status" : "passed",
      "time" : {
        "start" : 1589469148197,
        "stop" : 1589469157098,
        "duration" : 8901
      }
    }, {
      "uid" : "6828ac8c769c1764",
      "status" : "passed",
      "time" : {
        "start" : 1589386785231,
        "stop" : 1589386792245,
        "duration" : 7014
      }
    }, {
      "uid" : "b3c8fd70fde53a87",
      "status" : "passed",
      "time" : {
        "start" : 1589272057620,
        "stop" : 1589272114770,
        "duration" : 57150
      }
    }, {
      "uid" : "2113adb2d02b08e6",
      "status" : "passed",
      "time" : {
        "start" : 1589258680106,
        "stop" : 1589258687642,
        "duration" : 7536
      }
    }, {
      "uid" : "68acf50f50d50749",
      "status" : "passed",
      "time" : {
        "start" : 1589258569242,
        "stop" : 1589258574755,
        "duration" : 5513
      }
    }, {
      "uid" : "28c81adc769a76c5",
      "status" : "failed",
      "statusDetails" : "AssertionError",
      "time" : {
        "start" : 1589255122602,
        "stop" : 1589255124437,
        "duration" : 1835
      }
    }, {
      "uid" : "ef4a95d2ab572ad2",
      "status" : "failed",
      "statusDetails" : "AssertionError",
      "time" : {
        "start" : 1589253207085,
        "stop" : 1589253208635,
        "duration" : 1550
      }
    }, {
      "uid" : "b3d77bcede4c3afa",
      "status" : "failed",
      "statusDetails" : "AssertionError",
      "time" : {
        "start" : 1589216121410,
        "stop" : 1589216122878,
        "duration" : 1468
      }
    }, {
      "uid" : "3989939132b92205",
      "status" : "failed",
      "statusDetails" : "AssertionError",
      "time" : {
        "start" : 1589207727174,
        "stop" : 1589207730269,
        "duration" : 3095
      }
    }, {
      "uid" : "5973006b7b7ae631",
      "status" : "failed",
      "statusDetails" : "AssertionError",
      "time" : {
        "start" : 1589206276238,
        "stop" : 1589206279895,
        "duration" : 3657
      }
    }, {
      "uid" : "6fab916d771b0d1d",
      "status" : "failed",
      "statusDetails" : "AssertionError",
      "time" : {
        "start" : 1589205353070,
        "stop" : 1589205354733,
        "duration" : 1663
      }
    }, {
      "uid" : "d7e7d8ee12cd7139",
      "status" : "failed",
      "statusDetails" : "AssertionError",
      "time" : {
        "start" : 1589203302011,
        "stop" : 1589203303370,
        "duration" : 1359
      }
    }, {
      "uid" : "e7449494fa150472",
      "status" : "failed",
      "statusDetails" : "AssertionError",
      "time" : {
        "start" : 1589163793656,
        "stop" : 1589163795287,
        "duration" : 1631
      }
    }, {
      "uid" : "8cd4a04f93435fbf",
      "status" : "failed",
      "statusDetails" : "AssertionError",
      "time" : {
        "start" : 1589113062388,
        "stop" : 1589113064169,
        "duration" : 1781
      }
    }, {
      "uid" : "ca258265651d2169",
      "status" : "failed",
      "statusDetails" : "AssertionError",
      "time" : {
        "start" : 1588853664084,
        "stop" : 1588853668377,
        "duration" : 4293
      }
    }, {
      "uid" : "31eb53a20e1284ab",
      "status" : "failed",
      "statusDetails" : "AssertionError",
      "time" : {
        "start" : 1588852339737,
        "stop" : 1588852341550,
        "duration" : 1813
      }
    } ],
    "categories" : [ {
      "name" : "Product defects",
      "matchedStatuses" : [ ],
      "flaky" : false
    } ],
    "history" : {
      "statistic" : {
        "failed" : 20,
        "broken" : 5,
        "skipped" : 0,
        "passed" : 22,
        "unknown" : 0,
        "total" : 47
      },
      "items" : [ {
        "uid" : "b4058acc573acf33",
        "reportUrl" : "http://localhost:9090/jenkins/job/MattamyAutomationFramework/65/allure/#testresult/b4058acc573acf33",
        "status" : "failed",
        "statusDetails" : "AssertionError",
        "time" : {
          "start" : 1591950805577,
          "stop" : 1591950828097,
          "duration" : 22520
        }
      }, {
        "uid" : "27ee8ade99da5f8e",
        "reportUrl" : "http://localhost:9090/jenkins/job/MattamyAutomationFramework/64/allure/#testresult/27ee8ade99da5f8e",
        "status" : "failed",
        "statusDetails" : "AssertionError",
        "time" : {
          "start" : 1591865434494,
          "stop" : 1591865456141,
          "duration" : 21647
        }
      }, {
        "uid" : "75a455d50fe8202a",
        "reportUrl" : "http://localhost:9090/jenkins/job/MattamyAutomationFramework/63/allure/#testresult/75a455d50fe8202a",
        "status" : "failed",
        "statusDetails" : "AssertionError",
        "time" : {
          "start" : 1591778315320,
          "stop" : 1591778316526,
          "duration" : 1206
        }
      }, {
        "uid" : "db9945a0ee8c468",
        "reportUrl" : "http://localhost:9090/jenkins/job/MattamyAutomationFramework/62/allure/#testresult/db9945a0ee8c468",
        "status" : "failed",
        "statusDetails" : "AssertionError",
        "time" : {
          "start" : 1591691562423,
          "stop" : 1591691584715,
          "duration" : 22292
        }
      }, {
        "uid" : "59d29939dddb3f6a",
        "reportUrl" : "http://localhost:9090/jenkins/job/MattamyAutomationFramework/61/allure/#testresult/59d29939dddb3f6a",
        "status" : "broken",
        "statusDetails" : "selenium.common.exceptions.NoSuchWindowException: Message: no such window: target window already closed\nfrom unknown error: web view not found\n  (Session info: chrome=83.0.4103.61)",
        "time" : {
          "start" : 1591432240879,
          "stop" : 1591432240886,
          "duration" : 7
        }
      }, {
        "uid" : "2ef0e36d9e50d8b8",
        "reportUrl" : "http://localhost:9090/jenkins/job/MattamyAutomationFramework/60/allure/#testresult/2ef0e36d9e50d8b8",
        "status" : "broken",
        "statusDetails" : "selenium.common.exceptions.NoSuchWindowException: Message: no such window: target window already closed\nfrom unknown error: web view not found\n  (Session info: chrome=83.0.4103.61)",
        "time" : {
          "start" : 1591432240879,
          "stop" : 1591432240886,
          "duration" : 7
        }
      }, {
        "uid" : "95fe8d7f8f2672e6",
        "reportUrl" : "http://localhost:9090/jenkins/job/MattamyAutomationFramework/59/allure/#testresult/95fe8d7f8f2672e6",
        "status" : "broken",
        "statusDetails" : "selenium.common.exceptions.NoSuchWindowException: Message: no such window: target window already closed\nfrom unknown error: web view not found\n  (Session info: chrome=83.0.4103.61)",
        "time" : {
          "start" : 1591432240879,
          "stop" : 1591432240886,
          "duration" : 7
        }
      }, {
        "uid" : "19321a180d0895be",
        "reportUrl" : "http://localhost:9090/jenkins/job/MattamyAutomationFramework/58/allure/#testresult/19321a180d0895be",
        "status" : "failed",
        "statusDetails" : "AssertionError",
        "time" : {
          "start" : 1591086817354,
          "stop" : 1591086839564,
          "duration" : 22210
        }
      }, {
        "uid" : "5935e481327c85d0",
        "reportUrl" : "http://localhost:9090/jenkins/job/MattamyAutomationFramework/57/allure/#testresult/5935e481327c85d0",
        "status" : "failed",
        "statusDetails" : "AssertionError",
        "time" : {
          "start" : 1591086817354,
          "stop" : 1591086839564,
          "duration" : 22210
        }
      }, {
        "uid" : "77c23a6a21c5e2a9",
        "reportUrl" : "http://localhost:9090/jenkins/job/MattamyAutomationFramework/56/allure/#testresult/77c23a6a21c5e2a9",
        "status" : "failed",
        "statusDetails" : "AssertionError",
        "time" : {
          "start" : 1591086817354,
          "stop" : 1591086839564,
          "duration" : 22210
        }
      }, {
        "uid" : "39742b581a591a7",
        "reportUrl" : "http://localhost:9090/jenkins/job/MattamyAutomationFramework/55/allure/#testresult/39742b581a591a7",
        "status" : "failed",
        "statusDetails" : "AssertionError",
        "time" : {
          "start" : 1591086817354,
          "stop" : 1591086839564,
          "duration" : 22210
        }
      }, {
        "uid" : "3dd1db72895d497f",
        "reportUrl" : "http://localhost:9090/jenkins/job/MattamyAutomationFramework/54/allure/#testresult/3dd1db72895d497f",
        "status" : "passed",
        "time" : {
          "start" : 1591000077596,
          "stop" : 1591000085079,
          "duration" : 7483
        }
      }, {
        "uid" : "4352520a7bcff09b",
        "reportUrl" : "http://localhost:9090/jenkins/job/MattamyAutomationFramework/53/allure/#testresult/4352520a7bcff09b",
        "status" : "passed",
        "time" : {
          "start" : 1590998601323,
          "stop" : 1590998607734,
          "duration" : 6411
        }
      }, {
        "uid" : "ef5d0747da55204e",
        "reportUrl" : "http://localhost:9090/jenkins/job/MattamyAutomationFramework/52/allure/#testresult/ef5d0747da55204e",
        "status" : "broken",
        "statusDetails" : "selenium.common.exceptions.SessionNotCreatedException: Message: session not created: This version of ChromeDriver only supports Chrome version 81",
        "time" : {
          "start" : 1590913648283,
          "stop" : 1590913648283,
          "duration" : 0
        }
      }, {
        "uid" : "5f708d4d082f3294",
        "reportUrl" : "http://localhost:9090/jenkins/job/MattamyAutomationFramework/51/allure/#testresult/5f708d4d082f3294",
        "status" : "passed",
        "time" : {
          "start" : 1590827296532,
          "stop" : 1590827303610,
          "duration" : 7078
        }
      }, {
        "uid" : "2d6d60ae251758db",
        "reportUrl" : "http://localhost:9090/jenkins/job/MattamyAutomationFramework/50/allure/#testresult/2d6d60ae251758db",
        "status" : "passed",
        "time" : {
          "start" : 1590740935351,
          "stop" : 1590740943903,
          "duration" : 8552
        }
      }, {
        "uid" : "af6dcad60aff0bb2",
        "reportUrl" : "http://localhost:9090/jenkins/job/MattamyAutomationFramework/49/allure/#testresult/af6dcad60aff0bb2",
        "status" : "broken",
        "statusDetails" : "selenium.common.exceptions.WebDriverException: Message: chrome not reachable\n  (Session info: chrome=81.0.4044.138)",
        "time" : {
          "start" : 1590654700596,
          "stop" : 1590654724669,
          "duration" : 24073
        }
      }, {
        "uid" : "be59d0947018dc72",
        "reportUrl" : "http://localhost:9090/jenkins/job/MattamyAutomationFramework/48/allure/#testresult/be59d0947018dc72",
        "status" : "passed",
        "time" : {
          "start" : 1590568871465,
          "stop" : 1590568878455,
          "duration" : 6990
        }
      }, {
        "uid" : "11e365360a1449cd",
        "reportUrl" : "http://localhost:9090/jenkins/job/MattamyAutomationFramework/47/allure/#testresult/11e365360a1449cd",
        "status" : "passed",
        "time" : {
          "start" : 1590405785987,
          "stop" : 1590405791785,
          "duration" : 5798
        }
      }, {
        "uid" : "c7c83dbcb552d027",
        "reportUrl" : "http://localhost:9090/jenkins/job/MattamyAutomationFramework/46/allure/#testresult/c7c83dbcb552d027",
        "status" : "passed",
        "time" : {
          "start" : 1590405785987,
          "stop" : 1590405791785,
          "duration" : 5798
        }
      } ]
    },
    "tags" : [ ]
  },
  "source" : "882d3d475e1075cb.json",
  "parameterValues" : [ ]
}