{
  "uid" : "9933e211f9119498",
  "name" : "test_linkedinSocialIcon",
  "fullName" : "test_regression_suite.FooterTests#test_linkedinSocialIcon",
  "historyId" : "ba7e7324dd079aa2b4969ed609ada013",
  "time" : {
    "start" : 1591778341433,
    "stop" : 1591778366374,
    "duration" : 24941
  },
  "status" : "failed",
  "statusMessage" : "AssertionError",
  "statusTrace" : "self = <tests.home.footer_test.FooterTests testMethod=test_linkedinSocialIcon>\n\n    def test_linkedinSocialIcon(self):\n        result = self.fp.getLinkedInIconStatus()\n>       self.ts.markFinal(\"test_linkedinSocialIcon\", result, \"Footer_Verified LinkedIn Social Icon\")\n\nhome\\footer_test.py:32: \n_ _ _ _ _ _ _ _ _ _ _ _ _ _ _ _ _ _ _ _ _ _ _ _ _ _ _ _ _ _ _ _ _ _ _ _ _ _ _ _\n\nself = <utilities.casestatus.CaseStatus object at 0x000001DD3D658DC0>\ntestName = 'test_linkedinSocialIcon', result = False\nresultMessage = 'Footer_Verified LinkedIn Social Icon'\n\n    def markFinal(self, testName, result, resultMessage):\n        \"\"\"\n        Mark the final result of verification point in a test case\n        This needs to be called at least once in a test case\n        This should be final test status of the test case\n        \"\"\"\n        self.setResult(result, resultMessage)\n    \n        if \"FAIL\" in self.resultList:\n            self.log.error(testName + \" Test Failed\")\n            self.resultList.clear()\n>           assert True == False\nE           AssertionError\n\n..\\utilities\\casestatus.py:74: AssertionError",
  "flaky" : false,
  "newFailed" : false,
  "beforeStages" : [ {
    "name" : "oneTimeSetUp",
    "time" : {
      "start" : 1591777691145,
      "stop" : 1591777725559,
      "duration" : 34414
    },
    "status" : "passed",
    "steps" : [ ],
    "attachments" : [ ],
    "parameters" : [ ],
    "hasContent" : false,
    "stepsCount" : 0,
    "shouldDisplayMessage" : false,
    "attachmentsCount" : 0
  }, {
    "name" : "_UnitTestCase__pytest_class_setup",
    "time" : {
      "start" : 1591777691143,
      "stop" : 1591777691143,
      "duration" : 0
    },
    "status" : "passed",
    "steps" : [ ],
    "attachments" : [ ],
    "parameters" : [ ],
    "hasContent" : false,
    "stepsCount" : 0,
    "shouldDisplayMessage" : false,
    "attachmentsCount" : 0
  }, {
    "name" : "classSetUp",
    "time" : {
      "start" : 1591778341432,
      "stop" : 1591778341433,
      "duration" : 1
    },
    "status" : "passed",
    "steps" : [ ],
    "attachments" : [ ],
    "parameters" : [ ],
    "hasContent" : false,
    "stepsCount" : 0,
    "shouldDisplayMessage" : false,
    "attachmentsCount" : 0
  }, {
    "name" : "browser",
    "time" : {
      "start" : 1591777691144,
      "stop" : 1591777691144,
      "duration" : 0
    },
    "status" : "passed",
    "steps" : [ ],
    "attachments" : [ ],
    "parameters" : [ ],
    "hasContent" : false,
    "stepsCount" : 0,
    "shouldDisplayMessage" : false,
    "attachmentsCount" : 0
  } ],
  "testStage" : {
    "status" : "failed",
    "statusMessage" : "AssertionError",
    "statusTrace" : "self = <tests.home.footer_test.FooterTests testMethod=test_linkedinSocialIcon>\n\n    def test_linkedinSocialIcon(self):\n        result = self.fp.getLinkedInIconStatus()\n>       self.ts.markFinal(\"test_linkedinSocialIcon\", result, \"Footer_Verified LinkedIn Social Icon\")\n\nhome\\footer_test.py:32: \n_ _ _ _ _ _ _ _ _ _ _ _ _ _ _ _ _ _ _ _ _ _ _ _ _ _ _ _ _ _ _ _ _ _ _ _ _ _ _ _\n\nself = <utilities.casestatus.CaseStatus object at 0x000001DD3D658DC0>\ntestName = 'test_linkedinSocialIcon', result = False\nresultMessage = 'Footer_Verified LinkedIn Social Icon'\n\n    def markFinal(self, testName, result, resultMessage):\n        \"\"\"\n        Mark the final result of verification point in a test case\n        This needs to be called at least once in a test case\n        This should be final test status of the test case\n        \"\"\"\n        self.setResult(result, resultMessage)\n    \n        if \"FAIL\" in self.resultList:\n            self.log.error(testName + \" Test Failed\")\n            self.resultList.clear()\n>           assert True == False\nE           AssertionError\n\n..\\utilities\\casestatus.py:74: AssertionError",
    "steps" : [ ],
    "attachments" : [ {
      "uid" : "b38e36e2feddd224",
      "name" : "Footer_Verified LinkedIn Social Icon.1591778366372",
      "source" : "b38e36e2feddd224.png",
      "type" : "image/png",
      "size" : 3831
    }, {
      "uid" : "761aa371b65e6f4b",
      "name" : "log",
      "source" : "761aa371b65e6f4b.txt",
      "type" : "text/plain",
      "size" : 1452
    }, {
      "uid" : "b49431419bb0b1e0",
      "name" : "stdout",
      "source" : "b49431419bb0b1e0.txt",
      "type" : "text/plain",
      "size" : 22
    } ],
    "parameters" : [ ],
    "hasContent" : true,
    "stepsCount" : 0,
    "shouldDisplayMessage" : true,
    "attachmentsCount" : 3
  },
  "afterStages" : [ {
    "name" : "oneTimeSetUp::0",
    "time" : {
      "start" : 1591778466217,
      "stop" : 1591778468433,
      "duration" : 2216
    },
    "status" : "passed",
    "steps" : [ ],
    "attachments" : [ ],
    "parameters" : [ ],
    "hasContent" : false,
    "stepsCount" : 0,
    "shouldDisplayMessage" : false,
    "attachmentsCount" : 0
  }, {
    "name" : "_UnitTestCase__pytest_class_setup::0",
    "time" : {
      "start" : 1591778468441,
      "stop" : 1591778468441,
      "duration" : 0
    },
    "status" : "passed",
    "steps" : [ ],
    "attachments" : [ ],
    "parameters" : [ ],
    "hasContent" : false,
    "stepsCount" : 0,
    "shouldDisplayMessage" : false,
    "attachmentsCount" : 0
  } ],
  "labels" : [ {
    "name" : "suite",
    "value" : "test_regression_suite"
  }, {
    "name" : "subSuite",
    "value" : "FooterTests"
  }, {
    "name" : "host",
    "value" : "EXIPC0154"
  }, {
    "name" : "thread",
    "value" : "11032-MainThread"
  }, {
    "name" : "framework",
    "value" : "pytest"
  }, {
    "name" : "language",
    "value" : "cpython3"
  }, {
    "name" : "package",
    "value" : "test_regression_suite"
  }, {
    "name" : "resultFormat",
    "value" : "allure2"
  } ],
  "parameters" : [ ],
  "links" : [ ],
  "hidden" : false,
  "retry" : false,
  "extra" : {
    "severity" : "normal",
    "retries" : [ {
      "uid" : "f54b86e9fc66bb8f",
      "status" : "failed",
      "statusDetails" : "AssertionError",
      "time" : {
        "start" : 1591691609942,
        "stop" : 1591691635192,
        "duration" : 25250
      }
    }, {
      "uid" : "36156180d0d9f3fa",
      "status" : "broken",
      "statusDetails" : "selenium.common.exceptions.NoSuchWindowException: Message: no such window: target window already closed\nfrom unknown error: web view not found\n  (Session info: chrome=83.0.4103.61)",
      "time" : {
        "start" : 1591432241115,
        "stop" : 1591432241120,
        "duration" : 5
      }
    }, {
      "uid" : "7e301192f6a17ec6",
      "status" : "failed",
      "statusDetails" : "AssertionError",
      "time" : {
        "start" : 1591086864615,
        "stop" : 1591086889649,
        "duration" : 25034
      }
    }, {
      "uid" : "9578da8e13ad9114",
      "status" : "passed",
      "time" : {
        "start" : 1591000086367,
        "stop" : 1591000092976,
        "duration" : 6609
      }
    }, {
      "uid" : "35550442934b9e37",
      "status" : "passed",
      "time" : {
        "start" : 1590998609282,
        "stop" : 1590998613236,
        "duration" : 3954
      }
    }, {
      "uid" : "1b19a1b88edc1f74",
      "status" : "broken",
      "statusDetails" : "selenium.common.exceptions.SessionNotCreatedException: Message: session not created: This version of ChromeDriver only supports Chrome version 81",
      "time" : {
        "start" : 1590913648662,
        "stop" : 1590913648663,
        "duration" : 1
      }
    }, {
      "uid" : "aefefd1b7e110ceb",
      "status" : "passed",
      "time" : {
        "start" : 1590827304857,
        "stop" : 1590827309987,
        "duration" : 5130
      }
    }, {
      "uid" : "3e21ae1ca4b2ee6a",
      "status" : "passed",
      "time" : {
        "start" : 1590740945055,
        "stop" : 1590740953600,
        "duration" : 8545
      }
    }, {
      "uid" : "baf3885411972269",
      "status" : "broken",
      "statusDetails" : "selenium.common.exceptions.WebDriverException: Message: chrome not reachable\n  (Session info: chrome=81.0.4044.138)",
      "time" : {
        "start" : 1590654749043,
        "stop" : 1590654773108,
        "duration" : 24065
      }
    }, {
      "uid" : "397dfedb2632c51c",
      "status" : "passed",
      "time" : {
        "start" : 1590568879834,
        "stop" : 1590568884436,
        "duration" : 4602
      }
    }, {
      "uid" : "615ff5b2f21253e5",
      "status" : "passed",
      "time" : {
        "start" : 1590405793348,
        "stop" : 1590405797305,
        "duration" : 3957
      }
    }, {
      "uid" : "f471ad3f6377c54d",
      "status" : "passed",
      "time" : {
        "start" : 1590404508973,
        "stop" : 1590404515767,
        "duration" : 6794
      }
    }, {
      "uid" : "3e7e0eead5ff407",
      "status" : "passed",
      "time" : {
        "start" : 1590404446588,
        "stop" : 1590404453443,
        "duration" : 6855
      }
    }, {
      "uid" : "2eda906a4be2687a",
      "status" : "passed",
      "time" : {
        "start" : 1589610676888,
        "stop" : 1589610681280,
        "duration" : 4392
      }
    }, {
      "uid" : "9dd266b4d6ac1df4",
      "status" : "passed",
      "time" : {
        "start" : 1589609686313,
        "stop" : 1589609689987,
        "duration" : 3674
      }
    }, {
      "uid" : "ef8d26a494d074f7",
      "status" : "passed",
      "time" : {
        "start" : 1589609433369,
        "stop" : 1589609439758,
        "duration" : 6389
      }
    }, {
      "uid" : "2af3175b135307dc",
      "status" : "passed",
      "time" : {
        "start" : 1589608974903,
        "stop" : 1589608984022,
        "duration" : 9119
      }
    }, {
      "uid" : "62a401a9e897c78e",
      "status" : "broken",
      "statusDetails" : "selenium.common.exceptions.WebDriverException: Message: 'chromedriver.exe' executable needs to be in PATH. Please see https://sites.google.com/a/chromium.org/chromedriver/home",
      "time" : {
        "start" : 1589607870090,
        "stop" : 1589607870090,
        "duration" : 0
      }
    }, {
      "uid" : "c03965ba2d7e3719",
      "status" : "passed",
      "time" : {
        "start" : 1589606506825,
        "stop" : 1589606512442,
        "duration" : 5617
      }
    }, {
      "uid" : "e6c5636366e8c49a",
      "status" : "passed",
      "time" : {
        "start" : 1589597908616,
        "stop" : 1589597913749,
        "duration" : 5133
      }
    }, {
      "uid" : "3ffd678e94b6a30",
      "status" : "passed",
      "time" : {
        "start" : 1589596694675,
        "stop" : 1589596700847,
        "duration" : 6172
      }
    }, {
      "uid" : "ff438fecd5a7647",
      "status" : "passed",
      "time" : {
        "start" : 1589534537804,
        "stop" : 1589534547507,
        "duration" : 9703
      }
    }, {
      "uid" : "b4d00c9a3bb5f8ce",
      "status" : "passed",
      "time" : {
        "start" : 1589469158591,
        "stop" : 1589469165987,
        "duration" : 7396
      }
    }, {
      "uid" : "baed6ba13102f51b",
      "status" : "passed",
      "time" : {
        "start" : 1589386793429,
        "stop" : 1589386797793,
        "duration" : 4364
      }
    }, {
      "uid" : "af2e13934bd80db8",
      "status" : "passed",
      "time" : {
        "start" : 1589272121360,
        "stop" : 1589272133289,
        "duration" : 11929
      }
    }, {
      "uid" : "c6326058a982faa5",
      "status" : "passed",
      "time" : {
        "start" : 1589258688921,
        "stop" : 1589258693102,
        "duration" : 4181
      }
    }, {
      "uid" : "36bf9f9d356e0e51",
      "status" : "passed",
      "time" : {
        "start" : 1589258576003,
        "stop" : 1589258580810,
        "duration" : 4807
      }
    }, {
      "uid" : "ecbe816bfdb20873",
      "status" : "passed",
      "time" : {
        "start" : 1589255125370,
        "stop" : 1589255129871,
        "duration" : 4501
      }
    }, {
      "uid" : "6329887fc204e9d2",
      "status" : "passed",
      "time" : {
        "start" : 1589253209907,
        "stop" : 1589253213179,
        "duration" : 3272
      }
    }, {
      "uid" : "bbecf08bb19d72ed",
      "status" : "passed",
      "time" : {
        "start" : 1589216123780,
        "stop" : 1589216127482,
        "duration" : 3702
      }
    }, {
      "uid" : "ce69f7fe8329ac06",
      "status" : "passed",
      "time" : {
        "start" : 1589207731114,
        "stop" : 1589207735700,
        "duration" : 4586
      }
    }, {
      "uid" : "db41830039472990",
      "status" : "passed",
      "time" : {
        "start" : 1589206280843,
        "stop" : 1589206285319,
        "duration" : 4476
      }
    }, {
      "uid" : "49213a24263c9911",
      "status" : "passed",
      "time" : {
        "start" : 1589205355601,
        "stop" : 1589205359930,
        "duration" : 4329
      }
    }, {
      "uid" : "836b54b26d94a688",
      "status" : "passed",
      "time" : {
        "start" : 1589203304272,
        "stop" : 1589203308569,
        "duration" : 4297
      }
    }, {
      "uid" : "ee1f004661208e7c",
      "status" : "passed",
      "time" : {
        "start" : 1589163796202,
        "stop" : 1589163799025,
        "duration" : 2823
      }
    }, {
      "uid" : "5838d087f4084f1a",
      "status" : "passed",
      "time" : {
        "start" : 1589113065220,
        "stop" : 1589113070676,
        "duration" : 5456
      }
    }, {
      "uid" : "4c4a9949d3871221",
      "status" : "passed",
      "time" : {
        "start" : 1588853669216,
        "stop" : 1588853672884,
        "duration" : 3668
      }
    }, {
      "uid" : "5bdfb55e92294776",
      "status" : "passed",
      "time" : {
        "start" : 1588852342526,
        "stop" : 1588852350167,
        "duration" : 7641
      }
    } ],
    "categories" : [ {
      "name" : "Product defects",
      "matchedStatuses" : [ ],
      "flaky" : false
    } ],
    "history" : {
      "statistic" : {
        "failed" : 6,
        "broken" : 5,
        "skipped" : 0,
        "passed" : 33,
        "unknown" : 0,
        "total" : 44
      },
      "items" : [ {
        "uid" : "7f79e40527991234",
        "reportUrl" : "http://localhost:9090/jenkins/job/MattamyAutomationFramework/62/allure/#testresult/7f79e40527991234",
        "status" : "failed",
        "statusDetails" : "AssertionError",
        "time" : {
          "start" : 1591691609942,
          "stop" : 1591691635192,
          "duration" : 25250
        }
      }, {
        "uid" : "b740f3e5542d6b7d",
        "reportUrl" : "http://localhost:9090/jenkins/job/MattamyAutomationFramework/61/allure/#testresult/b740f3e5542d6b7d",
        "status" : "broken",
        "statusDetails" : "selenium.common.exceptions.NoSuchWindowException: Message: no such window: target window already closed\nfrom unknown error: web view not found\n  (Session info: chrome=83.0.4103.61)",
        "time" : {
          "start" : 1591432241115,
          "stop" : 1591432241120,
          "duration" : 5
        }
      }, {
        "uid" : "7567e001f3cc4000",
        "reportUrl" : "http://localhost:9090/jenkins/job/MattamyAutomationFramework/60/allure/#testresult/7567e001f3cc4000",
        "status" : "broken",
        "statusDetails" : "selenium.common.exceptions.NoSuchWindowException: Message: no such window: target window already closed\nfrom unknown error: web view not found\n  (Session info: chrome=83.0.4103.61)",
        "time" : {
          "start" : 1591432241115,
          "stop" : 1591432241120,
          "duration" : 5
        }
      }, {
        "uid" : "cd9935506b448f56",
        "reportUrl" : "http://localhost:9090/jenkins/job/MattamyAutomationFramework/59/allure/#testresult/cd9935506b448f56",
        "status" : "broken",
        "statusDetails" : "selenium.common.exceptions.NoSuchWindowException: Message: no such window: target window already closed\nfrom unknown error: web view not found\n  (Session info: chrome=83.0.4103.61)",
        "time" : {
          "start" : 1591432241115,
          "stop" : 1591432241120,
          "duration" : 5
        }
      }, {
        "uid" : "205f37c2ac29a6a8",
        "reportUrl" : "http://localhost:9090/jenkins/job/MattamyAutomationFramework/58/allure/#testresult/205f37c2ac29a6a8",
        "status" : "failed",
        "statusDetails" : "AssertionError",
        "time" : {
          "start" : 1591086864615,
          "stop" : 1591086889649,
          "duration" : 25034
        }
      }, {
        "uid" : "4fed23dfa24acd76",
        "reportUrl" : "http://localhost:9090/jenkins/job/MattamyAutomationFramework/57/allure/#testresult/4fed23dfa24acd76",
        "status" : "failed",
        "statusDetails" : "AssertionError",
        "time" : {
          "start" : 1591086864615,
          "stop" : 1591086889649,
          "duration" : 25034
        }
      }, {
        "uid" : "f581ce82cac24e21",
        "reportUrl" : "http://localhost:9090/jenkins/job/MattamyAutomationFramework/56/allure/#testresult/f581ce82cac24e21",
        "status" : "failed",
        "statusDetails" : "AssertionError",
        "time" : {
          "start" : 1591086864615,
          "stop" : 1591086889649,
          "duration" : 25034
        }
      }, {
        "uid" : "b47f0f360a62bfe3",
        "reportUrl" : "http://localhost:9090/jenkins/job/MattamyAutomationFramework/55/allure/#testresult/b47f0f360a62bfe3",
        "status" : "failed",
        "statusDetails" : "AssertionError",
        "time" : {
          "start" : 1591086864615,
          "stop" : 1591086889649,
          "duration" : 25034
        }
      }, {
        "uid" : "6e44c91ae42e3951",
        "reportUrl" : "http://localhost:9090/jenkins/job/MattamyAutomationFramework/54/allure/#testresult/6e44c91ae42e3951",
        "status" : "passed",
        "time" : {
          "start" : 1591000086367,
          "stop" : 1591000092976,
          "duration" : 6609
        }
      }, {
        "uid" : "935376c149e8f0b3",
        "reportUrl" : "http://localhost:9090/jenkins/job/MattamyAutomationFramework/53/allure/#testresult/935376c149e8f0b3",
        "status" : "passed",
        "time" : {
          "start" : 1590998609282,
          "stop" : 1590998613236,
          "duration" : 3954
        }
      }, {
        "uid" : "6accc99fa4b97c40",
        "reportUrl" : "http://localhost:9090/jenkins/job/MattamyAutomationFramework/52/allure/#testresult/6accc99fa4b97c40",
        "status" : "broken",
        "statusDetails" : "selenium.common.exceptions.SessionNotCreatedException: Message: session not created: This version of ChromeDriver only supports Chrome version 81",
        "time" : {
          "start" : 1590913648662,
          "stop" : 1590913648663,
          "duration" : 1
        }
      }, {
        "uid" : "bd93403aaa38f1ab",
        "reportUrl" : "http://localhost:9090/jenkins/job/MattamyAutomationFramework/51/allure/#testresult/bd93403aaa38f1ab",
        "status" : "passed",
        "time" : {
          "start" : 1590827304857,
          "stop" : 1590827309987,
          "duration" : 5130
        }
      }, {
        "uid" : "9e994029d2cd2cef",
        "reportUrl" : "http://localhost:9090/jenkins/job/MattamyAutomationFramework/50/allure/#testresult/9e994029d2cd2cef",
        "status" : "passed",
        "time" : {
          "start" : 1590740945055,
          "stop" : 1590740953600,
          "duration" : 8545
        }
      }, {
        "uid" : "dc381e8b7e396f8f",
        "reportUrl" : "http://localhost:9090/jenkins/job/MattamyAutomationFramework/49/allure/#testresult/dc381e8b7e396f8f",
        "status" : "broken",
        "statusDetails" : "selenium.common.exceptions.WebDriverException: Message: chrome not reachable\n  (Session info: chrome=81.0.4044.138)",
        "time" : {
          "start" : 1590654749043,
          "stop" : 1590654773108,
          "duration" : 24065
        }
      }, {
        "uid" : "183b6aedc9b8181f",
        "reportUrl" : "http://localhost:9090/jenkins/job/MattamyAutomationFramework/48/allure/#testresult/183b6aedc9b8181f",
        "status" : "passed",
        "time" : {
          "start" : 1590568879834,
          "stop" : 1590568884436,
          "duration" : 4602
        }
      }, {
        "uid" : "23dac74fefdf28cf",
        "reportUrl" : "http://localhost:9090/jenkins/job/MattamyAutomationFramework/47/allure/#testresult/23dac74fefdf28cf",
        "status" : "passed",
        "time" : {
          "start" : 1590405793348,
          "stop" : 1590405797305,
          "duration" : 3957
        }
      }, {
        "uid" : "f620b70c3dedfa6",
        "reportUrl" : "http://localhost:9090/jenkins/job/MattamyAutomationFramework/46/allure/#testresult/f620b70c3dedfa6",
        "status" : "passed",
        "time" : {
          "start" : 1590405793348,
          "stop" : 1590405797305,
          "duration" : 3957
        }
      }, {
        "uid" : "5c9ef4fe20746487",
        "reportUrl" : "http://localhost:9090/jenkins/job/MattamyAutomationFramework/45/allure/#testresult/5c9ef4fe20746487",
        "status" : "passed",
        "time" : {
          "start" : 1590404508973,
          "stop" : 1590404515767,
          "duration" : 6794
        }
      }, {
        "uid" : "e52a5173639df9c1",
        "reportUrl" : "http://localhost:9090/jenkins/job/MattamyAutomationFramework/43/allure/#testresult/e52a5173639df9c1",
        "status" : "passed",
        "time" : {
          "start" : 1589610676888,
          "stop" : 1589610681280,
          "duration" : 4392
        }
      }, {
        "uid" : "b6defea07b2dfdb2",
        "reportUrl" : "http://localhost:9090/jenkins/job/MattamyAutomationFramework/42/allure/#testresult/b6defea07b2dfdb2",
        "status" : "passed",
        "time" : {
          "start" : 1589610676888,
          "stop" : 1589610681280,
          "duration" : 4392
        }
      } ]
    },
    "tags" : [ ]
  },
  "source" : "9933e211f9119498.json",
  "parameterValues" : [ ]
}