{
  "uid" : "99c2d2368942e647",
  "name" : "test_homeownersLink",
  "fullName" : "test_regression_suite.FooterTests#test_homeownersLink",
  "historyId" : "fc4f39c3e5c51ff6f5556c63e96f7ded",
  "time" : {
    "start" : 1592046104764,
    "stop" : 1592046129655,
    "duration" : 24891
  },
  "status" : "failed",
  "statusMessage" : "AssertionError",
  "statusTrace" : "self = <tests.home.footer_test.FooterTests testMethod=test_homeownersLink>\n\n    def test_homeownersLink(self):\n        result = self.fp.getHomeownersLinkStatus()\n>       self.ts.markFinal(\"test_homeownersLink\", result, \"Footer_Verified Homeowners Link\")\n\nhome\\footer_test.py:40: \n_ _ _ _ _ _ _ _ _ _ _ _ _ _ _ _ _ _ _ _ _ _ _ _ _ _ _ _ _ _ _ _ _ _ _ _ _ _ _ _\n\nself = <utilities.casestatus.CaseStatus object at 0x000002152D54B940>\ntestName = 'test_homeownersLink', result = False\nresultMessage = 'Footer_Verified Homeowners Link'\n\n    def markFinal(self, testName, result, resultMessage):\n        \"\"\"\n        Mark the final result of verification point in a test case\n        This needs to be called at least once in a test case\n        This should be final test status of the test case\n        \"\"\"\n        self.setResult(result, resultMessage)\n    \n        if \"FAIL\" in self.resultList:\n            self.log.error(testName + \" Test Failed\")\n            self.resultList.clear()\n>           assert True == False\nE           AssertionError\n\n..\\utilities\\casestatus.py:74: AssertionError",
  "flaky" : true,
  "newFailed" : false,
  "beforeStages" : [ {
    "name" : "browser",
    "time" : {
      "start" : 1592045839483,
      "stop" : 1592045839483,
      "duration" : 0
    },
    "status" : "passed",
    "steps" : [ ],
    "attachments" : [ ],
    "parameters" : [ ],
    "hasContent" : false,
    "stepsCount" : 0,
    "attachmentsCount" : 0,
    "shouldDisplayMessage" : false
  }, {
    "name" : "classSetUp",
    "time" : {
      "start" : 1592046104763,
      "stop" : 1592046104763,
      "duration" : 0
    },
    "status" : "passed",
    "steps" : [ ],
    "attachments" : [ ],
    "parameters" : [ ],
    "hasContent" : false,
    "stepsCount" : 0,
    "attachmentsCount" : 0,
    "shouldDisplayMessage" : false
  }, {
    "name" : "oneTimeSetUp",
    "time" : {
      "start" : 1592045839484,
      "stop" : 1592045892569,
      "duration" : 53085
    },
    "status" : "passed",
    "steps" : [ ],
    "attachments" : [ ],
    "parameters" : [ ],
    "hasContent" : false,
    "stepsCount" : 0,
    "attachmentsCount" : 0,
    "shouldDisplayMessage" : false
  }, {
    "name" : "_UnitTestCase__pytest_class_setup",
    "time" : {
      "start" : 1592045839483,
      "stop" : 1592045839483,
      "duration" : 0
    },
    "status" : "passed",
    "steps" : [ ],
    "attachments" : [ ],
    "parameters" : [ ],
    "hasContent" : false,
    "stepsCount" : 0,
    "attachmentsCount" : 0,
    "shouldDisplayMessage" : false
  } ],
  "testStage" : {
    "status" : "failed",
    "statusMessage" : "AssertionError",
    "statusTrace" : "self = <tests.home.footer_test.FooterTests testMethod=test_homeownersLink>\n\n    def test_homeownersLink(self):\n        result = self.fp.getHomeownersLinkStatus()\n>       self.ts.markFinal(\"test_homeownersLink\", result, \"Footer_Verified Homeowners Link\")\n\nhome\\footer_test.py:40: \n_ _ _ _ _ _ _ _ _ _ _ _ _ _ _ _ _ _ _ _ _ _ _ _ _ _ _ _ _ _ _ _ _ _ _ _ _ _ _ _\n\nself = <utilities.casestatus.CaseStatus object at 0x000002152D54B940>\ntestName = 'test_homeownersLink', result = False\nresultMessage = 'Footer_Verified Homeowners Link'\n\n    def markFinal(self, testName, result, resultMessage):\n        \"\"\"\n        Mark the final result of verification point in a test case\n        This needs to be called at least once in a test case\n        This should be final test status of the test case\n        \"\"\"\n        self.setResult(result, resultMessage)\n    \n        if \"FAIL\" in self.resultList:\n            self.log.error(testName + \" Test Failed\")\n            self.resultList.clear()\n>           assert True == False\nE           AssertionError\n\n..\\utilities\\casestatus.py:74: AssertionError",
    "steps" : [ ],
    "attachments" : [ {
      "uid" : "b212478e7a05bd7d",
      "name" : "Footer_Verified Homeowners Link.1592046129653",
      "source" : "b212478e7a05bd7d.png",
      "type" : "image/png",
      "size" : 506639
    }, {
      "uid" : "5c42f68a7028d845",
      "name" : "log",
      "source" : "5c42f68a7028d845.txt",
      "type" : "text/plain",
      "size" : 1153
    }, {
      "uid" : "d7a26668ae427957",
      "name" : "stdout",
      "source" : "d7a26668ae427957.txt",
      "type" : "text/plain",
      "size" : 22
    } ],
    "parameters" : [ ],
    "hasContent" : true,
    "stepsCount" : 0,
    "attachmentsCount" : 3,
    "shouldDisplayMessage" : true
  },
  "afterStages" : [ {
    "name" : "oneTimeSetUp::0",
    "time" : {
      "start" : 1592046301854,
      "stop" : 1592046304062,
      "duration" : 2208
    },
    "status" : "passed",
    "steps" : [ ],
    "attachments" : [ ],
    "parameters" : [ ],
    "hasContent" : false,
    "stepsCount" : 0,
    "attachmentsCount" : 0,
    "shouldDisplayMessage" : false
  }, {
    "name" : "_UnitTestCase__pytest_class_setup::0",
    "time" : {
      "start" : 1592046304069,
      "stop" : 1592046304069,
      "duration" : 0
    },
    "status" : "passed",
    "steps" : [ ],
    "attachments" : [ ],
    "parameters" : [ ],
    "hasContent" : false,
    "stepsCount" : 0,
    "attachmentsCount" : 0,
    "shouldDisplayMessage" : false
  } ],
  "labels" : [ {
    "name" : "suite",
    "value" : "test_regression_suite"
  }, {
    "name" : "subSuite",
    "value" : "FooterTests"
  }, {
    "name" : "host",
    "value" : "EXIPC0154"
  }, {
    "name" : "thread",
    "value" : "11832-MainThread"
  }, {
    "name" : "framework",
    "value" : "pytest"
  }, {
    "name" : "language",
    "value" : "cpython3"
  }, {
    "name" : "package",
    "value" : "test_regression_suite"
  }, {
    "name" : "resultFormat",
    "value" : "allure2"
  } ],
  "parameters" : [ ],
  "links" : [ ],
  "hidden" : false,
  "retry" : false,
  "extra" : {
    "severity" : "normal",
    "retries" : [ {
      "uid" : "e5be7a4cabda0691",
      "status" : "failed",
      "statusDetails" : "AssertionError",
      "time" : {
        "start" : 1591950781010,
        "stop" : 1591950805553,
        "duration" : 24543
      }
    }, {
      "uid" : "bc907ff9a10e3b53",
      "status" : "failed",
      "statusDetails" : "AssertionError",
      "time" : {
        "start" : 1591865410175,
        "stop" : 1591865434472,
        "duration" : 24297
      }
    }, {
      "uid" : "30af5f029ae847d0",
      "status" : "passed",
      "time" : {
        "start" : 1591778314338,
        "stop" : 1591778315303,
        "duration" : 965
      }
    }, {
      "uid" : "9e44e716948edee2",
      "status" : "failed",
      "statusDetails" : "AssertionError",
      "time" : {
        "start" : 1591691537393,
        "stop" : 1591691562400,
        "duration" : 25007
      }
    }, {
      "uid" : "c14abb37aef56bad",
      "status" : "broken",
      "statusDetails" : "selenium.common.exceptions.NoSuchWindowException: Message: no such window: target window already closed\nfrom unknown error: web view not found\n  (Session info: chrome=83.0.4103.61)",
      "time" : {
        "start" : 1591432240737,
        "stop" : 1591432240743,
        "duration" : 6
      }
    }, {
      "uid" : "f9b14387b9fc540c",
      "status" : "failed",
      "statusDetails" : "AssertionError",
      "time" : {
        "start" : 1591086792749,
        "stop" : 1591086817331,
        "duration" : 24582
      }
    }, {
      "uid" : "26f45e67fef4f7ea",
      "status" : "passed",
      "time" : {
        "start" : 1591000076150,
        "stop" : 1591000077584,
        "duration" : 1434
      }
    }, {
      "uid" : "d3d057e14bf1fee5",
      "status" : "passed",
      "time" : {
        "start" : 1590998600328,
        "stop" : 1590998601299,
        "duration" : 971
      }
    }, {
      "uid" : "cde409853647c2c8",
      "status" : "broken",
      "statusDetails" : "selenium.common.exceptions.SessionNotCreatedException: Message: session not created: This version of ChromeDriver only supports Chrome version 81",
      "time" : {
        "start" : 1590913648111,
        "stop" : 1590913648111,
        "duration" : 0
      }
    }, {
      "uid" : "87cfb01dad7536bf",
      "status" : "passed",
      "time" : {
        "start" : 1590827295013,
        "stop" : 1590827296514,
        "duration" : 1501
      }
    }, {
      "uid" : "8a7aca41974ae1a8",
      "status" : "passed",
      "time" : {
        "start" : 1590740933859,
        "stop" : 1590740935321,
        "duration" : 1462
      }
    }, {
      "uid" : "363b9b916682234d",
      "status" : "broken",
      "statusDetails" : "selenium.common.exceptions.WebDriverException: Message: chrome not reachable\n  (Session info: chrome=81.0.4044.138)",
      "time" : {
        "start" : 1590654676358,
        "stop" : 1590654700421,
        "duration" : 24063
      }
    }, {
      "uid" : "62ebb6fd03de762d",
      "status" : "passed",
      "time" : {
        "start" : 1590568870344,
        "stop" : 1590568871452,
        "duration" : 1108
      }
    }, {
      "uid" : "564d1916961055f7",
      "status" : "passed",
      "time" : {
        "start" : 1590405784511,
        "stop" : 1590405785965,
        "duration" : 1454
      }
    }, {
      "uid" : "310cc57477b5d8cf",
      "status" : "passed",
      "time" : {
        "start" : 1590404497190,
        "stop" : 1590404498528,
        "duration" : 1338
      }
    }, {
      "uid" : "847969ef86f568a3",
      "status" : "passed",
      "time" : {
        "start" : 1590404433790,
        "stop" : 1590404435856,
        "duration" : 2066
      }
    }, {
      "uid" : "ce0dcda4a1e12fac",
      "status" : "passed",
      "time" : {
        "start" : 1589610664086,
        "stop" : 1589610665366,
        "duration" : 1280
      }
    }, {
      "uid" : "da68e163b52a237f",
      "status" : "passed",
      "time" : {
        "start" : 1589609673185,
        "stop" : 1589609675279,
        "duration" : 2094
      }
    }, {
      "uid" : "23bac24af406f853",
      "status" : "passed",
      "time" : {
        "start" : 1589609421695,
        "stop" : 1589609423163,
        "duration" : 1468
      }
    }, {
      "uid" : "e8afedd45c7bba56",
      "status" : "passed",
      "time" : {
        "start" : 1589608961390,
        "stop" : 1589608962753,
        "duration" : 1363
      }
    }, {
      "uid" : "9138e7d0d5c40ffb",
      "status" : "broken",
      "statusDetails" : "selenium.common.exceptions.WebDriverException: Message: 'chromedriver.exe' executable needs to be in PATH. Please see https://sites.google.com/a/chromium.org/chromedriver/home",
      "time" : {
        "start" : 1589607869021,
        "stop" : 1589607869021,
        "duration" : 0
      }
    }, {
      "uid" : "b5eac337cd371f9e",
      "status" : "passed",
      "time" : {
        "start" : 1589606497169,
        "stop" : 1589606498307,
        "duration" : 1138
      }
    }, {
      "uid" : "dd99773171b4a375",
      "status" : "passed",
      "time" : {
        "start" : 1589597897629,
        "stop" : 1589597899377,
        "duration" : 1748
      }
    }, {
      "uid" : "1925def6d09466e3",
      "status" : "passed",
      "time" : {
        "start" : 1589596682828,
        "stop" : 1589596684335,
        "duration" : 1507
      }
    }, {
      "uid" : "808f49fa49a0635d",
      "status" : "passed",
      "time" : {
        "start" : 1589534511055,
        "stop" : 1589534512510,
        "duration" : 1455
      }
    }, {
      "uid" : "b7c0b00fd55d9d2e",
      "status" : "failed",
      "statusDetails" : "AssertionError",
      "time" : {
        "start" : 1589469146544,
        "stop" : 1589469148165,
        "duration" : 1621
      }
    }, {
      "uid" : "c31106897de4dfed",
      "status" : "failed",
      "statusDetails" : "AssertionError",
      "time" : {
        "start" : 1589386783890,
        "stop" : 1589386785192,
        "duration" : 1302
      }
    }, {
      "uid" : "86f5fdbafc8a919",
      "status" : "failed",
      "statusDetails" : "AssertionError",
      "time" : {
        "start" : 1589272056622,
        "stop" : 1589272057584,
        "duration" : 962
      }
    }, {
      "uid" : "44c262e4b5cae6f0",
      "status" : "failed",
      "statusDetails" : "AssertionError",
      "time" : {
        "start" : 1589258679213,
        "stop" : 1589258680068,
        "duration" : 855
      }
    }, {
      "uid" : "fcb8309b3bf64c18",
      "status" : "failed",
      "statusDetails" : "AssertionError",
      "time" : {
        "start" : 1589258568126,
        "stop" : 1589258569220,
        "duration" : 1094
      }
    }, {
      "uid" : "3abebe98e62e7577",
      "status" : "failed",
      "statusDetails" : "AssertionError",
      "time" : {
        "start" : 1589255121505,
        "stop" : 1589255122481,
        "duration" : 976
      }
    }, {
      "uid" : "430915982d09ede3",
      "status" : "failed",
      "statusDetails" : "AssertionError",
      "time" : {
        "start" : 1589253205962,
        "stop" : 1589253206989,
        "duration" : 1027
      }
    }, {
      "uid" : "98bbd216f106fea9",
      "status" : "failed",
      "statusDetails" : "AssertionError",
      "time" : {
        "start" : 1589216120445,
        "stop" : 1589216121370,
        "duration" : 925
      }
    }, {
      "uid" : "1d69fd9bbba4e801",
      "status" : "failed",
      "statusDetails" : "AssertionError",
      "time" : {
        "start" : 1589207726188,
        "stop" : 1589207727137,
        "duration" : 949
      }
    }, {
      "uid" : "75195536f960c209",
      "status" : "failed",
      "statusDetails" : "AssertionError",
      "time" : {
        "start" : 1589206275293,
        "stop" : 1589206276198,
        "duration" : 905
      }
    }, {
      "uid" : "cc48b9ddd7b68c0b",
      "status" : "failed",
      "statusDetails" : "AssertionError",
      "time" : {
        "start" : 1589205351791,
        "stop" : 1589205353045,
        "duration" : 1254
      }
    }, {
      "uid" : "a86af54b452840a6",
      "status" : "failed",
      "statusDetails" : "AssertionError",
      "time" : {
        "start" : 1589203300903,
        "stop" : 1589203301971,
        "duration" : 1068
      }
    }, {
      "uid" : "9043a3952965f43f",
      "status" : "failed",
      "statusDetails" : "AssertionError",
      "time" : {
        "start" : 1589163792661,
        "stop" : 1589163793620,
        "duration" : 959
      }
    }, {
      "uid" : "f9033816c84b890c",
      "status" : "failed",
      "statusDetails" : "AssertionError",
      "time" : {
        "start" : 1589113061481,
        "stop" : 1589113062362,
        "duration" : 881
      }
    }, {
      "uid" : "ebee5d9eb0461802",
      "status" : "failed",
      "statusDetails" : "AssertionError",
      "time" : {
        "start" : 1588853663259,
        "stop" : 1588853664053,
        "duration" : 794
      }
    }, {
      "uid" : "33144443ddc03c",
      "status" : "failed",
      "statusDetails" : "AssertionError",
      "time" : {
        "start" : 1588852338554,
        "stop" : 1588852339703,
        "duration" : 1149
      }
    } ],
    "categories" : [ {
      "name" : "Product defects",
      "matchedStatuses" : [ ],
      "flaky" : false
    } ],
    "history" : {
      "statistic" : {
        "failed" : 23,
        "broken" : 5,
        "skipped" : 0,
        "passed" : 19,
        "unknown" : 0,
        "total" : 47
      },
      "items" : [ {
        "uid" : "95ca08b4a5650197",
        "reportUrl" : "http://localhost:9090/jenkins/job/MattamyAutomationFramework/65/allure/#testresult/95ca08b4a5650197",
        "status" : "failed",
        "statusDetails" : "AssertionError",
        "time" : {
          "start" : 1591950781010,
          "stop" : 1591950805553,
          "duration" : 24543
        }
      }, {
        "uid" : "6e4488f42653720c",
        "reportUrl" : "http://localhost:9090/jenkins/job/MattamyAutomationFramework/64/allure/#testresult/6e4488f42653720c",
        "status" : "failed",
        "statusDetails" : "AssertionError",
        "time" : {
          "start" : 1591865410175,
          "stop" : 1591865434472,
          "duration" : 24297
        }
      }, {
        "uid" : "31098e4a66a98ad",
        "reportUrl" : "http://localhost:9090/jenkins/job/MattamyAutomationFramework/63/allure/#testresult/31098e4a66a98ad",
        "status" : "passed",
        "time" : {
          "start" : 1591778314338,
          "stop" : 1591778315303,
          "duration" : 965
        }
      }, {
        "uid" : "bac62915c3dd1edf",
        "reportUrl" : "http://localhost:9090/jenkins/job/MattamyAutomationFramework/62/allure/#testresult/bac62915c3dd1edf",
        "status" : "failed",
        "statusDetails" : "AssertionError",
        "time" : {
          "start" : 1591691537393,
          "stop" : 1591691562400,
          "duration" : 25007
        }
      }, {
        "uid" : "8d194c58027f10a1",
        "reportUrl" : "http://localhost:9090/jenkins/job/MattamyAutomationFramework/61/allure/#testresult/8d194c58027f10a1",
        "status" : "broken",
        "statusDetails" : "selenium.common.exceptions.NoSuchWindowException: Message: no such window: target window already closed\nfrom unknown error: web view not found\n  (Session info: chrome=83.0.4103.61)",
        "time" : {
          "start" : 1591432240737,
          "stop" : 1591432240743,
          "duration" : 6
        }
      }, {
        "uid" : "f00339436880476a",
        "reportUrl" : "http://localhost:9090/jenkins/job/MattamyAutomationFramework/60/allure/#testresult/f00339436880476a",
        "status" : "broken",
        "statusDetails" : "selenium.common.exceptions.NoSuchWindowException: Message: no such window: target window already closed\nfrom unknown error: web view not found\n  (Session info: chrome=83.0.4103.61)",
        "time" : {
          "start" : 1591432240737,
          "stop" : 1591432240743,
          "duration" : 6
        }
      }, {
        "uid" : "457e33341a18705",
        "reportUrl" : "http://localhost:9090/jenkins/job/MattamyAutomationFramework/59/allure/#testresult/457e33341a18705",
        "status" : "broken",
        "statusDetails" : "selenium.common.exceptions.NoSuchWindowException: Message: no such window: target window already closed\nfrom unknown error: web view not found\n  (Session info: chrome=83.0.4103.61)",
        "time" : {
          "start" : 1591432240737,
          "stop" : 1591432240743,
          "duration" : 6
        }
      }, {
        "uid" : "614000fef74eb97d",
        "reportUrl" : "http://localhost:9090/jenkins/job/MattamyAutomationFramework/58/allure/#testresult/614000fef74eb97d",
        "status" : "failed",
        "statusDetails" : "AssertionError",
        "time" : {
          "start" : 1591086792749,
          "stop" : 1591086817331,
          "duration" : 24582
        }
      }, {
        "uid" : "a9645067c42d1801",
        "reportUrl" : "http://localhost:9090/jenkins/job/MattamyAutomationFramework/57/allure/#testresult/a9645067c42d1801",
        "status" : "failed",
        "statusDetails" : "AssertionError",
        "time" : {
          "start" : 1591086792749,
          "stop" : 1591086817331,
          "duration" : 24582
        }
      }, {
        "uid" : "a0b11ca8ed2de97e",
        "reportUrl" : "http://localhost:9090/jenkins/job/MattamyAutomationFramework/56/allure/#testresult/a0b11ca8ed2de97e",
        "status" : "failed",
        "statusDetails" : "AssertionError",
        "time" : {
          "start" : 1591086792749,
          "stop" : 1591086817331,
          "duration" : 24582
        }
      }, {
        "uid" : "60c738b1fd8807de",
        "reportUrl" : "http://localhost:9090/jenkins/job/MattamyAutomationFramework/55/allure/#testresult/60c738b1fd8807de",
        "status" : "failed",
        "statusDetails" : "AssertionError",
        "time" : {
          "start" : 1591086792749,
          "stop" : 1591086817331,
          "duration" : 24582
        }
      }, {
        "uid" : "fe648eec92a2823f",
        "reportUrl" : "http://localhost:9090/jenkins/job/MattamyAutomationFramework/54/allure/#testresult/fe648eec92a2823f",
        "status" : "passed",
        "time" : {
          "start" : 1591000076150,
          "stop" : 1591000077584,
          "duration" : 1434
        }
      }, {
        "uid" : "8757ce4f818a5cf3",
        "reportUrl" : "http://localhost:9090/jenkins/job/MattamyAutomationFramework/53/allure/#testresult/8757ce4f818a5cf3",
        "status" : "passed",
        "time" : {
          "start" : 1590998600328,
          "stop" : 1590998601299,
          "duration" : 971
        }
      }, {
        "uid" : "5f5447d1bd9ae9a8",
        "reportUrl" : "http://localhost:9090/jenkins/job/MattamyAutomationFramework/52/allure/#testresult/5f5447d1bd9ae9a8",
        "status" : "broken",
        "statusDetails" : "selenium.common.exceptions.SessionNotCreatedException: Message: session not created: This version of ChromeDriver only supports Chrome version 81",
        "time" : {
          "start" : 1590913648111,
          "stop" : 1590913648111,
          "duration" : 0
        }
      }, {
        "uid" : "9534f198b55d4173",
        "reportUrl" : "http://localhost:9090/jenkins/job/MattamyAutomationFramework/51/allure/#testresult/9534f198b55d4173",
        "status" : "passed",
        "time" : {
          "start" : 1590827295013,
          "stop" : 1590827296514,
          "duration" : 1501
        }
      }, {
        "uid" : "e39ac13ec8e327b6",
        "reportUrl" : "http://localhost:9090/jenkins/job/MattamyAutomationFramework/50/allure/#testresult/e39ac13ec8e327b6",
        "status" : "passed",
        "time" : {
          "start" : 1590740933859,
          "stop" : 1590740935321,
          "duration" : 1462
        }
      }, {
        "uid" : "b0dcd21ab9dd5945",
        "reportUrl" : "http://localhost:9090/jenkins/job/MattamyAutomationFramework/49/allure/#testresult/b0dcd21ab9dd5945",
        "status" : "broken",
        "statusDetails" : "selenium.common.exceptions.WebDriverException: Message: chrome not reachable\n  (Session info: chrome=81.0.4044.138)",
        "time" : {
          "start" : 1590654676358,
          "stop" : 1590654700421,
          "duration" : 24063
        }
      }, {
        "uid" : "a7d31d45c899c24c",
        "reportUrl" : "http://localhost:9090/jenkins/job/MattamyAutomationFramework/48/allure/#testresult/a7d31d45c899c24c",
        "status" : "passed",
        "time" : {
          "start" : 1590568870344,
          "stop" : 1590568871452,
          "duration" : 1108
        }
      }, {
        "uid" : "63dde2bccab555a",
        "reportUrl" : "http://localhost:9090/jenkins/job/MattamyAutomationFramework/47/allure/#testresult/63dde2bccab555a",
        "status" : "passed",
        "time" : {
          "start" : 1590405784511,
          "stop" : 1590405785965,
          "duration" : 1454
        }
      }, {
        "uid" : "6774c9c99d0e8eb3",
        "reportUrl" : "http://localhost:9090/jenkins/job/MattamyAutomationFramework/46/allure/#testresult/6774c9c99d0e8eb3",
        "status" : "passed",
        "time" : {
          "start" : 1590405784511,
          "stop" : 1590405785965,
          "duration" : 1454
        }
      } ]
    },
    "tags" : [ ]
  },
  "source" : "99c2d2368942e647.json",
  "parameterValues" : [ ]
}