{
  "uid" : "9d1f0108702e4665",
  "name" : "test_accessibilityLink",
  "fullName" : "test_regression_suite.FooterTests#test_accessibilityLink",
  "historyId" : "a59194b10acd0ba8d82c13d9f5d7a51c",
  "time" : {
    "start" : 1594024156935,
    "stop" : 1594024183788,
    "duration" : 26853
  },
  "status" : "failed",
  "statusMessage" : "AssertionError",
  "statusTrace" : "self = <tests.home.footer_test.FooterTests testMethod=test_accessibilityLink>\n\n    def test_accessibilityLink(self):\n        result = self.fp.getAccessibilityLinkStatus()\n>       self.ts.markFinal(\"test_accessibilityLink\", result, \"Footer_Verified Accessibility Link\")\n\nhome\\footer_test.py:80: \n_ _ _ _ _ _ _ _ _ _ _ _ _ _ _ _ _ _ _ _ _ _ _ _ _ _ _ _ _ _ _ _ _ _ _ _ _ _ _ _\n\nself = <utilities.casestatus.CaseStatus object at 0x00000245DCB937C0>\ntestName = 'test_accessibilityLink', result = False\nresultMessage = 'Footer_Verified Accessibility Link'\n\n    def markFinal(self, testName, result, resultMessage):\n        \"\"\"\n        Mark the final result of verification point in a test case\n        This needs to be called at least once in a test case\n        This should be final test status of the test case\n        \"\"\"\n        self.setResult(result, resultMessage)\n    \n        if \"FAIL\" in self.resultList:\n            self.log.error(testName + \" Test Failed\")\n            self.resultList.clear()\n>           assert True == False\nE           AssertionError\n\n..\\utilities\\casestatus.py:74: AssertionError",
  "flaky" : false,
  "newFailed" : false,
  "beforeStages" : [ {
    "name" : "classSetUp",
    "time" : {
      "start" : 1594024156933,
      "stop" : 1594024156933,
      "duration" : 0
    },
    "status" : "passed",
    "steps" : [ ],
    "attachments" : [ ],
    "parameters" : [ ],
    "stepsCount" : 0,
    "hasContent" : false,
    "attachmentsCount" : 0,
    "shouldDisplayMessage" : false
  }, {
    "name" : "oneTimeSetUp",
    "time" : {
      "start" : 1594024125127,
      "stop" : 1594024156933,
      "duration" : 31806
    },
    "status" : "passed",
    "steps" : [ ],
    "attachments" : [ ],
    "parameters" : [ ],
    "stepsCount" : 0,
    "hasContent" : false,
    "attachmentsCount" : 0,
    "shouldDisplayMessage" : false
  }, {
    "name" : "_UnitTestCase__pytest_class_setup",
    "time" : {
      "start" : 1594024125125,
      "stop" : 1594024125125,
      "duration" : 0
    },
    "status" : "passed",
    "steps" : [ ],
    "attachments" : [ ],
    "parameters" : [ ],
    "stepsCount" : 0,
    "hasContent" : false,
    "attachmentsCount" : 0,
    "shouldDisplayMessage" : false
  }, {
    "name" : "browser",
    "time" : {
      "start" : 1594024125126,
      "stop" : 1594024125127,
      "duration" : 1
    },
    "status" : "passed",
    "steps" : [ ],
    "attachments" : [ ],
    "parameters" : [ ],
    "stepsCount" : 0,
    "hasContent" : false,
    "attachmentsCount" : 0,
    "shouldDisplayMessage" : false
  } ],
  "testStage" : {
    "status" : "failed",
    "statusMessage" : "AssertionError",
    "statusTrace" : "self = <tests.home.footer_test.FooterTests testMethod=test_accessibilityLink>\n\n    def test_accessibilityLink(self):\n        result = self.fp.getAccessibilityLinkStatus()\n>       self.ts.markFinal(\"test_accessibilityLink\", result, \"Footer_Verified Accessibility Link\")\n\nhome\\footer_test.py:80: \n_ _ _ _ _ _ _ _ _ _ _ _ _ _ _ _ _ _ _ _ _ _ _ _ _ _ _ _ _ _ _ _ _ _ _ _ _ _ _ _\n\nself = <utilities.casestatus.CaseStatus object at 0x00000245DCB937C0>\ntestName = 'test_accessibilityLink', result = False\nresultMessage = 'Footer_Verified Accessibility Link'\n\n    def markFinal(self, testName, result, resultMessage):\n        \"\"\"\n        Mark the final result of verification point in a test case\n        This needs to be called at least once in a test case\n        This should be final test status of the test case\n        \"\"\"\n        self.setResult(result, resultMessage)\n    \n        if \"FAIL\" in self.resultList:\n            self.log.error(testName + \" Test Failed\")\n            self.resultList.clear()\n>           assert True == False\nE           AssertionError\n\n..\\utilities\\casestatus.py:74: AssertionError",
    "steps" : [ ],
    "attachments" : [ {
      "uid" : "fb5946397c8404e7",
      "name" : "Footer_Verified Accessibility Link.1594024183784",
      "source" : "fb5946397c8404e7.png",
      "type" : "image/png",
      "size" : 613135
    }, {
      "uid" : "6ba19bcc49038a6f",
      "name" : "log",
      "source" : "6ba19bcc49038a6f.txt",
      "type" : "text/plain",
      "size" : 1947
    }, {
      "uid" : "6b935f5070b888ad",
      "name" : "stdout",
      "source" : "6b935f5070b888ad.txt",
      "type" : "text/plain",
      "size" : 33
    } ],
    "parameters" : [ ],
    "stepsCount" : 0,
    "hasContent" : true,
    "attachmentsCount" : 3,
    "shouldDisplayMessage" : true
  },
  "afterStages" : [ {
    "name" : "oneTimeSetUp::0",
    "time" : {
      "start" : 1594024570762,
      "stop" : 1594024573010,
      "duration" : 2248
    },
    "status" : "passed",
    "steps" : [ ],
    "attachments" : [ ],
    "parameters" : [ ],
    "stepsCount" : 0,
    "hasContent" : false,
    "attachmentsCount" : 0,
    "shouldDisplayMessage" : false
  }, {
    "name" : "_UnitTestCase__pytest_class_setup::0",
    "time" : {
      "start" : 1594024573016,
      "stop" : 1594024573016,
      "duration" : 0
    },
    "status" : "passed",
    "steps" : [ ],
    "attachments" : [ ],
    "parameters" : [ ],
    "stepsCount" : 0,
    "hasContent" : false,
    "attachmentsCount" : 0,
    "shouldDisplayMessage" : false
  } ],
  "labels" : [ {
    "name" : "suite",
    "value" : "test_regression_suite"
  }, {
    "name" : "subSuite",
    "value" : "FooterTests"
  }, {
    "name" : "host",
    "value" : "EXIPC0154"
  }, {
    "name" : "thread",
    "value" : "5824-MainThread"
  }, {
    "name" : "framework",
    "value" : "pytest"
  }, {
    "name" : "language",
    "value" : "cpython3"
  }, {
    "name" : "package",
    "value" : "test_regression_suite"
  }, {
    "name" : "resultFormat",
    "value" : "allure2"
  } ],
  "parameters" : [ ],
  "links" : [ ],
  "hidden" : false,
  "retry" : false,
  "extra" : {
    "severity" : "normal",
    "retries" : [ {
      "uid" : "9b056f0d393df116",
      "status" : "failed",
      "statusDetails" : "AssertionError",
      "time" : {
        "start" : 1593967509171,
        "stop" : 1593967533711,
        "duration" : 24540
      }
    }, {
      "uid" : "85dc153ef80b2ec5",
      "status" : "failed",
      "statusDetails" : "AssertionError",
      "time" : {
        "start" : 1593966720788,
        "stop" : 1593966745626,
        "duration" : 24838
      }
    }, {
      "uid" : "45f3ba8f30686db9",
      "status" : "broken",
      "statusDetails" : "selenium.common.exceptions.TimeoutException: Message: timeout: Timed out receiving message from renderer: 10.000\n  (Session info: chrome=83.0.4103.116)",
      "time" : {
        "start" : 1593678559772,
        "stop" : 1593678829823,
        "duration" : 270051
      }
    }, {
      "uid" : "3065e6618d5d8eae",
      "status" : "broken",
      "statusDetails" : "selenium.common.exceptions.TimeoutException: Message: timeout: Timed out receiving message from renderer: 10.000\n  (Session info: chrome=83.0.4103.116)",
      "time" : {
        "start" : 1593419328831,
        "stop" : 1593419598475,
        "duration" : 269644
      }
    }, {
      "uid" : "ec7f24c3c607f40d",
      "status" : "failed",
      "statusDetails" : "AssertionError",
      "time" : {
        "start" : 1593333785067,
        "stop" : 1593333809389,
        "duration" : 24322
      }
    }, {
      "uid" : "bc07cad0209e5c6e",
      "status" : "failed",
      "statusDetails" : "AssertionError",
      "time" : {
        "start" : 1593314857753,
        "stop" : 1593314947558,
        "duration" : 89805
      }
    }, {
      "uid" : "bc5ee1d73bdec457",
      "status" : "failed",
      "statusDetails" : "AssertionError",
      "time" : {
        "start" : 1593184669865,
        "stop" : 1593184875200,
        "duration" : 205335
      }
    }, {
      "uid" : "3f6520f272d47a24",
      "status" : "failed",
      "statusDetails" : "AssertionError",
      "time" : {
        "start" : 1593074712633,
        "stop" : 1593074779813,
        "duration" : 67180
      }
    }, {
      "uid" : "b1822df39b184969",
      "status" : "failed",
      "statusDetails" : "AssertionError",
      "time" : {
        "start" : 1592814528225,
        "stop" : 1592814552621,
        "duration" : 24396
      }
    }, {
      "uid" : "78d69bb3d32eb335",
      "status" : "failed",
      "statusDetails" : "AssertionError",
      "time" : {
        "start" : 1592797116319,
        "stop" : 1592797141811,
        "duration" : 25492
      }
    }, {
      "uid" : "c45c31a28ecb6fd5",
      "status" : "failed",
      "statusDetails" : "AssertionError",
      "time" : {
        "start" : 1592555352535,
        "stop" : 1592555377421,
        "duration" : 24886
      }
    }, {
      "uid" : "94736997f4bc2e9",
      "status" : "failed",
      "statusDetails" : "AssertionError",
      "time" : {
        "start" : 1592123361169,
        "stop" : 1592123385191,
        "duration" : 24022
      }
    }, {
      "uid" : "e0b1068294369db1",
      "status" : "failed",
      "statusDetails" : "AssertionError",
      "time" : {
        "start" : 1592045892572,
        "stop" : 1592045917733,
        "duration" : 25161
      }
    }, {
      "uid" : "443ccbab03ede34c",
      "status" : "failed",
      "statusDetails" : "AssertionError",
      "time" : {
        "start" : 1591950566767,
        "stop" : 1591950593257,
        "duration" : 26490
      }
    }, {
      "uid" : "c93df63d1b38d47c",
      "status" : "failed",
      "statusDetails" : "AssertionError",
      "time" : {
        "start" : 1591865201240,
        "stop" : 1591865225488,
        "duration" : 24248
      }
    }, {
      "uid" : "496a996f756ebf77",
      "status" : "passed",
      "time" : {
        "start" : 1591777725561,
        "stop" : 1591777735608,
        "duration" : 10047
      }
    }, {
      "uid" : "eedeeebe232b885c",
      "status" : "failed",
      "statusDetails" : "AssertionError",
      "time" : {
        "start" : 1591691322650,
        "stop" : 1591691347687,
        "duration" : 25037
      }
    }, {
      "uid" : "f32a3690f3c4d038",
      "status" : "failed",
      "statusDetails" : "AssertionError",
      "time" : {
        "start" : 1591432135513,
        "stop" : 1591432161195,
        "duration" : 25682
      }
    }, {
      "uid" : "99547895679d9770",
      "status" : "failed",
      "statusDetails" : "AssertionError",
      "time" : {
        "start" : 1591086577757,
        "stop" : 1591086602901,
        "duration" : 25144
      }
    }, {
      "uid" : "a5b5223ab0d5e654",
      "status" : "passed",
      "time" : {
        "start" : 1591000065407,
        "stop" : 1591000067067,
        "duration" : 1660
      }
    }, {
      "uid" : "a4c316a7c24bf1a2",
      "status" : "passed",
      "time" : {
        "start" : 1590998590202,
        "stop" : 1590998591647,
        "duration" : 1445
      }
    }, {
      "uid" : "9c0d79d658820442",
      "status" : "broken",
      "statusDetails" : "selenium.common.exceptions.SessionNotCreatedException: Message: session not created: This version of ChromeDriver only supports Chrome version 81",
      "time" : {
        "start" : 1590913643106,
        "stop" : 1590913643106,
        "duration" : 0
      }
    }, {
      "uid" : "b4dfafc28e47d11",
      "status" : "passed",
      "time" : {
        "start" : 1590827279806,
        "stop" : 1590827281730,
        "duration" : 1924
      }
    }, {
      "uid" : "56d4acb1e9304259",
      "status" : "failed",
      "statusDetails" : "AssertionError",
      "time" : {
        "start" : 1590740896444,
        "stop" : 1590740921747,
        "duration" : 25303
      }
    }, {
      "uid" : "4912e54bd8bbeb81",
      "status" : "passed",
      "time" : {
        "start" : 1590654502395,
        "stop" : 1590654504138,
        "duration" : 1743
      }
    }, {
      "uid" : "bce6358103b81a7d",
      "status" : "passed",
      "time" : {
        "start" : 1590568859265,
        "stop" : 1590568861258,
        "duration" : 1993
      }
    }, {
      "uid" : "2a58c9d21e1f8c6c",
      "status" : "passed",
      "time" : {
        "start" : 1590405774991,
        "stop" : 1590405776392,
        "duration" : 1401
      }
    }, {
      "uid" : "57d693179abaff0a",
      "status" : "passed",
      "time" : {
        "start" : 1590404480617,
        "stop" : 1590404483409,
        "duration" : 2792
      }
    }, {
      "uid" : "32c0bf8734cdd0ce",
      "status" : "passed",
      "time" : {
        "start" : 1590404420052,
        "stop" : 1590404422114,
        "duration" : 2062
      }
    }, {
      "uid" : "f500f5bcbb869f10",
      "status" : "passed",
      "time" : {
        "start" : 1589610651672,
        "stop" : 1589610653891,
        "duration" : 2219
      }
    }, {
      "uid" : "e607ca98721cd807",
      "status" : "passed",
      "time" : {
        "start" : 1589609659197,
        "stop" : 1589609661494,
        "duration" : 2297
      }
    }, {
      "uid" : "2ec5104c37a13ff7",
      "status" : "passed",
      "time" : {
        "start" : 1589609410347,
        "stop" : 1589609412292,
        "duration" : 1945
      }
    }, {
      "uid" : "f6356e0c9e96f49c",
      "status" : "passed",
      "time" : {
        "start" : 1589608948456,
        "stop" : 1589608950711,
        "duration" : 2255
      }
    }, {
      "uid" : "e319ff920c9bd046",
      "status" : "broken",
      "statusDetails" : "selenium.common.exceptions.WebDriverException: Message: 'chromedriver.exe' executable needs to be in PATH. Please see https://sites.google.com/a/chromium.org/chromedriver/home",
      "time" : {
        "start" : 1589607866105,
        "stop" : 1589607866105,
        "duration" : 0
      }
    }, {
      "uid" : "3e42cf1fd86fff90",
      "status" : "passed",
      "time" : {
        "start" : 1589606486372,
        "stop" : 1589606488129,
        "duration" : 1757
      }
    }, {
      "uid" : "dda2e704498e233d",
      "status" : "passed",
      "time" : {
        "start" : 1589597885290,
        "stop" : 1589597887238,
        "duration" : 1948
      }
    }, {
      "uid" : "dae178acc078b093",
      "status" : "passed",
      "time" : {
        "start" : 1589596669569,
        "stop" : 1589596671656,
        "duration" : 2087
      }
    }, {
      "uid" : "2385cb0240954c13",
      "status" : "passed",
      "time" : {
        "start" : 1589534477096,
        "stop" : 1589534487731,
        "duration" : 10635
      }
    }, {
      "uid" : "cb60c21e211e3f7f",
      "status" : "passed",
      "time" : {
        "start" : 1589469130596,
        "stop" : 1589469133451,
        "duration" : 2855
      }
    }, {
      "uid" : "d9985a0e5e9a4923",
      "status" : "passed",
      "time" : {
        "start" : 1589386774139,
        "stop" : 1589386775511,
        "duration" : 1372
      }
    }, {
      "uid" : "231fd325c68b3acd",
      "status" : "passed",
      "time" : {
        "start" : 1589272037109,
        "stop" : 1589272039333,
        "duration" : 2224
      }
    }, {
      "uid" : "8239a4318e2594b",
      "status" : "failed",
      "statusDetails" : "AssertionError",
      "time" : {
        "start" : 1589258671391,
        "stop" : 1589258672414,
        "duration" : 1023
      }
    }, {
      "uid" : "a55d9841ceaf3046",
      "status" : "failed",
      "statusDetails" : "AssertionError",
      "time" : {
        "start" : 1589258558514,
        "stop" : 1589258559870,
        "duration" : 1356
      }
    }, {
      "uid" : "5284d6e2c04e011b",
      "status" : "failed",
      "statusDetails" : "AssertionError",
      "time" : {
        "start" : 1589255112143,
        "stop" : 1589255113794,
        "duration" : 1651
      }
    }, {
      "uid" : "14f537696ef9640e",
      "status" : "failed",
      "statusDetails" : "AssertionError",
      "time" : {
        "start" : 1589253197724,
        "stop" : 1589253198619,
        "duration" : 895
      }
    }, {
      "uid" : "1b80e459a69273a7",
      "status" : "failed",
      "statusDetails" : "AssertionError",
      "time" : {
        "start" : 1589216112494,
        "stop" : 1589216113555,
        "duration" : 1061
      }
    }, {
      "uid" : "59a9357e7d905cbb",
      "status" : "failed",
      "statusDetails" : "AssertionError",
      "time" : {
        "start" : 1589207717921,
        "stop" : 1589207718888,
        "duration" : 967
      }
    }, {
      "uid" : "60db8c3f765d2d8b",
      "status" : "failed",
      "statusDetails" : "AssertionError",
      "time" : {
        "start" : 1589206266647,
        "stop" : 1589206267712,
        "duration" : 1065
      }
    }, {
      "uid" : "7542ed8981b0bdcc",
      "status" : "failed",
      "statusDetails" : "AssertionError",
      "time" : {
        "start" : 1589205341435,
        "stop" : 1589205342473,
        "duration" : 1038
      }
    }, {
      "uid" : "6c70d9a87284b5a1",
      "status" : "failed",
      "statusDetails" : "AssertionError",
      "time" : {
        "start" : 1589203291097,
        "stop" : 1589203292341,
        "duration" : 1244
      }
    }, {
      "uid" : "b2e9133b4c29b53e",
      "status" : "failed",
      "statusDetails" : "AssertionError",
      "time" : {
        "start" : 1589163784249,
        "stop" : 1589163785330,
        "duration" : 1081
      }
    }, {
      "uid" : "f4c55cf68c163a50",
      "status" : "failed",
      "statusDetails" : "AssertionError",
      "time" : {
        "start" : 1589113044013,
        "stop" : 1589113051130,
        "duration" : 7117
      }
    }, {
      "uid" : "328703fc7136b665",
      "status" : "failed",
      "statusDetails" : "AssertionError",
      "time" : {
        "start" : 1588853649545,
        "stop" : 1588853650465,
        "duration" : 920
      }
    }, {
      "uid" : "8e77c8e170054ca5",
      "status" : "failed",
      "statusDetails" : "AssertionError",
      "time" : {
        "start" : 1588852328865,
        "stop" : 1588852330207,
        "duration" : 1342
      }
    } ],
    "categories" : [ {
      "name" : "Product defects",
      "matchedStatuses" : [ ],
      "flaky" : false
    } ],
    "history" : {
      "statistic" : {
        "failed" : 43,
        "broken" : 6,
        "skipped" : 0,
        "passed" : 22,
        "unknown" : 0,
        "total" : 71
      },
      "items" : [ {
        "uid" : "f6a96359a65cfc38",
        "reportUrl" : "http://localhost:9090/jenkins/job/MattamyAutomationFramework/89/allure/#testresult/f6a96359a65cfc38",
        "status" : "failed",
        "statusDetails" : "AssertionError",
        "time" : {
          "start" : 1594024156935,
          "stop" : 1594024183788,
          "duration" : 26853
        }
      }, {
        "uid" : "d50521bdc36959d1",
        "reportUrl" : "http://localhost:9090/jenkins/job/MattamyAutomationFramework/88/allure/#testresult/d50521bdc36959d1",
        "status" : "failed",
        "statusDetails" : "AssertionError",
        "time" : {
          "start" : 1593967509171,
          "stop" : 1593967533711,
          "duration" : 24540
        }
      }, {
        "uid" : "5e6d2f37e91319cd",
        "reportUrl" : "http://localhost:9090/jenkins/job/MattamyAutomationFramework/87/allure/#testresult/5e6d2f37e91319cd",
        "status" : "failed",
        "statusDetails" : "AssertionError",
        "time" : {
          "start" : 1593966720788,
          "stop" : 1593966745626,
          "duration" : 24838
        }
      }, {
        "uid" : "a01e30da2b0a73c7",
        "reportUrl" : "http://localhost:9090/jenkins/job/MattamyAutomationFramework/86/allure/#testresult/a01e30da2b0a73c7",
        "status" : "broken",
        "statusDetails" : "selenium.common.exceptions.TimeoutException: Message: timeout: Timed out receiving message from renderer: 10.000\n  (Session info: chrome=83.0.4103.116)",
        "time" : {
          "start" : 1593678559772,
          "stop" : 1593678829823,
          "duration" : 270051
        }
      }, {
        "uid" : "74804556cb036e59",
        "reportUrl" : "http://localhost:9090/jenkins/job/MattamyAutomationFramework/85/allure/#testresult/74804556cb036e59",
        "status" : "broken",
        "statusDetails" : "selenium.common.exceptions.TimeoutException: Message: timeout: Timed out receiving message from renderer: 10.000\n  (Session info: chrome=83.0.4103.116)",
        "time" : {
          "start" : 1593678559772,
          "stop" : 1593678829823,
          "duration" : 270051
        }
      }, {
        "uid" : "8024e563c5a7c7ad",
        "reportUrl" : "http://localhost:9090/jenkins/job/MattamyAutomationFramework/84/allure/#testresult/8024e563c5a7c7ad",
        "status" : "broken",
        "statusDetails" : "selenium.common.exceptions.TimeoutException: Message: timeout: Timed out receiving message from renderer: 10.000\n  (Session info: chrome=83.0.4103.116)",
        "time" : {
          "start" : 1593419328831,
          "stop" : 1593419598475,
          "duration" : 269644
        }
      }, {
        "uid" : "37c5f5fd677c01d",
        "reportUrl" : "http://localhost:9090/jenkins/job/MattamyAutomationFramework/83/allure/#testresult/37c5f5fd677c01d",
        "status" : "broken",
        "statusDetails" : "selenium.common.exceptions.TimeoutException: Message: timeout: Timed out receiving message from renderer: 10.000\n  (Session info: chrome=83.0.4103.116)",
        "time" : {
          "start" : 1593419328831,
          "stop" : 1593419598475,
          "duration" : 269644
        }
      }, {
        "uid" : "c79e252add41db9a",
        "reportUrl" : "http://localhost:9090/jenkins/job/MattamyAutomationFramework/82/allure/#testresult/c79e252add41db9a",
        "status" : "broken",
        "statusDetails" : "selenium.common.exceptions.TimeoutException: Message: timeout: Timed out receiving message from renderer: 10.000\n  (Session info: chrome=83.0.4103.116)",
        "time" : {
          "start" : 1593419328831,
          "stop" : 1593419598475,
          "duration" : 269644
        }
      }, {
        "uid" : "eff3da339d0a96e7",
        "reportUrl" : "http://localhost:9090/jenkins/job/MattamyAutomationFramework/81/allure/#testresult/eff3da339d0a96e7",
        "status" : "failed",
        "statusDetails" : "AssertionError",
        "time" : {
          "start" : 1593333785067,
          "stop" : 1593333809389,
          "duration" : 24322
        }
      }, {
        "uid" : "f073f25834d902ac",
        "reportUrl" : "http://localhost:9090/jenkins/job/MattamyAutomationFramework/80/allure/#testresult/f073f25834d902ac",
        "status" : "failed",
        "statusDetails" : "AssertionError",
        "time" : {
          "start" : 1593314857753,
          "stop" : 1593314947558,
          "duration" : 89805
        }
      }, {
        "uid" : "544b1d8a5cb776e6",
        "reportUrl" : "http://localhost:9090/jenkins/job/MattamyAutomationFramework/79/allure/#testresult/544b1d8a5cb776e6",
        "status" : "failed",
        "statusDetails" : "AssertionError",
        "time" : {
          "start" : 1593184669865,
          "stop" : 1593184875200,
          "duration" : 205335
        }
      }, {
        "uid" : "2b3bc83010558efe",
        "reportUrl" : "http://localhost:9090/jenkins/job/MattamyAutomationFramework/78/allure/#testresult/2b3bc83010558efe",
        "status" : "failed",
        "statusDetails" : "AssertionError",
        "time" : {
          "start" : 1593074712633,
          "stop" : 1593074779813,
          "duration" : 67180
        }
      }, {
        "uid" : "dc70388cfa06040a",
        "reportUrl" : "http://localhost:9090/jenkins/job/MattamyAutomationFramework/77/allure/#testresult/dc70388cfa06040a",
        "status" : "failed",
        "statusDetails" : "AssertionError",
        "time" : {
          "start" : 1592814528225,
          "stop" : 1592814552621,
          "duration" : 24396
        }
      }, {
        "uid" : "22bdf5db158d4f31",
        "reportUrl" : "http://localhost:9090/jenkins/job/MattamyAutomationFramework/76/allure/#testresult/22bdf5db158d4f31",
        "status" : "failed",
        "statusDetails" : "AssertionError",
        "time" : {
          "start" : 1592814528225,
          "stop" : 1592814552621,
          "duration" : 24396
        }
      }, {
        "uid" : "649079e022826ff",
        "reportUrl" : "http://localhost:9090/jenkins/job/MattamyAutomationFramework/75/allure/#testresult/649079e022826ff",
        "status" : "failed",
        "statusDetails" : "AssertionError",
        "time" : {
          "start" : 1592814528225,
          "stop" : 1592814552621,
          "duration" : 24396
        }
      }, {
        "uid" : "b6f28df50667e3a5",
        "reportUrl" : "http://localhost:9090/jenkins/job/MattamyAutomationFramework/74/allure/#testresult/b6f28df50667e3a5",
        "status" : "failed",
        "statusDetails" : "AssertionError",
        "time" : {
          "start" : 1592797116319,
          "stop" : 1592797141811,
          "duration" : 25492
        }
      }, {
        "uid" : "6cf3527ffec08388",
        "reportUrl" : "http://localhost:9090/jenkins/job/MattamyAutomationFramework/73/allure/#testresult/6cf3527ffec08388",
        "status" : "failed",
        "statusDetails" : "AssertionError",
        "time" : {
          "start" : 1592555352535,
          "stop" : 1592555377421,
          "duration" : 24886
        }
      }, {
        "uid" : "cb952c854c5709d4",
        "reportUrl" : "http://localhost:9090/jenkins/job/MattamyAutomationFramework/72/allure/#testresult/cb952c854c5709d4",
        "status" : "failed",
        "statusDetails" : "AssertionError",
        "time" : {
          "start" : 1592555352535,
          "stop" : 1592555377421,
          "duration" : 24886
        }
      }, {
        "uid" : "2724d16f6b861164",
        "reportUrl" : "http://localhost:9090/jenkins/job/MattamyAutomationFramework/71/allure/#testresult/2724d16f6b861164",
        "status" : "failed",
        "statusDetails" : "AssertionError",
        "time" : {
          "start" : 1592123361169,
          "stop" : 1592123385191,
          "duration" : 24022
        }
      }, {
        "uid" : "e88061c2b2e03ca7",
        "reportUrl" : "http://localhost:9090/jenkins/job/MattamyAutomationFramework/70/allure/#testresult/e88061c2b2e03ca7",
        "status" : "failed",
        "statusDetails" : "AssertionError",
        "time" : {
          "start" : 1592123361169,
          "stop" : 1592123385191,
          "duration" : 24022
        }
      } ]
    },
    "tags" : [ ]
  },
  "source" : "9d1f0108702e4665.json",
  "parameterValues" : [ ]
}