{
  "uid" : "a0d6a79412a227be",
  "name" : "test_forMediaLink",
  "fullName" : "test_regression_suite.FooterTests#test_forMediaLink",
  "historyId" : "3e0487e61a0db898bf2e62b770de25ce",
  "time" : {
    "start" : 1593315088843,
    "stop" : 1593315114015,
    "duration" : 25172
  },
  "status" : "failed",
  "statusMessage" : "AssertionError",
  "statusTrace" : "self = <tests.home.footer_test.FooterTests testMethod=test_forMediaLink>\n\n    def test_forMediaLink(self):\n        result = self.fp.getForMediaLinkStatus()\n>       self.ts.markFinal(\"test_forMediaLink\", result, \"Footer_Verified For Media Link\")\n\nhome\\footer_test.py:60: \n_ _ _ _ _ _ _ _ _ _ _ _ _ _ _ _ _ _ _ _ _ _ _ _ _ _ _ _ _ _ _ _ _ _ _ _ _ _ _ _\n\nself = <utilities.casestatus.CaseStatus object at 0x0000013108367280>\ntestName = 'test_forMediaLink', result = False\nresultMessage = 'Footer_Verified For Media Link'\n\n    def markFinal(self, testName, result, resultMessage):\n        \"\"\"\n        Mark the final result of verification point in a test case\n        This needs to be called at least once in a test case\n        This should be final test status of the test case\n        \"\"\"\n        self.setResult(result, resultMessage)\n    \n        if \"FAIL\" in self.resultList:\n            self.log.error(testName + \" Test Failed\")\n            self.resultList.clear()\n>           assert True == False\nE           AssertionError\n\n..\\utilities\\casestatus.py:74: AssertionError",
  "flaky" : true,
  "newFailed" : false,
  "beforeStages" : [ {
    "name" : "classSetUp",
    "time" : {
      "start" : 1593315088841,
      "stop" : 1593315088841,
      "duration" : 0
    },
    "status" : "passed",
    "steps" : [ ],
    "attachments" : [ ],
    "parameters" : [ ],
    "shouldDisplayMessage" : false,
    "attachmentsCount" : 0,
    "hasContent" : false,
    "stepsCount" : 0
  }, {
    "name" : "browser",
    "time" : {
      "start" : 1593276220453,
      "stop" : 1593276220453,
      "duration" : 0
    },
    "status" : "passed",
    "steps" : [ ],
    "attachments" : [ ],
    "parameters" : [ ],
    "shouldDisplayMessage" : false,
    "attachmentsCount" : 0,
    "hasContent" : false,
    "stepsCount" : 0
  }, {
    "name" : "oneTimeSetUp",
    "time" : {
      "start" : 1593276220453,
      "stop" : 1593314857748,
      "duration" : 38637295
    },
    "status" : "passed",
    "steps" : [ ],
    "attachments" : [ ],
    "parameters" : [ ],
    "shouldDisplayMessage" : false,
    "attachmentsCount" : 0,
    "hasContent" : false,
    "stepsCount" : 0
  }, {
    "name" : "_UnitTestCase__pytest_class_setup",
    "time" : {
      "start" : 1593276220453,
      "stop" : 1593276220453,
      "duration" : 0
    },
    "status" : "passed",
    "steps" : [ ],
    "attachments" : [ ],
    "parameters" : [ ],
    "shouldDisplayMessage" : false,
    "attachmentsCount" : 0,
    "hasContent" : false,
    "stepsCount" : 0
  } ],
  "testStage" : {
    "status" : "failed",
    "statusMessage" : "AssertionError",
    "statusTrace" : "self = <tests.home.footer_test.FooterTests testMethod=test_forMediaLink>\n\n    def test_forMediaLink(self):\n        result = self.fp.getForMediaLinkStatus()\n>       self.ts.markFinal(\"test_forMediaLink\", result, \"Footer_Verified For Media Link\")\n\nhome\\footer_test.py:60: \n_ _ _ _ _ _ _ _ _ _ _ _ _ _ _ _ _ _ _ _ _ _ _ _ _ _ _ _ _ _ _ _ _ _ _ _ _ _ _ _\n\nself = <utilities.casestatus.CaseStatus object at 0x0000013108367280>\ntestName = 'test_forMediaLink', result = False\nresultMessage = 'Footer_Verified For Media Link'\n\n    def markFinal(self, testName, result, resultMessage):\n        \"\"\"\n        Mark the final result of verification point in a test case\n        This needs to be called at least once in a test case\n        This should be final test status of the test case\n        \"\"\"\n        self.setResult(result, resultMessage)\n    \n        if \"FAIL\" in self.resultList:\n            self.log.error(testName + \" Test Failed\")\n            self.resultList.clear()\n>           assert True == False\nE           AssertionError\n\n..\\utilities\\casestatus.py:74: AssertionError",
    "steps" : [ ],
    "attachments" : [ {
      "uid" : "b256ed2dfe65a1c7",
      "name" : "Footer_Verified For Media Link.1593315114013",
      "source" : "b256ed2dfe65a1c7.png",
      "type" : "image/png",
      "size" : 23149
    }, {
      "uid" : "14a560461dd5714e",
      "name" : "log",
      "source" : "14a560461dd5714e.txt",
      "type" : "text/plain",
      "size" : 1148
    }, {
      "uid" : "9e89cc64b6c79e94",
      "name" : "stdout",
      "source" : "9e89cc64b6c79e94.txt",
      "type" : "text/plain",
      "size" : 22
    } ],
    "parameters" : [ ],
    "shouldDisplayMessage" : true,
    "attachmentsCount" : 3,
    "hasContent" : true,
    "stepsCount" : 0
  },
  "afterStages" : [ {
    "name" : "oneTimeSetUp::0",
    "time" : {
      "start" : 1593315338796,
      "stop" : 1593315341503,
      "duration" : 2707
    },
    "status" : "passed",
    "steps" : [ ],
    "attachments" : [ ],
    "parameters" : [ ],
    "shouldDisplayMessage" : false,
    "attachmentsCount" : 0,
    "hasContent" : false,
    "stepsCount" : 0
  }, {
    "name" : "_UnitTestCase__pytest_class_setup::0",
    "time" : {
      "start" : 1593315341507,
      "stop" : 1593315341507,
      "duration" : 0
    },
    "status" : "passed",
    "steps" : [ ],
    "attachments" : [ ],
    "parameters" : [ ],
    "shouldDisplayMessage" : false,
    "attachmentsCount" : 0,
    "hasContent" : false,
    "stepsCount" : 0
  } ],
  "labels" : [ {
    "name" : "suite",
    "value" : "test_regression_suite"
  }, {
    "name" : "subSuite",
    "value" : "FooterTests"
  }, {
    "name" : "host",
    "value" : "EXIPC0154"
  }, {
    "name" : "thread",
    "value" : "2584-MainThread"
  }, {
    "name" : "framework",
    "value" : "pytest"
  }, {
    "name" : "language",
    "value" : "cpython3"
  }, {
    "name" : "package",
    "value" : "test_regression_suite"
  }, {
    "name" : "resultFormat",
    "value" : "allure2"
  } ],
  "parameters" : [ ],
  "links" : [ ],
  "hidden" : false,
  "retry" : false,
  "extra" : {
    "severity" : "normal",
    "retries" : [ {
      "uid" : "99bff53565bc95fd",
      "status" : "failed",
      "statusDetails" : "AssertionError",
      "time" : {
        "start" : 1593275643588,
        "stop" : 1593275668162,
        "duration" : 24574
      }
    }, {
      "uid" : "cc94e571cb52a091",
      "status" : "failed",
      "statusDetails" : "AssertionError",
      "time" : {
        "start" : 1593074917694,
        "stop" : 1593074942242,
        "duration" : 24548
      }
    }, {
      "uid" : "8d1f0c1c7b09ccdc",
      "status" : "failed",
      "statusDetails" : "AssertionError",
      "time" : {
        "start" : 1592814689677,
        "stop" : 1592814715200,
        "duration" : 25523
      }
    }, {
      "uid" : "7e4eb4c3a11ea8e2",
      "status" : "failed",
      "statusDetails" : "AssertionError",
      "time" : {
        "start" : 1592797277980,
        "stop" : 1592797302598,
        "duration" : 24618
      }
    }, {
      "uid" : "f5a8d22e7f65803",
      "status" : "failed",
      "statusDetails" : "AssertionError",
      "time" : {
        "start" : 1592555517813,
        "stop" : 1592555542663,
        "duration" : 24850
      }
    }, {
      "uid" : "9e9cac01757ae488",
      "status" : "failed",
      "statusDetails" : "AssertionError",
      "time" : {
        "start" : 1592123520353,
        "stop" : 1592123544867,
        "duration" : 24514
      }
    }, {
      "uid" : "35e9ae003a0e7e6e",
      "status" : "failed",
      "statusDetails" : "AssertionError",
      "time" : {
        "start" : 1592046055129,
        "stop" : 1592046080032,
        "duration" : 24903
      }
    }, {
      "uid" : "bb7742d11b1f80d5",
      "status" : "failed",
      "statusDetails" : "AssertionError",
      "time" : {
        "start" : 1591950731597,
        "stop" : 1591950756236,
        "duration" : 24639
      }
    }, {
      "uid" : "212fdd8dddad2b18",
      "status" : "failed",
      "statusDetails" : "AssertionError",
      "time" : {
        "start" : 1591865360547,
        "stop" : 1591865385638,
        "duration" : 25091
      }
    }, {
      "uid" : "c77954dadae721ed",
      "status" : "passed",
      "time" : {
        "start" : 1591778311764,
        "stop" : 1591778313394,
        "duration" : 1630
      }
    }, {
      "uid" : "b85d2e4859e55ab3",
      "status" : "failed",
      "statusDetails" : "AssertionError",
      "time" : {
        "start" : 1591691487365,
        "stop" : 1591691512376,
        "duration" : 25011
      }
    }, {
      "uid" : "41afa626d888be78",
      "status" : "broken",
      "statusDetails" : "selenium.common.exceptions.NoSuchWindowException: Message: no such window: target window already closed\nfrom unknown error: web view not found\n  (Session info: chrome=83.0.4103.61)",
      "time" : {
        "start" : 1591432240559,
        "stop" : 1591432240564,
        "duration" : 5
      }
    }, {
      "uid" : "1da2c6d3eaec5e56",
      "status" : "failed",
      "statusDetails" : "AssertionError",
      "time" : {
        "start" : 1591086743102,
        "stop" : 1591086767865,
        "duration" : 24763
      }
    }, {
      "uid" : "65075d0f4006f9d2",
      "status" : "passed",
      "time" : {
        "start" : 1591000073621,
        "stop" : 1591000075051,
        "duration" : 1430
      }
    }, {
      "uid" : "9ef227781c72ae66",
      "status" : "passed",
      "time" : {
        "start" : 1590998598104,
        "stop" : 1590998599195,
        "duration" : 1091
      }
    }, {
      "uid" : "5dcac8537c19f0d4",
      "status" : "broken",
      "statusDetails" : "selenium.common.exceptions.SessionNotCreatedException: Message: session not created: This version of ChromeDriver only supports Chrome version 81",
      "time" : {
        "start" : 1590913647677,
        "stop" : 1590913647677,
        "duration" : 0
      }
    }, {
      "uid" : "7dd44e7e0373c2f1",
      "status" : "passed",
      "time" : {
        "start" : 1590827290046,
        "stop" : 1590827291957,
        "duration" : 1911
      }
    }, {
      "uid" : "376877ed52b0831e",
      "status" : "passed",
      "time" : {
        "start" : 1590740930649,
        "stop" : 1590740932207,
        "duration" : 1558
      }
    }, {
      "uid" : "d0251e97d207e888",
      "status" : "broken",
      "statusDetails" : "selenium.common.exceptions.WebDriverException: Message: chrome not reachable\n  (Session info: chrome=81.0.4044.138)",
      "time" : {
        "start" : 1590654627965,
        "stop" : 1590654652029,
        "duration" : 24064
      }
    }, {
      "uid" : "c9163cdee0195bac",
      "status" : "passed",
      "time" : {
        "start" : 1590568867726,
        "stop" : 1590568869407,
        "duration" : 1681
      }
    }, {
      "uid" : "360ea4eebc40723d",
      "status" : "passed",
      "time" : {
        "start" : 1590405782183,
        "stop" : 1590405783284,
        "duration" : 1101
      }
    }, {
      "uid" : "7ecf18e9b898ac93",
      "status" : "passed",
      "time" : {
        "start" : 1590404493999,
        "stop" : 1590404495894,
        "duration" : 1895
      }
    }, {
      "uid" : "b4282e3353b17b3f",
      "status" : "passed",
      "time" : {
        "start" : 1590404431081,
        "stop" : 1590404432556,
        "duration" : 1475
      }
    }, {
      "uid" : "b89fd3155e33d74b",
      "status" : "passed",
      "time" : {
        "start" : 1589610660913,
        "stop" : 1589610662396,
        "duration" : 1483
      }
    }, {
      "uid" : "12c747ecd5994ebc",
      "status" : "passed",
      "time" : {
        "start" : 1589609669219,
        "stop" : 1589609671755,
        "duration" : 2536
      }
    }, {
      "uid" : "dc8e555fc218b52e",
      "status" : "passed",
      "time" : {
        "start" : 1589609418820,
        "stop" : 1589609420248,
        "duration" : 1428
      }
    }, {
      "uid" : "e0c2b4cc2ebfedf8",
      "status" : "passed",
      "time" : {
        "start" : 1589608958587,
        "stop" : 1589608959791,
        "duration" : 1204
      }
    }, {
      "uid" : "1132ec4166a51281",
      "status" : "broken",
      "statusDetails" : "selenium.common.exceptions.WebDriverException: Message: 'chromedriver.exe' executable needs to be in PATH. Please see https://sites.google.com/a/chromium.org/chromedriver/home",
      "time" : {
        "start" : 1589607868341,
        "stop" : 1589607868341,
        "duration" : 0
      }
    }, {
      "uid" : "10a57f86ee22f057",
      "status" : "passed",
      "time" : {
        "start" : 1589606494575,
        "stop" : 1589606495861,
        "duration" : 1286
      }
    }, {
      "uid" : "734962c34a13c734",
      "status" : "passed",
      "time" : {
        "start" : 1589597894780,
        "stop" : 1589597896496,
        "duration" : 1716
      }
    }, {
      "uid" : "39712b26a7931952",
      "status" : "passed",
      "time" : {
        "start" : 1589596680264,
        "stop" : 1589596681544,
        "duration" : 1280
      }
    }, {
      "uid" : "f1f90ef58834e80b",
      "status" : "passed",
      "time" : {
        "start" : 1589534507914,
        "stop" : 1589534509679,
        "duration" : 1765
      }
    }, {
      "uid" : "348f0d108faf97f",
      "status" : "failed",
      "statusDetails" : "AssertionError",
      "time" : {
        "start" : 1589469142440,
        "stop" : 1589469144802,
        "duration" : 2362
      }
    }, {
      "uid" : "cea34d0cb4af93bc",
      "status" : "failed",
      "statusDetails" : "AssertionError",
      "time" : {
        "start" : 1589386781456,
        "stop" : 1589386782536,
        "duration" : 1080
      }
    }, {
      "uid" : "e3bfe895adc6f768",
      "status" : "failed",
      "statusDetails" : "AssertionError",
      "time" : {
        "start" : 1589272053772,
        "stop" : 1589272054874,
        "duration" : 1102
      }
    }, {
      "uid" : "c08e997b734573d3",
      "status" : "failed",
      "statusDetails" : "AssertionError",
      "time" : {
        "start" : 1589258677467,
        "stop" : 1589258678362,
        "duration" : 895
      }
    }, {
      "uid" : "3bff77c9de3dee3",
      "status" : "failed",
      "statusDetails" : "AssertionError",
      "time" : {
        "start" : 1589258565993,
        "stop" : 1589258567017,
        "duration" : 1024
      }
    }, {
      "uid" : "69fe9f258006aa75",
      "status" : "failed",
      "statusDetails" : "AssertionError",
      "time" : {
        "start" : 1589255119512,
        "stop" : 1589255120536,
        "duration" : 1024
      }
    }, {
      "uid" : "fe0297ead3b6de67",
      "status" : "failed",
      "statusDetails" : "AssertionError",
      "time" : {
        "start" : 1589253204203,
        "stop" : 1589253205094,
        "duration" : 891
      }
    }, {
      "uid" : "705e0427a77f4cf4",
      "status" : "failed",
      "statusDetails" : "AssertionError",
      "time" : {
        "start" : 1589216118805,
        "stop" : 1589216119577,
        "duration" : 772
      }
    }, {
      "uid" : "9c9809868578feeb",
      "status" : "failed",
      "statusDetails" : "AssertionError",
      "time" : {
        "start" : 1589207724428,
        "stop" : 1589207725405,
        "duration" : 977
      }
    }, {
      "uid" : "91490a22d0484eb9",
      "status" : "failed",
      "statusDetails" : "AssertionError",
      "time" : {
        "start" : 1589206273417,
        "stop" : 1589206274446,
        "duration" : 1029
      }
    }, {
      "uid" : "be38a45de10afcfa",
      "status" : "failed",
      "statusDetails" : "AssertionError",
      "time" : {
        "start" : 1589205348950,
        "stop" : 1589205350471,
        "duration" : 1521
      }
    }, {
      "uid" : "38901373c0a574ca",
      "status" : "failed",
      "statusDetails" : "AssertionError",
      "time" : {
        "start" : 1589203298551,
        "stop" : 1589203299907,
        "duration" : 1356
      }
    }, {
      "uid" : "a357632b5ee4f51c",
      "status" : "failed",
      "statusDetails" : "AssertionError",
      "time" : {
        "start" : 1589163790881,
        "stop" : 1589163791847,
        "duration" : 966
      }
    }, {
      "uid" : "a64f0b4c61f0f6c1",
      "status" : "failed",
      "statusDetails" : "AssertionError",
      "time" : {
        "start" : 1589113058853,
        "stop" : 1589113060288,
        "duration" : 1435
      }
    }, {
      "uid" : "2b7987b765fda3cd",
      "status" : "failed",
      "statusDetails" : "AssertionError",
      "time" : {
        "start" : 1588853661332,
        "stop" : 1588853662237,
        "duration" : 905
      }
    }, {
      "uid" : "ff90a914e33dd29a",
      "status" : "failed",
      "statusDetails" : "AssertionError",
      "time" : {
        "start" : 1588852336341,
        "stop" : 1588852337438,
        "duration" : 1097
      }
    } ],
    "categories" : [ {
      "name" : "Product defects",
      "matchedStatuses" : [ ],
      "flaky" : false
    } ],
    "history" : {
      "statistic" : {
        "failed" : 37,
        "broken" : 5,
        "skipped" : 0,
        "passed" : 19,
        "unknown" : 0,
        "total" : 61
      },
      "items" : [ {
        "uid" : "e803de9f2891c8ac",
        "reportUrl" : "http://localhost:9090/jenkins/job/MattamyAutomationFramework/79/allure/#testresult/e803de9f2891c8ac",
        "status" : "failed",
        "statusDetails" : "AssertionError",
        "time" : {
          "start" : 1593275643588,
          "stop" : 1593275668162,
          "duration" : 24574
        }
      }, {
        "uid" : "17b49569b84d5e62",
        "reportUrl" : "http://localhost:9090/jenkins/job/MattamyAutomationFramework/78/allure/#testresult/17b49569b84d5e62",
        "status" : "failed",
        "statusDetails" : "AssertionError",
        "time" : {
          "start" : 1593074917694,
          "stop" : 1593074942242,
          "duration" : 24548
        }
      }, {
        "uid" : "9bb140020b0a210b",
        "reportUrl" : "http://localhost:9090/jenkins/job/MattamyAutomationFramework/77/allure/#testresult/9bb140020b0a210b",
        "status" : "failed",
        "statusDetails" : "AssertionError",
        "time" : {
          "start" : 1592814689677,
          "stop" : 1592814715200,
          "duration" : 25523
        }
      }, {
        "uid" : "df7b98ce5de48bb1",
        "reportUrl" : "http://localhost:9090/jenkins/job/MattamyAutomationFramework/76/allure/#testresult/df7b98ce5de48bb1",
        "status" : "failed",
        "statusDetails" : "AssertionError",
        "time" : {
          "start" : 1592814689677,
          "stop" : 1592814715200,
          "duration" : 25523
        }
      }, {
        "uid" : "ad1563d59f28cbec",
        "reportUrl" : "http://localhost:9090/jenkins/job/MattamyAutomationFramework/75/allure/#testresult/ad1563d59f28cbec",
        "status" : "failed",
        "statusDetails" : "AssertionError",
        "time" : {
          "start" : 1592814689677,
          "stop" : 1592814715200,
          "duration" : 25523
        }
      }, {
        "uid" : "23d1e8098eeb4ae5",
        "reportUrl" : "http://localhost:9090/jenkins/job/MattamyAutomationFramework/74/allure/#testresult/23d1e8098eeb4ae5",
        "status" : "failed",
        "statusDetails" : "AssertionError",
        "time" : {
          "start" : 1592797277980,
          "stop" : 1592797302598,
          "duration" : 24618
        }
      }, {
        "uid" : "25b0f5051cce036d",
        "reportUrl" : "http://localhost:9090/jenkins/job/MattamyAutomationFramework/73/allure/#testresult/25b0f5051cce036d",
        "status" : "failed",
        "statusDetails" : "AssertionError",
        "time" : {
          "start" : 1592555517813,
          "stop" : 1592555542663,
          "duration" : 24850
        }
      }, {
        "uid" : "de40dbc5737f5c1d",
        "reportUrl" : "http://localhost:9090/jenkins/job/MattamyAutomationFramework/72/allure/#testresult/de40dbc5737f5c1d",
        "status" : "failed",
        "statusDetails" : "AssertionError",
        "time" : {
          "start" : 1592555517813,
          "stop" : 1592555542663,
          "duration" : 24850
        }
      }, {
        "uid" : "1ea79aacb46b9deb",
        "reportUrl" : "http://localhost:9090/jenkins/job/MattamyAutomationFramework/71/allure/#testresult/1ea79aacb46b9deb",
        "status" : "failed",
        "statusDetails" : "AssertionError",
        "time" : {
          "start" : 1592123520353,
          "stop" : 1592123544867,
          "duration" : 24514
        }
      }, {
        "uid" : "97b836b1b60360f9",
        "reportUrl" : "http://localhost:9090/jenkins/job/MattamyAutomationFramework/70/allure/#testresult/97b836b1b60360f9",
        "status" : "failed",
        "statusDetails" : "AssertionError",
        "time" : {
          "start" : 1592123520353,
          "stop" : 1592123544867,
          "duration" : 24514
        }
      }, {
        "uid" : "c6eff225913c79f2",
        "reportUrl" : "http://localhost:9090/jenkins/job/MattamyAutomationFramework/69/allure/#testresult/c6eff225913c79f2",
        "status" : "failed",
        "statusDetails" : "AssertionError",
        "time" : {
          "start" : 1592123520353,
          "stop" : 1592123544867,
          "duration" : 24514
        }
      }, {
        "uid" : "6fdb80e49832f798",
        "reportUrl" : "http://localhost:9090/jenkins/job/MattamyAutomationFramework/68/allure/#testresult/6fdb80e49832f798",
        "status" : "failed",
        "statusDetails" : "AssertionError",
        "time" : {
          "start" : 1592123520353,
          "stop" : 1592123544867,
          "duration" : 24514
        }
      }, {
        "uid" : "66ac3d60586c23b5",
        "reportUrl" : "http://localhost:9090/jenkins/job/MattamyAutomationFramework/67/allure/#testresult/66ac3d60586c23b5",
        "status" : "failed",
        "statusDetails" : "AssertionError",
        "time" : {
          "start" : 1592123520353,
          "stop" : 1592123544867,
          "duration" : 24514
        }
      }, {
        "uid" : "fbb41cfdcb7a4925",
        "reportUrl" : "http://localhost:9090/jenkins/job/MattamyAutomationFramework/66/allure/#testresult/fbb41cfdcb7a4925",
        "status" : "failed",
        "statusDetails" : "AssertionError",
        "time" : {
          "start" : 1592046055129,
          "stop" : 1592046080032,
          "duration" : 24903
        }
      }, {
        "uid" : "2bcad03e40700575",
        "reportUrl" : "http://localhost:9090/jenkins/job/MattamyAutomationFramework/65/allure/#testresult/2bcad03e40700575",
        "status" : "failed",
        "statusDetails" : "AssertionError",
        "time" : {
          "start" : 1591950731597,
          "stop" : 1591950756236,
          "duration" : 24639
        }
      }, {
        "uid" : "c0c8e9a83f1fc934",
        "reportUrl" : "http://localhost:9090/jenkins/job/MattamyAutomationFramework/64/allure/#testresult/c0c8e9a83f1fc934",
        "status" : "failed",
        "statusDetails" : "AssertionError",
        "time" : {
          "start" : 1591865360547,
          "stop" : 1591865385638,
          "duration" : 25091
        }
      }, {
        "uid" : "de0053b40c990e58",
        "reportUrl" : "http://localhost:9090/jenkins/job/MattamyAutomationFramework/63/allure/#testresult/de0053b40c990e58",
        "status" : "passed",
        "time" : {
          "start" : 1591778311764,
          "stop" : 1591778313394,
          "duration" : 1630
        }
      }, {
        "uid" : "e77e6461b951368d",
        "reportUrl" : "http://localhost:9090/jenkins/job/MattamyAutomationFramework/62/allure/#testresult/e77e6461b951368d",
        "status" : "failed",
        "statusDetails" : "AssertionError",
        "time" : {
          "start" : 1591691487365,
          "stop" : 1591691512376,
          "duration" : 25011
        }
      }, {
        "uid" : "381e30a450ae3c95",
        "reportUrl" : "http://localhost:9090/jenkins/job/MattamyAutomationFramework/61/allure/#testresult/381e30a450ae3c95",
        "status" : "broken",
        "statusDetails" : "selenium.common.exceptions.NoSuchWindowException: Message: no such window: target window already closed\nfrom unknown error: web view not found\n  (Session info: chrome=83.0.4103.61)",
        "time" : {
          "start" : 1591432240559,
          "stop" : 1591432240564,
          "duration" : 5
        }
      }, {
        "uid" : "b058727ba1eeed79",
        "reportUrl" : "http://localhost:9090/jenkins/job/MattamyAutomationFramework/60/allure/#testresult/b058727ba1eeed79",
        "status" : "broken",
        "statusDetails" : "selenium.common.exceptions.NoSuchWindowException: Message: no such window: target window already closed\nfrom unknown error: web view not found\n  (Session info: chrome=83.0.4103.61)",
        "time" : {
          "start" : 1591432240559,
          "stop" : 1591432240564,
          "duration" : 5
        }
      } ]
    },
    "tags" : [ ]
  },
  "source" : "a0d6a79412a227be.json",
  "parameterValues" : [ ]
}