{
  "uid" : "af00fa3d669408d3",
  "name" : "test_privacyPolicyLink",
  "fullName" : "test_regression_suite.FooterTests#test_privacyPolicyLink",
  "historyId" : "b1f18d70ace4899566611e7531314bd9",
  "time" : {
    "start" : 1593275814090,
    "stop" : 1593275839106,
    "duration" : 25016
  },
  "status" : "failed",
  "statusMessage" : "AssertionError",
  "statusTrace" : "self = <tests.home.footer_test.FooterTests testMethod=test_privacyPolicyLink>\n\n    def test_privacyPolicyLink(self):\n        result = self.fp.getPrivacyLinkStatus()\n>       self.ts.markFinal(\"test_privacyPolicyLink\", result, \"Footer_Verified Privacy Policy Link\")\n\nhome\\footer_test.py:72: \n_ _ _ _ _ _ _ _ _ _ _ _ _ _ _ _ _ _ _ _ _ _ _ _ _ _ _ _ _ _ _ _ _ _ _ _ _ _ _ _\n\nself = <utilities.casestatus.CaseStatus object at 0x0000023937DF0760>\ntestName = 'test_privacyPolicyLink', result = False\nresultMessage = 'Footer_Verified Privacy Policy Link'\n\n    def markFinal(self, testName, result, resultMessage):\n        \"\"\"\n        Mark the final result of verification point in a test case\n        This needs to be called at least once in a test case\n        This should be final test status of the test case\n        \"\"\"\n        self.setResult(result, resultMessage)\n    \n        if \"FAIL\" in self.resultList:\n            self.log.error(testName + \" Test Failed\")\n            self.resultList.clear()\n>           assert True == False\nE           AssertionError\n\n..\\utilities\\casestatus.py:74: AssertionError",
  "flaky" : false,
  "newFailed" : false,
  "beforeStages" : [ {
    "name" : "browser",
    "time" : {
      "start" : 1593184636818,
      "stop" : 1593184636818,
      "duration" : 0
    },
    "status" : "passed",
    "steps" : [ ],
    "attachments" : [ ],
    "parameters" : [ ],
    "stepsCount" : 0,
    "hasContent" : false,
    "attachmentsCount" : 0,
    "shouldDisplayMessage" : false
  }, {
    "name" : "_UnitTestCase__pytest_class_setup",
    "time" : {
      "start" : 1593184636818,
      "stop" : 1593184636818,
      "duration" : 0
    },
    "status" : "passed",
    "steps" : [ ],
    "attachments" : [ ],
    "parameters" : [ ],
    "stepsCount" : 0,
    "hasContent" : false,
    "attachmentsCount" : 0,
    "shouldDisplayMessage" : false
  }, {
    "name" : "oneTimeSetUp",
    "time" : {
      "start" : 1593184636818,
      "stop" : 1593184669863,
      "duration" : 33045
    },
    "status" : "passed",
    "steps" : [ ],
    "attachments" : [ ],
    "parameters" : [ ],
    "stepsCount" : 0,
    "hasContent" : false,
    "attachmentsCount" : 0,
    "shouldDisplayMessage" : false
  }, {
    "name" : "classSetUp",
    "time" : {
      "start" : 1593275814089,
      "stop" : 1593275814089,
      "duration" : 0
    },
    "status" : "passed",
    "steps" : [ ],
    "attachments" : [ ],
    "parameters" : [ ],
    "stepsCount" : 0,
    "hasContent" : false,
    "attachmentsCount" : 0,
    "shouldDisplayMessage" : false
  } ],
  "testStage" : {
    "status" : "failed",
    "statusMessage" : "AssertionError",
    "statusTrace" : "self = <tests.home.footer_test.FooterTests testMethod=test_privacyPolicyLink>\n\n    def test_privacyPolicyLink(self):\n        result = self.fp.getPrivacyLinkStatus()\n>       self.ts.markFinal(\"test_privacyPolicyLink\", result, \"Footer_Verified Privacy Policy Link\")\n\nhome\\footer_test.py:72: \n_ _ _ _ _ _ _ _ _ _ _ _ _ _ _ _ _ _ _ _ _ _ _ _ _ _ _ _ _ _ _ _ _ _ _ _ _ _ _ _\n\nself = <utilities.casestatus.CaseStatus object at 0x0000023937DF0760>\ntestName = 'test_privacyPolicyLink', result = False\nresultMessage = 'Footer_Verified Privacy Policy Link'\n\n    def markFinal(self, testName, result, resultMessage):\n        \"\"\"\n        Mark the final result of verification point in a test case\n        This needs to be called at least once in a test case\n        This should be final test status of the test case\n        \"\"\"\n        self.setResult(result, resultMessage)\n    \n        if \"FAIL\" in self.resultList:\n            self.log.error(testName + \" Test Failed\")\n            self.resultList.clear()\n>           assert True == False\nE           AssertionError\n\n..\\utilities\\casestatus.py:74: AssertionError",
    "steps" : [ ],
    "attachments" : [ {
      "uid" : "e094a52d63e4b455",
      "name" : "Footer_Verified Privacy Policy Link.1593275839103",
      "source" : "e094a52d63e4b455.png",
      "type" : "image/png",
      "size" : 4195
    }, {
      "uid" : "95bc30e13731be58",
      "name" : "log",
      "source" : "95bc30e13731be58.txt",
      "type" : "text/plain",
      "size" : 1168
    }, {
      "uid" : "b53b539f959e4179",
      "name" : "stdout",
      "source" : "b53b539f959e4179.txt",
      "type" : "text/plain",
      "size" : 22
    } ],
    "parameters" : [ ],
    "stepsCount" : 0,
    "hasContent" : true,
    "attachmentsCount" : 3,
    "shouldDisplayMessage" : true
  },
  "afterStages" : [ {
    "name" : "_UnitTestCase__pytest_class_setup::0",
    "time" : {
      "start" : 1593275891264,
      "stop" : 1593275891264,
      "duration" : 0
    },
    "status" : "passed",
    "steps" : [ ],
    "attachments" : [ ],
    "parameters" : [ ],
    "stepsCount" : 0,
    "hasContent" : false,
    "attachmentsCount" : 0,
    "shouldDisplayMessage" : false
  }, {
    "name" : "oneTimeSetUp::0",
    "time" : {
      "start" : 1593275889077,
      "stop" : 1593275891257,
      "duration" : 2180
    },
    "status" : "passed",
    "steps" : [ ],
    "attachments" : [ ],
    "parameters" : [ ],
    "stepsCount" : 0,
    "hasContent" : false,
    "attachmentsCount" : 0,
    "shouldDisplayMessage" : false
  } ],
  "labels" : [ {
    "name" : "suite",
    "value" : "test_regression_suite"
  }, {
    "name" : "subSuite",
    "value" : "FooterTests"
  }, {
    "name" : "host",
    "value" : "EXIPC0154"
  }, {
    "name" : "thread",
    "value" : "5464-MainThread"
  }, {
    "name" : "framework",
    "value" : "pytest"
  }, {
    "name" : "language",
    "value" : "cpython3"
  }, {
    "name" : "package",
    "value" : "test_regression_suite"
  }, {
    "name" : "resultFormat",
    "value" : "allure2"
  } ],
  "parameters" : [ ],
  "links" : [ ],
  "hidden" : false,
  "retry" : false,
  "extra" : {
    "severity" : "normal",
    "retries" : [ {
      "uid" : "290fe0683e59cf08",
      "status" : "failed",
      "statusDetails" : "AssertionError",
      "time" : {
        "start" : 1593075089417,
        "stop" : 1593075114509,
        "duration" : 25092
      }
    }, {
      "uid" : "47fb5493be13e976",
      "status" : "failed",
      "statusDetails" : "AssertionError",
      "time" : {
        "start" : 1592814860387,
        "stop" : 1592814885274,
        "duration" : 24887
      }
    }, {
      "uid" : "8c03eab80b82713e",
      "status" : "failed",
      "statusDetails" : "AssertionError",
      "time" : {
        "start" : 1592797447543,
        "stop" : 1592797472367,
        "duration" : 24824
      }
    }, {
      "uid" : "619cfe222cf59e94",
      "status" : "failed",
      "statusDetails" : "AssertionError",
      "time" : {
        "start" : 1592555692253,
        "stop" : 1592555717125,
        "duration" : 24872
      }
    }, {
      "uid" : "60ab6d7367a5fd28",
      "status" : "failed",
      "statusDetails" : "AssertionError",
      "time" : {
        "start" : 1592123690412,
        "stop" : 1592123715370,
        "duration" : 24958
      }
    }, {
      "uid" : "ace077e2fb35b6cd",
      "status" : "failed",
      "statusDetails" : "AssertionError",
      "time" : {
        "start" : 1592046226660,
        "stop" : 1592046251566,
        "duration" : 24906
      }
    }, {
      "uid" : "ac5161e12ae1efd6",
      "status" : "failed",
      "statusDetails" : "AssertionError",
      "time" : {
        "start" : 1591950903352,
        "stop" : 1591950928311,
        "duration" : 24959
      }
    }, {
      "uid" : "90f520b5fe867b45",
      "status" : "failed",
      "statusDetails" : "AssertionError",
      "time" : {
        "start" : 1591865530763,
        "stop" : 1591865555635,
        "duration" : 24872
      }
    }, {
      "uid" : "b78c3c9ede358be0",
      "status" : "failed",
      "statusDetails" : "AssertionError",
      "time" : {
        "start" : 1591778391416,
        "stop" : 1591778416384,
        "duration" : 24968
      }
    }, {
      "uid" : "45b7d34d20c49c9b",
      "status" : "failed",
      "statusDetails" : "AssertionError",
      "time" : {
        "start" : 1591691660408,
        "stop" : 1591691685458,
        "duration" : 25050
      }
    }, {
      "uid" : "4085aaae3827953",
      "status" : "broken",
      "statusDetails" : "selenium.common.exceptions.NoSuchWindowException: Message: no such window: target window already closed\nfrom unknown error: web view not found\n  (Session info: chrome=83.0.4103.61)",
      "time" : {
        "start" : 1591432241394,
        "stop" : 1591432241399,
        "duration" : 5
      }
    }, {
      "uid" : "e1d057a595e70a76",
      "status" : "failed",
      "statusDetails" : "AssertionError",
      "time" : {
        "start" : 1591086914663,
        "stop" : 1591086939662,
        "duration" : 24999
      }
    }, {
      "uid" : "104007e986ab9bc3",
      "status" : "passed",
      "time" : {
        "start" : 1591000094471,
        "stop" : 1591000095813,
        "duration" : 1342
      }
    }, {
      "uid" : "a8dd5d96f1faa1ac",
      "status" : "passed",
      "time" : {
        "start" : 1590998614782,
        "stop" : 1590998615931,
        "duration" : 1149
      }
    }, {
      "uid" : "789bc5fa552d5836",
      "status" : "broken",
      "statusDetails" : "selenium.common.exceptions.SessionNotCreatedException: Message: session not created: This version of ChromeDriver only supports Chrome version 81",
      "time" : {
        "start" : 1590913648990,
        "stop" : 1590913648990,
        "duration" : 0
      }
    }, {
      "uid" : "be133e2985e81622",
      "status" : "passed",
      "time" : {
        "start" : 1590827311584,
        "stop" : 1590827313150,
        "duration" : 1566
      }
    }, {
      "uid" : "9f9f0b316396b077",
      "status" : "passed",
      "time" : {
        "start" : 1590740957114,
        "stop" : 1590740958440,
        "duration" : 1326
      }
    }, {
      "uid" : "4f0a46ead4ead386",
      "status" : "broken",
      "statusDetails" : "selenium.common.exceptions.WebDriverException: Message: chrome not reachable\n  (Session info: chrome=81.0.4044.138)",
      "time" : {
        "start" : 1590654797501,
        "stop" : 1590654821573,
        "duration" : 24072
      }
    }, {
      "uid" : "c2ba905508d9a64c",
      "status" : "passed",
      "time" : {
        "start" : 1590568886007,
        "stop" : 1590568887265,
        "duration" : 1258
      }
    }, {
      "uid" : "a6eff6b001bd6aee",
      "status" : "passed",
      "time" : {
        "start" : 1590405798458,
        "stop" : 1590405799772,
        "duration" : 1314
      }
    }, {
      "uid" : "52933de0471efe00",
      "status" : "passed",
      "time" : {
        "start" : 1590404517540,
        "stop" : 1590404518726,
        "duration" : 1186
      }
    }, {
      "uid" : "14d9cb1d298f4f07",
      "status" : "passed",
      "time" : {
        "start" : 1590404454663,
        "stop" : 1590404456490,
        "duration" : 1827
      }
    }, {
      "uid" : "3119a9c17440646b",
      "status" : "passed",
      "time" : {
        "start" : 1589610684093,
        "stop" : 1589610685515,
        "duration" : 1422
      }
    }, {
      "uid" : "195b5e315fc905cc",
      "status" : "passed",
      "time" : {
        "start" : 1589609690444,
        "stop" : 1589609696397,
        "duration" : 5953
      }
    }, {
      "uid" : "dcd638c78db1b72",
      "status" : "passed",
      "time" : {
        "start" : 1589609441383,
        "stop" : 1589609442762,
        "duration" : 1379
      }
    }, {
      "uid" : "98378e9f11fbf9c3",
      "status" : "passed",
      "time" : {
        "start" : 1589608985693,
        "stop" : 1589608987520,
        "duration" : 1827
      }
    }, {
      "uid" : "658bad09ad3dd1c7",
      "status" : "broken",
      "statusDetails" : "selenium.common.exceptions.WebDriverException: Message: 'chromedriver.exe' executable needs to be in PATH. Please see https://sites.google.com/a/chromium.org/chromedriver/home",
      "time" : {
        "start" : 1589607870854,
        "stop" : 1589607870854,
        "duration" : 0
      }
    }, {
      "uid" : "6b20e86bd7604484",
      "status" : "passed",
      "time" : {
        "start" : 1589606513756,
        "stop" : 1589606515081,
        "duration" : 1325
      }
    }, {
      "uid" : "8a7b5b356121831d",
      "status" : "passed",
      "time" : {
        "start" : 1589597915080,
        "stop" : 1589597916653,
        "duration" : 1573
      }
    }, {
      "uid" : "8f52bf07a46cb063",
      "status" : "passed",
      "time" : {
        "start" : 1589596703188,
        "stop" : 1589596704343,
        "duration" : 1155
      }
    }, {
      "uid" : "d168a8ec2e2c110b",
      "status" : "passed",
      "time" : {
        "start" : 1589534552167,
        "stop" : 1589534553586,
        "duration" : 1419
      }
    }, {
      "uid" : "140b95478e55d98d",
      "status" : "failed",
      "statusDetails" : "AssertionError",
      "time" : {
        "start" : 1589469167764,
        "stop" : 1589469169433,
        "duration" : 1669
      }
    }, {
      "uid" : "6f1ef0385beebfd2",
      "status" : "failed",
      "statusDetails" : "AssertionError",
      "time" : {
        "start" : 1589386799289,
        "stop" : 1589386800350,
        "duration" : 1061
      }
    }, {
      "uid" : "4b8837172fee927a",
      "status" : "failed",
      "statusDetails" : "AssertionError",
      "time" : {
        "start" : 1589272135300,
        "stop" : 1589272136433,
        "duration" : 1133
      }
    }, {
      "uid" : "eddf74efefb6353f",
      "status" : "failed",
      "statusDetails" : "AssertionError",
      "time" : {
        "start" : 1589258696231,
        "stop" : 1589258697125,
        "duration" : 894
      }
    }, {
      "uid" : "32d5672f3c342ff0",
      "status" : "failed",
      "statusDetails" : "AssertionError",
      "time" : {
        "start" : 1589258582116,
        "stop" : 1589258583097,
        "duration" : 981
      }
    }, {
      "uid" : "ee2be012df1280bb",
      "status" : "failed",
      "statusDetails" : "AssertionError",
      "time" : {
        "start" : 1589255131162,
        "stop" : 1589255132071,
        "duration" : 909
      }
    }, {
      "uid" : "9ec6510c41343cb4",
      "status" : "failed",
      "statusDetails" : "AssertionError",
      "time" : {
        "start" : 1589253215975,
        "stop" : 1589253217117,
        "duration" : 1142
      }
    }, {
      "uid" : "f2c7c91c4360e02",
      "status" : "failed",
      "statusDetails" : "AssertionError",
      "time" : {
        "start" : 1589216129025,
        "stop" : 1589216129838,
        "duration" : 813
      }
    }, {
      "uid" : "8b1a9d67c37c6488",
      "status" : "failed",
      "statusDetails" : "AssertionError",
      "time" : {
        "start" : 1589207739519,
        "stop" : 1589207740320,
        "duration" : 801
      }
    }, {
      "uid" : "184220dd0312e971",
      "status" : "failed",
      "statusDetails" : "AssertionError",
      "time" : {
        "start" : 1589206288861,
        "stop" : 1589206289657,
        "duration" : 796
      }
    }, {
      "uid" : "3507db27c7a1ee11",
      "status" : "failed",
      "statusDetails" : "AssertionError",
      "time" : {
        "start" : 1589205361748,
        "stop" : 1589205362612,
        "duration" : 864
      }
    }, {
      "uid" : "2b0f2ca0b23a8b0d",
      "status" : "failed",
      "statusDetails" : "AssertionError",
      "time" : {
        "start" : 1589203309624,
        "stop" : 1589203310462,
        "duration" : 838
      }
    }, {
      "uid" : "b32ac952eaa607a9",
      "status" : "failed",
      "statusDetails" : "AssertionError",
      "time" : {
        "start" : 1589163802743,
        "stop" : 1589163803615,
        "duration" : 872
      }
    }, {
      "uid" : "70638966528805cd",
      "status" : "failed",
      "statusDetails" : "AssertionError",
      "time" : {
        "start" : 1589113071837,
        "stop" : 1589113072783,
        "duration" : 946
      }
    }, {
      "uid" : "398b9ad9c425e603",
      "status" : "failed",
      "statusDetails" : "AssertionError",
      "time" : {
        "start" : 1588853678758,
        "stop" : 1588853679538,
        "duration" : 780
      }
    }, {
      "uid" : "103b10a4e244124f",
      "status" : "failed",
      "statusDetails" : "AssertionError",
      "time" : {
        "start" : 1588852352716,
        "stop" : 1588852353685,
        "duration" : 969
      }
    } ],
    "categories" : [ {
      "name" : "Product defects",
      "matchedStatuses" : [ ],
      "flaky" : false
    } ],
    "history" : {
      "statistic" : {
        "failed" : 37,
        "broken" : 5,
        "skipped" : 0,
        "passed" : 18,
        "unknown" : 0,
        "total" : 60
      },
      "items" : [ {
        "uid" : "43593a448d752720",
        "reportUrl" : "http://localhost:9090/jenkins/job/MattamyAutomationFramework/78/allure/#testresult/43593a448d752720",
        "status" : "failed",
        "statusDetails" : "AssertionError",
        "time" : {
          "start" : 1593075089417,
          "stop" : 1593075114509,
          "duration" : 25092
        }
      }, {
        "uid" : "83d0b33cdc248933",
        "reportUrl" : "http://localhost:9090/jenkins/job/MattamyAutomationFramework/77/allure/#testresult/83d0b33cdc248933",
        "status" : "failed",
        "statusDetails" : "AssertionError",
        "time" : {
          "start" : 1592814860387,
          "stop" : 1592814885274,
          "duration" : 24887
        }
      }, {
        "uid" : "dd10229c12c7b355",
        "reportUrl" : "http://localhost:9090/jenkins/job/MattamyAutomationFramework/76/allure/#testresult/dd10229c12c7b355",
        "status" : "failed",
        "statusDetails" : "AssertionError",
        "time" : {
          "start" : 1592814860387,
          "stop" : 1592814885274,
          "duration" : 24887
        }
      }, {
        "uid" : "cf7a5a2e5cc94795",
        "reportUrl" : "http://localhost:9090/jenkins/job/MattamyAutomationFramework/75/allure/#testresult/cf7a5a2e5cc94795",
        "status" : "failed",
        "statusDetails" : "AssertionError",
        "time" : {
          "start" : 1592814860387,
          "stop" : 1592814885274,
          "duration" : 24887
        }
      }, {
        "uid" : "c90c74d94f1791cf",
        "reportUrl" : "http://localhost:9090/jenkins/job/MattamyAutomationFramework/74/allure/#testresult/c90c74d94f1791cf",
        "status" : "failed",
        "statusDetails" : "AssertionError",
        "time" : {
          "start" : 1592797447543,
          "stop" : 1592797472367,
          "duration" : 24824
        }
      }, {
        "uid" : "9e61a181b67a1f30",
        "reportUrl" : "http://localhost:9090/jenkins/job/MattamyAutomationFramework/73/allure/#testresult/9e61a181b67a1f30",
        "status" : "failed",
        "statusDetails" : "AssertionError",
        "time" : {
          "start" : 1592555692253,
          "stop" : 1592555717125,
          "duration" : 24872
        }
      }, {
        "uid" : "fbfb1b5875a01bd4",
        "reportUrl" : "http://localhost:9090/jenkins/job/MattamyAutomationFramework/72/allure/#testresult/fbfb1b5875a01bd4",
        "status" : "failed",
        "statusDetails" : "AssertionError",
        "time" : {
          "start" : 1592555692253,
          "stop" : 1592555717125,
          "duration" : 24872
        }
      }, {
        "uid" : "739105af4955a9",
        "reportUrl" : "http://localhost:9090/jenkins/job/MattamyAutomationFramework/71/allure/#testresult/739105af4955a9",
        "status" : "failed",
        "statusDetails" : "AssertionError",
        "time" : {
          "start" : 1592123690412,
          "stop" : 1592123715370,
          "duration" : 24958
        }
      }, {
        "uid" : "ac74836be4362307",
        "reportUrl" : "http://localhost:9090/jenkins/job/MattamyAutomationFramework/70/allure/#testresult/ac74836be4362307",
        "status" : "failed",
        "statusDetails" : "AssertionError",
        "time" : {
          "start" : 1592123690412,
          "stop" : 1592123715370,
          "duration" : 24958
        }
      }, {
        "uid" : "8c3db5249bc2d377",
        "reportUrl" : "http://localhost:9090/jenkins/job/MattamyAutomationFramework/69/allure/#testresult/8c3db5249bc2d377",
        "status" : "failed",
        "statusDetails" : "AssertionError",
        "time" : {
          "start" : 1592123690412,
          "stop" : 1592123715370,
          "duration" : 24958
        }
      }, {
        "uid" : "ae23608ff2150c8a",
        "reportUrl" : "http://localhost:9090/jenkins/job/MattamyAutomationFramework/68/allure/#testresult/ae23608ff2150c8a",
        "status" : "failed",
        "statusDetails" : "AssertionError",
        "time" : {
          "start" : 1592123690412,
          "stop" : 1592123715370,
          "duration" : 24958
        }
      }, {
        "uid" : "413833d511b7a361",
        "reportUrl" : "http://localhost:9090/jenkins/job/MattamyAutomationFramework/67/allure/#testresult/413833d511b7a361",
        "status" : "failed",
        "statusDetails" : "AssertionError",
        "time" : {
          "start" : 1592123690412,
          "stop" : 1592123715370,
          "duration" : 24958
        }
      }, {
        "uid" : "fe53b9d02ae31069",
        "reportUrl" : "http://localhost:9090/jenkins/job/MattamyAutomationFramework/66/allure/#testresult/fe53b9d02ae31069",
        "status" : "failed",
        "statusDetails" : "AssertionError",
        "time" : {
          "start" : 1592046226660,
          "stop" : 1592046251566,
          "duration" : 24906
        }
      }, {
        "uid" : "8d1f4684bfa75cb6",
        "reportUrl" : "http://localhost:9090/jenkins/job/MattamyAutomationFramework/65/allure/#testresult/8d1f4684bfa75cb6",
        "status" : "failed",
        "statusDetails" : "AssertionError",
        "time" : {
          "start" : 1591950903352,
          "stop" : 1591950928311,
          "duration" : 24959
        }
      }, {
        "uid" : "6016b5b3a84ac3cd",
        "reportUrl" : "http://localhost:9090/jenkins/job/MattamyAutomationFramework/64/allure/#testresult/6016b5b3a84ac3cd",
        "status" : "failed",
        "statusDetails" : "AssertionError",
        "time" : {
          "start" : 1591865530763,
          "stop" : 1591865555635,
          "duration" : 24872
        }
      }, {
        "uid" : "6cd12d1d503fc0d7",
        "reportUrl" : "http://localhost:9090/jenkins/job/MattamyAutomationFramework/63/allure/#testresult/6cd12d1d503fc0d7",
        "status" : "failed",
        "statusDetails" : "AssertionError",
        "time" : {
          "start" : 1591778391416,
          "stop" : 1591778416384,
          "duration" : 24968
        }
      }, {
        "uid" : "238cb71724756a68",
        "reportUrl" : "http://localhost:9090/jenkins/job/MattamyAutomationFramework/62/allure/#testresult/238cb71724756a68",
        "status" : "failed",
        "statusDetails" : "AssertionError",
        "time" : {
          "start" : 1591691660408,
          "stop" : 1591691685458,
          "duration" : 25050
        }
      }, {
        "uid" : "49aabe6708457fbc",
        "reportUrl" : "http://localhost:9090/jenkins/job/MattamyAutomationFramework/61/allure/#testresult/49aabe6708457fbc",
        "status" : "broken",
        "statusDetails" : "selenium.common.exceptions.NoSuchWindowException: Message: no such window: target window already closed\nfrom unknown error: web view not found\n  (Session info: chrome=83.0.4103.61)",
        "time" : {
          "start" : 1591432241394,
          "stop" : 1591432241399,
          "duration" : 5
        }
      }, {
        "uid" : "b46f91053069947c",
        "reportUrl" : "http://localhost:9090/jenkins/job/MattamyAutomationFramework/60/allure/#testresult/b46f91053069947c",
        "status" : "broken",
        "statusDetails" : "selenium.common.exceptions.NoSuchWindowException: Message: no such window: target window already closed\nfrom unknown error: web view not found\n  (Session info: chrome=83.0.4103.61)",
        "time" : {
          "start" : 1591432241394,
          "stop" : 1591432241399,
          "duration" : 5
        }
      }, {
        "uid" : "e00a71c7dd40d1cf",
        "reportUrl" : "http://localhost:9090/jenkins/job/MattamyAutomationFramework/59/allure/#testresult/e00a71c7dd40d1cf",
        "status" : "broken",
        "statusDetails" : "selenium.common.exceptions.NoSuchWindowException: Message: no such window: target window already closed\nfrom unknown error: web view not found\n  (Session info: chrome=83.0.4103.61)",
        "time" : {
          "start" : 1591432241394,
          "stop" : 1591432241399,
          "duration" : 5
        }
      } ]
    },
    "tags" : [ ]
  },
  "source" : "af00fa3d669408d3.json",
  "parameterValues" : [ ]
}