{
  "uid" : "be92a0db35a58613",
  "name" : "test_termsAndConditionsLink",
  "fullName" : "test_regression_suite.FooterTests#test_termsAndConditionsLink",
  "historyId" : "4ea23e64cc3562a3f3e8a52950e2c5ea",
  "time" : {
    "start" : 1591865555657,
    "stop" : 1591865580569,
    "duration" : 24912
  },
  "status" : "failed",
  "statusMessage" : "AssertionError",
  "statusTrace" : "self = <tests.home.footer_test.FooterTests testMethod=test_termsAndConditionsLink>\n\n    def test_termsAndConditionsLink(self):\n        result = self.fp.getTnCLinkStatus()\n>       self.ts.markFinal(\"test_termsAndConditionsLink\", result, \"Footer_Verified TnC Link\")\n\nhome\\footer_test.py:76: \n_ _ _ _ _ _ _ _ _ _ _ _ _ _ _ _ _ _ _ _ _ _ _ _ _ _ _ _ _ _ _ _ _ _ _ _ _ _ _ _\n\nself = <utilities.casestatus.CaseStatus object at 0x000001BD107D33A0>\ntestName = 'test_termsAndConditionsLink', result = False\nresultMessage = 'Footer_Verified TnC Link'\n\n    def markFinal(self, testName, result, resultMessage):\n        \"\"\"\n        Mark the final result of verification point in a test case\n        This needs to be called at least once in a test case\n        This should be final test status of the test case\n        \"\"\"\n        self.setResult(result, resultMessage)\n    \n        if \"FAIL\" in self.resultList:\n            self.log.error(testName + \" Test Failed\")\n            self.resultList.clear()\n>           assert True == False\nE           AssertionError\n\n..\\utilities\\casestatus.py:74: AssertionError",
  "flaky" : false,
  "newFailed" : false,
  "beforeStages" : [ {
    "name" : "browser",
    "time" : {
      "start" : 1591865173009,
      "stop" : 1591865173009,
      "duration" : 0
    },
    "status" : "passed",
    "steps" : [ ],
    "attachments" : [ ],
    "parameters" : [ ],
    "stepsCount" : 0,
    "hasContent" : false,
    "attachmentsCount" : 0,
    "shouldDisplayMessage" : false
  }, {
    "name" : "classSetUp",
    "time" : {
      "start" : 1591865555656,
      "stop" : 1591865555656,
      "duration" : 0
    },
    "status" : "passed",
    "steps" : [ ],
    "attachments" : [ ],
    "parameters" : [ ],
    "stepsCount" : 0,
    "hasContent" : false,
    "attachmentsCount" : 0,
    "shouldDisplayMessage" : false
  }, {
    "name" : "oneTimeSetUp",
    "time" : {
      "start" : 1591865173009,
      "stop" : 1591865201238,
      "duration" : 28229
    },
    "status" : "passed",
    "steps" : [ ],
    "attachments" : [ ],
    "parameters" : [ ],
    "stepsCount" : 0,
    "hasContent" : false,
    "attachmentsCount" : 0,
    "shouldDisplayMessage" : false
  }, {
    "name" : "_UnitTestCase__pytest_class_setup",
    "time" : {
      "start" : 1591865173009,
      "stop" : 1591865173009,
      "duration" : 0
    },
    "status" : "passed",
    "steps" : [ ],
    "attachments" : [ ],
    "parameters" : [ ],
    "stepsCount" : 0,
    "hasContent" : false,
    "attachmentsCount" : 0,
    "shouldDisplayMessage" : false
  } ],
  "testStage" : {
    "status" : "failed",
    "statusMessage" : "AssertionError",
    "statusTrace" : "self = <tests.home.footer_test.FooterTests testMethod=test_termsAndConditionsLink>\n\n    def test_termsAndConditionsLink(self):\n        result = self.fp.getTnCLinkStatus()\n>       self.ts.markFinal(\"test_termsAndConditionsLink\", result, \"Footer_Verified TnC Link\")\n\nhome\\footer_test.py:76: \n_ _ _ _ _ _ _ _ _ _ _ _ _ _ _ _ _ _ _ _ _ _ _ _ _ _ _ _ _ _ _ _ _ _ _ _ _ _ _ _\n\nself = <utilities.casestatus.CaseStatus object at 0x000001BD107D33A0>\ntestName = 'test_termsAndConditionsLink', result = False\nresultMessage = 'Footer_Verified TnC Link'\n\n    def markFinal(self, testName, result, resultMessage):\n        \"\"\"\n        Mark the final result of verification point in a test case\n        This needs to be called at least once in a test case\n        This should be final test status of the test case\n        \"\"\"\n        self.setResult(result, resultMessage)\n    \n        if \"FAIL\" in self.resultList:\n            self.log.error(testName + \" Test Failed\")\n            self.resultList.clear()\n>           assert True == False\nE           AssertionError\n\n..\\utilities\\casestatus.py:74: AssertionError",
    "steps" : [ ],
    "attachments" : [ {
      "uid" : "23a4174a0442422b",
      "name" : "Footer_Verified TnC Link.1591865580566",
      "source" : "23a4174a0442422b.png",
      "type" : "image/png",
      "size" : 4195
    }, {
      "uid" : "725dfb5525b10ca8",
      "name" : "log",
      "source" : "725dfb5525b10ca8.txt",
      "type" : "text/plain",
      "size" : 1155
    }, {
      "uid" : "f9099f2b75f146ee",
      "name" : "stdout",
      "source" : "f9099f2b75f146ee.txt",
      "type" : "text/plain",
      "size" : 22
    } ],
    "parameters" : [ ],
    "stepsCount" : 0,
    "hasContent" : true,
    "attachmentsCount" : 3,
    "shouldDisplayMessage" : true
  },
  "afterStages" : [ {
    "name" : "oneTimeSetUp::0",
    "time" : {
      "start" : 1591865605392,
      "stop" : 1591865607599,
      "duration" : 2207
    },
    "status" : "passed",
    "steps" : [ ],
    "attachments" : [ ],
    "parameters" : [ ],
    "stepsCount" : 0,
    "hasContent" : false,
    "attachmentsCount" : 0,
    "shouldDisplayMessage" : false
  }, {
    "name" : "_UnitTestCase__pytest_class_setup::0",
    "time" : {
      "start" : 1591865607604,
      "stop" : 1591865607604,
      "duration" : 0
    },
    "status" : "passed",
    "steps" : [ ],
    "attachments" : [ ],
    "parameters" : [ ],
    "stepsCount" : 0,
    "hasContent" : false,
    "attachmentsCount" : 0,
    "shouldDisplayMessage" : false
  } ],
  "labels" : [ {
    "name" : "suite",
    "value" : "test_regression_suite"
  }, {
    "name" : "subSuite",
    "value" : "FooterTests"
  }, {
    "name" : "host",
    "value" : "EXIPC0154"
  }, {
    "name" : "thread",
    "value" : "120-MainThread"
  }, {
    "name" : "framework",
    "value" : "pytest"
  }, {
    "name" : "language",
    "value" : "cpython3"
  }, {
    "name" : "package",
    "value" : "test_regression_suite"
  }, {
    "name" : "resultFormat",
    "value" : "allure2"
  } ],
  "parameters" : [ ],
  "links" : [ ],
  "hidden" : false,
  "retry" : false,
  "extra" : {
    "severity" : "normal",
    "retries" : [ {
      "uid" : "3e5cc53c0da86b3f",
      "status" : "failed",
      "statusDetails" : "AssertionError",
      "time" : {
        "start" : 1591778416404,
        "stop" : 1591778441268,
        "duration" : 24864
      }
    }, {
      "uid" : "6cdf892a29ee6f",
      "status" : "failed",
      "statusDetails" : "AssertionError",
      "time" : {
        "start" : 1591691685479,
        "stop" : 1591691710576,
        "duration" : 25097
      }
    }, {
      "uid" : "12cf49d5910db3a0",
      "status" : "broken",
      "statusDetails" : "selenium.common.exceptions.NoSuchWindowException: Message: no such window: target window already closed\nfrom unknown error: web view not found\n  (Session info: chrome=83.0.4103.61)",
      "time" : {
        "start" : 1591432241511,
        "stop" : 1591432241517,
        "duration" : 6
      }
    }, {
      "uid" : "c9c1a9d04bed16c7",
      "status" : "failed",
      "statusDetails" : "AssertionError",
      "time" : {
        "start" : 1591086939682,
        "stop" : 1591086964600,
        "duration" : 24918
      }
    }, {
      "uid" : "baab558432d63499",
      "status" : "passed",
      "time" : {
        "start" : 1591000095829,
        "stop" : 1591000096971,
        "duration" : 1142
      }
    }, {
      "uid" : "2970c060e55a96b9",
      "status" : "passed",
      "time" : {
        "start" : 1590998615943,
        "stop" : 1590998616881,
        "duration" : 938
      }
    }, {
      "uid" : "dd88946a5065b250",
      "status" : "broken",
      "statusDetails" : "selenium.common.exceptions.SessionNotCreatedException: Message: session not created: This version of ChromeDriver only supports Chrome version 81",
      "time" : {
        "start" : 1590913649202,
        "stop" : 1590913649202,
        "duration" : 0
      }
    }, {
      "uid" : "a8e1eb65cb969855",
      "status" : "passed",
      "time" : {
        "start" : 1590827313161,
        "stop" : 1590827314904,
        "duration" : 1743
      }
    }, {
      "uid" : "3ff01c499c81e380",
      "status" : "passed",
      "time" : {
        "start" : 1590740958452,
        "stop" : 1590740960367,
        "duration" : 1915
      }
    }, {
      "uid" : "b0667310385d9aca",
      "status" : "broken",
      "statusDetails" : "selenium.common.exceptions.WebDriverException: Message: chrome not reachable\n  (Session info: chrome=81.0.4044.138)",
      "time" : {
        "start" : 1590654821746,
        "stop" : 1590654845822,
        "duration" : 24076
      }
    }, {
      "uid" : "8ebe23f68e10d296",
      "status" : "passed",
      "time" : {
        "start" : 1590568887276,
        "stop" : 1590568888180,
        "duration" : 904
      }
    }, {
      "uid" : "951f7a812abb670b",
      "status" : "passed",
      "time" : {
        "start" : 1590405799796,
        "stop" : 1590405800932,
        "duration" : 1136
      }
    }, {
      "uid" : "aacdf8a337757748",
      "status" : "passed",
      "time" : {
        "start" : 1590404518740,
        "stop" : 1590404519937,
        "duration" : 1197
      }
    }, {
      "uid" : "edb1a6b85ef47e28",
      "status" : "passed",
      "time" : {
        "start" : 1590404456504,
        "stop" : 1590404457876,
        "duration" : 1372
      }
    }, {
      "uid" : "6487cdb90f9d9718",
      "status" : "passed",
      "time" : {
        "start" : 1589610685526,
        "stop" : 1589610687096,
        "duration" : 1570
      }
    }, {
      "uid" : "378bbd1be73bcf4c",
      "status" : "passed",
      "time" : {
        "start" : 1589609696409,
        "stop" : 1589609698181,
        "duration" : 1772
      }
    }, {
      "uid" : "ce1643866c8440f8",
      "status" : "passed",
      "time" : {
        "start" : 1589609442773,
        "stop" : 1589609443877,
        "duration" : 1104
      }
    }, {
      "uid" : "8bae9cff79593901",
      "status" : "passed",
      "time" : {
        "start" : 1589608987531,
        "stop" : 1589608988742,
        "duration" : 1211
      }
    }, {
      "uid" : "aeaff208bec2634c",
      "status" : "broken",
      "statusDetails" : "selenium.common.exceptions.WebDriverException: Message: 'chromedriver.exe' executable needs to be in PATH. Please see https://sites.google.com/a/chromium.org/chromedriver/home",
      "time" : {
        "start" : 1589607871185,
        "stop" : 1589607871185,
        "duration" : 0
      }
    }, {
      "uid" : "188c1bfd23030e3f",
      "status" : "passed",
      "time" : {
        "start" : 1589606515093,
        "stop" : 1589606516353,
        "duration" : 1260
      }
    }, {
      "uid" : "bce28dcdeaa6d6f0",
      "status" : "passed",
      "time" : {
        "start" : 1589597916664,
        "stop" : 1589597917825,
        "duration" : 1161
      }
    }, {
      "uid" : "f455fa4773c60d69",
      "status" : "passed",
      "time" : {
        "start" : 1589596704356,
        "stop" : 1589596705769,
        "duration" : 1413
      }
    }, {
      "uid" : "afabade042291299",
      "status" : "passed",
      "time" : {
        "start" : 1589534553598,
        "stop" : 1589534555336,
        "duration" : 1738
      }
    }, {
      "uid" : "e40f1e58803791ea",
      "status" : "failed",
      "statusDetails" : "AssertionError",
      "time" : {
        "start" : 1589469169465,
        "stop" : 1589469171084,
        "duration" : 1619
      }
    }, {
      "uid" : "b85dd4018605f3bf",
      "status" : "failed",
      "statusDetails" : "AssertionError",
      "time" : {
        "start" : 1589386800376,
        "stop" : 1589386801325,
        "duration" : 949
      }
    }, {
      "uid" : "fff7b1c5a781439",
      "status" : "failed",
      "statusDetails" : "AssertionError",
      "time" : {
        "start" : 1589272136460,
        "stop" : 1589272137378,
        "duration" : 918
      }
    }, {
      "uid" : "f582f23bcf3812aa",
      "status" : "failed",
      "statusDetails" : "AssertionError",
      "time" : {
        "start" : 1589258697149,
        "stop" : 1589258697977,
        "duration" : 828
      }
    }, {
      "uid" : "4031ab110d74b345",
      "status" : "failed",
      "statusDetails" : "AssertionError",
      "time" : {
        "start" : 1589258583119,
        "stop" : 1589258584062,
        "duration" : 943
      }
    }, {
      "uid" : "f5c0e3602149709e",
      "status" : "failed",
      "statusDetails" : "AssertionError",
      "time" : {
        "start" : 1589255132097,
        "stop" : 1589255132989,
        "duration" : 892
      }
    }, {
      "uid" : "e486c374a7f24094",
      "status" : "failed",
      "statusDetails" : "AssertionError",
      "time" : {
        "start" : 1589253217146,
        "stop" : 1589253218162,
        "duration" : 1016
      }
    }, {
      "uid" : "58c12ce158d61553",
      "status" : "failed",
      "statusDetails" : "AssertionError",
      "time" : {
        "start" : 1589216129859,
        "stop" : 1589216130639,
        "duration" : 780
      }
    }, {
      "uid" : "448f6ef51f1ea5f",
      "status" : "failed",
      "statusDetails" : "AssertionError",
      "time" : {
        "start" : 1589207740345,
        "stop" : 1589207741295,
        "duration" : 950
      }
    }, {
      "uid" : "f4376f8062c9690e",
      "status" : "failed",
      "statusDetails" : "AssertionError",
      "time" : {
        "start" : 1589206289678,
        "stop" : 1589206290654,
        "duration" : 976
      }
    }, {
      "uid" : "5b0c9924aa0c83b7",
      "status" : "failed",
      "statusDetails" : "AssertionError",
      "time" : {
        "start" : 1589205362651,
        "stop" : 1589205363669,
        "duration" : 1018
      }
    }, {
      "uid" : "3e76efd60e2ad296",
      "status" : "failed",
      "statusDetails" : "AssertionError",
      "time" : {
        "start" : 1589203310487,
        "stop" : 1589203311261,
        "duration" : 774
      }
    }, {
      "uid" : "44d33b5a820c230f",
      "status" : "failed",
      "statusDetails" : "AssertionError",
      "time" : {
        "start" : 1589163803637,
        "stop" : 1589163804509,
        "duration" : 872
      }
    }, {
      "uid" : "e5941b9480a50a8b",
      "status" : "failed",
      "statusDetails" : "AssertionError",
      "time" : {
        "start" : 1589113072807,
        "stop" : 1589113074341,
        "duration" : 1534
      }
    }, {
      "uid" : "f88dc753de3e0dc9",
      "status" : "failed",
      "statusDetails" : "AssertionError",
      "time" : {
        "start" : 1588853679561,
        "stop" : 1588853680463,
        "duration" : 902
      }
    }, {
      "uid" : "82ebb8f382a77d62",
      "status" : "failed",
      "statusDetails" : "AssertionError",
      "time" : {
        "start" : 1588852353714,
        "stop" : 1588852354698,
        "duration" : 984
      }
    } ],
    "categories" : [ {
      "name" : "Product defects",
      "matchedStatuses" : [ ],
      "flaky" : false
    } ],
    "history" : {
      "statistic" : {
        "failed" : 22,
        "broken" : 5,
        "skipped" : 0,
        "passed" : 18,
        "unknown" : 0,
        "total" : 45
      },
      "items" : [ {
        "uid" : "edd49305203dea2a",
        "reportUrl" : "http://localhost:9090/jenkins/job/MattamyAutomationFramework/63/allure/#testresult/edd49305203dea2a",
        "status" : "failed",
        "statusDetails" : "AssertionError",
        "time" : {
          "start" : 1591778416404,
          "stop" : 1591778441268,
          "duration" : 24864
        }
      }, {
        "uid" : "41a02a395600eda5",
        "reportUrl" : "http://localhost:9090/jenkins/job/MattamyAutomationFramework/62/allure/#testresult/41a02a395600eda5",
        "status" : "failed",
        "statusDetails" : "AssertionError",
        "time" : {
          "start" : 1591691685479,
          "stop" : 1591691710576,
          "duration" : 25097
        }
      }, {
        "uid" : "71f36a0f0fbb4284",
        "reportUrl" : "http://localhost:9090/jenkins/job/MattamyAutomationFramework/61/allure/#testresult/71f36a0f0fbb4284",
        "status" : "broken",
        "statusDetails" : "selenium.common.exceptions.NoSuchWindowException: Message: no such window: target window already closed\nfrom unknown error: web view not found\n  (Session info: chrome=83.0.4103.61)",
        "time" : {
          "start" : 1591432241511,
          "stop" : 1591432241517,
          "duration" : 6
        }
      }, {
        "uid" : "d6b898d626d8f835",
        "reportUrl" : "http://localhost:9090/jenkins/job/MattamyAutomationFramework/60/allure/#testresult/d6b898d626d8f835",
        "status" : "broken",
        "statusDetails" : "selenium.common.exceptions.NoSuchWindowException: Message: no such window: target window already closed\nfrom unknown error: web view not found\n  (Session info: chrome=83.0.4103.61)",
        "time" : {
          "start" : 1591432241511,
          "stop" : 1591432241517,
          "duration" : 6
        }
      }, {
        "uid" : "4293651bebaef24e",
        "reportUrl" : "http://localhost:9090/jenkins/job/MattamyAutomationFramework/59/allure/#testresult/4293651bebaef24e",
        "status" : "broken",
        "statusDetails" : "selenium.common.exceptions.NoSuchWindowException: Message: no such window: target window already closed\nfrom unknown error: web view not found\n  (Session info: chrome=83.0.4103.61)",
        "time" : {
          "start" : 1591432241511,
          "stop" : 1591432241517,
          "duration" : 6
        }
      }, {
        "uid" : "cfd0440e3d369c54",
        "reportUrl" : "http://localhost:9090/jenkins/job/MattamyAutomationFramework/58/allure/#testresult/cfd0440e3d369c54",
        "status" : "failed",
        "statusDetails" : "AssertionError",
        "time" : {
          "start" : 1591086939682,
          "stop" : 1591086964600,
          "duration" : 24918
        }
      }, {
        "uid" : "354842107c23dc9e",
        "reportUrl" : "http://localhost:9090/jenkins/job/MattamyAutomationFramework/57/allure/#testresult/354842107c23dc9e",
        "status" : "failed",
        "statusDetails" : "AssertionError",
        "time" : {
          "start" : 1591086939682,
          "stop" : 1591086964600,
          "duration" : 24918
        }
      }, {
        "uid" : "b4609ad2a6443216",
        "reportUrl" : "http://localhost:9090/jenkins/job/MattamyAutomationFramework/56/allure/#testresult/b4609ad2a6443216",
        "status" : "failed",
        "statusDetails" : "AssertionError",
        "time" : {
          "start" : 1591086939682,
          "stop" : 1591086964600,
          "duration" : 24918
        }
      }, {
        "uid" : "c2cce5e6745d6854",
        "reportUrl" : "http://localhost:9090/jenkins/job/MattamyAutomationFramework/55/allure/#testresult/c2cce5e6745d6854",
        "status" : "failed",
        "statusDetails" : "AssertionError",
        "time" : {
          "start" : 1591086939682,
          "stop" : 1591086964600,
          "duration" : 24918
        }
      }, {
        "uid" : "ad9984b117b9288e",
        "reportUrl" : "http://localhost:9090/jenkins/job/MattamyAutomationFramework/54/allure/#testresult/ad9984b117b9288e",
        "status" : "passed",
        "time" : {
          "start" : 1591000095829,
          "stop" : 1591000096971,
          "duration" : 1142
        }
      }, {
        "uid" : "59a698772bf5a272",
        "reportUrl" : "http://localhost:9090/jenkins/job/MattamyAutomationFramework/53/allure/#testresult/59a698772bf5a272",
        "status" : "passed",
        "time" : {
          "start" : 1590998615943,
          "stop" : 1590998616881,
          "duration" : 938
        }
      }, {
        "uid" : "7bdb463f2be97e19",
        "reportUrl" : "http://localhost:9090/jenkins/job/MattamyAutomationFramework/52/allure/#testresult/7bdb463f2be97e19",
        "status" : "broken",
        "statusDetails" : "selenium.common.exceptions.SessionNotCreatedException: Message: session not created: This version of ChromeDriver only supports Chrome version 81",
        "time" : {
          "start" : 1590913649202,
          "stop" : 1590913649202,
          "duration" : 0
        }
      }, {
        "uid" : "dce32401549e5938",
        "reportUrl" : "http://localhost:9090/jenkins/job/MattamyAutomationFramework/51/allure/#testresult/dce32401549e5938",
        "status" : "passed",
        "time" : {
          "start" : 1590827313161,
          "stop" : 1590827314904,
          "duration" : 1743
        }
      }, {
        "uid" : "6ec48fa340c5290e",
        "reportUrl" : "http://localhost:9090/jenkins/job/MattamyAutomationFramework/50/allure/#testresult/6ec48fa340c5290e",
        "status" : "passed",
        "time" : {
          "start" : 1590740958452,
          "stop" : 1590740960367,
          "duration" : 1915
        }
      }, {
        "uid" : "ee2462df1c66646d",
        "reportUrl" : "http://localhost:9090/jenkins/job/MattamyAutomationFramework/49/allure/#testresult/ee2462df1c66646d",
        "status" : "broken",
        "statusDetails" : "selenium.common.exceptions.WebDriverException: Message: chrome not reachable\n  (Session info: chrome=81.0.4044.138)",
        "time" : {
          "start" : 1590654821746,
          "stop" : 1590654845822,
          "duration" : 24076
        }
      }, {
        "uid" : "db0b9c7ffb8d6285",
        "reportUrl" : "http://localhost:9090/jenkins/job/MattamyAutomationFramework/48/allure/#testresult/db0b9c7ffb8d6285",
        "status" : "passed",
        "time" : {
          "start" : 1590568887276,
          "stop" : 1590568888180,
          "duration" : 904
        }
      }, {
        "uid" : "f1917166a856e1f1",
        "reportUrl" : "http://localhost:9090/jenkins/job/MattamyAutomationFramework/47/allure/#testresult/f1917166a856e1f1",
        "status" : "passed",
        "time" : {
          "start" : 1590405799796,
          "stop" : 1590405800932,
          "duration" : 1136
        }
      }, {
        "uid" : "7a7492fee8318312",
        "reportUrl" : "http://localhost:9090/jenkins/job/MattamyAutomationFramework/46/allure/#testresult/7a7492fee8318312",
        "status" : "passed",
        "time" : {
          "start" : 1590405799796,
          "stop" : 1590405800932,
          "duration" : 1136
        }
      }, {
        "uid" : "dd755c708ad1cc32",
        "reportUrl" : "http://localhost:9090/jenkins/job/MattamyAutomationFramework/45/allure/#testresult/dd755c708ad1cc32",
        "status" : "passed",
        "time" : {
          "start" : 1590404518740,
          "stop" : 1590404519937,
          "duration" : 1197
        }
      }, {
        "uid" : "10839b96578affe5",
        "reportUrl" : "http://localhost:9090/jenkins/job/MattamyAutomationFramework/43/allure/#testresult/10839b96578affe5",
        "status" : "passed",
        "time" : {
          "start" : 1589610685526,
          "stop" : 1589610687096,
          "duration" : 1570
        }
      } ]
    },
    "tags" : [ ]
  },
  "source" : "be92a0db35a58613.json",
  "parameterValues" : [ ]
}