{
  "uid" : "c90c74d94f1791cf",
  "name" : "test_privacyPolicyLink",
  "fullName" : "test_regression_suite.FooterTests#test_privacyPolicyLink",
  "historyId" : "b1f18d70ace4899566611e7531314bd9",
  "time" : {
    "start" : 1592797447543,
    "stop" : 1592797472367,
    "duration" : 24824
  },
  "status" : "failed",
  "statusMessage" : "AssertionError",
  "statusTrace" : "self = <tests.home.footer_test.FooterTests testMethod=test_privacyPolicyLink>\n\n    def test_privacyPolicyLink(self):\n        result = self.fp.getPrivacyLinkStatus()\n>       self.ts.markFinal(\"test_privacyPolicyLink\", result, \"Footer_Verified Privacy Policy Link\")\n\nhome\\footer_test.py:72: \n_ _ _ _ _ _ _ _ _ _ _ _ _ _ _ _ _ _ _ _ _ _ _ _ _ _ _ _ _ _ _ _ _ _ _ _ _ _ _ _\n\nself = <utilities.casestatus.CaseStatus object at 0x0000021539E9F070>\ntestName = 'test_privacyPolicyLink', result = False\nresultMessage = 'Footer_Verified Privacy Policy Link'\n\n    def markFinal(self, testName, result, resultMessage):\n        \"\"\"\n        Mark the final result of verification point in a test case\n        This needs to be called at least once in a test case\n        This should be final test status of the test case\n        \"\"\"\n        self.setResult(result, resultMessage)\n    \n        if \"FAIL\" in self.resultList:\n            self.log.error(testName + \" Test Failed\")\n            self.resultList.clear()\n>           assert True == False\nE           AssertionError\n\n..\\utilities\\casestatus.py:74: AssertionError",
  "flaky" : false,
  "newFailed" : false,
  "beforeStages" : [ {
    "name" : "classSetUp",
    "time" : {
      "start" : 1592797447542,
      "stop" : 1592797447542,
      "duration" : 0
    },
    "status" : "passed",
    "steps" : [ ],
    "attachments" : [ ],
    "parameters" : [ ],
    "stepsCount" : 0,
    "hasContent" : false,
    "attachmentsCount" : 0,
    "shouldDisplayMessage" : false
  }, {
    "name" : "browser",
    "time" : {
      "start" : 1592797077128,
      "stop" : 1592797077128,
      "duration" : 0
    },
    "status" : "passed",
    "steps" : [ ],
    "attachments" : [ ],
    "parameters" : [ ],
    "stepsCount" : 0,
    "hasContent" : false,
    "attachmentsCount" : 0,
    "shouldDisplayMessage" : false
  }, {
    "name" : "_UnitTestCase__pytest_class_setup",
    "time" : {
      "start" : 1592797077127,
      "stop" : 1592797077127,
      "duration" : 0
    },
    "status" : "passed",
    "steps" : [ ],
    "attachments" : [ ],
    "parameters" : [ ],
    "stepsCount" : 0,
    "hasContent" : false,
    "attachmentsCount" : 0,
    "shouldDisplayMessage" : false
  }, {
    "name" : "oneTimeSetUp",
    "time" : {
      "start" : 1592797077128,
      "stop" : 1592797116316,
      "duration" : 39188
    },
    "status" : "passed",
    "steps" : [ ],
    "attachments" : [ ],
    "parameters" : [ ],
    "stepsCount" : 0,
    "hasContent" : false,
    "attachmentsCount" : 0,
    "shouldDisplayMessage" : false
  } ],
  "testStage" : {
    "status" : "failed",
    "statusMessage" : "AssertionError",
    "statusTrace" : "self = <tests.home.footer_test.FooterTests testMethod=test_privacyPolicyLink>\n\n    def test_privacyPolicyLink(self):\n        result = self.fp.getPrivacyLinkStatus()\n>       self.ts.markFinal(\"test_privacyPolicyLink\", result, \"Footer_Verified Privacy Policy Link\")\n\nhome\\footer_test.py:72: \n_ _ _ _ _ _ _ _ _ _ _ _ _ _ _ _ _ _ _ _ _ _ _ _ _ _ _ _ _ _ _ _ _ _ _ _ _ _ _ _\n\nself = <utilities.casestatus.CaseStatus object at 0x0000021539E9F070>\ntestName = 'test_privacyPolicyLink', result = False\nresultMessage = 'Footer_Verified Privacy Policy Link'\n\n    def markFinal(self, testName, result, resultMessage):\n        \"\"\"\n        Mark the final result of verification point in a test case\n        This needs to be called at least once in a test case\n        This should be final test status of the test case\n        \"\"\"\n        self.setResult(result, resultMessage)\n    \n        if \"FAIL\" in self.resultList:\n            self.log.error(testName + \" Test Failed\")\n            self.resultList.clear()\n>           assert True == False\nE           AssertionError\n\n..\\utilities\\casestatus.py:74: AssertionError",
    "steps" : [ ],
    "attachments" : [ {
      "uid" : "6ad7dc38349b9c40",
      "name" : "Footer_Verified Privacy Policy Link.1592797472365",
      "source" : "6ad7dc38349b9c40.png",
      "type" : "image/png",
      "size" : 4195
    }, {
      "uid" : "e0e45093eb15275",
      "name" : "log",
      "source" : "e0e45093eb15275.txt",
      "type" : "text/plain",
      "size" : 1168
    }, {
      "uid" : "a6e48401609dd797",
      "name" : "stdout",
      "source" : "a6e48401609dd797.txt",
      "type" : "text/plain",
      "size" : 22
    } ],
    "parameters" : [ ],
    "stepsCount" : 0,
    "hasContent" : true,
    "attachmentsCount" : 3,
    "shouldDisplayMessage" : true
  },
  "afterStages" : [ {
    "name" : "_UnitTestCase__pytest_class_setup::0",
    "time" : {
      "start" : 1592797524404,
      "stop" : 1592797524404,
      "duration" : 0
    },
    "status" : "passed",
    "steps" : [ ],
    "attachments" : [ ],
    "parameters" : [ ],
    "stepsCount" : 0,
    "hasContent" : false,
    "attachmentsCount" : 0,
    "shouldDisplayMessage" : false
  }, {
    "name" : "oneTimeSetUp::0",
    "time" : {
      "start" : 1592797522163,
      "stop" : 1592797524397,
      "duration" : 2234
    },
    "status" : "passed",
    "steps" : [ ],
    "attachments" : [ ],
    "parameters" : [ ],
    "stepsCount" : 0,
    "hasContent" : false,
    "attachmentsCount" : 0,
    "shouldDisplayMessage" : false
  } ],
  "labels" : [ {
    "name" : "suite",
    "value" : "test_regression_suite"
  }, {
    "name" : "subSuite",
    "value" : "FooterTests"
  }, {
    "name" : "host",
    "value" : "EXIPC0154"
  }, {
    "name" : "thread",
    "value" : "7664-MainThread"
  }, {
    "name" : "framework",
    "value" : "pytest"
  }, {
    "name" : "language",
    "value" : "cpython3"
  }, {
    "name" : "package",
    "value" : "test_regression_suite"
  }, {
    "name" : "resultFormat",
    "value" : "allure2"
  } ],
  "parameters" : [ ],
  "links" : [ ],
  "hidden" : false,
  "retry" : false,
  "extra" : {
    "severity" : "normal",
    "retries" : [ {
      "uid" : "e7b60572b64c263f",
      "status" : "failed",
      "statusDetails" : "AssertionError",
      "time" : {
        "start" : 1592555692253,
        "stop" : 1592555717125,
        "duration" : 24872
      }
    }, {
      "uid" : "7ba40930e2bb74c9",
      "status" : "failed",
      "statusDetails" : "AssertionError",
      "time" : {
        "start" : 1592123690412,
        "stop" : 1592123715370,
        "duration" : 24958
      }
    }, {
      "uid" : "4c65bc42c33d9f9a",
      "status" : "failed",
      "statusDetails" : "AssertionError",
      "time" : {
        "start" : 1592046226660,
        "stop" : 1592046251566,
        "duration" : 24906
      }
    }, {
      "uid" : "df5f7fe103f2de1a",
      "status" : "failed",
      "statusDetails" : "AssertionError",
      "time" : {
        "start" : 1591950903352,
        "stop" : 1591950928311,
        "duration" : 24959
      }
    }, {
      "uid" : "6a8a6aefcf257a68",
      "status" : "failed",
      "statusDetails" : "AssertionError",
      "time" : {
        "start" : 1591865530763,
        "stop" : 1591865555635,
        "duration" : 24872
      }
    }, {
      "uid" : "7f18e62543fee3c8",
      "status" : "failed",
      "statusDetails" : "AssertionError",
      "time" : {
        "start" : 1591778391416,
        "stop" : 1591778416384,
        "duration" : 24968
      }
    }, {
      "uid" : "ef8613b232ae0ac2",
      "status" : "failed",
      "statusDetails" : "AssertionError",
      "time" : {
        "start" : 1591691660408,
        "stop" : 1591691685458,
        "duration" : 25050
      }
    }, {
      "uid" : "5df88062e7f106e5",
      "status" : "broken",
      "statusDetails" : "selenium.common.exceptions.NoSuchWindowException: Message: no such window: target window already closed\nfrom unknown error: web view not found\n  (Session info: chrome=83.0.4103.61)",
      "time" : {
        "start" : 1591432241394,
        "stop" : 1591432241399,
        "duration" : 5
      }
    }, {
      "uid" : "d0ffc144a0f379db",
      "status" : "failed",
      "statusDetails" : "AssertionError",
      "time" : {
        "start" : 1591086914663,
        "stop" : 1591086939662,
        "duration" : 24999
      }
    }, {
      "uid" : "6bc4249801ee67c6",
      "status" : "passed",
      "time" : {
        "start" : 1591000094471,
        "stop" : 1591000095813,
        "duration" : 1342
      }
    }, {
      "uid" : "ddca70396e877630",
      "status" : "passed",
      "time" : {
        "start" : 1590998614782,
        "stop" : 1590998615931,
        "duration" : 1149
      }
    }, {
      "uid" : "89427ed2451bdd90",
      "status" : "broken",
      "statusDetails" : "selenium.common.exceptions.SessionNotCreatedException: Message: session not created: This version of ChromeDriver only supports Chrome version 81",
      "time" : {
        "start" : 1590913648990,
        "stop" : 1590913648990,
        "duration" : 0
      }
    }, {
      "uid" : "3840592f266ca03e",
      "status" : "passed",
      "time" : {
        "start" : 1590827311584,
        "stop" : 1590827313150,
        "duration" : 1566
      }
    }, {
      "uid" : "5eafb8d87d2b71c6",
      "status" : "passed",
      "time" : {
        "start" : 1590740957114,
        "stop" : 1590740958440,
        "duration" : 1326
      }
    }, {
      "uid" : "4bda8dea8b5cdd7",
      "status" : "broken",
      "statusDetails" : "selenium.common.exceptions.WebDriverException: Message: chrome not reachable\n  (Session info: chrome=81.0.4044.138)",
      "time" : {
        "start" : 1590654797501,
        "stop" : 1590654821573,
        "duration" : 24072
      }
    }, {
      "uid" : "59c5378bc572e56a",
      "status" : "passed",
      "time" : {
        "start" : 1590568886007,
        "stop" : 1590568887265,
        "duration" : 1258
      }
    }, {
      "uid" : "fff78725c41e2ca1",
      "status" : "passed",
      "time" : {
        "start" : 1590405798458,
        "stop" : 1590405799772,
        "duration" : 1314
      }
    }, {
      "uid" : "c6a37e307eecc7c9",
      "status" : "passed",
      "time" : {
        "start" : 1590404517540,
        "stop" : 1590404518726,
        "duration" : 1186
      }
    }, {
      "uid" : "4e103e33df01e4ce",
      "status" : "passed",
      "time" : {
        "start" : 1590404454663,
        "stop" : 1590404456490,
        "duration" : 1827
      }
    }, {
      "uid" : "55850c86338fc177",
      "status" : "passed",
      "time" : {
        "start" : 1589610684093,
        "stop" : 1589610685515,
        "duration" : 1422
      }
    }, {
      "uid" : "7c9e1bb6e00bc514",
      "status" : "passed",
      "time" : {
        "start" : 1589609690444,
        "stop" : 1589609696397,
        "duration" : 5953
      }
    }, {
      "uid" : "f429735a48ab799e",
      "status" : "passed",
      "time" : {
        "start" : 1589609441383,
        "stop" : 1589609442762,
        "duration" : 1379
      }
    }, {
      "uid" : "bf3ed1b270e59b52",
      "status" : "passed",
      "time" : {
        "start" : 1589608985693,
        "stop" : 1589608987520,
        "duration" : 1827
      }
    }, {
      "uid" : "9659f37933177bbc",
      "status" : "broken",
      "statusDetails" : "selenium.common.exceptions.WebDriverException: Message: 'chromedriver.exe' executable needs to be in PATH. Please see https://sites.google.com/a/chromium.org/chromedriver/home",
      "time" : {
        "start" : 1589607870854,
        "stop" : 1589607870854,
        "duration" : 0
      }
    }, {
      "uid" : "44565e9683ab4aa8",
      "status" : "passed",
      "time" : {
        "start" : 1589606513756,
        "stop" : 1589606515081,
        "duration" : 1325
      }
    }, {
      "uid" : "badc3eef1b7d6065",
      "status" : "passed",
      "time" : {
        "start" : 1589597915080,
        "stop" : 1589597916653,
        "duration" : 1573
      }
    }, {
      "uid" : "84495e0b511d2b42",
      "status" : "passed",
      "time" : {
        "start" : 1589596703188,
        "stop" : 1589596704343,
        "duration" : 1155
      }
    }, {
      "uid" : "d9760d6a206143e8",
      "status" : "passed",
      "time" : {
        "start" : 1589534552167,
        "stop" : 1589534553586,
        "duration" : 1419
      }
    }, {
      "uid" : "20b3d1e0ba9fa058",
      "status" : "failed",
      "statusDetails" : "AssertionError",
      "time" : {
        "start" : 1589469167764,
        "stop" : 1589469169433,
        "duration" : 1669
      }
    }, {
      "uid" : "65c6969aee5957c3",
      "status" : "failed",
      "statusDetails" : "AssertionError",
      "time" : {
        "start" : 1589386799289,
        "stop" : 1589386800350,
        "duration" : 1061
      }
    }, {
      "uid" : "ec3331a349edabb5",
      "status" : "failed",
      "statusDetails" : "AssertionError",
      "time" : {
        "start" : 1589272135300,
        "stop" : 1589272136433,
        "duration" : 1133
      }
    }, {
      "uid" : "47705e090724ad68",
      "status" : "failed",
      "statusDetails" : "AssertionError",
      "time" : {
        "start" : 1589258696231,
        "stop" : 1589258697125,
        "duration" : 894
      }
    }, {
      "uid" : "70095238c3dff490",
      "status" : "failed",
      "statusDetails" : "AssertionError",
      "time" : {
        "start" : 1589258582116,
        "stop" : 1589258583097,
        "duration" : 981
      }
    }, {
      "uid" : "78cb7ab4ca01ddf8",
      "status" : "failed",
      "statusDetails" : "AssertionError",
      "time" : {
        "start" : 1589255131162,
        "stop" : 1589255132071,
        "duration" : 909
      }
    }, {
      "uid" : "bf4764728e3eeea0",
      "status" : "failed",
      "statusDetails" : "AssertionError",
      "time" : {
        "start" : 1589253215975,
        "stop" : 1589253217117,
        "duration" : 1142
      }
    }, {
      "uid" : "7faa28320353e027",
      "status" : "failed",
      "statusDetails" : "AssertionError",
      "time" : {
        "start" : 1589216129025,
        "stop" : 1589216129838,
        "duration" : 813
      }
    }, {
      "uid" : "8612efa10393b21b",
      "status" : "failed",
      "statusDetails" : "AssertionError",
      "time" : {
        "start" : 1589207739519,
        "stop" : 1589207740320,
        "duration" : 801
      }
    }, {
      "uid" : "63f28b1db26e7ab1",
      "status" : "failed",
      "statusDetails" : "AssertionError",
      "time" : {
        "start" : 1589206288861,
        "stop" : 1589206289657,
        "duration" : 796
      }
    }, {
      "uid" : "78b33b0b33401ab3",
      "status" : "failed",
      "statusDetails" : "AssertionError",
      "time" : {
        "start" : 1589205361748,
        "stop" : 1589205362612,
        "duration" : 864
      }
    }, {
      "uid" : "aceaf4129bb516b2",
      "status" : "failed",
      "statusDetails" : "AssertionError",
      "time" : {
        "start" : 1589203309624,
        "stop" : 1589203310462,
        "duration" : 838
      }
    }, {
      "uid" : "df8b9871e493dd8b",
      "status" : "failed",
      "statusDetails" : "AssertionError",
      "time" : {
        "start" : 1589163802743,
        "stop" : 1589163803615,
        "duration" : 872
      }
    }, {
      "uid" : "a1eaac08d0ef478f",
      "status" : "failed",
      "statusDetails" : "AssertionError",
      "time" : {
        "start" : 1589113071837,
        "stop" : 1589113072783,
        "duration" : 946
      }
    }, {
      "uid" : "12b48d57e7893aa5",
      "status" : "failed",
      "statusDetails" : "AssertionError",
      "time" : {
        "start" : 1588853678758,
        "stop" : 1588853679538,
        "duration" : 780
      }
    }, {
      "uid" : "c80ce8a8cca19c69",
      "status" : "failed",
      "statusDetails" : "AssertionError",
      "time" : {
        "start" : 1588852352716,
        "stop" : 1588852353685,
        "duration" : 969
      }
    } ],
    "categories" : [ {
      "name" : "Product defects",
      "matchedStatuses" : [ ],
      "flaky" : false
    } ],
    "history" : {
      "statistic" : {
        "failed" : 32,
        "broken" : 5,
        "skipped" : 0,
        "passed" : 18,
        "unknown" : 0,
        "total" : 55
      },
      "items" : [ {
        "uid" : "9e61a181b67a1f30",
        "reportUrl" : "http://localhost:9090/jenkins/job/MattamyAutomationFramework/73/allure/#testresult/9e61a181b67a1f30",
        "status" : "failed",
        "statusDetails" : "AssertionError",
        "time" : {
          "start" : 1592555692253,
          "stop" : 1592555717125,
          "duration" : 24872
        }
      }, {
        "uid" : "fbfb1b5875a01bd4",
        "reportUrl" : "http://localhost:9090/jenkins/job/MattamyAutomationFramework/72/allure/#testresult/fbfb1b5875a01bd4",
        "status" : "failed",
        "statusDetails" : "AssertionError",
        "time" : {
          "start" : 1592555692253,
          "stop" : 1592555717125,
          "duration" : 24872
        }
      }, {
        "uid" : "739105af4955a9",
        "reportUrl" : "http://localhost:9090/jenkins/job/MattamyAutomationFramework/71/allure/#testresult/739105af4955a9",
        "status" : "failed",
        "statusDetails" : "AssertionError",
        "time" : {
          "start" : 1592123690412,
          "stop" : 1592123715370,
          "duration" : 24958
        }
      }, {
        "uid" : "ac74836be4362307",
        "reportUrl" : "http://localhost:9090/jenkins/job/MattamyAutomationFramework/70/allure/#testresult/ac74836be4362307",
        "status" : "failed",
        "statusDetails" : "AssertionError",
        "time" : {
          "start" : 1592123690412,
          "stop" : 1592123715370,
          "duration" : 24958
        }
      }, {
        "uid" : "8c3db5249bc2d377",
        "reportUrl" : "http://localhost:9090/jenkins/job/MattamyAutomationFramework/69/allure/#testresult/8c3db5249bc2d377",
        "status" : "failed",
        "statusDetails" : "AssertionError",
        "time" : {
          "start" : 1592123690412,
          "stop" : 1592123715370,
          "duration" : 24958
        }
      }, {
        "uid" : "ae23608ff2150c8a",
        "reportUrl" : "http://localhost:9090/jenkins/job/MattamyAutomationFramework/68/allure/#testresult/ae23608ff2150c8a",
        "status" : "failed",
        "statusDetails" : "AssertionError",
        "time" : {
          "start" : 1592123690412,
          "stop" : 1592123715370,
          "duration" : 24958
        }
      }, {
        "uid" : "413833d511b7a361",
        "reportUrl" : "http://localhost:9090/jenkins/job/MattamyAutomationFramework/67/allure/#testresult/413833d511b7a361",
        "status" : "failed",
        "statusDetails" : "AssertionError",
        "time" : {
          "start" : 1592123690412,
          "stop" : 1592123715370,
          "duration" : 24958
        }
      }, {
        "uid" : "fe53b9d02ae31069",
        "reportUrl" : "http://localhost:9090/jenkins/job/MattamyAutomationFramework/66/allure/#testresult/fe53b9d02ae31069",
        "status" : "failed",
        "statusDetails" : "AssertionError",
        "time" : {
          "start" : 1592046226660,
          "stop" : 1592046251566,
          "duration" : 24906
        }
      }, {
        "uid" : "8d1f4684bfa75cb6",
        "reportUrl" : "http://localhost:9090/jenkins/job/MattamyAutomationFramework/65/allure/#testresult/8d1f4684bfa75cb6",
        "status" : "failed",
        "statusDetails" : "AssertionError",
        "time" : {
          "start" : 1591950903352,
          "stop" : 1591950928311,
          "duration" : 24959
        }
      }, {
        "uid" : "6016b5b3a84ac3cd",
        "reportUrl" : "http://localhost:9090/jenkins/job/MattamyAutomationFramework/64/allure/#testresult/6016b5b3a84ac3cd",
        "status" : "failed",
        "statusDetails" : "AssertionError",
        "time" : {
          "start" : 1591865530763,
          "stop" : 1591865555635,
          "duration" : 24872
        }
      }, {
        "uid" : "6cd12d1d503fc0d7",
        "reportUrl" : "http://localhost:9090/jenkins/job/MattamyAutomationFramework/63/allure/#testresult/6cd12d1d503fc0d7",
        "status" : "failed",
        "statusDetails" : "AssertionError",
        "time" : {
          "start" : 1591778391416,
          "stop" : 1591778416384,
          "duration" : 24968
        }
      }, {
        "uid" : "238cb71724756a68",
        "reportUrl" : "http://localhost:9090/jenkins/job/MattamyAutomationFramework/62/allure/#testresult/238cb71724756a68",
        "status" : "failed",
        "statusDetails" : "AssertionError",
        "time" : {
          "start" : 1591691660408,
          "stop" : 1591691685458,
          "duration" : 25050
        }
      }, {
        "uid" : "49aabe6708457fbc",
        "reportUrl" : "http://localhost:9090/jenkins/job/MattamyAutomationFramework/61/allure/#testresult/49aabe6708457fbc",
        "status" : "broken",
        "statusDetails" : "selenium.common.exceptions.NoSuchWindowException: Message: no such window: target window already closed\nfrom unknown error: web view not found\n  (Session info: chrome=83.0.4103.61)",
        "time" : {
          "start" : 1591432241394,
          "stop" : 1591432241399,
          "duration" : 5
        }
      }, {
        "uid" : "b46f91053069947c",
        "reportUrl" : "http://localhost:9090/jenkins/job/MattamyAutomationFramework/60/allure/#testresult/b46f91053069947c",
        "status" : "broken",
        "statusDetails" : "selenium.common.exceptions.NoSuchWindowException: Message: no such window: target window already closed\nfrom unknown error: web view not found\n  (Session info: chrome=83.0.4103.61)",
        "time" : {
          "start" : 1591432241394,
          "stop" : 1591432241399,
          "duration" : 5
        }
      }, {
        "uid" : "e00a71c7dd40d1cf",
        "reportUrl" : "http://localhost:9090/jenkins/job/MattamyAutomationFramework/59/allure/#testresult/e00a71c7dd40d1cf",
        "status" : "broken",
        "statusDetails" : "selenium.common.exceptions.NoSuchWindowException: Message: no such window: target window already closed\nfrom unknown error: web view not found\n  (Session info: chrome=83.0.4103.61)",
        "time" : {
          "start" : 1591432241394,
          "stop" : 1591432241399,
          "duration" : 5
        }
      }, {
        "uid" : "314d9b736cd90f8f",
        "reportUrl" : "http://localhost:9090/jenkins/job/MattamyAutomationFramework/58/allure/#testresult/314d9b736cd90f8f",
        "status" : "failed",
        "statusDetails" : "AssertionError",
        "time" : {
          "start" : 1591086914663,
          "stop" : 1591086939662,
          "duration" : 24999
        }
      }, {
        "uid" : "feaa60c0f3e095e3",
        "reportUrl" : "http://localhost:9090/jenkins/job/MattamyAutomationFramework/57/allure/#testresult/feaa60c0f3e095e3",
        "status" : "failed",
        "statusDetails" : "AssertionError",
        "time" : {
          "start" : 1591086914663,
          "stop" : 1591086939662,
          "duration" : 24999
        }
      }, {
        "uid" : "3874e75d1071b2f9",
        "reportUrl" : "http://localhost:9090/jenkins/job/MattamyAutomationFramework/56/allure/#testresult/3874e75d1071b2f9",
        "status" : "failed",
        "statusDetails" : "AssertionError",
        "time" : {
          "start" : 1591086914663,
          "stop" : 1591086939662,
          "duration" : 24999
        }
      }, {
        "uid" : "6cd2f7ec49490564",
        "reportUrl" : "http://localhost:9090/jenkins/job/MattamyAutomationFramework/55/allure/#testresult/6cd2f7ec49490564",
        "status" : "failed",
        "statusDetails" : "AssertionError",
        "time" : {
          "start" : 1591086914663,
          "stop" : 1591086939662,
          "duration" : 24999
        }
      }, {
        "uid" : "57f01166a2b19cc2",
        "reportUrl" : "http://localhost:9090/jenkins/job/MattamyAutomationFramework/54/allure/#testresult/57f01166a2b19cc2",
        "status" : "passed",
        "time" : {
          "start" : 1591000094471,
          "stop" : 1591000095813,
          "duration" : 1342
        }
      } ]
    },
    "tags" : [ ]
  },
  "source" : "c90c74d94f1791cf.json",
  "parameterValues" : [ ]
}