{
  "uid" : "cb7e9bafa9ccf0d5",
  "name" : "test_contactUsLink",
  "fullName" : "test_regression_suite.FooterTests#test_contactUsLink",
  "historyId" : "f96e1be7f4eab5e1c56d22dc6b1a0d37",
  "time" : {
    "start" : 1592123409466,
    "stop" : 1592123433737,
    "duration" : 24271
  },
  "status" : "failed",
  "statusMessage" : "AssertionError",
  "statusTrace" : "self = <tests.home.footer_test.FooterTests testMethod=test_contactUsLink>\n\n    def test_contactUsLink(self):\n        result = self.fp.getContactUsLinkStatus()\n>       self.ts.markFinal(\"test_contactUsLink\", result, \"Footer_Verified Contact Us Link\")\n\nhome\\footer_test.py:52: \n_ _ _ _ _ _ _ _ _ _ _ _ _ _ _ _ _ _ _ _ _ _ _ _ _ _ _ _ _ _ _ _ _ _ _ _ _ _ _ _\n\nself = <utilities.casestatus.CaseStatus object at 0x000001FFB8E2F100>\ntestName = 'test_contactUsLink', result = False\nresultMessage = 'Footer_Verified Contact Us Link'\n\n    def markFinal(self, testName, result, resultMessage):\n        \"\"\"\n        Mark the final result of verification point in a test case\n        This needs to be called at least once in a test case\n        This should be final test status of the test case\n        \"\"\"\n        self.setResult(result, resultMessage)\n    \n        if \"FAIL\" in self.resultList:\n            self.log.error(testName + \" Test Failed\")\n            self.resultList.clear()\n>           assert True == False\nE           AssertionError\n\n..\\utilities\\casestatus.py:74: AssertionError",
  "flaky" : true,
  "newFailed" : false,
  "beforeStages" : [ {
    "name" : "classSetUp",
    "time" : {
      "start" : 1592123409465,
      "stop" : 1592123409466,
      "duration" : 1
    },
    "status" : "passed",
    "steps" : [ ],
    "attachments" : [ ],
    "parameters" : [ ],
    "attachmentsCount" : 0,
    "shouldDisplayMessage" : false,
    "hasContent" : false,
    "stepsCount" : 0
  }, {
    "name" : "oneTimeSetUp",
    "time" : {
      "start" : 1592123322823,
      "stop" : 1592123361167,
      "duration" : 38344
    },
    "status" : "passed",
    "steps" : [ ],
    "attachments" : [ ],
    "parameters" : [ ],
    "attachmentsCount" : 0,
    "shouldDisplayMessage" : false,
    "hasContent" : false,
    "stepsCount" : 0
  }, {
    "name" : "browser",
    "time" : {
      "start" : 1592123322823,
      "stop" : 1592123322823,
      "duration" : 0
    },
    "status" : "passed",
    "steps" : [ ],
    "attachments" : [ ],
    "parameters" : [ ],
    "attachmentsCount" : 0,
    "shouldDisplayMessage" : false,
    "hasContent" : false,
    "stepsCount" : 0
  }, {
    "name" : "_UnitTestCase__pytest_class_setup",
    "time" : {
      "start" : 1592123322822,
      "stop" : 1592123322822,
      "duration" : 0
    },
    "status" : "passed",
    "steps" : [ ],
    "attachments" : [ ],
    "parameters" : [ ],
    "attachmentsCount" : 0,
    "shouldDisplayMessage" : false,
    "hasContent" : false,
    "stepsCount" : 0
  } ],
  "testStage" : {
    "status" : "failed",
    "statusMessage" : "AssertionError",
    "statusTrace" : "self = <tests.home.footer_test.FooterTests testMethod=test_contactUsLink>\n\n    def test_contactUsLink(self):\n        result = self.fp.getContactUsLinkStatus()\n>       self.ts.markFinal(\"test_contactUsLink\", result, \"Footer_Verified Contact Us Link\")\n\nhome\\footer_test.py:52: \n_ _ _ _ _ _ _ _ _ _ _ _ _ _ _ _ _ _ _ _ _ _ _ _ _ _ _ _ _ _ _ _ _ _ _ _ _ _ _ _\n\nself = <utilities.casestatus.CaseStatus object at 0x000001FFB8E2F100>\ntestName = 'test_contactUsLink', result = False\nresultMessage = 'Footer_Verified Contact Us Link'\n\n    def markFinal(self, testName, result, resultMessage):\n        \"\"\"\n        Mark the final result of verification point in a test case\n        This needs to be called at least once in a test case\n        This should be final test status of the test case\n        \"\"\"\n        self.setResult(result, resultMessage)\n    \n        if \"FAIL\" in self.resultList:\n            self.log.error(testName + \" Test Failed\")\n            self.resultList.clear()\n>           assert True == False\nE           AssertionError\n\n..\\utilities\\casestatus.py:74: AssertionError",
    "steps" : [ ],
    "attachments" : [ {
      "uid" : "d4bf89f2844eb3cb",
      "name" : "Footer_Verified Contact Us Link.1592123433733",
      "source" : "d4bf89f2844eb3cb.png",
      "type" : "image/png",
      "size" : 506718
    }, {
      "uid" : "cebac8bc2b7cfb77",
      "name" : "log",
      "source" : "cebac8bc2b7cfb77.txt",
      "type" : "text/plain",
      "size" : 1152
    }, {
      "uid" : "540cee156668338",
      "name" : "stdout",
      "source" : "540cee156668338.txt",
      "type" : "text/plain",
      "size" : 22
    } ],
    "parameters" : [ ],
    "attachmentsCount" : 3,
    "shouldDisplayMessage" : true,
    "hasContent" : true,
    "stepsCount" : 0
  },
  "afterStages" : [ {
    "name" : "oneTimeSetUp::0",
    "time" : {
      "start" : 1592123765179,
      "stop" : 1592123767438,
      "duration" : 2259
    },
    "status" : "passed",
    "steps" : [ ],
    "attachments" : [ ],
    "parameters" : [ ],
    "attachmentsCount" : 0,
    "shouldDisplayMessage" : false,
    "hasContent" : false,
    "stepsCount" : 0
  }, {
    "name" : "_UnitTestCase__pytest_class_setup::0",
    "time" : {
      "start" : 1592123767452,
      "stop" : 1592123767453,
      "duration" : 1
    },
    "status" : "passed",
    "steps" : [ ],
    "attachments" : [ ],
    "parameters" : [ ],
    "attachmentsCount" : 0,
    "shouldDisplayMessage" : false,
    "hasContent" : false,
    "stepsCount" : 0
  } ],
  "labels" : [ {
    "name" : "suite",
    "value" : "test_regression_suite"
  }, {
    "name" : "subSuite",
    "value" : "FooterTests"
  }, {
    "name" : "host",
    "value" : "EXIPC0154"
  }, {
    "name" : "thread",
    "value" : "7728-MainThread"
  }, {
    "name" : "framework",
    "value" : "pytest"
  }, {
    "name" : "language",
    "value" : "cpython3"
  }, {
    "name" : "package",
    "value" : "test_regression_suite"
  }, {
    "name" : "resultFormat",
    "value" : "allure2"
  } ],
  "parameters" : [ ],
  "links" : [ ],
  "hidden" : false,
  "retry" : false,
  "extra" : {
    "severity" : "normal",
    "retries" : [ {
      "uid" : "f09d5481d996c4a8",
      "status" : "failed",
      "statusDetails" : "AssertionError",
      "time" : {
        "start" : 1592045943071,
        "stop" : 1592045967890,
        "duration" : 24819
      }
    }, {
      "uid" : "e4705c58c25ddcb0",
      "status" : "failed",
      "statusDetails" : "AssertionError",
      "time" : {
        "start" : 1591950618472,
        "stop" : 1591950643986,
        "duration" : 25514
      }
    }, {
      "uid" : "49231dde9c0bcf92",
      "status" : "failed",
      "statusDetails" : "AssertionError",
      "time" : {
        "start" : 1591865249644,
        "stop" : 1591865273907,
        "duration" : 24263
      }
    }, {
      "uid" : "5563161097a646ce",
      "status" : "passed",
      "time" : {
        "start" : 1591777744747,
        "stop" : 1591777753794,
        "duration" : 9047
      }
    }, {
      "uid" : "6091f42a690a0091",
      "status" : "failed",
      "statusDetails" : "AssertionError",
      "time" : {
        "start" : 1591691372737,
        "stop" : 1591691397812,
        "duration" : 25075
      }
    }, {
      "uid" : "a2b267d0fa46492f",
      "status" : "failed",
      "statusDetails" : "AssertionError",
      "time" : {
        "start" : 1591432186371,
        "stop" : 1591432211231,
        "duration" : 24860
      }
    }, {
      "uid" : "1eda0024b24d02dd",
      "status" : "failed",
      "statusDetails" : "AssertionError",
      "time" : {
        "start" : 1591086628299,
        "stop" : 1591086653546,
        "duration" : 25247
      }
    }, {
      "uid" : "d7cee2d61111b8bf",
      "status" : "passed",
      "time" : {
        "start" : 1591000068345,
        "stop" : 1591000069545,
        "duration" : 1200
      }
    }, {
      "uid" : "75f77e202f284b22",
      "status" : "passed",
      "time" : {
        "start" : 1590998592643,
        "stop" : 1590998593767,
        "duration" : 1124
      }
    }, {
      "uid" : "fa68e07c91db75b",
      "status" : "broken",
      "statusDetails" : "selenium.common.exceptions.SessionNotCreatedException: Message: session not created: This version of ChromeDriver only supports Chrome version 81",
      "time" : {
        "start" : 1590913647079,
        "stop" : 1590913647079,
        "duration" : 0
      }
    }, {
      "uid" : "7ce3621965d59b24",
      "status" : "passed",
      "time" : {
        "start" : 1590827282925,
        "stop" : 1590827284344,
        "duration" : 1419
      }
    }, {
      "uid" : "53eae440ea5967cf",
      "status" : "passed",
      "time" : {
        "start" : 1590740923557,
        "stop" : 1590740924887,
        "duration" : 1330
      }
    }, {
      "uid" : "9c7b88633fc78d6",
      "status" : "broken",
      "statusDetails" : "selenium.common.exceptions.WebDriverException: Message: chrome not reachable\n  (Session info: chrome=81.0.4044.138)",
      "time" : {
        "start" : 1590654505212,
        "stop" : 1590654530431,
        "duration" : 25219
      }
    }, {
      "uid" : "d962b744f6b3b295",
      "status" : "passed",
      "time" : {
        "start" : 1590568862492,
        "stop" : 1590568863554,
        "duration" : 1062
      }
    }, {
      "uid" : "6bd54032cf25921e",
      "status" : "passed",
      "time" : {
        "start" : 1590405777378,
        "stop" : 1590405778613,
        "duration" : 1235
      }
    }, {
      "uid" : "28910d223c59035c",
      "status" : "passed",
      "time" : {
        "start" : 1590404485193,
        "stop" : 1590404487190,
        "duration" : 1997
      }
    }, {
      "uid" : "5269adb7291648c4",
      "status" : "passed",
      "time" : {
        "start" : 1590404423226,
        "stop" : 1590404424509,
        "duration" : 1283
      }
    }, {
      "uid" : "d31c6cf67e19f6",
      "status" : "passed",
      "time" : {
        "start" : 1589610655173,
        "stop" : 1589610656554,
        "duration" : 1381
      }
    }, {
      "uid" : "3687183d08fa314a",
      "status" : "passed",
      "time" : {
        "start" : 1589609662837,
        "stop" : 1589609664141,
        "duration" : 1304
      }
    }, {
      "uid" : "dcc8c448b15079dc",
      "status" : "passed",
      "time" : {
        "start" : 1589609413474,
        "stop" : 1589609414671,
        "duration" : 1197
      }
    }, {
      "uid" : "12548aca0e472ac4",
      "status" : "passed",
      "time" : {
        "start" : 1589608952048,
        "stop" : 1589608953683,
        "duration" : 1635
      }
    }, {
      "uid" : "bbcbdbf1f017a750",
      "status" : "broken",
      "statusDetails" : "selenium.common.exceptions.WebDriverException: Message: 'chromedriver.exe' executable needs to be in PATH. Please see https://sites.google.com/a/chromium.org/chromedriver/home",
      "time" : {
        "start" : 1589607866742,
        "stop" : 1589607866742,
        "duration" : 0
      }
    }, {
      "uid" : "eadadb5eec50efe2",
      "status" : "passed",
      "time" : {
        "start" : 1589606489358,
        "stop" : 1589606490511,
        "duration" : 1153
      }
    }, {
      "uid" : "9a714811e6d250b3",
      "status" : "passed",
      "time" : {
        "start" : 1589597888489,
        "stop" : 1589597889689,
        "duration" : 1200
      }
    }, {
      "uid" : "f1aad62a4a9df4ca",
      "status" : "passed",
      "time" : {
        "start" : 1589596673104,
        "stop" : 1589596674555,
        "duration" : 1451
      }
    }, {
      "uid" : "dba793faccc7e3ba",
      "status" : "passed",
      "time" : {
        "start" : 1589534491961,
        "stop" : 1589534495440,
        "duration" : 3479
      }
    }, {
      "uid" : "1d7872f6005a7aa3",
      "status" : "passed",
      "time" : {
        "start" : 1589469135206,
        "stop" : 1589469137005,
        "duration" : 1799
      }
    }, {
      "uid" : "5f531edf1cb65581",
      "status" : "passed",
      "time" : {
        "start" : 1589386776811,
        "stop" : 1589386777987,
        "duration" : 1176
      }
    }, {
      "uid" : "a4fb23e74c13e8c0",
      "status" : "passed",
      "time" : {
        "start" : 1589272041782,
        "stop" : 1589272045308,
        "duration" : 3526
      }
    }, {
      "uid" : "42dd8849e07aed07",
      "status" : "failed",
      "statusDetails" : "AssertionError",
      "time" : {
        "start" : 1589258673253,
        "stop" : 1589258674182,
        "duration" : 929
      }
    }, {
      "uid" : "98f2cf495452ea23",
      "status" : "failed",
      "statusDetails" : "AssertionError",
      "time" : {
        "start" : 1589258561049,
        "stop" : 1589258561978,
        "duration" : 929
      }
    }, {
      "uid" : "4dc622b71303858c",
      "status" : "failed",
      "statusDetails" : "AssertionError",
      "time" : {
        "start" : 1589255114844,
        "stop" : 1589255115873,
        "duration" : 1029
      }
    }, {
      "uid" : "b0fc10e67532bd78",
      "status" : "failed",
      "statusDetails" : "AssertionError",
      "time" : {
        "start" : 1589253199684,
        "stop" : 1589253200760,
        "duration" : 1076
      }
    }, {
      "uid" : "44105b5cbf2d77d",
      "status" : "failed",
      "statusDetails" : "AssertionError",
      "time" : {
        "start" : 1589216114509,
        "stop" : 1589216115471,
        "duration" : 962
      }
    }, {
      "uid" : "e8b48a9853b40b9f",
      "status" : "failed",
      "statusDetails" : "AssertionError",
      "time" : {
        "start" : 1589207719720,
        "stop" : 1589207720609,
        "duration" : 889
      }
    }, {
      "uid" : "d09b02d74d4c5753",
      "status" : "failed",
      "statusDetails" : "AssertionError",
      "time" : {
        "start" : 1589206268568,
        "stop" : 1589206269502,
        "duration" : 934
      }
    }, {
      "uid" : "b635b6c623b1bc80",
      "status" : "failed",
      "statusDetails" : "AssertionError",
      "time" : {
        "start" : 1589205343784,
        "stop" : 1589205344843,
        "duration" : 1059
      }
    }, {
      "uid" : "1ad03d5c203729f5",
      "status" : "failed",
      "statusDetails" : "AssertionError",
      "time" : {
        "start" : 1589203293271,
        "stop" : 1589203294523,
        "duration" : 1252
      }
    }, {
      "uid" : "d6bd268d0988d56f",
      "status" : "failed",
      "statusDetails" : "AssertionError",
      "time" : {
        "start" : 1589163786362,
        "stop" : 1589163787392,
        "duration" : 1030
      }
    }, {
      "uid" : "9e53126759aa763a",
      "status" : "failed",
      "statusDetails" : "AssertionError",
      "time" : {
        "start" : 1589113052644,
        "stop" : 1589113053997,
        "duration" : 1353
      }
    }, {
      "uid" : "fcabc3f8ffc1652e",
      "status" : "failed",
      "statusDetails" : "AssertionError",
      "time" : {
        "start" : 1588853651310,
        "stop" : 1588853652275,
        "duration" : 965
      }
    }, {
      "uid" : "bf785afaec9fdfc0",
      "status" : "failed",
      "statusDetails" : "AssertionError",
      "time" : {
        "start" : 1588852331217,
        "stop" : 1588852332384,
        "duration" : 1167
      }
    } ],
    "categories" : [ {
      "name" : "Product defects",
      "matchedStatuses" : [ ],
      "flaky" : false
    } ],
    "history" : {
      "statistic" : {
        "failed" : 24,
        "broken" : 2,
        "skipped" : 0,
        "passed" : 22,
        "unknown" : 0,
        "total" : 48
      },
      "items" : [ {
        "uid" : "c2e66fa9f41be199",
        "reportUrl" : "http://localhost:9090/jenkins/job/MattamyAutomationFramework/66/allure/#testresult/c2e66fa9f41be199",
        "status" : "failed",
        "statusDetails" : "AssertionError",
        "time" : {
          "start" : 1592045943071,
          "stop" : 1592045967890,
          "duration" : 24819
        }
      }, {
        "uid" : "261dc390be26f5de",
        "reportUrl" : "http://localhost:9090/jenkins/job/MattamyAutomationFramework/65/allure/#testresult/261dc390be26f5de",
        "status" : "failed",
        "statusDetails" : "AssertionError",
        "time" : {
          "start" : 1591950618472,
          "stop" : 1591950643986,
          "duration" : 25514
        }
      }, {
        "uid" : "3b051d41922af0de",
        "reportUrl" : "http://localhost:9090/jenkins/job/MattamyAutomationFramework/64/allure/#testresult/3b051d41922af0de",
        "status" : "failed",
        "statusDetails" : "AssertionError",
        "time" : {
          "start" : 1591865249644,
          "stop" : 1591865273907,
          "duration" : 24263
        }
      }, {
        "uid" : "1913425d3e896dec",
        "reportUrl" : "http://localhost:9090/jenkins/job/MattamyAutomationFramework/63/allure/#testresult/1913425d3e896dec",
        "status" : "passed",
        "time" : {
          "start" : 1591777744747,
          "stop" : 1591777753794,
          "duration" : 9047
        }
      }, {
        "uid" : "4a310394ca948b58",
        "reportUrl" : "http://localhost:9090/jenkins/job/MattamyAutomationFramework/62/allure/#testresult/4a310394ca948b58",
        "status" : "failed",
        "statusDetails" : "AssertionError",
        "time" : {
          "start" : 1591691372737,
          "stop" : 1591691397812,
          "duration" : 25075
        }
      }, {
        "uid" : "f48ae325dacb08a6",
        "reportUrl" : "http://localhost:9090/jenkins/job/MattamyAutomationFramework/61/allure/#testresult/f48ae325dacb08a6",
        "status" : "failed",
        "statusDetails" : "AssertionError",
        "time" : {
          "start" : 1591432186371,
          "stop" : 1591432211231,
          "duration" : 24860
        }
      }, {
        "uid" : "5ca9396c5cde63ab",
        "reportUrl" : "http://localhost:9090/jenkins/job/MattamyAutomationFramework/60/allure/#testresult/5ca9396c5cde63ab",
        "status" : "failed",
        "statusDetails" : "AssertionError",
        "time" : {
          "start" : 1591432186371,
          "stop" : 1591432211231,
          "duration" : 24860
        }
      }, {
        "uid" : "9ba5413414e9446",
        "reportUrl" : "http://localhost:9090/jenkins/job/MattamyAutomationFramework/59/allure/#testresult/9ba5413414e9446",
        "status" : "failed",
        "statusDetails" : "AssertionError",
        "time" : {
          "start" : 1591432186371,
          "stop" : 1591432211231,
          "duration" : 24860
        }
      }, {
        "uid" : "ef87aa559631b01a",
        "reportUrl" : "http://localhost:9090/jenkins/job/MattamyAutomationFramework/58/allure/#testresult/ef87aa559631b01a",
        "status" : "failed",
        "statusDetails" : "AssertionError",
        "time" : {
          "start" : 1591086628299,
          "stop" : 1591086653546,
          "duration" : 25247
        }
      }, {
        "uid" : "128563bb88349dc0",
        "reportUrl" : "http://localhost:9090/jenkins/job/MattamyAutomationFramework/57/allure/#testresult/128563bb88349dc0",
        "status" : "failed",
        "statusDetails" : "AssertionError",
        "time" : {
          "start" : 1591086628299,
          "stop" : 1591086653546,
          "duration" : 25247
        }
      }, {
        "uid" : "cddd9bc7a350a6d5",
        "reportUrl" : "http://localhost:9090/jenkins/job/MattamyAutomationFramework/56/allure/#testresult/cddd9bc7a350a6d5",
        "status" : "failed",
        "statusDetails" : "AssertionError",
        "time" : {
          "start" : 1591086628299,
          "stop" : 1591086653546,
          "duration" : 25247
        }
      }, {
        "uid" : "3e3165e769007007",
        "reportUrl" : "http://localhost:9090/jenkins/job/MattamyAutomationFramework/55/allure/#testresult/3e3165e769007007",
        "status" : "failed",
        "statusDetails" : "AssertionError",
        "time" : {
          "start" : 1591086628299,
          "stop" : 1591086653546,
          "duration" : 25247
        }
      }, {
        "uid" : "2c9119c6d27795b5",
        "reportUrl" : "http://localhost:9090/jenkins/job/MattamyAutomationFramework/54/allure/#testresult/2c9119c6d27795b5",
        "status" : "passed",
        "time" : {
          "start" : 1591000068345,
          "stop" : 1591000069545,
          "duration" : 1200
        }
      }, {
        "uid" : "b19ba943bccff9d8",
        "reportUrl" : "http://localhost:9090/jenkins/job/MattamyAutomationFramework/53/allure/#testresult/b19ba943bccff9d8",
        "status" : "passed",
        "time" : {
          "start" : 1590998592643,
          "stop" : 1590998593767,
          "duration" : 1124
        }
      }, {
        "uid" : "62f573fb4b7830f4",
        "reportUrl" : "http://localhost:9090/jenkins/job/MattamyAutomationFramework/52/allure/#testresult/62f573fb4b7830f4",
        "status" : "broken",
        "statusDetails" : "selenium.common.exceptions.SessionNotCreatedException: Message: session not created: This version of ChromeDriver only supports Chrome version 81",
        "time" : {
          "start" : 1590913647079,
          "stop" : 1590913647079,
          "duration" : 0
        }
      }, {
        "uid" : "3f99998f4c4993bb",
        "reportUrl" : "http://localhost:9090/jenkins/job/MattamyAutomationFramework/51/allure/#testresult/3f99998f4c4993bb",
        "status" : "passed",
        "time" : {
          "start" : 1590827282925,
          "stop" : 1590827284344,
          "duration" : 1419
        }
      }, {
        "uid" : "1d20348df15d2d35",
        "reportUrl" : "http://localhost:9090/jenkins/job/MattamyAutomationFramework/50/allure/#testresult/1d20348df15d2d35",
        "status" : "passed",
        "time" : {
          "start" : 1590740923557,
          "stop" : 1590740924887,
          "duration" : 1330
        }
      }, {
        "uid" : "2a3e6a3fc374aae2",
        "reportUrl" : "http://localhost:9090/jenkins/job/MattamyAutomationFramework/49/allure/#testresult/2a3e6a3fc374aae2",
        "status" : "broken",
        "statusDetails" : "selenium.common.exceptions.WebDriverException: Message: chrome not reachable\n  (Session info: chrome=81.0.4044.138)",
        "time" : {
          "start" : 1590654505212,
          "stop" : 1590654530431,
          "duration" : 25219
        }
      }, {
        "uid" : "fbab36540bae7c4a",
        "reportUrl" : "http://localhost:9090/jenkins/job/MattamyAutomationFramework/48/allure/#testresult/fbab36540bae7c4a",
        "status" : "passed",
        "time" : {
          "start" : 1590568862492,
          "stop" : 1590568863554,
          "duration" : 1062
        }
      }, {
        "uid" : "95b1a67d886339c6",
        "reportUrl" : "http://localhost:9090/jenkins/job/MattamyAutomationFramework/47/allure/#testresult/95b1a67d886339c6",
        "status" : "passed",
        "time" : {
          "start" : 1590405777378,
          "stop" : 1590405778613,
          "duration" : 1235
        }
      } ]
    },
    "tags" : [ ]
  },
  "source" : "cb7e9bafa9ccf0d5.json",
  "parameterValues" : [ ]
}