{
  "uid" : "d0d03a7bbda9adf9",
  "name" : "test_FindYourDreamHomeDropdownExist",
  "fullName" : "test_regression_suite.HeaderTests#test_FindYourDreamHomeDropdownExist",
  "historyId" : "64d2000b8f36f3b9c6b50c30a5af008a",
  "time" : {
    "start" : 1593075196798,
    "stop" : 1593075211365,
    "duration" : 14567
  },
  "status" : "failed",
  "statusMessage" : "AssertionError",
  "statusTrace" : "self = <tests.home.header_test.HeaderTests testMethod=test_FindYourDreamHomeDropdownExist>\n\n    def test_FindYourDreamHomeDropdownExist(self):\n        result = self.hp.verifyFYDHElement()\n        self.hp.clickFindYourDreamHome()\n>       self.ts.markFinal(\"test_FindYourDreamHomeDropdownExist\", result,\n                          \"Verify that element exist under 'Find Your Dream Home' dropdown executed\")\n\nhome\\header_test.py:29: \n_ _ _ _ _ _ _ _ _ _ _ _ _ _ _ _ _ _ _ _ _ _ _ _ _ _ _ _ _ _ _ _ _ _ _ _ _ _ _ _\n\nself = <utilities.casestatus.CaseStatus object at 0x0000019D7A025820>\ntestName = 'test_FindYourDreamHomeDropdownExist', result = False\nresultMessage = \"Verify that element exist under 'Find Your Dream Home' dropdown executed\"\n\n    def markFinal(self, testName, result, resultMessage):\n        \"\"\"\n        Mark the final result of verification point in a test case\n        This needs to be called at least once in a test case\n        This should be final test status of the test case\n        \"\"\"\n        self.setResult(result, resultMessage)\n    \n        if \"FAIL\" in self.resultList:\n            self.log.error(testName + \" Test Failed\")\n            self.resultList.clear()\n>           assert True == False\nE           AssertionError\n\n..\\utilities\\casestatus.py:74: AssertionError",
  "flaky" : false,
  "newFailed" : false,
  "beforeStages" : [ {
    "name" : "classSetUp",
    "time" : {
      "start" : 1593075196796,
      "stop" : 1593075196796,
      "duration" : 0
    },
    "status" : "passed",
    "steps" : [ ],
    "attachments" : [ ],
    "parameters" : [ ],
    "hasContent" : false,
    "stepsCount" : 0,
    "shouldDisplayMessage" : false,
    "attachmentsCount" : 0
  }, {
    "name" : "_UnitTestCase__pytest_class_setup",
    "time" : {
      "start" : 1593075166942,
      "stop" : 1593075166942,
      "duration" : 0
    },
    "status" : "passed",
    "steps" : [ ],
    "attachments" : [ ],
    "parameters" : [ ],
    "hasContent" : false,
    "stepsCount" : 0,
    "shouldDisplayMessage" : false,
    "attachmentsCount" : 0
  }, {
    "name" : "oneTimeSetUp",
    "time" : {
      "start" : 1593075166943,
      "stop" : 1593075196796,
      "duration" : 29853
    },
    "status" : "passed",
    "steps" : [ ],
    "attachments" : [ ],
    "parameters" : [ ],
    "hasContent" : false,
    "stepsCount" : 0,
    "shouldDisplayMessage" : false,
    "attachmentsCount" : 0
  }, {
    "name" : "browser",
    "time" : {
      "start" : 1593075166942,
      "stop" : 1593075166942,
      "duration" : 0
    },
    "status" : "passed",
    "steps" : [ ],
    "attachments" : [ ],
    "parameters" : [ ],
    "hasContent" : false,
    "stepsCount" : 0,
    "shouldDisplayMessage" : false,
    "attachmentsCount" : 0
  } ],
  "testStage" : {
    "status" : "failed",
    "statusMessage" : "AssertionError",
    "statusTrace" : "self = <tests.home.header_test.HeaderTests testMethod=test_FindYourDreamHomeDropdownExist>\n\n    def test_FindYourDreamHomeDropdownExist(self):\n        result = self.hp.verifyFYDHElement()\n        self.hp.clickFindYourDreamHome()\n>       self.ts.markFinal(\"test_FindYourDreamHomeDropdownExist\", result,\n                          \"Verify that element exist under 'Find Your Dream Home' dropdown executed\")\n\nhome\\header_test.py:29: \n_ _ _ _ _ _ _ _ _ _ _ _ _ _ _ _ _ _ _ _ _ _ _ _ _ _ _ _ _ _ _ _ _ _ _ _ _ _ _ _\n\nself = <utilities.casestatus.CaseStatus object at 0x0000019D7A025820>\ntestName = 'test_FindYourDreamHomeDropdownExist', result = False\nresultMessage = \"Verify that element exist under 'Find Your Dream Home' dropdown executed\"\n\n    def markFinal(self, testName, result, resultMessage):\n        \"\"\"\n        Mark the final result of verification point in a test case\n        This needs to be called at least once in a test case\n        This should be final test status of the test case\n        \"\"\"\n        self.setResult(result, resultMessage)\n    \n        if \"FAIL\" in self.resultList:\n            self.log.error(testName + \" Test Failed\")\n            self.resultList.clear()\n>           assert True == False\nE           AssertionError\n\n..\\utilities\\casestatus.py:74: AssertionError",
    "steps" : [ ],
    "attachments" : [ {
      "uid" : "4bb993b2752eead0",
      "name" : "Verify that element exist under 'Find Your Dream Home' dropdown executed.1593075211362",
      "source" : "4bb993b2752eead0.png",
      "type" : "image/png",
      "size" : 506687
    }, {
      "uid" : "64e7f0d06a0e349b",
      "name" : "log",
      "source" : "64e7f0d06a0e349b.txt",
      "type" : "text/plain",
      "size" : 2433
    }, {
      "uid" : "eafde92cb600b0ab",
      "name" : "stdout",
      "source" : "eafde92cb600b0ab.txt",
      "type" : "text/plain",
      "size" : 22
    } ],
    "parameters" : [ ],
    "hasContent" : true,
    "stepsCount" : 0,
    "shouldDisplayMessage" : true,
    "attachmentsCount" : 3
  },
  "afterStages" : [ {
    "name" : "_UnitTestCase__pytest_class_setup::0",
    "time" : {
      "start" : 1593075246050,
      "stop" : 1593075246050,
      "duration" : 0
    },
    "status" : "passed",
    "steps" : [ ],
    "attachments" : [ ],
    "parameters" : [ ],
    "hasContent" : false,
    "stepsCount" : 0,
    "shouldDisplayMessage" : false,
    "attachmentsCount" : 0
  }, {
    "name" : "oneTimeSetUp::0",
    "time" : {
      "start" : 1593075243801,
      "stop" : 1593075246042,
      "duration" : 2241
    },
    "status" : "passed",
    "steps" : [ ],
    "attachments" : [ ],
    "parameters" : [ ],
    "hasContent" : false,
    "stepsCount" : 0,
    "shouldDisplayMessage" : false,
    "attachmentsCount" : 0
  } ],
  "labels" : [ {
    "name" : "suite",
    "value" : "test_regression_suite"
  }, {
    "name" : "subSuite",
    "value" : "HeaderTests"
  }, {
    "name" : "host",
    "value" : "EXIPC0154"
  }, {
    "name" : "thread",
    "value" : "18080-MainThread"
  }, {
    "name" : "framework",
    "value" : "pytest"
  }, {
    "name" : "language",
    "value" : "cpython3"
  }, {
    "name" : "package",
    "value" : "test_regression_suite"
  }, {
    "name" : "resultFormat",
    "value" : "allure2"
  } ],
  "parameters" : [ ],
  "links" : [ ],
  "hidden" : false,
  "retry" : false,
  "extra" : {
    "severity" : "normal",
    "retries" : [ {
      "uid" : "9e640432571b0905",
      "status" : "failed",
      "statusDetails" : "AssertionError",
      "time" : {
        "start" : 1592814962604,
        "stop" : 1592814999440,
        "duration" : 36836
      }
    }, {
      "uid" : "4c6daa1705a7475e",
      "status" : "failed",
      "statusDetails" : "AssertionError",
      "time" : {
        "start" : 1592797559907,
        "stop" : 1592797574258,
        "duration" : 14351
      }
    }, {
      "uid" : "656f7288fd798b44",
      "status" : "failed",
      "statusDetails" : "AssertionError",
      "time" : {
        "start" : 1592555794278,
        "stop" : 1592555878524,
        "duration" : 84246
      }
    }, {
      "uid" : "5cd875f65d1afd72",
      "status" : "failed",
      "statusDetails" : "AssertionError",
      "time" : {
        "start" : 1592123801102,
        "stop" : 1592123906712,
        "duration" : 105610
      }
    }, {
      "uid" : "5229486feebe6116",
      "status" : "failed",
      "statusDetails" : "AssertionError",
      "time" : {
        "start" : 1592046333747,
        "stop" : 1592046348404,
        "duration" : 14657
      }
    }, {
      "uid" : "b77eab278cd684ac",
      "status" : "failed",
      "statusDetails" : "AssertionError",
      "time" : {
        "start" : 1591951009517,
        "stop" : 1591951023648,
        "duration" : 14131
      }
    }, {
      "uid" : "392699c54de6c25",
      "status" : "failed",
      "statusDetails" : "AssertionError",
      "time" : {
        "start" : 1591865637318,
        "stop" : 1591865651232,
        "duration" : 13914
      }
    }, {
      "uid" : "7d1673be060f09ed",
      "status" : "failed",
      "statusDetails" : "AssertionError",
      "time" : {
        "start" : 1591778500945,
        "stop" : 1591778564308,
        "duration" : 63363
      }
    }, {
      "uid" : "a7bdf7ed4d5fd178",
      "status" : "broken",
      "statusDetails" : "selenium.common.exceptions.NoSuchWindowException: Message: no such window: target window already closed\nfrom unknown error: web view not found\n  (Session info: chrome=83.0.4103.61)",
      "time" : {
        "start" : 1591691762486,
        "stop" : 1591691762581,
        "duration" : 95
      }
    }, {
      "uid" : "c3d4624da8cafe31",
      "status" : "failed",
      "statusDetails" : "AssertionError",
      "time" : {
        "start" : 1591432270280,
        "stop" : 1591432285359,
        "duration" : 15079
      }
    }, {
      "uid" : "3f03bbb6280d11ba",
      "status" : "failed",
      "statusDetails" : "AssertionError",
      "time" : {
        "start" : 1591087016670,
        "stop" : 1591087031206,
        "duration" : 14536
      }
    }, {
      "uid" : "dee5760a3112b8b9",
      "status" : "passed",
      "time" : {
        "start" : 1591000114153,
        "stop" : 1591000115702,
        "duration" : 1549
      }
    }, {
      "uid" : "b7b923a8f1ee0f5f",
      "status" : "passed",
      "time" : {
        "start" : 1590998633770,
        "stop" : 1590998635266,
        "duration" : 1496
      }
    }, {
      "uid" : "fecc68da0b490f6a",
      "status" : "broken",
      "statusDetails" : "selenium.common.exceptions.SessionNotCreatedException: Message: session not created: This version of ChromeDriver only supports Chrome version 81",
      "time" : {
        "start" : 1590913649567,
        "stop" : 1590913649567,
        "duration" : 0
      }
    }, {
      "uid" : "47a6b7399bdfd845",
      "status" : "passed",
      "time" : {
        "start" : 1590827339313,
        "stop" : 1590827340851,
        "duration" : 1538
      }
    }, {
      "uid" : "475e3ceae04489ae",
      "status" : "passed",
      "time" : {
        "start" : 1590740988454,
        "stop" : 1590740989115,
        "duration" : 661
      }
    }, {
      "uid" : "183a34cc0cce3fa",
      "status" : "broken",
      "statusDetails" : "selenium.common.exceptions.NoSuchWindowException: Message: no such window: target window already closed\nfrom unknown error: web view not found\n  (Session info: chrome=81.0.4044.138)",
      "time" : {
        "start" : 1590654886124,
        "stop" : 1590654886284,
        "duration" : 160
      }
    }, {
      "uid" : "6b0a9a7c112a83a",
      "status" : "passed",
      "time" : {
        "start" : 1590568907200,
        "stop" : 1590568907998,
        "duration" : 798
      }
    }, {
      "uid" : "e0895a8d9636c90d",
      "status" : "passed",
      "time" : {
        "start" : 1590405822035,
        "stop" : 1590405823627,
        "duration" : 1592
      }
    }, {
      "uid" : "beefa8ac29818612",
      "status" : "passed",
      "time" : {
        "start" : 1590404540302,
        "stop" : 1590404541757,
        "duration" : 1455
      }
    }, {
      "uid" : "732e15e0ee3e1287",
      "status" : "passed",
      "time" : {
        "start" : 1590404538324,
        "stop" : 1590404540924,
        "duration" : 2600
      }
    }, {
      "uid" : "83d0837e8c3b1bb",
      "status" : "passed",
      "time" : {
        "start" : 1589610704953,
        "stop" : 1589610705811,
        "duration" : 858
      }
    }, {
      "uid" : "31811237ea55b070",
      "status" : "passed",
      "time" : {
        "start" : 1589609716454,
        "stop" : 1589609717322,
        "duration" : 868
      }
    }, {
      "uid" : "a3b336c4e40846a0",
      "status" : "passed",
      "time" : {
        "start" : 1589609462513,
        "stop" : 1589609463254,
        "duration" : 741
      }
    }, {
      "uid" : "f59eeaf78dc935a1",
      "status" : "passed",
      "time" : {
        "start" : 1589609005952,
        "stop" : 1589609007010,
        "duration" : 1058
      }
    }, {
      "uid" : "e4c8fc4444e708dc",
      "status" : "broken",
      "statusDetails" : "selenium.common.exceptions.WebDriverException: Message: 'chromedriver.exe' executable needs to be in PATH. Please see https://sites.google.com/a/chromium.org/chromedriver/home",
      "time" : {
        "start" : 1589607871868,
        "stop" : 1589607871868,
        "duration" : 0
      }
    }, {
      "uid" : "ce4d60baf4bdf48a",
      "status" : "passed",
      "time" : {
        "start" : 1589606535413,
        "stop" : 1589606536176,
        "duration" : 763
      }
    }, {
      "uid" : "31376b1e75bb65b0",
      "status" : "passed",
      "time" : {
        "start" : 1589597936931,
        "stop" : 1589597937624,
        "duration" : 693
      }
    }, {
      "uid" : "d2af518e79c4c775",
      "status" : "passed",
      "time" : {
        "start" : 1589596724953,
        "stop" : 1589596725603,
        "duration" : 650
      }
    }, {
      "uid" : "3c2d8ded6217e752",
      "status" : "passed",
      "time" : {
        "start" : 1589534596503,
        "stop" : 1589534597923,
        "duration" : 1420
      }
    }, {
      "uid" : "a1a8a89e209f65bd",
      "status" : "passed",
      "time" : {
        "start" : 1589469219346,
        "stop" : 1589469220829,
        "duration" : 1483
      }
    }, {
      "uid" : "6d412ffb8ed63fc7",
      "status" : "passed",
      "time" : {
        "start" : 1589386820281,
        "stop" : 1589386821745,
        "duration" : 1464
      }
    }, {
      "uid" : "6f1514e387177ffc",
      "status" : "passed",
      "time" : {
        "start" : 1589272268150,
        "stop" : 1589272269763,
        "duration" : 1613
      }
    }, {
      "uid" : "1725cb8c6470b2f7",
      "status" : "failed",
      "statusDetails" : "AssertionError",
      "time" : {
        "start" : 1589258714678,
        "stop" : 1589258747333,
        "duration" : 32655
      }
    }, {
      "uid" : "48b3615efaffca99",
      "status" : "passed",
      "time" : {
        "start" : 1589258600381,
        "stop" : 1589258602023,
        "duration" : 1642
      }
    }, {
      "uid" : "b752cd0463aac91f",
      "status" : "passed",
      "time" : {
        "start" : 1589255148037,
        "stop" : 1589255149432,
        "duration" : 1395
      }
    }, {
      "uid" : "b73687b91bc5026d",
      "status" : "failed",
      "statusDetails" : "AssertionError",
      "time" : {
        "start" : 1589253234006,
        "stop" : 1589253267081,
        "duration" : 33075
      }
    }, {
      "uid" : "f953b52ee64b8600",
      "status" : "failed",
      "statusDetails" : "AssertionError",
      "time" : {
        "start" : 1589216167148,
        "stop" : 1589216213652,
        "duration" : 46504
      }
    }, {
      "uid" : "1eac3ba5b210e47c",
      "status" : "failed",
      "statusDetails" : "AssertionError",
      "time" : {
        "start" : 1589207770377,
        "stop" : 1589207829005,
        "duration" : 58628
      }
    }, {
      "uid" : "40ca767e2f95d5fa",
      "status" : "failed",
      "statusDetails" : "AssertionError",
      "time" : {
        "start" : 1589206323185,
        "stop" : 1589206367756,
        "duration" : 44571
      }
    }, {
      "uid" : "1409bce4a7266aa",
      "status" : "failed",
      "statusDetails" : "AssertionError",
      "time" : {
        "start" : 1589205400408,
        "stop" : 1589205418062,
        "duration" : 17654
      }
    }, {
      "uid" : "248bcadc7e88a12a",
      "status" : "failed",
      "statusDetails" : "AssertionError",
      "time" : {
        "start" : 1589203344393,
        "stop" : 1589203405241,
        "duration" : 60848
      }
    }, {
      "uid" : "2a1108d55b8f601d",
      "status" : "failed",
      "statusDetails" : "AssertionError",
      "time" : {
        "start" : 1589163837663,
        "stop" : 1589163924197,
        "duration" : 86534
      }
    }, {
      "uid" : "a22d2fae267a8e22",
      "status" : "passed",
      "time" : {
        "start" : 1589113110076,
        "stop" : 1589113113363,
        "duration" : 3287
      }
    }, {
      "uid" : "41673ada0b2ea4a6",
      "status" : "passed",
      "time" : {
        "start" : 1588853743153,
        "stop" : 1588853744608,
        "duration" : 1455
      }
    }, {
      "uid" : "6ecb6399d3badae1",
      "status" : "passed",
      "time" : {
        "start" : 1588852431212,
        "stop" : 1588852432830,
        "duration" : 1618
      }
    } ],
    "categories" : [ {
      "name" : "Product defects",
      "matchedStatuses" : [ ],
      "flaky" : false
    } ],
    "history" : {
      "statistic" : {
        "failed" : 30,
        "broken" : 3,
        "skipped" : 0,
        "passed" : 26,
        "unknown" : 0,
        "total" : 59
      },
      "items" : [ {
        "uid" : "3d31128b58f5048c",
        "reportUrl" : "http://localhost:9090/jenkins/job/MattamyAutomationFramework/77/allure/#testresult/3d31128b58f5048c",
        "status" : "failed",
        "statusDetails" : "AssertionError",
        "time" : {
          "start" : 1592814962604,
          "stop" : 1592814999440,
          "duration" : 36836
        }
      }, {
        "uid" : "6bb7dd13a94337f9",
        "reportUrl" : "http://localhost:9090/jenkins/job/MattamyAutomationFramework/76/allure/#testresult/6bb7dd13a94337f9",
        "status" : "failed",
        "statusDetails" : "AssertionError",
        "time" : {
          "start" : 1592814962604,
          "stop" : 1592814999440,
          "duration" : 36836
        }
      }, {
        "uid" : "13b2f573001d8911",
        "reportUrl" : "http://localhost:9090/jenkins/job/MattamyAutomationFramework/75/allure/#testresult/13b2f573001d8911",
        "status" : "failed",
        "statusDetails" : "AssertionError",
        "time" : {
          "start" : 1592814962604,
          "stop" : 1592814999440,
          "duration" : 36836
        }
      }, {
        "uid" : "cd938dc14cf9dd41",
        "reportUrl" : "http://localhost:9090/jenkins/job/MattamyAutomationFramework/74/allure/#testresult/cd938dc14cf9dd41",
        "status" : "failed",
        "statusDetails" : "AssertionError",
        "time" : {
          "start" : 1592797559907,
          "stop" : 1592797574258,
          "duration" : 14351
        }
      }, {
        "uid" : "8f3ff3f5a4928e99",
        "reportUrl" : "http://localhost:9090/jenkins/job/MattamyAutomationFramework/73/allure/#testresult/8f3ff3f5a4928e99",
        "status" : "failed",
        "statusDetails" : "AssertionError",
        "time" : {
          "start" : 1592555794278,
          "stop" : 1592555878524,
          "duration" : 84246
        }
      }, {
        "uid" : "c1461757783177d3",
        "reportUrl" : "http://localhost:9090/jenkins/job/MattamyAutomationFramework/72/allure/#testresult/c1461757783177d3",
        "status" : "failed",
        "statusDetails" : "AssertionError",
        "time" : {
          "start" : 1592555794278,
          "stop" : 1592555878524,
          "duration" : 84246
        }
      }, {
        "uid" : "8579a29d02131167",
        "reportUrl" : "http://localhost:9090/jenkins/job/MattamyAutomationFramework/71/allure/#testresult/8579a29d02131167",
        "status" : "failed",
        "statusDetails" : "AssertionError",
        "time" : {
          "start" : 1592123801102,
          "stop" : 1592123906712,
          "duration" : 105610
        }
      }, {
        "uid" : "51d118ddd5d8f15d",
        "reportUrl" : "http://localhost:9090/jenkins/job/MattamyAutomationFramework/70/allure/#testresult/51d118ddd5d8f15d",
        "status" : "failed",
        "statusDetails" : "AssertionError",
        "time" : {
          "start" : 1592123801102,
          "stop" : 1592123906712,
          "duration" : 105610
        }
      }, {
        "uid" : "fc09497d56e056c4",
        "reportUrl" : "http://localhost:9090/jenkins/job/MattamyAutomationFramework/69/allure/#testresult/fc09497d56e056c4",
        "status" : "failed",
        "statusDetails" : "AssertionError",
        "time" : {
          "start" : 1592123801102,
          "stop" : 1592123906712,
          "duration" : 105610
        }
      }, {
        "uid" : "d21eb215d7b83d96",
        "reportUrl" : "http://localhost:9090/jenkins/job/MattamyAutomationFramework/68/allure/#testresult/d21eb215d7b83d96",
        "status" : "failed",
        "statusDetails" : "AssertionError",
        "time" : {
          "start" : 1592123801102,
          "stop" : 1592123906712,
          "duration" : 105610
        }
      }, {
        "uid" : "fc648db71a3d23fa",
        "reportUrl" : "http://localhost:9090/jenkins/job/MattamyAutomationFramework/67/allure/#testresult/fc648db71a3d23fa",
        "status" : "failed",
        "statusDetails" : "AssertionError",
        "time" : {
          "start" : 1592123801102,
          "stop" : 1592123906712,
          "duration" : 105610
        }
      }, {
        "uid" : "8e6ebc6b9508efce",
        "reportUrl" : "http://localhost:9090/jenkins/job/MattamyAutomationFramework/66/allure/#testresult/8e6ebc6b9508efce",
        "status" : "failed",
        "statusDetails" : "AssertionError",
        "time" : {
          "start" : 1592046333747,
          "stop" : 1592046348404,
          "duration" : 14657
        }
      }, {
        "uid" : "bfda14c8453d47ba",
        "reportUrl" : "http://localhost:9090/jenkins/job/MattamyAutomationFramework/65/allure/#testresult/bfda14c8453d47ba",
        "status" : "failed",
        "statusDetails" : "AssertionError",
        "time" : {
          "start" : 1591951009517,
          "stop" : 1591951023648,
          "duration" : 14131
        }
      }, {
        "uid" : "68ea59ca35c60999",
        "reportUrl" : "http://localhost:9090/jenkins/job/MattamyAutomationFramework/64/allure/#testresult/68ea59ca35c60999",
        "status" : "failed",
        "statusDetails" : "AssertionError",
        "time" : {
          "start" : 1591865637318,
          "stop" : 1591865651232,
          "duration" : 13914
        }
      }, {
        "uid" : "6a3f1ed6a74c870e",
        "reportUrl" : "http://localhost:9090/jenkins/job/MattamyAutomationFramework/63/allure/#testresult/6a3f1ed6a74c870e",
        "status" : "failed",
        "statusDetails" : "AssertionError",
        "time" : {
          "start" : 1591778500945,
          "stop" : 1591778564308,
          "duration" : 63363
        }
      }, {
        "uid" : "cd23981f544f45ae",
        "reportUrl" : "http://localhost:9090/jenkins/job/MattamyAutomationFramework/62/allure/#testresult/cd23981f544f45ae",
        "status" : "broken",
        "statusDetails" : "selenium.common.exceptions.NoSuchWindowException: Message: no such window: target window already closed\nfrom unknown error: web view not found\n  (Session info: chrome=83.0.4103.61)",
        "time" : {
          "start" : 1591691762486,
          "stop" : 1591691762581,
          "duration" : 95
        }
      }, {
        "uid" : "71189306d5c6bac5",
        "reportUrl" : "http://localhost:9090/jenkins/job/MattamyAutomationFramework/61/allure/#testresult/71189306d5c6bac5",
        "status" : "failed",
        "statusDetails" : "AssertionError",
        "time" : {
          "start" : 1591432270280,
          "stop" : 1591432285359,
          "duration" : 15079
        }
      }, {
        "uid" : "f18e35bc4e011ffd",
        "reportUrl" : "http://localhost:9090/jenkins/job/MattamyAutomationFramework/60/allure/#testresult/f18e35bc4e011ffd",
        "status" : "failed",
        "statusDetails" : "AssertionError",
        "time" : {
          "start" : 1591432270280,
          "stop" : 1591432285359,
          "duration" : 15079
        }
      }, {
        "uid" : "eebbda27174ee31d",
        "reportUrl" : "http://localhost:9090/jenkins/job/MattamyAutomationFramework/59/allure/#testresult/eebbda27174ee31d",
        "status" : "failed",
        "statusDetails" : "AssertionError",
        "time" : {
          "start" : 1591432270280,
          "stop" : 1591432285359,
          "duration" : 15079
        }
      }, {
        "uid" : "4da10c781f40d0dc",
        "reportUrl" : "http://localhost:9090/jenkins/job/MattamyAutomationFramework/58/allure/#testresult/4da10c781f40d0dc",
        "status" : "failed",
        "statusDetails" : "AssertionError",
        "time" : {
          "start" : 1591087016670,
          "stop" : 1591087031206,
          "duration" : 14536
        }
      } ]
    },
    "tags" : [ ]
  },
  "source" : "d0d03a7bbda9adf9.json",
  "parameterValues" : [ ]
}