{
  "uid" : "d4ad79362a3182d2",
  "name" : "test_faqLink",
  "fullName" : "test_regression_suite.FooterTests#test_faqLink",
  "historyId" : "7a51873bd392916254582a61f677b26e",
  "time" : {
    "start" : 1591950707232,
    "stop" : 1591950731574,
    "duration" : 24342
  },
  "status" : "failed",
  "statusMessage" : "AssertionError",
  "statusTrace" : "self = <tests.home.footer_test.FooterTests testMethod=test_faqLink>\n\n    def test_faqLink(self):\n        result = self.fp.getFAQLinkStatus()\n>       self.ts.markFinal(\"test_faqLink\", result, \"Footer_Verified FAQ Link\")\n\nhome\\footer_test.py:44: \n_ _ _ _ _ _ _ _ _ _ _ _ _ _ _ _ _ _ _ _ _ _ _ _ _ _ _ _ _ _ _ _ _ _ _ _ _ _ _ _\n\nself = <utilities.casestatus.CaseStatus object at 0x0000022EF4800CD0>\ntestName = 'test_faqLink', result = False\nresultMessage = 'Footer_Verified FAQ Link'\n\n    def markFinal(self, testName, result, resultMessage):\n        \"\"\"\n        Mark the final result of verification point in a test case\n        This needs to be called at least once in a test case\n        This should be final test status of the test case\n        \"\"\"\n        self.setResult(result, resultMessage)\n    \n        if \"FAIL\" in self.resultList:\n            self.log.error(testName + \" Test Failed\")\n            self.resultList.clear()\n>           assert True == False\nE           AssertionError\n\n..\\utilities\\casestatus.py:74: AssertionError",
  "flaky" : false,
  "newFailed" : false,
  "beforeStages" : [ {
    "name" : "_UnitTestCase__pytest_class_setup",
    "time" : {
      "start" : 1591950532653,
      "stop" : 1591950532653,
      "duration" : 0
    },
    "status" : "passed",
    "steps" : [ ],
    "attachments" : [ ],
    "parameters" : [ ],
    "shouldDisplayMessage" : false,
    "attachmentsCount" : 0,
    "stepsCount" : 0,
    "hasContent" : false
  }, {
    "name" : "browser",
    "time" : {
      "start" : 1591950532654,
      "stop" : 1591950532654,
      "duration" : 0
    },
    "status" : "passed",
    "steps" : [ ],
    "attachments" : [ ],
    "parameters" : [ ],
    "shouldDisplayMessage" : false,
    "attachmentsCount" : 0,
    "stepsCount" : 0,
    "hasContent" : false
  }, {
    "name" : "classSetUp",
    "time" : {
      "start" : 1591950707231,
      "stop" : 1591950707232,
      "duration" : 1
    },
    "status" : "passed",
    "steps" : [ ],
    "attachments" : [ ],
    "parameters" : [ ],
    "shouldDisplayMessage" : false,
    "attachmentsCount" : 0,
    "stepsCount" : 0,
    "hasContent" : false
  }, {
    "name" : "oneTimeSetUp",
    "time" : {
      "start" : 1591950532654,
      "stop" : 1591950566764,
      "duration" : 34110
    },
    "status" : "passed",
    "steps" : [ ],
    "attachments" : [ ],
    "parameters" : [ ],
    "shouldDisplayMessage" : false,
    "attachmentsCount" : 0,
    "stepsCount" : 0,
    "hasContent" : false
  } ],
  "testStage" : {
    "status" : "failed",
    "statusMessage" : "AssertionError",
    "statusTrace" : "self = <tests.home.footer_test.FooterTests testMethod=test_faqLink>\n\n    def test_faqLink(self):\n        result = self.fp.getFAQLinkStatus()\n>       self.ts.markFinal(\"test_faqLink\", result, \"Footer_Verified FAQ Link\")\n\nhome\\footer_test.py:44: \n_ _ _ _ _ _ _ _ _ _ _ _ _ _ _ _ _ _ _ _ _ _ _ _ _ _ _ _ _ _ _ _ _ _ _ _ _ _ _ _\n\nself = <utilities.casestatus.CaseStatus object at 0x0000022EF4800CD0>\ntestName = 'test_faqLink', result = False\nresultMessage = 'Footer_Verified FAQ Link'\n\n    def markFinal(self, testName, result, resultMessage):\n        \"\"\"\n        Mark the final result of verification point in a test case\n        This needs to be called at least once in a test case\n        This should be final test status of the test case\n        \"\"\"\n        self.setResult(result, resultMessage)\n    \n        if \"FAIL\" in self.resultList:\n            self.log.error(testName + \" Test Failed\")\n            self.resultList.clear()\n>           assert True == False\nE           AssertionError\n\n..\\utilities\\casestatus.py:74: AssertionError",
    "steps" : [ ],
    "attachments" : [ {
      "uid" : "e9ed3a1e7e5bd4d6",
      "name" : "Footer_Verified FAQ Link.1591950731570",
      "source" : "e9ed3a1e7e5bd4d6.png",
      "type" : "image/png",
      "size" : 506352
    }, {
      "uid" : "4d905899c17e598f",
      "name" : "log",
      "source" : "4d905899c17e598f.txt",
      "type" : "text/plain",
      "size" : 1125
    }, {
      "uid" : "68a849bd79610e82",
      "name" : "stdout",
      "source" : "68a849bd79610e82.txt",
      "type" : "text/plain",
      "size" : 22
    } ],
    "parameters" : [ ],
    "shouldDisplayMessage" : true,
    "attachmentsCount" : 3,
    "stepsCount" : 0,
    "hasContent" : true
  },
  "afterStages" : [ {
    "name" : "_UnitTestCase__pytest_class_setup::0",
    "time" : {
      "start" : 1591950980450,
      "stop" : 1591950980450,
      "duration" : 0
    },
    "status" : "passed",
    "steps" : [ ],
    "attachments" : [ ],
    "parameters" : [ ],
    "shouldDisplayMessage" : false,
    "attachmentsCount" : 0,
    "stepsCount" : 0,
    "hasContent" : false
  }, {
    "name" : "oneTimeSetUp::0",
    "time" : {
      "start" : 1591950978237,
      "stop" : 1591950980443,
      "duration" : 2206
    },
    "status" : "passed",
    "steps" : [ ],
    "attachments" : [ ],
    "parameters" : [ ],
    "shouldDisplayMessage" : false,
    "attachmentsCount" : 0,
    "stepsCount" : 0,
    "hasContent" : false
  } ],
  "labels" : [ {
    "name" : "suite",
    "value" : "test_regression_suite"
  }, {
    "name" : "subSuite",
    "value" : "FooterTests"
  }, {
    "name" : "host",
    "value" : "EXIPC0154"
  }, {
    "name" : "thread",
    "value" : "16652-MainThread"
  }, {
    "name" : "framework",
    "value" : "pytest"
  }, {
    "name" : "language",
    "value" : "cpython3"
  }, {
    "name" : "package",
    "value" : "test_regression_suite"
  }, {
    "name" : "resultFormat",
    "value" : "allure2"
  } ],
  "parameters" : [ ],
  "links" : [ ],
  "hidden" : false,
  "retry" : false,
  "extra" : {
    "severity" : "normal",
    "retries" : [ {
      "uid" : "d1115a0aa3710970",
      "status" : "failed",
      "statusDetails" : "AssertionError",
      "time" : {
        "start" : 1591865336303,
        "stop" : 1591865360521,
        "duration" : 24218
      }
    }, {
      "uid" : "382138bdaff64ad3",
      "status" : "failed",
      "statusDetails" : "AssertionError",
      "time" : {
        "start" : 1591778280438,
        "stop" : 1591778311747,
        "duration" : 31309
      }
    }, {
      "uid" : "d1eb7a249ef8da81",
      "status" : "failed",
      "statusDetails" : "AssertionError",
      "time" : {
        "start" : 1591691462438,
        "stop" : 1591691487343,
        "duration" : 24905
      }
    }, {
      "uid" : "f95db9b3b5c05b4c",
      "status" : "broken",
      "statusDetails" : "selenium.common.exceptions.NoSuchWindowException: Message: no such window: target window already closed\nfrom unknown error: web view not found\n  (Session info: chrome=83.0.4103.61)",
      "time" : {
        "start" : 1591432240463,
        "stop" : 1591432240469,
        "duration" : 6
      }
    }, {
      "uid" : "d9d12ab40d613ffa",
      "status" : "failed",
      "statusDetails" : "AssertionError",
      "time" : {
        "start" : 1591086718064,
        "stop" : 1591086743078,
        "duration" : 25014
      }
    }, {
      "uid" : "f512db71d94ed657",
      "status" : "passed",
      "time" : {
        "start" : 1591000071920,
        "stop" : 1591000073609,
        "duration" : 1689
      }
    }, {
      "uid" : "994ce2f3daa53f60",
      "status" : "passed",
      "time" : {
        "start" : 1590998596573,
        "stop" : 1590998598085,
        "duration" : 1512
      }
    }, {
      "uid" : "e51162fbcb1df1c3",
      "status" : "broken",
      "statusDetails" : "selenium.common.exceptions.SessionNotCreatedException: Message: session not created: This version of ChromeDriver only supports Chrome version 81",
      "time" : {
        "start" : 1590913647530,
        "stop" : 1590913647530,
        "duration" : 0
      }
    }, {
      "uid" : "70b7683242afba2",
      "status" : "passed",
      "time" : {
        "start" : 1590827287874,
        "stop" : 1590827290024,
        "duration" : 2150
      }
    }, {
      "uid" : "14a3e5f86910016f",
      "status" : "passed",
      "time" : {
        "start" : 1590740928684,
        "stop" : 1590740930630,
        "duration" : 1946
      }
    }, {
      "uid" : "7e42b6806d1515b9",
      "status" : "broken",
      "statusDetails" : "selenium.common.exceptions.WebDriverException: Message: chrome not reachable\n  (Session info: chrome=81.0.4044.138)",
      "time" : {
        "start" : 1590654603756,
        "stop" : 1590654627826,
        "duration" : 24070
      }
    }, {
      "uid" : "20539037b7756cd",
      "status" : "passed",
      "time" : {
        "start" : 1590568866639,
        "stop" : 1590568867712,
        "duration" : 1073
      }
    }, {
      "uid" : "6691c43b41dc3efe",
      "status" : "passed",
      "time" : {
        "start" : 1590405781078,
        "stop" : 1590405782172,
        "duration" : 1094
      }
    }, {
      "uid" : "babb52674cee9602",
      "status" : "passed",
      "time" : {
        "start" : 1590404491861,
        "stop" : 1590404493984,
        "duration" : 2123
      }
    }, {
      "uid" : "7f37776b5fbf13a9",
      "status" : "passed",
      "time" : {
        "start" : 1590404428769,
        "stop" : 1590404431068,
        "duration" : 2299
      }
    }, {
      "uid" : "1bc90293fd841c0e",
      "status" : "passed",
      "time" : {
        "start" : 1589610659535,
        "stop" : 1589610660901,
        "duration" : 1366
      }
    }, {
      "uid" : "40934789fa0eae19",
      "status" : "passed",
      "time" : {
        "start" : 1589609667592,
        "stop" : 1589609669207,
        "duration" : 1615
      }
    }, {
      "uid" : "e1de910e12030927",
      "status" : "passed",
      "time" : {
        "start" : 1589609417325,
        "stop" : 1589609418809,
        "duration" : 1484
      }
    }, {
      "uid" : "d6298079b0c1325a",
      "status" : "passed",
      "time" : {
        "start" : 1589608957184,
        "stop" : 1589608958574,
        "duration" : 1390
      }
    }, {
      "uid" : "e0c07a7c6abebfe6",
      "status" : "broken",
      "statusDetails" : "selenium.common.exceptions.WebDriverException: Message: 'chromedriver.exe' executable needs to be in PATH. Please see https://sites.google.com/a/chromium.org/chromedriver/home",
      "time" : {
        "start" : 1589607867715,
        "stop" : 1589607867715,
        "duration" : 0
      }
    }, {
      "uid" : "5c6aaf3594ac94df",
      "status" : "passed",
      "time" : {
        "start" : 1589606493249,
        "stop" : 1589606494552,
        "duration" : 1303
      }
    }, {
      "uid" : "b08a54954dbae65a",
      "status" : "passed",
      "time" : {
        "start" : 1589597892714,
        "stop" : 1589597894767,
        "duration" : 2053
      }
    }, {
      "uid" : "65b548020d9748bc",
      "status" : "passed",
      "time" : {
        "start" : 1589596678931,
        "stop" : 1589596680252,
        "duration" : 1321
      }
    }, {
      "uid" : "dbecd18ccf44a44d",
      "status" : "passed",
      "time" : {
        "start" : 1589534504594,
        "stop" : 1589534507902,
        "duration" : 3308
      }
    }, {
      "uid" : "45e7b27c42e80cf1",
      "status" : "failed",
      "statusDetails" : "AssertionError",
      "time" : {
        "start" : 1589469140522,
        "stop" : 1589469142406,
        "duration" : 1884
      }
    }, {
      "uid" : "d3a94c2e11ca9c3",
      "status" : "failed",
      "statusDetails" : "AssertionError",
      "time" : {
        "start" : 1589386780414,
        "stop" : 1589386781415,
        "duration" : 1001
      }
    }, {
      "uid" : "40fb0dc433baa4ca",
      "status" : "failed",
      "statusDetails" : "AssertionError",
      "time" : {
        "start" : 1589272052597,
        "stop" : 1589272053748,
        "duration" : 1151
      }
    }, {
      "uid" : "2fa6f785d31e7abf",
      "status" : "failed",
      "statusDetails" : "AssertionError",
      "time" : {
        "start" : 1589258676690,
        "stop" : 1589258677439,
        "duration" : 749
      }
    }, {
      "uid" : "c0ca81265f0b5fc7",
      "status" : "failed",
      "statusDetails" : "AssertionError",
      "time" : {
        "start" : 1589258564849,
        "stop" : 1589258565966,
        "duration" : 1117
      }
    }, {
      "uid" : "89baa016739d0307",
      "status" : "failed",
      "statusDetails" : "AssertionError",
      "time" : {
        "start" : 1589255118618,
        "stop" : 1589255119486,
        "duration" : 868
      }
    }, {
      "uid" : "a3dd3ed9d7e3e205",
      "status" : "failed",
      "statusDetails" : "AssertionError",
      "time" : {
        "start" : 1589253203306,
        "stop" : 1589253204173,
        "duration" : 867
      }
    }, {
      "uid" : "216dda54bb0efcb3",
      "status" : "failed",
      "statusDetails" : "AssertionError",
      "time" : {
        "start" : 1589216117824,
        "stop" : 1589216118783,
        "duration" : 959
      }
    }, {
      "uid" : "bb7122f724c6542f",
      "status" : "failed",
      "statusDetails" : "AssertionError",
      "time" : {
        "start" : 1589207723649,
        "stop" : 1589207724402,
        "duration" : 753
      }
    }, {
      "uid" : "2965bc4477504b75",
      "status" : "failed",
      "statusDetails" : "AssertionError",
      "time" : {
        "start" : 1589206272612,
        "stop" : 1589206273394,
        "duration" : 782
      }
    }, {
      "uid" : "2d13b4ffaa35b2f4",
      "status" : "failed",
      "statusDetails" : "AssertionError",
      "time" : {
        "start" : 1589205347782,
        "stop" : 1589205348914,
        "duration" : 1132
      }
    }, {
      "uid" : "61c5ecbbf1aab12c",
      "status" : "failed",
      "statusDetails" : "AssertionError",
      "time" : {
        "start" : 1589203297521,
        "stop" : 1589203298426,
        "duration" : 905
      }
    }, {
      "uid" : "b25c896c1ea25b96",
      "status" : "failed",
      "statusDetails" : "AssertionError",
      "time" : {
        "start" : 1589163790054,
        "stop" : 1589163790859,
        "duration" : 805
      }
    }, {
      "uid" : "91629f2022da5ffb",
      "status" : "failed",
      "statusDetails" : "AssertionError",
      "time" : {
        "start" : 1589113057538,
        "stop" : 1589113058824,
        "duration" : 1286
      }
    }, {
      "uid" : "99a78bebf0802f",
      "status" : "failed",
      "statusDetails" : "AssertionError",
      "time" : {
        "start" : 1588853660545,
        "stop" : 1588853661308,
        "duration" : 763
      }
    }, {
      "uid" : "acda5776744b249",
      "status" : "failed",
      "statusDetails" : "AssertionError",
      "time" : {
        "start" : 1588852335340,
        "stop" : 1588852336303,
        "duration" : 963
      }
    } ],
    "categories" : [ {
      "name" : "Product defects",
      "matchedStatuses" : [ ],
      "flaky" : false
    } ],
    "history" : {
      "statistic" : {
        "failed" : 23,
        "broken" : 5,
        "skipped" : 0,
        "passed" : 18,
        "unknown" : 0,
        "total" : 46
      },
      "items" : [ {
        "uid" : "f6a187c7e1c593cb",
        "reportUrl" : "http://localhost:9090/jenkins/job/MattamyAutomationFramework/64/allure/#testresult/f6a187c7e1c593cb",
        "status" : "failed",
        "statusDetails" : "AssertionError",
        "time" : {
          "start" : 1591865336303,
          "stop" : 1591865360521,
          "duration" : 24218
        }
      }, {
        "uid" : "61e15ae1c26f1971",
        "reportUrl" : "http://localhost:9090/jenkins/job/MattamyAutomationFramework/63/allure/#testresult/61e15ae1c26f1971",
        "status" : "failed",
        "statusDetails" : "AssertionError",
        "time" : {
          "start" : 1591778280438,
          "stop" : 1591778311747,
          "duration" : 31309
        }
      }, {
        "uid" : "13900cbfcd471957",
        "reportUrl" : "http://localhost:9090/jenkins/job/MattamyAutomationFramework/62/allure/#testresult/13900cbfcd471957",
        "status" : "failed",
        "statusDetails" : "AssertionError",
        "time" : {
          "start" : 1591691462438,
          "stop" : 1591691487343,
          "duration" : 24905
        }
      }, {
        "uid" : "4bc06ed26a70b503",
        "reportUrl" : "http://localhost:9090/jenkins/job/MattamyAutomationFramework/61/allure/#testresult/4bc06ed26a70b503",
        "status" : "broken",
        "statusDetails" : "selenium.common.exceptions.NoSuchWindowException: Message: no such window: target window already closed\nfrom unknown error: web view not found\n  (Session info: chrome=83.0.4103.61)",
        "time" : {
          "start" : 1591432240463,
          "stop" : 1591432240469,
          "duration" : 6
        }
      }, {
        "uid" : "ec747338d409107c",
        "reportUrl" : "http://localhost:9090/jenkins/job/MattamyAutomationFramework/60/allure/#testresult/ec747338d409107c",
        "status" : "broken",
        "statusDetails" : "selenium.common.exceptions.NoSuchWindowException: Message: no such window: target window already closed\nfrom unknown error: web view not found\n  (Session info: chrome=83.0.4103.61)",
        "time" : {
          "start" : 1591432240463,
          "stop" : 1591432240469,
          "duration" : 6
        }
      }, {
        "uid" : "d9568a3edf769b62",
        "reportUrl" : "http://localhost:9090/jenkins/job/MattamyAutomationFramework/59/allure/#testresult/d9568a3edf769b62",
        "status" : "broken",
        "statusDetails" : "selenium.common.exceptions.NoSuchWindowException: Message: no such window: target window already closed\nfrom unknown error: web view not found\n  (Session info: chrome=83.0.4103.61)",
        "time" : {
          "start" : 1591432240463,
          "stop" : 1591432240469,
          "duration" : 6
        }
      }, {
        "uid" : "21e996a889055656",
        "reportUrl" : "http://localhost:9090/jenkins/job/MattamyAutomationFramework/58/allure/#testresult/21e996a889055656",
        "status" : "failed",
        "statusDetails" : "AssertionError",
        "time" : {
          "start" : 1591086718064,
          "stop" : 1591086743078,
          "duration" : 25014
        }
      }, {
        "uid" : "1a0a19118b273491",
        "reportUrl" : "http://localhost:9090/jenkins/job/MattamyAutomationFramework/57/allure/#testresult/1a0a19118b273491",
        "status" : "failed",
        "statusDetails" : "AssertionError",
        "time" : {
          "start" : 1591086718064,
          "stop" : 1591086743078,
          "duration" : 25014
        }
      }, {
        "uid" : "577a080f6e14fdd7",
        "reportUrl" : "http://localhost:9090/jenkins/job/MattamyAutomationFramework/56/allure/#testresult/577a080f6e14fdd7",
        "status" : "failed",
        "statusDetails" : "AssertionError",
        "time" : {
          "start" : 1591086718064,
          "stop" : 1591086743078,
          "duration" : 25014
        }
      }, {
        "uid" : "555b4b20a831b188",
        "reportUrl" : "http://localhost:9090/jenkins/job/MattamyAutomationFramework/55/allure/#testresult/555b4b20a831b188",
        "status" : "failed",
        "statusDetails" : "AssertionError",
        "time" : {
          "start" : 1591086718064,
          "stop" : 1591086743078,
          "duration" : 25014
        }
      }, {
        "uid" : "fc89cf994aabf618",
        "reportUrl" : "http://localhost:9090/jenkins/job/MattamyAutomationFramework/54/allure/#testresult/fc89cf994aabf618",
        "status" : "passed",
        "time" : {
          "start" : 1591000071920,
          "stop" : 1591000073609,
          "duration" : 1689
        }
      }, {
        "uid" : "3982ea4f9e9d178f",
        "reportUrl" : "http://localhost:9090/jenkins/job/MattamyAutomationFramework/53/allure/#testresult/3982ea4f9e9d178f",
        "status" : "passed",
        "time" : {
          "start" : 1590998596573,
          "stop" : 1590998598085,
          "duration" : 1512
        }
      }, {
        "uid" : "280734657eac2a09",
        "reportUrl" : "http://localhost:9090/jenkins/job/MattamyAutomationFramework/52/allure/#testresult/280734657eac2a09",
        "status" : "broken",
        "statusDetails" : "selenium.common.exceptions.SessionNotCreatedException: Message: session not created: This version of ChromeDriver only supports Chrome version 81",
        "time" : {
          "start" : 1590913647530,
          "stop" : 1590913647530,
          "duration" : 0
        }
      }, {
        "uid" : "39b6b522cc451f18",
        "reportUrl" : "http://localhost:9090/jenkins/job/MattamyAutomationFramework/51/allure/#testresult/39b6b522cc451f18",
        "status" : "passed",
        "time" : {
          "start" : 1590827287874,
          "stop" : 1590827290024,
          "duration" : 2150
        }
      }, {
        "uid" : "2767a46da3d91f09",
        "reportUrl" : "http://localhost:9090/jenkins/job/MattamyAutomationFramework/50/allure/#testresult/2767a46da3d91f09",
        "status" : "passed",
        "time" : {
          "start" : 1590740928684,
          "stop" : 1590740930630,
          "duration" : 1946
        }
      }, {
        "uid" : "a6c7720a6a99baa6",
        "reportUrl" : "http://localhost:9090/jenkins/job/MattamyAutomationFramework/49/allure/#testresult/a6c7720a6a99baa6",
        "status" : "broken",
        "statusDetails" : "selenium.common.exceptions.WebDriverException: Message: chrome not reachable\n  (Session info: chrome=81.0.4044.138)",
        "time" : {
          "start" : 1590654603756,
          "stop" : 1590654627826,
          "duration" : 24070
        }
      }, {
        "uid" : "eab0d59707ab624c",
        "reportUrl" : "http://localhost:9090/jenkins/job/MattamyAutomationFramework/48/allure/#testresult/eab0d59707ab624c",
        "status" : "passed",
        "time" : {
          "start" : 1590568866639,
          "stop" : 1590568867712,
          "duration" : 1073
        }
      }, {
        "uid" : "1a89527a8bf64e38",
        "reportUrl" : "http://localhost:9090/jenkins/job/MattamyAutomationFramework/47/allure/#testresult/1a89527a8bf64e38",
        "status" : "passed",
        "time" : {
          "start" : 1590405781078,
          "stop" : 1590405782172,
          "duration" : 1094
        }
      }, {
        "uid" : "eaf7aabda1b62d2d",
        "reportUrl" : "http://localhost:9090/jenkins/job/MattamyAutomationFramework/46/allure/#testresult/eaf7aabda1b62d2d",
        "status" : "passed",
        "time" : {
          "start" : 1590405781078,
          "stop" : 1590405782172,
          "duration" : 1094
        }
      }, {
        "uid" : "17d398c1cfbc1381",
        "reportUrl" : "http://localhost:9090/jenkins/job/MattamyAutomationFramework/45/allure/#testresult/17d398c1cfbc1381",
        "status" : "passed",
        "time" : {
          "start" : 1590404491861,
          "stop" : 1590404493984,
          "duration" : 2123
        }
      } ]
    },
    "tags" : [ ]
  },
  "source" : "d4ad79362a3182d2.json",
  "parameterValues" : [ ]
}