{
  "uid" : "e00a71c7dd40d1cf",
  "name" : "test_privacyPolicyLink",
  "fullName" : "test_regression_suite.FooterTests#test_privacyPolicyLink",
  "historyId" : "b1f18d70ace4899566611e7531314bd9",
  "time" : {
    "start" : 1591432241394,
    "stop" : 1591432241399,
    "duration" : 5
  },
  "status" : "broken",
  "statusMessage" : "selenium.common.exceptions.NoSuchWindowException: Message: no such window: target window already closed\nfrom unknown error: web view not found\n  (Session info: chrome=83.0.4103.61)",
  "statusTrace" : "self = <tests.home.footer_test.FooterTests testMethod=test_privacyPolicyLink>\n\n    def setUp(self):\n>       self.fp.scrollToFooter()\n\nhome\\footer_test.py:16: \n_ _ _ _ _ _ _ _ _ _ _ _ _ _ _ _ _ _ _ _ _ _ _ _ _ _ _ _ _ _ _ _ _ _ _ _ _ _ _ _\n..\\pages\\home\\footer_page.py:36: in scrollToFooter\n    self.webScroll(element=element)\n..\\base\\selenium_driver.py:283: in webScroll\n    self.driver.execute_script(\"window.scrollBy(0, -1000);\")\n..\\..\\..\\pycharmprojects\\mattamyhomes\\venv\\lib\\site-packages\\selenium\\webdriver\\remote\\webdriver.py:634: in execute_script\n    return self.execute(command, {\n..\\..\\..\\pycharmprojects\\mattamyhomes\\venv\\lib\\site-packages\\selenium\\webdriver\\remote\\webdriver.py:321: in execute\n    self.error_handler.check_response(response)\n_ _ _ _ _ _ _ _ _ _ _ _ _ _ _ _ _ _ _ _ _ _ _ _ _ _ _ _ _ _ _ _ _ _ _ _ _ _ _ _\n\nself = <selenium.webdriver.remote.errorhandler.ErrorHandler object at 0x000001E96F12A910>\nresponse = {'status': 404, 'value': '{\"value\":{\"error\":\"no such window\",\"message\":\"no such window: target window already closed\\\\...\\n\\\\tRtlGetAppContainerNamedObjectPath [0x77BC7B74+228]\\\\n\\\\tRtlGetAppContainerNamedObjectPath [0x77BC7B44+180]\\\\n\"}}'}\n\n    def check_response(self, response):\n        \"\"\"\n        Checks that a JSON response from the WebDriver does not have an error.\n    \n        :Args:\n         - response - The JSON response from the WebDriver server as a dictionary\n           object.\n    \n        :Raises: If the response contains an error message.\n        \"\"\"\n        status = response.get('status', None)\n        if status is None or status == ErrorCode.SUCCESS:\n            return\n        value = None\n        message = response.get(\"message\", \"\")\n        screen = response.get(\"screen\", \"\")\n        stacktrace = None\n        if isinstance(status, int):\n            value_json = response.get('value', None)\n            if value_json and isinstance(value_json, basestring):\n                import json\n                try:\n                    value = json.loads(value_json)\n                    if len(value.keys()) == 1:\n                        value = value['value']\n                    status = value.get('error', None)\n                    if status is None:\n                        status = value[\"status\"]\n                        message = value[\"value\"]\n                        if not isinstance(message, basestring):\n                            value = message\n                            message = message.get('message')\n                    else:\n                        message = value.get('message', None)\n                except ValueError:\n                    pass\n    \n        exception_class = ErrorInResponseException\n        if status in ErrorCode.NO_SUCH_ELEMENT:\n            exception_class = NoSuchElementException\n        elif status in ErrorCode.NO_SUCH_FRAME:\n            exception_class = NoSuchFrameException\n        elif status in ErrorCode.NO_SUCH_WINDOW:\n            exception_class = NoSuchWindowException\n        elif status in ErrorCode.STALE_ELEMENT_REFERENCE:\n            exception_class = StaleElementReferenceException\n        elif status in ErrorCode.ELEMENT_NOT_VISIBLE:\n            exception_class = ElementNotVisibleException\n        elif status in ErrorCode.INVALID_ELEMENT_STATE:\n            exception_class = InvalidElementStateException\n        elif status in ErrorCode.INVALID_SELECTOR \\\n                or status in ErrorCode.INVALID_XPATH_SELECTOR \\\n                or status in ErrorCode.INVALID_XPATH_SELECTOR_RETURN_TYPER:\n            exception_class = InvalidSelectorException\n        elif status in ErrorCode.ELEMENT_IS_NOT_SELECTABLE:\n            exception_class = ElementNotSelectableException\n        elif status in ErrorCode.ELEMENT_NOT_INTERACTABLE:\n            exception_class = ElementNotInteractableException\n        elif status in ErrorCode.INVALID_COOKIE_DOMAIN:\n            exception_class = InvalidCookieDomainException\n        elif status in ErrorCode.UNABLE_TO_SET_COOKIE:\n            exception_class = UnableToSetCookieException\n        elif status in ErrorCode.TIMEOUT:\n            exception_class = TimeoutException\n        elif status in ErrorCode.SCRIPT_TIMEOUT:\n            exception_class = TimeoutException\n        elif status in ErrorCode.UNKNOWN_ERROR:\n            exception_class = WebDriverException\n        elif status in ErrorCode.UNEXPECTED_ALERT_OPEN:\n            exception_class = UnexpectedAlertPresentException\n        elif status in ErrorCode.NO_ALERT_OPEN:\n            exception_class = NoAlertPresentException\n        elif status in ErrorCode.IME_NOT_AVAILABLE:\n            exception_class = ImeNotAvailableException\n        elif status in ErrorCode.IME_ENGINE_ACTIVATION_FAILED:\n            exception_class = ImeActivationFailedException\n        elif status in ErrorCode.MOVE_TARGET_OUT_OF_BOUNDS:\n            exception_class = MoveTargetOutOfBoundsException\n        elif status in ErrorCode.JAVASCRIPT_ERROR:\n            exception_class = JavascriptException\n        elif status in ErrorCode.SESSION_NOT_CREATED:\n            exception_class = SessionNotCreatedException\n        elif status in ErrorCode.INVALID_ARGUMENT:\n            exception_class = InvalidArgumentException\n        elif status in ErrorCode.NO_SUCH_COOKIE:\n            exception_class = NoSuchCookieException\n        elif status in ErrorCode.UNABLE_TO_CAPTURE_SCREEN:\n            exception_class = ScreenshotException\n        elif status in ErrorCode.ELEMENT_CLICK_INTERCEPTED:\n            exception_class = ElementClickInterceptedException\n        elif status in ErrorCode.INSECURE_CERTIFICATE:\n            exception_class = InsecureCertificateException\n        elif status in ErrorCode.INVALID_COORDINATES:\n            exception_class = InvalidCoordinatesException\n        elif status in ErrorCode.INVALID_SESSION_ID:\n            exception_class = InvalidSessionIdException\n        elif status in ErrorCode.UNKNOWN_METHOD:\n            exception_class = UnknownMethodException\n        else:\n            exception_class = WebDriverException\n        if value == '' or value is None:\n            value = response['value']\n        if isinstance(value, basestring):\n            if exception_class == ErrorInResponseException:\n                raise exception_class(response, value)\n            raise exception_class(value)\n        if message == \"\" and 'message' in value:\n            message = value['message']\n    \n        screen = None\n        if 'screen' in value:\n            screen = value['screen']\n    \n        stacktrace = None\n        if 'stackTrace' in value and value['stackTrace']:\n            stacktrace = []\n            try:\n                for frame in value['stackTrace']:\n                    line = self._value_or_default(frame, 'lineNumber', '')\n                    file = self._value_or_default(frame, 'fileName', '<anonymous>')\n                    if line:\n                        file = \"%s:%s\" % (file, line)\n                    meth = self._value_or_default(frame, 'methodName', '<anonymous>')\n                    if 'className' in frame:\n                        meth = \"%s.%s\" % (frame['className'], meth)\n                    msg = \"    at %s (%s)\"\n                    msg = msg % (meth, file)\n                    stacktrace.append(msg)\n            except TypeError:\n                pass\n        if exception_class == ErrorInResponseException:\n            raise exception_class(response, message)\n        elif exception_class == UnexpectedAlertPresentException:\n            alert_text = None\n            if 'data' in value:\n                alert_text = value['data'].get('text')\n            elif 'alert' in value:\n                alert_text = value['alert'].get('text')\n            raise exception_class(message, screen, stacktrace, alert_text)\n>       raise exception_class(message, screen, stacktrace)\nE       selenium.common.exceptions.NoSuchWindowException: Message: no such window: target window already closed\nE       from unknown error: web view not found\nE         (Session info: chrome=83.0.4103.61)\n\n..\\..\\..\\pycharmprojects\\mattamyhomes\\venv\\lib\\site-packages\\selenium\\webdriver\\remote\\errorhandler.py:242: NoSuchWindowException",
  "flaky" : false,
  "newFailed" : false,
  "beforeStages" : [ {
    "name" : "_UnitTestCase__pytest_class_setup",
    "time" : {
      "start" : 1591432109553,
      "stop" : 1591432109553,
      "duration" : 0
    },
    "status" : "passed",
    "steps" : [ ],
    "attachments" : [ ],
    "parameters" : [ ],
    "shouldDisplayMessage" : false,
    "attachmentsCount" : 0,
    "hasContent" : false,
    "stepsCount" : 0
  }, {
    "name" : "classSetUp",
    "time" : {
      "start" : 1591432241393,
      "stop" : 1591432241393,
      "duration" : 0
    },
    "status" : "passed",
    "steps" : [ ],
    "attachments" : [ ],
    "parameters" : [ ],
    "shouldDisplayMessage" : false,
    "attachmentsCount" : 0,
    "hasContent" : false,
    "stepsCount" : 0
  }, {
    "name" : "browser",
    "time" : {
      "start" : 1591432109553,
      "stop" : 1591432109554,
      "duration" : 1
    },
    "status" : "passed",
    "steps" : [ ],
    "attachments" : [ ],
    "parameters" : [ ],
    "shouldDisplayMessage" : false,
    "attachmentsCount" : 0,
    "hasContent" : false,
    "stepsCount" : 0
  }, {
    "name" : "oneTimeSetUp",
    "time" : {
      "start" : 1591432109554,
      "stop" : 1591432135509,
      "duration" : 25955
    },
    "status" : "passed",
    "steps" : [ ],
    "attachments" : [ ],
    "parameters" : [ ],
    "shouldDisplayMessage" : false,
    "attachmentsCount" : 0,
    "hasContent" : false,
    "stepsCount" : 0
  } ],
  "testStage" : {
    "status" : "broken",
    "statusMessage" : "selenium.common.exceptions.NoSuchWindowException: Message: no such window: target window already closed\nfrom unknown error: web view not found\n  (Session info: chrome=83.0.4103.61)",
    "statusTrace" : "self = <tests.home.footer_test.FooterTests testMethod=test_privacyPolicyLink>\n\n    def setUp(self):\n>       self.fp.scrollToFooter()\n\nhome\\footer_test.py:16: \n_ _ _ _ _ _ _ _ _ _ _ _ _ _ _ _ _ _ _ _ _ _ _ _ _ _ _ _ _ _ _ _ _ _ _ _ _ _ _ _\n..\\pages\\home\\footer_page.py:36: in scrollToFooter\n    self.webScroll(element=element)\n..\\base\\selenium_driver.py:283: in webScroll\n    self.driver.execute_script(\"window.scrollBy(0, -1000);\")\n..\\..\\..\\pycharmprojects\\mattamyhomes\\venv\\lib\\site-packages\\selenium\\webdriver\\remote\\webdriver.py:634: in execute_script\n    return self.execute(command, {\n..\\..\\..\\pycharmprojects\\mattamyhomes\\venv\\lib\\site-packages\\selenium\\webdriver\\remote\\webdriver.py:321: in execute\n    self.error_handler.check_response(response)\n_ _ _ _ _ _ _ _ _ _ _ _ _ _ _ _ _ _ _ _ _ _ _ _ _ _ _ _ _ _ _ _ _ _ _ _ _ _ _ _\n\nself = <selenium.webdriver.remote.errorhandler.ErrorHandler object at 0x000001E96F12A910>\nresponse = {'status': 404, 'value': '{\"value\":{\"error\":\"no such window\",\"message\":\"no such window: target window already closed\\\\...\\n\\\\tRtlGetAppContainerNamedObjectPath [0x77BC7B74+228]\\\\n\\\\tRtlGetAppContainerNamedObjectPath [0x77BC7B44+180]\\\\n\"}}'}\n\n    def check_response(self, response):\n        \"\"\"\n        Checks that a JSON response from the WebDriver does not have an error.\n    \n        :Args:\n         - response - The JSON response from the WebDriver server as a dictionary\n           object.\n    \n        :Raises: If the response contains an error message.\n        \"\"\"\n        status = response.get('status', None)\n        if status is None or status == ErrorCode.SUCCESS:\n            return\n        value = None\n        message = response.get(\"message\", \"\")\n        screen = response.get(\"screen\", \"\")\n        stacktrace = None\n        if isinstance(status, int):\n            value_json = response.get('value', None)\n            if value_json and isinstance(value_json, basestring):\n                import json\n                try:\n                    value = json.loads(value_json)\n                    if len(value.keys()) == 1:\n                        value = value['value']\n                    status = value.get('error', None)\n                    if status is None:\n                        status = value[\"status\"]\n                        message = value[\"value\"]\n                        if not isinstance(message, basestring):\n                            value = message\n                            message = message.get('message')\n                    else:\n                        message = value.get('message', None)\n                except ValueError:\n                    pass\n    \n        exception_class = ErrorInResponseException\n        if status in ErrorCode.NO_SUCH_ELEMENT:\n            exception_class = NoSuchElementException\n        elif status in ErrorCode.NO_SUCH_FRAME:\n            exception_class = NoSuchFrameException\n        elif status in ErrorCode.NO_SUCH_WINDOW:\n            exception_class = NoSuchWindowException\n        elif status in ErrorCode.STALE_ELEMENT_REFERENCE:\n            exception_class = StaleElementReferenceException\n        elif status in ErrorCode.ELEMENT_NOT_VISIBLE:\n            exception_class = ElementNotVisibleException\n        elif status in ErrorCode.INVALID_ELEMENT_STATE:\n            exception_class = InvalidElementStateException\n        elif status in ErrorCode.INVALID_SELECTOR \\\n                or status in ErrorCode.INVALID_XPATH_SELECTOR \\\n                or status in ErrorCode.INVALID_XPATH_SELECTOR_RETURN_TYPER:\n            exception_class = InvalidSelectorException\n        elif status in ErrorCode.ELEMENT_IS_NOT_SELECTABLE:\n            exception_class = ElementNotSelectableException\n        elif status in ErrorCode.ELEMENT_NOT_INTERACTABLE:\n            exception_class = ElementNotInteractableException\n        elif status in ErrorCode.INVALID_COOKIE_DOMAIN:\n            exception_class = InvalidCookieDomainException\n        elif status in ErrorCode.UNABLE_TO_SET_COOKIE:\n            exception_class = UnableToSetCookieException\n        elif status in ErrorCode.TIMEOUT:\n            exception_class = TimeoutException\n        elif status in ErrorCode.SCRIPT_TIMEOUT:\n            exception_class = TimeoutException\n        elif status in ErrorCode.UNKNOWN_ERROR:\n            exception_class = WebDriverException\n        elif status in ErrorCode.UNEXPECTED_ALERT_OPEN:\n            exception_class = UnexpectedAlertPresentException\n        elif status in ErrorCode.NO_ALERT_OPEN:\n            exception_class = NoAlertPresentException\n        elif status in ErrorCode.IME_NOT_AVAILABLE:\n            exception_class = ImeNotAvailableException\n        elif status in ErrorCode.IME_ENGINE_ACTIVATION_FAILED:\n            exception_class = ImeActivationFailedException\n        elif status in ErrorCode.MOVE_TARGET_OUT_OF_BOUNDS:\n            exception_class = MoveTargetOutOfBoundsException\n        elif status in ErrorCode.JAVASCRIPT_ERROR:\n            exception_class = JavascriptException\n        elif status in ErrorCode.SESSION_NOT_CREATED:\n            exception_class = SessionNotCreatedException\n        elif status in ErrorCode.INVALID_ARGUMENT:\n            exception_class = InvalidArgumentException\n        elif status in ErrorCode.NO_SUCH_COOKIE:\n            exception_class = NoSuchCookieException\n        elif status in ErrorCode.UNABLE_TO_CAPTURE_SCREEN:\n            exception_class = ScreenshotException\n        elif status in ErrorCode.ELEMENT_CLICK_INTERCEPTED:\n            exception_class = ElementClickInterceptedException\n        elif status in ErrorCode.INSECURE_CERTIFICATE:\n            exception_class = InsecureCertificateException\n        elif status in ErrorCode.INVALID_COORDINATES:\n            exception_class = InvalidCoordinatesException\n        elif status in ErrorCode.INVALID_SESSION_ID:\n            exception_class = InvalidSessionIdException\n        elif status in ErrorCode.UNKNOWN_METHOD:\n            exception_class = UnknownMethodException\n        else:\n            exception_class = WebDriverException\n        if value == '' or value is None:\n            value = response['value']\n        if isinstance(value, basestring):\n            if exception_class == ErrorInResponseException:\n                raise exception_class(response, value)\n            raise exception_class(value)\n        if message == \"\" and 'message' in value:\n            message = value['message']\n    \n        screen = None\n        if 'screen' in value:\n            screen = value['screen']\n    \n        stacktrace = None\n        if 'stackTrace' in value and value['stackTrace']:\n            stacktrace = []\n            try:\n                for frame in value['stackTrace']:\n                    line = self._value_or_default(frame, 'lineNumber', '')\n                    file = self._value_or_default(frame, 'fileName', '<anonymous>')\n                    if line:\n                        file = \"%s:%s\" % (file, line)\n                    meth = self._value_or_default(frame, 'methodName', '<anonymous>')\n                    if 'className' in frame:\n                        meth = \"%s.%s\" % (frame['className'], meth)\n                    msg = \"    at %s (%s)\"\n                    msg = msg % (meth, file)\n                    stacktrace.append(msg)\n            except TypeError:\n                pass\n        if exception_class == ErrorInResponseException:\n            raise exception_class(response, message)\n        elif exception_class == UnexpectedAlertPresentException:\n            alert_text = None\n            if 'data' in value:\n                alert_text = value['data'].get('text')\n            elif 'alert' in value:\n                alert_text = value['alert'].get('text')\n            raise exception_class(message, screen, stacktrace, alert_text)\n>       raise exception_class(message, screen, stacktrace)\nE       selenium.common.exceptions.NoSuchWindowException: Message: no such window: target window already closed\nE       from unknown error: web view not found\nE         (Session info: chrome=83.0.4103.61)\n\n..\\..\\..\\pycharmprojects\\mattamyhomes\\venv\\lib\\site-packages\\selenium\\webdriver\\remote\\errorhandler.py:242: NoSuchWindowException",
    "steps" : [ ],
    "attachments" : [ {
      "uid" : "4cc1034325345485",
      "name" : "log",
      "source" : "4cc1034325345485.txt",
      "type" : "text/plain",
      "size" : 251
    }, {
      "uid" : "37286244d639f163",
      "name" : "stdout",
      "source" : "37286244d639f163.txt",
      "type" : "text/plain",
      "size" : 132
    } ],
    "parameters" : [ ],
    "shouldDisplayMessage" : true,
    "attachmentsCount" : 2,
    "hasContent" : true,
    "stepsCount" : 0
  },
  "afterStages" : [ {
    "name" : "_UnitTestCase__pytest_class_setup::0",
    "time" : {
      "start" : 1591432245105,
      "stop" : 1591432245105,
      "duration" : 0
    },
    "status" : "passed",
    "steps" : [ ],
    "attachments" : [ ],
    "parameters" : [ ],
    "shouldDisplayMessage" : false,
    "attachmentsCount" : 0,
    "hasContent" : false,
    "stepsCount" : 0
  }, {
    "name" : "oneTimeSetUp::0",
    "time" : {
      "start" : 1591432241780,
      "stop" : 1591432245098,
      "duration" : 3318
    },
    "status" : "passed",
    "steps" : [ ],
    "attachments" : [ ],
    "parameters" : [ ],
    "shouldDisplayMessage" : false,
    "attachmentsCount" : 0,
    "hasContent" : false,
    "stepsCount" : 0
  } ],
  "labels" : [ {
    "name" : "suite",
    "value" : "test_regression_suite"
  }, {
    "name" : "subSuite",
    "value" : "FooterTests"
  }, {
    "name" : "host",
    "value" : "EXIPC0154"
  }, {
    "name" : "thread",
    "value" : "29052-MainThread"
  }, {
    "name" : "framework",
    "value" : "pytest"
  }, {
    "name" : "language",
    "value" : "cpython3"
  }, {
    "name" : "package",
    "value" : "test_regression_suite"
  }, {
    "name" : "resultFormat",
    "value" : "allure2"
  } ],
  "parameters" : [ ],
  "links" : [ ],
  "hidden" : false,
  "retry" : false,
  "extra" : {
    "severity" : "normal",
    "retries" : [ {
      "uid" : "300dcdc1490fe297",
      "status" : "failed",
      "statusDetails" : "AssertionError",
      "time" : {
        "start" : 1591086914663,
        "stop" : 1591086939662,
        "duration" : 24999
      }
    }, {
      "uid" : "9947eb11fdca2975",
      "status" : "passed",
      "time" : {
        "start" : 1591000094471,
        "stop" : 1591000095813,
        "duration" : 1342
      }
    }, {
      "uid" : "e49d3a72ce53e336",
      "status" : "passed",
      "time" : {
        "start" : 1590998614782,
        "stop" : 1590998615931,
        "duration" : 1149
      }
    }, {
      "uid" : "ce5215c8081466d5",
      "status" : "broken",
      "statusDetails" : "selenium.common.exceptions.SessionNotCreatedException: Message: session not created: This version of ChromeDriver only supports Chrome version 81",
      "time" : {
        "start" : 1590913648990,
        "stop" : 1590913648990,
        "duration" : 0
      }
    }, {
      "uid" : "7cef483241d1985f",
      "status" : "passed",
      "time" : {
        "start" : 1590827311584,
        "stop" : 1590827313150,
        "duration" : 1566
      }
    }, {
      "uid" : "9851241684e5885a",
      "status" : "passed",
      "time" : {
        "start" : 1590740957114,
        "stop" : 1590740958440,
        "duration" : 1326
      }
    }, {
      "uid" : "db1d1967b7e332d3",
      "status" : "broken",
      "statusDetails" : "selenium.common.exceptions.WebDriverException: Message: chrome not reachable\n  (Session info: chrome=81.0.4044.138)",
      "time" : {
        "start" : 1590654797501,
        "stop" : 1590654821573,
        "duration" : 24072
      }
    }, {
      "uid" : "82fceac134db085f",
      "status" : "passed",
      "time" : {
        "start" : 1590568886007,
        "stop" : 1590568887265,
        "duration" : 1258
      }
    }, {
      "uid" : "2d777ef24dedfadc",
      "status" : "passed",
      "time" : {
        "start" : 1590405798458,
        "stop" : 1590405799772,
        "duration" : 1314
      }
    }, {
      "uid" : "5bb41f443263b992",
      "status" : "passed",
      "time" : {
        "start" : 1590404517540,
        "stop" : 1590404518726,
        "duration" : 1186
      }
    }, {
      "uid" : "36f3f63ee9046122",
      "status" : "passed",
      "time" : {
        "start" : 1590404454663,
        "stop" : 1590404456490,
        "duration" : 1827
      }
    }, {
      "uid" : "134a50cd56f9dff",
      "status" : "passed",
      "time" : {
        "start" : 1589610684093,
        "stop" : 1589610685515,
        "duration" : 1422
      }
    }, {
      "uid" : "63489362fb6537c4",
      "status" : "passed",
      "time" : {
        "start" : 1589609690444,
        "stop" : 1589609696397,
        "duration" : 5953
      }
    }, {
      "uid" : "8ae5ed5a9340c136",
      "status" : "passed",
      "time" : {
        "start" : 1589609441383,
        "stop" : 1589609442762,
        "duration" : 1379
      }
    }, {
      "uid" : "9be44beb9a6f755e",
      "status" : "passed",
      "time" : {
        "start" : 1589608985693,
        "stop" : 1589608987520,
        "duration" : 1827
      }
    }, {
      "uid" : "dd54837965d398b8",
      "status" : "broken",
      "statusDetails" : "selenium.common.exceptions.WebDriverException: Message: 'chromedriver.exe' executable needs to be in PATH. Please see https://sites.google.com/a/chromium.org/chromedriver/home",
      "time" : {
        "start" : 1589607870854,
        "stop" : 1589607870854,
        "duration" : 0
      }
    }, {
      "uid" : "8926d5e138d5683a",
      "status" : "passed",
      "time" : {
        "start" : 1589606513756,
        "stop" : 1589606515081,
        "duration" : 1325
      }
    }, {
      "uid" : "bcc959ad44e44241",
      "status" : "passed",
      "time" : {
        "start" : 1589597915080,
        "stop" : 1589597916653,
        "duration" : 1573
      }
    }, {
      "uid" : "a63e250fd3e8025a",
      "status" : "passed",
      "time" : {
        "start" : 1589596703188,
        "stop" : 1589596704343,
        "duration" : 1155
      }
    }, {
      "uid" : "6aa3b152e12a5088",
      "status" : "passed",
      "time" : {
        "start" : 1589534552167,
        "stop" : 1589534553586,
        "duration" : 1419
      }
    }, {
      "uid" : "8f13b6e6db4a33d3",
      "status" : "failed",
      "statusDetails" : "AssertionError",
      "time" : {
        "start" : 1589469167764,
        "stop" : 1589469169433,
        "duration" : 1669
      }
    }, {
      "uid" : "d365a19cddd88bf9",
      "status" : "failed",
      "statusDetails" : "AssertionError",
      "time" : {
        "start" : 1589386799289,
        "stop" : 1589386800350,
        "duration" : 1061
      }
    }, {
      "uid" : "cb5afd73f95cc2aa",
      "status" : "failed",
      "statusDetails" : "AssertionError",
      "time" : {
        "start" : 1589272135300,
        "stop" : 1589272136433,
        "duration" : 1133
      }
    }, {
      "uid" : "e0da36de31d3007b",
      "status" : "failed",
      "statusDetails" : "AssertionError",
      "time" : {
        "start" : 1589258696231,
        "stop" : 1589258697125,
        "duration" : 894
      }
    }, {
      "uid" : "8e85dd28841799d",
      "status" : "failed",
      "statusDetails" : "AssertionError",
      "time" : {
        "start" : 1589258582116,
        "stop" : 1589258583097,
        "duration" : 981
      }
    }, {
      "uid" : "a654b133409f9c8f",
      "status" : "failed",
      "statusDetails" : "AssertionError",
      "time" : {
        "start" : 1589255131162,
        "stop" : 1589255132071,
        "duration" : 909
      }
    }, {
      "uid" : "4c5028f606351eb6",
      "status" : "failed",
      "statusDetails" : "AssertionError",
      "time" : {
        "start" : 1589253215975,
        "stop" : 1589253217117,
        "duration" : 1142
      }
    }, {
      "uid" : "dba145321449c895",
      "status" : "failed",
      "statusDetails" : "AssertionError",
      "time" : {
        "start" : 1589216129025,
        "stop" : 1589216129838,
        "duration" : 813
      }
    }, {
      "uid" : "48ce5984f4f149ea",
      "status" : "failed",
      "statusDetails" : "AssertionError",
      "time" : {
        "start" : 1589207739519,
        "stop" : 1589207740320,
        "duration" : 801
      }
    }, {
      "uid" : "aeca9deffaa3d8a5",
      "status" : "failed",
      "statusDetails" : "AssertionError",
      "time" : {
        "start" : 1589206288861,
        "stop" : 1589206289657,
        "duration" : 796
      }
    }, {
      "uid" : "52e6f883d420c9ef",
      "status" : "failed",
      "statusDetails" : "AssertionError",
      "time" : {
        "start" : 1589205361748,
        "stop" : 1589205362612,
        "duration" : 864
      }
    }, {
      "uid" : "8a8a56c9fcc35194",
      "status" : "failed",
      "statusDetails" : "AssertionError",
      "time" : {
        "start" : 1589203309624,
        "stop" : 1589203310462,
        "duration" : 838
      }
    }, {
      "uid" : "2a11fa2df5261dfe",
      "status" : "failed",
      "statusDetails" : "AssertionError",
      "time" : {
        "start" : 1589163802743,
        "stop" : 1589163803615,
        "duration" : 872
      }
    }, {
      "uid" : "2555edf79a843a02",
      "status" : "failed",
      "statusDetails" : "AssertionError",
      "time" : {
        "start" : 1589113071837,
        "stop" : 1589113072783,
        "duration" : 946
      }
    }, {
      "uid" : "52476b0e8f7f4c9",
      "status" : "failed",
      "statusDetails" : "AssertionError",
      "time" : {
        "start" : 1588853678758,
        "stop" : 1588853679538,
        "duration" : 780
      }
    }, {
      "uid" : "8f23c3e17fa6d724",
      "status" : "failed",
      "statusDetails" : "AssertionError",
      "time" : {
        "start" : 1588852352716,
        "stop" : 1588852353685,
        "duration" : 969
      }
    } ],
    "categories" : [ {
      "name" : "Test defects",
      "matchedStatuses" : [ ],
      "flaky" : false
    } ],
    "history" : {
      "statistic" : {
        "failed" : 19,
        "broken" : 3,
        "skipped" : 0,
        "passed" : 18,
        "unknown" : 0,
        "total" : 40
      },
      "items" : [ {
        "uid" : "314d9b736cd90f8f",
        "reportUrl" : "http://localhost:9090/jenkins/job/MattamyAutomationFramework/58/allure/#testresult/314d9b736cd90f8f",
        "status" : "failed",
        "statusDetails" : "AssertionError",
        "time" : {
          "start" : 1591086914663,
          "stop" : 1591086939662,
          "duration" : 24999
        }
      }, {
        "uid" : "feaa60c0f3e095e3",
        "reportUrl" : "http://localhost:9090/jenkins/job/MattamyAutomationFramework/57/allure/#testresult/feaa60c0f3e095e3",
        "status" : "failed",
        "statusDetails" : "AssertionError",
        "time" : {
          "start" : 1591086914663,
          "stop" : 1591086939662,
          "duration" : 24999
        }
      }, {
        "uid" : "3874e75d1071b2f9",
        "reportUrl" : "http://localhost:9090/jenkins/job/MattamyAutomationFramework/56/allure/#testresult/3874e75d1071b2f9",
        "status" : "failed",
        "statusDetails" : "AssertionError",
        "time" : {
          "start" : 1591086914663,
          "stop" : 1591086939662,
          "duration" : 24999
        }
      }, {
        "uid" : "6cd2f7ec49490564",
        "reportUrl" : "http://localhost:9090/jenkins/job/MattamyAutomationFramework/55/allure/#testresult/6cd2f7ec49490564",
        "status" : "failed",
        "statusDetails" : "AssertionError",
        "time" : {
          "start" : 1591086914663,
          "stop" : 1591086939662,
          "duration" : 24999
        }
      }, {
        "uid" : "57f01166a2b19cc2",
        "reportUrl" : "http://localhost:9090/jenkins/job/MattamyAutomationFramework/54/allure/#testresult/57f01166a2b19cc2",
        "status" : "passed",
        "time" : {
          "start" : 1591000094471,
          "stop" : 1591000095813,
          "duration" : 1342
        }
      }, {
        "uid" : "aac566f77c944d8d",
        "reportUrl" : "http://localhost:9090/jenkins/job/MattamyAutomationFramework/53/allure/#testresult/aac566f77c944d8d",
        "status" : "passed",
        "time" : {
          "start" : 1590998614782,
          "stop" : 1590998615931,
          "duration" : 1149
        }
      }, {
        "uid" : "2147fc1b04d24623",
        "reportUrl" : "http://localhost:9090/jenkins/job/MattamyAutomationFramework/52/allure/#testresult/2147fc1b04d24623",
        "status" : "broken",
        "statusDetails" : "selenium.common.exceptions.SessionNotCreatedException: Message: session not created: This version of ChromeDriver only supports Chrome version 81",
        "time" : {
          "start" : 1590913648990,
          "stop" : 1590913648990,
          "duration" : 0
        }
      }, {
        "uid" : "6351394da2a8884e",
        "reportUrl" : "http://localhost:9090/jenkins/job/MattamyAutomationFramework/51/allure/#testresult/6351394da2a8884e",
        "status" : "passed",
        "time" : {
          "start" : 1590827311584,
          "stop" : 1590827313150,
          "duration" : 1566
        }
      }, {
        "uid" : "3fd72160d47a35b2",
        "reportUrl" : "http://localhost:9090/jenkins/job/MattamyAutomationFramework/50/allure/#testresult/3fd72160d47a35b2",
        "status" : "passed",
        "time" : {
          "start" : 1590740957114,
          "stop" : 1590740958440,
          "duration" : 1326
        }
      }, {
        "uid" : "763ba976a119d266",
        "reportUrl" : "http://localhost:9090/jenkins/job/MattamyAutomationFramework/49/allure/#testresult/763ba976a119d266",
        "status" : "broken",
        "statusDetails" : "selenium.common.exceptions.WebDriverException: Message: chrome not reachable\n  (Session info: chrome=81.0.4044.138)",
        "time" : {
          "start" : 1590654797501,
          "stop" : 1590654821573,
          "duration" : 24072
        }
      }, {
        "uid" : "5b608b192c24874d",
        "reportUrl" : "http://localhost:9090/jenkins/job/MattamyAutomationFramework/48/allure/#testresult/5b608b192c24874d",
        "status" : "passed",
        "time" : {
          "start" : 1590568886007,
          "stop" : 1590568887265,
          "duration" : 1258
        }
      }, {
        "uid" : "17b9e595a22c8d25",
        "reportUrl" : "http://localhost:9090/jenkins/job/MattamyAutomationFramework/47/allure/#testresult/17b9e595a22c8d25",
        "status" : "passed",
        "time" : {
          "start" : 1590405798458,
          "stop" : 1590405799772,
          "duration" : 1314
        }
      }, {
        "uid" : "cccdc65cc94bc096",
        "reportUrl" : "http://localhost:9090/jenkins/job/MattamyAutomationFramework/46/allure/#testresult/cccdc65cc94bc096",
        "status" : "passed",
        "time" : {
          "start" : 1590405798458,
          "stop" : 1590405799772,
          "duration" : 1314
        }
      }, {
        "uid" : "75886467edcb8403",
        "reportUrl" : "http://localhost:9090/jenkins/job/MattamyAutomationFramework/45/allure/#testresult/75886467edcb8403",
        "status" : "passed",
        "time" : {
          "start" : 1590404517540,
          "stop" : 1590404518726,
          "duration" : 1186
        }
      }, {
        "uid" : "cc95e46045b78ec8",
        "reportUrl" : "http://localhost:9090/jenkins/job/MattamyAutomationFramework/43/allure/#testresult/cc95e46045b78ec8",
        "status" : "passed",
        "time" : {
          "start" : 1589610684093,
          "stop" : 1589610685515,
          "duration" : 1422
        }
      }, {
        "uid" : "2f8207fb2954cc77",
        "reportUrl" : "http://localhost:9090/jenkins/job/MattamyAutomationFramework/42/allure/#testresult/2f8207fb2954cc77",
        "status" : "passed",
        "time" : {
          "start" : 1589610684093,
          "stop" : 1589610685515,
          "duration" : 1422
        }
      }, {
        "uid" : "29048dc7ebef4fda",
        "reportUrl" : "http://localhost:9090/jenkins/job/MattamyAutomationFramework/41/allure/#testresult/29048dc7ebef4fda",
        "status" : "passed",
        "time" : {
          "start" : 1589609690444,
          "stop" : 1589609696397,
          "duration" : 5953
        }
      }, {
        "uid" : "8d99bde604dbb061",
        "reportUrl" : "http://localhost:9090/jenkins/job/MattamyAutomationFramework/40/allure/#testresult/8d99bde604dbb061",
        "status" : "passed",
        "time" : {
          "start" : 1589609441383,
          "stop" : 1589609442762,
          "duration" : 1379
        }
      }, {
        "uid" : "73f90a87135a2e76",
        "reportUrl" : "http://localhost:9090/jenkins/job/MattamyAutomationFramework/39/allure/#testresult/73f90a87135a2e76",
        "status" : "passed",
        "time" : {
          "start" : 1589608985693,
          "stop" : 1589608987520,
          "duration" : 1827
        }
      }, {
        "uid" : "802cd02013097581",
        "reportUrl" : "http://localhost:9090/jenkins/job/MattamyAutomationFramework/37/allure/#testresult/802cd02013097581",
        "status" : "passed",
        "time" : {
          "start" : 1589606513756,
          "stop" : 1589606515081,
          "duration" : 1325
        }
      } ]
    },
    "tags" : [ ]
  },
  "source" : "e00a71c7dd40d1cf.json",
  "parameterValues" : [ ]
}