{
  "uid" : "e2f7a9b6022b3c76",
  "name" : "test_termsAndConditionsLink",
  "fullName" : "test_regression_suite.FooterTests#test_termsAndConditionsLink",
  "historyId" : "4ea23e64cc3562a3f3e8a52950e2c5ea",
  "time" : {
    "start" : 1592555717146,
    "stop" : 1592555742046,
    "duration" : 24900
  },
  "status" : "failed",
  "statusMessage" : "AssertionError",
  "statusTrace" : "self = <tests.home.footer_test.FooterTests testMethod=test_termsAndConditionsLink>\n\n    def test_termsAndConditionsLink(self):\n        result = self.fp.getTnCLinkStatus()\n>       self.ts.markFinal(\"test_termsAndConditionsLink\", result, \"Footer_Verified TnC Link\")\n\nhome\\footer_test.py:76: \n_ _ _ _ _ _ _ _ _ _ _ _ _ _ _ _ _ _ _ _ _ _ _ _ _ _ _ _ _ _ _ _ _ _ _ _ _ _ _ _\n\nself = <utilities.casestatus.CaseStatus object at 0x0000022EA2A92D00>\ntestName = 'test_termsAndConditionsLink', result = False\nresultMessage = 'Footer_Verified TnC Link'\n\n    def markFinal(self, testName, result, resultMessage):\n        \"\"\"\n        Mark the final result of verification point in a test case\n        This needs to be called at least once in a test case\n        This should be final test status of the test case\n        \"\"\"\n        self.setResult(result, resultMessage)\n    \n        if \"FAIL\" in self.resultList:\n            self.log.error(testName + \" Test Failed\")\n            self.resultList.clear()\n>           assert True == False\nE           AssertionError\n\n..\\utilities\\casestatus.py:74: AssertionError",
  "flaky" : false,
  "newFailed" : false,
  "beforeStages" : [ {
    "name" : "browser",
    "time" : {
      "start" : 1592555331181,
      "stop" : 1592555331181,
      "duration" : 0
    },
    "status" : "passed",
    "steps" : [ ],
    "attachments" : [ ],
    "parameters" : [ ],
    "stepsCount" : 0,
    "hasContent" : false,
    "attachmentsCount" : 0,
    "shouldDisplayMessage" : false
  }, {
    "name" : "_UnitTestCase__pytest_class_setup",
    "time" : {
      "start" : 1592555331180,
      "stop" : 1592555331181,
      "duration" : 1
    },
    "status" : "passed",
    "steps" : [ ],
    "attachments" : [ ],
    "parameters" : [ ],
    "stepsCount" : 0,
    "hasContent" : false,
    "attachmentsCount" : 0,
    "shouldDisplayMessage" : false
  }, {
    "name" : "classSetUp",
    "time" : {
      "start" : 1592555717145,
      "stop" : 1592555717145,
      "duration" : 0
    },
    "status" : "passed",
    "steps" : [ ],
    "attachments" : [ ],
    "parameters" : [ ],
    "stepsCount" : 0,
    "hasContent" : false,
    "attachmentsCount" : 0,
    "shouldDisplayMessage" : false
  }, {
    "name" : "oneTimeSetUp",
    "time" : {
      "start" : 1592555331182,
      "stop" : 1592555352531,
      "duration" : 21349
    },
    "status" : "passed",
    "steps" : [ ],
    "attachments" : [ ],
    "parameters" : [ ],
    "stepsCount" : 0,
    "hasContent" : false,
    "attachmentsCount" : 0,
    "shouldDisplayMessage" : false
  } ],
  "testStage" : {
    "status" : "failed",
    "statusMessage" : "AssertionError",
    "statusTrace" : "self = <tests.home.footer_test.FooterTests testMethod=test_termsAndConditionsLink>\n\n    def test_termsAndConditionsLink(self):\n        result = self.fp.getTnCLinkStatus()\n>       self.ts.markFinal(\"test_termsAndConditionsLink\", result, \"Footer_Verified TnC Link\")\n\nhome\\footer_test.py:76: \n_ _ _ _ _ _ _ _ _ _ _ _ _ _ _ _ _ _ _ _ _ _ _ _ _ _ _ _ _ _ _ _ _ _ _ _ _ _ _ _\n\nself = <utilities.casestatus.CaseStatus object at 0x0000022EA2A92D00>\ntestName = 'test_termsAndConditionsLink', result = False\nresultMessage = 'Footer_Verified TnC Link'\n\n    def markFinal(self, testName, result, resultMessage):\n        \"\"\"\n        Mark the final result of verification point in a test case\n        This needs to be called at least once in a test case\n        This should be final test status of the test case\n        \"\"\"\n        self.setResult(result, resultMessage)\n    \n        if \"FAIL\" in self.resultList:\n            self.log.error(testName + \" Test Failed\")\n            self.resultList.clear()\n>           assert True == False\nE           AssertionError\n\n..\\utilities\\casestatus.py:74: AssertionError",
    "steps" : [ ],
    "attachments" : [ {
      "uid" : "a8ff52f8e38eb715",
      "name" : "Footer_Verified TnC Link.1592555742044",
      "source" : "a8ff52f8e38eb715.png",
      "type" : "image/png",
      "size" : 4195
    }, {
      "uid" : "f286a9ec3a6cb097",
      "name" : "log",
      "source" : "f286a9ec3a6cb097.txt",
      "type" : "text/plain",
      "size" : 1155
    }, {
      "uid" : "d84154b2dd3511e6",
      "name" : "stdout",
      "source" : "d84154b2dd3511e6.txt",
      "type" : "text/plain",
      "size" : 22
    } ],
    "parameters" : [ ],
    "stepsCount" : 0,
    "hasContent" : true,
    "attachmentsCount" : 3,
    "shouldDisplayMessage" : true
  },
  "afterStages" : [ {
    "name" : "_UnitTestCase__pytest_class_setup::0",
    "time" : {
      "start" : 1592555769100,
      "stop" : 1592555769102,
      "duration" : 2
    },
    "status" : "passed",
    "steps" : [ ],
    "attachments" : [ ],
    "parameters" : [ ],
    "stepsCount" : 0,
    "hasContent" : false,
    "attachmentsCount" : 0,
    "shouldDisplayMessage" : false
  }, {
    "name" : "oneTimeSetUp::0",
    "time" : {
      "start" : 1592555766921,
      "stop" : 1592555769093,
      "duration" : 2172
    },
    "status" : "passed",
    "steps" : [ ],
    "attachments" : [ ],
    "parameters" : [ ],
    "stepsCount" : 0,
    "hasContent" : false,
    "attachmentsCount" : 0,
    "shouldDisplayMessage" : false
  } ],
  "labels" : [ {
    "name" : "suite",
    "value" : "test_regression_suite"
  }, {
    "name" : "subSuite",
    "value" : "FooterTests"
  }, {
    "name" : "host",
    "value" : "EXIPC0154"
  }, {
    "name" : "thread",
    "value" : "2384-MainThread"
  }, {
    "name" : "framework",
    "value" : "pytest"
  }, {
    "name" : "language",
    "value" : "cpython3"
  }, {
    "name" : "package",
    "value" : "test_regression_suite"
  }, {
    "name" : "resultFormat",
    "value" : "allure2"
  } ],
  "parameters" : [ ],
  "links" : [ ],
  "hidden" : false,
  "retry" : false,
  "extra" : {
    "severity" : "normal",
    "retries" : [ {
      "uid" : "450aaf27db68f531",
      "status" : "failed",
      "statusDetails" : "AssertionError",
      "time" : {
        "start" : 1592123715391,
        "stop" : 1592123740238,
        "duration" : 24847
      }
    }, {
      "uid" : "c5926bb57f8e3df8",
      "status" : "failed",
      "statusDetails" : "AssertionError",
      "time" : {
        "start" : 1592046251588,
        "stop" : 1592046276765,
        "duration" : 25177
      }
    }, {
      "uid" : "c56f4e670ad6833b",
      "status" : "failed",
      "statusDetails" : "AssertionError",
      "time" : {
        "start" : 1591950928335,
        "stop" : 1591950953310,
        "duration" : 24975
      }
    }, {
      "uid" : "767d377db60be6f",
      "status" : "failed",
      "statusDetails" : "AssertionError",
      "time" : {
        "start" : 1591865555657,
        "stop" : 1591865580569,
        "duration" : 24912
      }
    }, {
      "uid" : "6ef2f78470a0e6eb",
      "status" : "failed",
      "statusDetails" : "AssertionError",
      "time" : {
        "start" : 1591778416404,
        "stop" : 1591778441268,
        "duration" : 24864
      }
    }, {
      "uid" : "abee13078b984ef9",
      "status" : "failed",
      "statusDetails" : "AssertionError",
      "time" : {
        "start" : 1591691685479,
        "stop" : 1591691710576,
        "duration" : 25097
      }
    }, {
      "uid" : "898e0996d5f2cdbd",
      "status" : "broken",
      "statusDetails" : "selenium.common.exceptions.NoSuchWindowException: Message: no such window: target window already closed\nfrom unknown error: web view not found\n  (Session info: chrome=83.0.4103.61)",
      "time" : {
        "start" : 1591432241511,
        "stop" : 1591432241517,
        "duration" : 6
      }
    }, {
      "uid" : "fbec7dd4a3de15eb",
      "status" : "failed",
      "statusDetails" : "AssertionError",
      "time" : {
        "start" : 1591086939682,
        "stop" : 1591086964600,
        "duration" : 24918
      }
    }, {
      "uid" : "1f1d6f7e0ae4022f",
      "status" : "passed",
      "time" : {
        "start" : 1591000095829,
        "stop" : 1591000096971,
        "duration" : 1142
      }
    }, {
      "uid" : "9284f1a5c2d87187",
      "status" : "passed",
      "time" : {
        "start" : 1590998615943,
        "stop" : 1590998616881,
        "duration" : 938
      }
    }, {
      "uid" : "9ef3047f44b9f8c1",
      "status" : "broken",
      "statusDetails" : "selenium.common.exceptions.SessionNotCreatedException: Message: session not created: This version of ChromeDriver only supports Chrome version 81",
      "time" : {
        "start" : 1590913649202,
        "stop" : 1590913649202,
        "duration" : 0
      }
    }, {
      "uid" : "19d47090ea977363",
      "status" : "passed",
      "time" : {
        "start" : 1590827313161,
        "stop" : 1590827314904,
        "duration" : 1743
      }
    }, {
      "uid" : "a17787dc8a05f53d",
      "status" : "passed",
      "time" : {
        "start" : 1590740958452,
        "stop" : 1590740960367,
        "duration" : 1915
      }
    }, {
      "uid" : "fa77972c5a1486ac",
      "status" : "broken",
      "statusDetails" : "selenium.common.exceptions.WebDriverException: Message: chrome not reachable\n  (Session info: chrome=81.0.4044.138)",
      "time" : {
        "start" : 1590654821746,
        "stop" : 1590654845822,
        "duration" : 24076
      }
    }, {
      "uid" : "76c65846af23ebbd",
      "status" : "passed",
      "time" : {
        "start" : 1590568887276,
        "stop" : 1590568888180,
        "duration" : 904
      }
    }, {
      "uid" : "73928270041b93ad",
      "status" : "passed",
      "time" : {
        "start" : 1590405799796,
        "stop" : 1590405800932,
        "duration" : 1136
      }
    }, {
      "uid" : "181c6751b55e4a24",
      "status" : "passed",
      "time" : {
        "start" : 1590404518740,
        "stop" : 1590404519937,
        "duration" : 1197
      }
    }, {
      "uid" : "d7279b8018290698",
      "status" : "passed",
      "time" : {
        "start" : 1590404456504,
        "stop" : 1590404457876,
        "duration" : 1372
      }
    }, {
      "uid" : "6b0d86eddad913a0",
      "status" : "passed",
      "time" : {
        "start" : 1589610685526,
        "stop" : 1589610687096,
        "duration" : 1570
      }
    }, {
      "uid" : "fdb8850a9a0b29c5",
      "status" : "passed",
      "time" : {
        "start" : 1589609696409,
        "stop" : 1589609698181,
        "duration" : 1772
      }
    }, {
      "uid" : "23fc5adcbf0ea5da",
      "status" : "passed",
      "time" : {
        "start" : 1589609442773,
        "stop" : 1589609443877,
        "duration" : 1104
      }
    }, {
      "uid" : "c6153ae3b0066299",
      "status" : "passed",
      "time" : {
        "start" : 1589608987531,
        "stop" : 1589608988742,
        "duration" : 1211
      }
    }, {
      "uid" : "fad904eded435eb5",
      "status" : "broken",
      "statusDetails" : "selenium.common.exceptions.WebDriverException: Message: 'chromedriver.exe' executable needs to be in PATH. Please see https://sites.google.com/a/chromium.org/chromedriver/home",
      "time" : {
        "start" : 1589607871185,
        "stop" : 1589607871185,
        "duration" : 0
      }
    }, {
      "uid" : "ba2e6d51ab84bcb1",
      "status" : "passed",
      "time" : {
        "start" : 1589606515093,
        "stop" : 1589606516353,
        "duration" : 1260
      }
    }, {
      "uid" : "a1a93a49b3a31021",
      "status" : "passed",
      "time" : {
        "start" : 1589597916664,
        "stop" : 1589597917825,
        "duration" : 1161
      }
    }, {
      "uid" : "5bc7c59d304b082e",
      "status" : "passed",
      "time" : {
        "start" : 1589596704356,
        "stop" : 1589596705769,
        "duration" : 1413
      }
    }, {
      "uid" : "816dff125c389ccc",
      "status" : "passed",
      "time" : {
        "start" : 1589534553598,
        "stop" : 1589534555336,
        "duration" : 1738
      }
    }, {
      "uid" : "e4dd43b02e371b6d",
      "status" : "failed",
      "statusDetails" : "AssertionError",
      "time" : {
        "start" : 1589469169465,
        "stop" : 1589469171084,
        "duration" : 1619
      }
    }, {
      "uid" : "4772b14ffb3eefcc",
      "status" : "failed",
      "statusDetails" : "AssertionError",
      "time" : {
        "start" : 1589386800376,
        "stop" : 1589386801325,
        "duration" : 949
      }
    }, {
      "uid" : "5a51d952dd99464e",
      "status" : "failed",
      "statusDetails" : "AssertionError",
      "time" : {
        "start" : 1589272136460,
        "stop" : 1589272137378,
        "duration" : 918
      }
    }, {
      "uid" : "903c544c86495800",
      "status" : "failed",
      "statusDetails" : "AssertionError",
      "time" : {
        "start" : 1589258697149,
        "stop" : 1589258697977,
        "duration" : 828
      }
    }, {
      "uid" : "5cb44f6aa7f4d53b",
      "status" : "failed",
      "statusDetails" : "AssertionError",
      "time" : {
        "start" : 1589258583119,
        "stop" : 1589258584062,
        "duration" : 943
      }
    }, {
      "uid" : "800471a62e3d014a",
      "status" : "failed",
      "statusDetails" : "AssertionError",
      "time" : {
        "start" : 1589255132097,
        "stop" : 1589255132989,
        "duration" : 892
      }
    }, {
      "uid" : "fdfd3a2f6c2c2696",
      "status" : "failed",
      "statusDetails" : "AssertionError",
      "time" : {
        "start" : 1589253217146,
        "stop" : 1589253218162,
        "duration" : 1016
      }
    }, {
      "uid" : "348431e2de0d01a7",
      "status" : "failed",
      "statusDetails" : "AssertionError",
      "time" : {
        "start" : 1589216129859,
        "stop" : 1589216130639,
        "duration" : 780
      }
    }, {
      "uid" : "3c873cbe41998968",
      "status" : "failed",
      "statusDetails" : "AssertionError",
      "time" : {
        "start" : 1589207740345,
        "stop" : 1589207741295,
        "duration" : 950
      }
    }, {
      "uid" : "82609e73dc8402fc",
      "status" : "failed",
      "statusDetails" : "AssertionError",
      "time" : {
        "start" : 1589206289678,
        "stop" : 1589206290654,
        "duration" : 976
      }
    }, {
      "uid" : "885b101ba37f6135",
      "status" : "failed",
      "statusDetails" : "AssertionError",
      "time" : {
        "start" : 1589205362651,
        "stop" : 1589205363669,
        "duration" : 1018
      }
    }, {
      "uid" : "ee2e33fe374a5f61",
      "status" : "failed",
      "statusDetails" : "AssertionError",
      "time" : {
        "start" : 1589203310487,
        "stop" : 1589203311261,
        "duration" : 774
      }
    }, {
      "uid" : "2ad218286e3cd96d",
      "status" : "failed",
      "statusDetails" : "AssertionError",
      "time" : {
        "start" : 1589163803637,
        "stop" : 1589163804509,
        "duration" : 872
      }
    }, {
      "uid" : "a115649942d5556f",
      "status" : "failed",
      "statusDetails" : "AssertionError",
      "time" : {
        "start" : 1589113072807,
        "stop" : 1589113074341,
        "duration" : 1534
      }
    }, {
      "uid" : "75b262d539c0b287",
      "status" : "failed",
      "statusDetails" : "AssertionError",
      "time" : {
        "start" : 1588853679561,
        "stop" : 1588853680463,
        "duration" : 902
      }
    }, {
      "uid" : "fd5e638e2d1bc1e5",
      "status" : "failed",
      "statusDetails" : "AssertionError",
      "time" : {
        "start" : 1588852353714,
        "stop" : 1588852354698,
        "duration" : 984
      }
    } ],
    "categories" : [ {
      "name" : "Product defects",
      "matchedStatuses" : [ ],
      "flaky" : false
    } ],
    "history" : {
      "statistic" : {
        "failed" : 31,
        "broken" : 5,
        "skipped" : 0,
        "passed" : 18,
        "unknown" : 0,
        "total" : 54
      },
      "items" : [ {
        "uid" : "fe631978c6607e7b",
        "reportUrl" : "http://localhost:9090/jenkins/job/MattamyAutomationFramework/72/allure/#testresult/fe631978c6607e7b",
        "status" : "failed",
        "statusDetails" : "AssertionError",
        "time" : {
          "start" : 1592555717146,
          "stop" : 1592555742046,
          "duration" : 24900
        }
      }, {
        "uid" : "a41e2436cc65e129",
        "reportUrl" : "http://localhost:9090/jenkins/job/MattamyAutomationFramework/71/allure/#testresult/a41e2436cc65e129",
        "status" : "failed",
        "statusDetails" : "AssertionError",
        "time" : {
          "start" : 1592123715391,
          "stop" : 1592123740238,
          "duration" : 24847
        }
      }, {
        "uid" : "ddc92f6ac8cfd06d",
        "reportUrl" : "http://localhost:9090/jenkins/job/MattamyAutomationFramework/70/allure/#testresult/ddc92f6ac8cfd06d",
        "status" : "failed",
        "statusDetails" : "AssertionError",
        "time" : {
          "start" : 1592123715391,
          "stop" : 1592123740238,
          "duration" : 24847
        }
      }, {
        "uid" : "c16047babcb9ab2a",
        "reportUrl" : "http://localhost:9090/jenkins/job/MattamyAutomationFramework/69/allure/#testresult/c16047babcb9ab2a",
        "status" : "failed",
        "statusDetails" : "AssertionError",
        "time" : {
          "start" : 1592123715391,
          "stop" : 1592123740238,
          "duration" : 24847
        }
      }, {
        "uid" : "ce7626f6454187ef",
        "reportUrl" : "http://localhost:9090/jenkins/job/MattamyAutomationFramework/68/allure/#testresult/ce7626f6454187ef",
        "status" : "failed",
        "statusDetails" : "AssertionError",
        "time" : {
          "start" : 1592123715391,
          "stop" : 1592123740238,
          "duration" : 24847
        }
      }, {
        "uid" : "4aa3fed085bfbaab",
        "reportUrl" : "http://localhost:9090/jenkins/job/MattamyAutomationFramework/67/allure/#testresult/4aa3fed085bfbaab",
        "status" : "failed",
        "statusDetails" : "AssertionError",
        "time" : {
          "start" : 1592123715391,
          "stop" : 1592123740238,
          "duration" : 24847
        }
      }, {
        "uid" : "8eedc571f04fc0a6",
        "reportUrl" : "http://localhost:9090/jenkins/job/MattamyAutomationFramework/66/allure/#testresult/8eedc571f04fc0a6",
        "status" : "failed",
        "statusDetails" : "AssertionError",
        "time" : {
          "start" : 1592046251588,
          "stop" : 1592046276765,
          "duration" : 25177
        }
      }, {
        "uid" : "aa165a6490858b32",
        "reportUrl" : "http://localhost:9090/jenkins/job/MattamyAutomationFramework/65/allure/#testresult/aa165a6490858b32",
        "status" : "failed",
        "statusDetails" : "AssertionError",
        "time" : {
          "start" : 1591950928335,
          "stop" : 1591950953310,
          "duration" : 24975
        }
      }, {
        "uid" : "be92a0db35a58613",
        "reportUrl" : "http://localhost:9090/jenkins/job/MattamyAutomationFramework/64/allure/#testresult/be92a0db35a58613",
        "status" : "failed",
        "statusDetails" : "AssertionError",
        "time" : {
          "start" : 1591865555657,
          "stop" : 1591865580569,
          "duration" : 24912
        }
      }, {
        "uid" : "edd49305203dea2a",
        "reportUrl" : "http://localhost:9090/jenkins/job/MattamyAutomationFramework/63/allure/#testresult/edd49305203dea2a",
        "status" : "failed",
        "statusDetails" : "AssertionError",
        "time" : {
          "start" : 1591778416404,
          "stop" : 1591778441268,
          "duration" : 24864
        }
      }, {
        "uid" : "41a02a395600eda5",
        "reportUrl" : "http://localhost:9090/jenkins/job/MattamyAutomationFramework/62/allure/#testresult/41a02a395600eda5",
        "status" : "failed",
        "statusDetails" : "AssertionError",
        "time" : {
          "start" : 1591691685479,
          "stop" : 1591691710576,
          "duration" : 25097
        }
      }, {
        "uid" : "71f36a0f0fbb4284",
        "reportUrl" : "http://localhost:9090/jenkins/job/MattamyAutomationFramework/61/allure/#testresult/71f36a0f0fbb4284",
        "status" : "broken",
        "statusDetails" : "selenium.common.exceptions.NoSuchWindowException: Message: no such window: target window already closed\nfrom unknown error: web view not found\n  (Session info: chrome=83.0.4103.61)",
        "time" : {
          "start" : 1591432241511,
          "stop" : 1591432241517,
          "duration" : 6
        }
      }, {
        "uid" : "d6b898d626d8f835",
        "reportUrl" : "http://localhost:9090/jenkins/job/MattamyAutomationFramework/60/allure/#testresult/d6b898d626d8f835",
        "status" : "broken",
        "statusDetails" : "selenium.common.exceptions.NoSuchWindowException: Message: no such window: target window already closed\nfrom unknown error: web view not found\n  (Session info: chrome=83.0.4103.61)",
        "time" : {
          "start" : 1591432241511,
          "stop" : 1591432241517,
          "duration" : 6
        }
      }, {
        "uid" : "4293651bebaef24e",
        "reportUrl" : "http://localhost:9090/jenkins/job/MattamyAutomationFramework/59/allure/#testresult/4293651bebaef24e",
        "status" : "broken",
        "statusDetails" : "selenium.common.exceptions.NoSuchWindowException: Message: no such window: target window already closed\nfrom unknown error: web view not found\n  (Session info: chrome=83.0.4103.61)",
        "time" : {
          "start" : 1591432241511,
          "stop" : 1591432241517,
          "duration" : 6
        }
      }, {
        "uid" : "cfd0440e3d369c54",
        "reportUrl" : "http://localhost:9090/jenkins/job/MattamyAutomationFramework/58/allure/#testresult/cfd0440e3d369c54",
        "status" : "failed",
        "statusDetails" : "AssertionError",
        "time" : {
          "start" : 1591086939682,
          "stop" : 1591086964600,
          "duration" : 24918
        }
      }, {
        "uid" : "354842107c23dc9e",
        "reportUrl" : "http://localhost:9090/jenkins/job/MattamyAutomationFramework/57/allure/#testresult/354842107c23dc9e",
        "status" : "failed",
        "statusDetails" : "AssertionError",
        "time" : {
          "start" : 1591086939682,
          "stop" : 1591086964600,
          "duration" : 24918
        }
      }, {
        "uid" : "b4609ad2a6443216",
        "reportUrl" : "http://localhost:9090/jenkins/job/MattamyAutomationFramework/56/allure/#testresult/b4609ad2a6443216",
        "status" : "failed",
        "statusDetails" : "AssertionError",
        "time" : {
          "start" : 1591086939682,
          "stop" : 1591086964600,
          "duration" : 24918
        }
      }, {
        "uid" : "c2cce5e6745d6854",
        "reportUrl" : "http://localhost:9090/jenkins/job/MattamyAutomationFramework/55/allure/#testresult/c2cce5e6745d6854",
        "status" : "failed",
        "statusDetails" : "AssertionError",
        "time" : {
          "start" : 1591086939682,
          "stop" : 1591086964600,
          "duration" : 24918
        }
      }, {
        "uid" : "ad9984b117b9288e",
        "reportUrl" : "http://localhost:9090/jenkins/job/MattamyAutomationFramework/54/allure/#testresult/ad9984b117b9288e",
        "status" : "passed",
        "time" : {
          "start" : 1591000095829,
          "stop" : 1591000096971,
          "duration" : 1142
        }
      }, {
        "uid" : "59a698772bf5a272",
        "reportUrl" : "http://localhost:9090/jenkins/job/MattamyAutomationFramework/53/allure/#testresult/59a698772bf5a272",
        "status" : "passed",
        "time" : {
          "start" : 1590998615943,
          "stop" : 1590998616881,
          "duration" : 938
        }
      } ]
    },
    "tags" : [ ]
  },
  "source" : "e2f7a9b6022b3c76.json",
  "parameterValues" : [ ]
}