{
  "uid" : "ecf744256f1a27a8",
  "name" : "test_facebookSocialIcon",
  "fullName" : "test_regression_suite.FooterTests#test_facebookSocialIcon",
  "historyId" : "64dc7112db97bf8d9db493124e3c32aa",
  "time" : {
    "start" : 1592123473638,
    "stop" : 1592123496082,
    "duration" : 22444
  },
  "status" : "failed",
  "statusMessage" : "AssertionError",
  "statusTrace" : "self = <tests.home.footer_test.FooterTests testMethod=test_facebookSocialIcon>\n\n    def test_facebookSocialIcon(self):\n        result = self.fp.getFacebookIconStatus()\n>       self.ts.markFinal(\"test_facebookSocialIcon\", result, \"Footer_Verified Facebook Social Icon\")\n\nhome\\footer_test.py:20: \n_ _ _ _ _ _ _ _ _ _ _ _ _ _ _ _ _ _ _ _ _ _ _ _ _ _ _ _ _ _ _ _ _ _ _ _ _ _ _ _\n\nself = <utilities.casestatus.CaseStatus object at 0x000001FFB8E9A910>\ntestName = 'test_facebookSocialIcon', result = False\nresultMessage = 'Footer_Verified Facebook Social Icon'\n\n    def markFinal(self, testName, result, resultMessage):\n        \"\"\"\n        Mark the final result of verification point in a test case\n        This needs to be called at least once in a test case\n        This should be final test status of the test case\n        \"\"\"\n        self.setResult(result, resultMessage)\n    \n        if \"FAIL\" in self.resultList:\n            self.log.error(testName + \" Test Failed\")\n            self.resultList.clear()\n>           assert True == False\nE           AssertionError\n\n..\\utilities\\casestatus.py:74: AssertionError",
  "flaky" : true,
  "newFailed" : false,
  "beforeStages" : [ {
    "name" : "oneTimeSetUp",
    "time" : {
      "start" : 1592123322823,
      "stop" : 1592123361167,
      "duration" : 38344
    },
    "status" : "passed",
    "steps" : [ ],
    "attachments" : [ ],
    "parameters" : [ ],
    "attachmentsCount" : 0,
    "shouldDisplayMessage" : false,
    "hasContent" : false,
    "stepsCount" : 0
  }, {
    "name" : "classSetUp",
    "time" : {
      "start" : 1592123473638,
      "stop" : 1592123473638,
      "duration" : 0
    },
    "status" : "passed",
    "steps" : [ ],
    "attachments" : [ ],
    "parameters" : [ ],
    "attachmentsCount" : 0,
    "shouldDisplayMessage" : false,
    "hasContent" : false,
    "stepsCount" : 0
  }, {
    "name" : "browser",
    "time" : {
      "start" : 1592123322823,
      "stop" : 1592123322823,
      "duration" : 0
    },
    "status" : "passed",
    "steps" : [ ],
    "attachments" : [ ],
    "parameters" : [ ],
    "attachmentsCount" : 0,
    "shouldDisplayMessage" : false,
    "hasContent" : false,
    "stepsCount" : 0
  }, {
    "name" : "_UnitTestCase__pytest_class_setup",
    "time" : {
      "start" : 1592123322822,
      "stop" : 1592123322822,
      "duration" : 0
    },
    "status" : "passed",
    "steps" : [ ],
    "attachments" : [ ],
    "parameters" : [ ],
    "attachmentsCount" : 0,
    "shouldDisplayMessage" : false,
    "hasContent" : false,
    "stepsCount" : 0
  } ],
  "testStage" : {
    "status" : "failed",
    "statusMessage" : "AssertionError",
    "statusTrace" : "self = <tests.home.footer_test.FooterTests testMethod=test_facebookSocialIcon>\n\n    def test_facebookSocialIcon(self):\n        result = self.fp.getFacebookIconStatus()\n>       self.ts.markFinal(\"test_facebookSocialIcon\", result, \"Footer_Verified Facebook Social Icon\")\n\nhome\\footer_test.py:20: \n_ _ _ _ _ _ _ _ _ _ _ _ _ _ _ _ _ _ _ _ _ _ _ _ _ _ _ _ _ _ _ _ _ _ _ _ _ _ _ _\n\nself = <utilities.casestatus.CaseStatus object at 0x000001FFB8E9A910>\ntestName = 'test_facebookSocialIcon', result = False\nresultMessage = 'Footer_Verified Facebook Social Icon'\n\n    def markFinal(self, testName, result, resultMessage):\n        \"\"\"\n        Mark the final result of verification point in a test case\n        This needs to be called at least once in a test case\n        This should be final test status of the test case\n        \"\"\"\n        self.setResult(result, resultMessage)\n    \n        if \"FAIL\" in self.resultList:\n            self.log.error(testName + \" Test Failed\")\n            self.resultList.clear()\n>           assert True == False\nE           AssertionError\n\n..\\utilities\\casestatus.py:74: AssertionError",
    "steps" : [ ],
    "attachments" : [ {
      "uid" : "85fd38b7d4073d9b",
      "name" : "Footer_Verified Facebook Social Icon.1592123496079",
      "source" : "85fd38b7d4073d9b.png",
      "type" : "image/png",
      "size" : 506718
    }, {
      "uid" : "83097f756926732e",
      "name" : "log",
      "source" : "83097f756926732e.txt",
      "type" : "text/plain",
      "size" : 1189
    }, {
      "uid" : "10d823e46619882b",
      "name" : "stdout",
      "source" : "10d823e46619882b.txt",
      "type" : "text/plain",
      "size" : 22
    } ],
    "parameters" : [ ],
    "attachmentsCount" : 3,
    "shouldDisplayMessage" : true,
    "hasContent" : true,
    "stepsCount" : 0
  },
  "afterStages" : [ {
    "name" : "oneTimeSetUp::0",
    "time" : {
      "start" : 1592123765179,
      "stop" : 1592123767438,
      "duration" : 2259
    },
    "status" : "passed",
    "steps" : [ ],
    "attachments" : [ ],
    "parameters" : [ ],
    "attachmentsCount" : 0,
    "shouldDisplayMessage" : false,
    "hasContent" : false,
    "stepsCount" : 0
  }, {
    "name" : "_UnitTestCase__pytest_class_setup::0",
    "time" : {
      "start" : 1592123767452,
      "stop" : 1592123767453,
      "duration" : 1
    },
    "status" : "passed",
    "steps" : [ ],
    "attachments" : [ ],
    "parameters" : [ ],
    "attachmentsCount" : 0,
    "shouldDisplayMessage" : false,
    "hasContent" : false,
    "stepsCount" : 0
  } ],
  "labels" : [ {
    "name" : "suite",
    "value" : "test_regression_suite"
  }, {
    "name" : "subSuite",
    "value" : "FooterTests"
  }, {
    "name" : "host",
    "value" : "EXIPC0154"
  }, {
    "name" : "thread",
    "value" : "7728-MainThread"
  }, {
    "name" : "framework",
    "value" : "pytest"
  }, {
    "name" : "language",
    "value" : "cpython3"
  }, {
    "name" : "package",
    "value" : "test_regression_suite"
  }, {
    "name" : "resultFormat",
    "value" : "allure2"
  } ],
  "parameters" : [ ],
  "links" : [ ],
  "hidden" : false,
  "retry" : false,
  "extra" : {
    "severity" : "normal",
    "retries" : [ {
      "uid" : "5df5fe5f07526ee4",
      "status" : "failed",
      "statusDetails" : "AssertionError",
      "time" : {
        "start" : 1592046007811,
        "stop" : 1592046030650,
        "duration" : 22839
      }
    }, {
      "uid" : "b873c7bd503d0867",
      "status" : "failed",
      "statusDetails" : "AssertionError",
      "time" : {
        "start" : 1591950684049,
        "stop" : 1591950707208,
        "duration" : 23159
      }
    }, {
      "uid" : "200d11202f198ba0",
      "status" : "failed",
      "statusDetails" : "AssertionError",
      "time" : {
        "start" : 1591865313832,
        "stop" : 1591865336275,
        "duration" : 22443
      }
    }, {
      "uid" : "1266f55e34613693",
      "status" : "passed",
      "time" : {
        "start" : 1591778271843,
        "stop" : 1591778280429,
        "duration" : 8586
      }
    }, {
      "uid" : "3f74953601d06ebe",
      "status" : "failed",
      "statusDetails" : "AssertionError",
      "time" : {
        "start" : 1591691438781,
        "stop" : 1591691462416,
        "duration" : 23635
      }
    }, {
      "uid" : "2115912dbf2f0d59",
      "status" : "broken",
      "statusDetails" : "selenium.common.exceptions.NoSuchWindowException: Message: no such window: target window already closed\nfrom unknown error: web view not found\n  (Session info: chrome=83.0.4103.61)",
      "time" : {
        "start" : 1591432240367,
        "stop" : 1591432240372,
        "duration" : 5
      }
    }, {
      "uid" : "d9807363dd644a2b",
      "status" : "failed",
      "statusDetails" : "AssertionError",
      "time" : {
        "start" : 1591086694334,
        "stop" : 1591086718042,
        "duration" : 23708
      }
    }, {
      "uid" : "7a60b8a6c697a59a",
      "status" : "passed",
      "time" : {
        "start" : 1591000070717,
        "stop" : 1591000071908,
        "duration" : 1191
      }
    }, {
      "uid" : "b7fcd4d83ade259d",
      "status" : "passed",
      "time" : {
        "start" : 1590998595018,
        "stop" : 1590998596561,
        "duration" : 1543
      }
    }, {
      "uid" : "7c19f9102fb7e1e1",
      "status" : "broken",
      "statusDetails" : "selenium.common.exceptions.SessionNotCreatedException: Message: session not created: This version of ChromeDriver only supports Chrome version 81",
      "time" : {
        "start" : 1590913647416,
        "stop" : 1590913647416,
        "duration" : 0
      }
    }, {
      "uid" : "e57be8c55bb00da",
      "status" : "passed",
      "time" : {
        "start" : 1590827285709,
        "stop" : 1590827287854,
        "duration" : 2145
      }
    }, {
      "uid" : "f89b4583ca01aa4b",
      "status" : "passed",
      "time" : {
        "start" : 1590740926456,
        "stop" : 1590740928670,
        "duration" : 2214
      }
    }, {
      "uid" : "de43f9709cd66c3a",
      "status" : "broken",
      "statusDetails" : "selenium.common.exceptions.WebDriverException: Message: chrome not reachable\n  (Session info: chrome=81.0.4044.138)",
      "time" : {
        "start" : 1590654579547,
        "stop" : 1590654603607,
        "duration" : 24060
      }
    }, {
      "uid" : "6cd8112da673eca3",
      "status" : "passed",
      "time" : {
        "start" : 1590568864775,
        "stop" : 1590568866628,
        "duration" : 1853
      }
    }, {
      "uid" : "c2e96e08172f5d88",
      "status" : "passed",
      "time" : {
        "start" : 1590405779679,
        "stop" : 1590405781067,
        "duration" : 1388
      }
    }, {
      "uid" : "136ac97c90bc34b5",
      "status" : "passed",
      "time" : {
        "start" : 1590404489317,
        "stop" : 1590404491846,
        "duration" : 2529
      }
    }, {
      "uid" : "8c30855e27a6a5b9",
      "status" : "passed",
      "time" : {
        "start" : 1590404426602,
        "stop" : 1590404428752,
        "duration" : 2150
      }
    }, {
      "uid" : "d856888520ddffc0",
      "status" : "passed",
      "time" : {
        "start" : 1589610657882,
        "stop" : 1589610659523,
        "duration" : 1641
      }
    }, {
      "uid" : "8b51b5da8353cb24",
      "status" : "passed",
      "time" : {
        "start" : 1589609666281,
        "stop" : 1589609667579,
        "duration" : 1298
      }
    }, {
      "uid" : "aa3294b985f8db1e",
      "status" : "passed",
      "time" : {
        "start" : 1589609416050,
        "stop" : 1589609417314,
        "duration" : 1264
      }
    }, {
      "uid" : "5b50c4d9b77eebeb",
      "status" : "passed",
      "time" : {
        "start" : 1589608955339,
        "stop" : 1589608957169,
        "duration" : 1830
      }
    }, {
      "uid" : "712f562ae802e699",
      "status" : "broken",
      "statusDetails" : "selenium.common.exceptions.WebDriverException: Message: 'chromedriver.exe' executable needs to be in PATH. Please see https://sites.google.com/a/chromium.org/chromedriver/home",
      "time" : {
        "start" : 1589607867420,
        "stop" : 1589607867420,
        "duration" : 0
      }
    }, {
      "uid" : "753acf691061ccb4",
      "status" : "passed",
      "time" : {
        "start" : 1589606491820,
        "stop" : 1589606493238,
        "duration" : 1418
      }
    }, {
      "uid" : "e446035b61b68e23",
      "status" : "passed",
      "time" : {
        "start" : 1589597891002,
        "stop" : 1589597892702,
        "duration" : 1700
      }
    }, {
      "uid" : "3f5426b575aa43b3",
      "status" : "passed",
      "time" : {
        "start" : 1589596675982,
        "stop" : 1589596678920,
        "duration" : 2938
      }
    }, {
      "uid" : "f444e03d6d574b27",
      "status" : "passed",
      "time" : {
        "start" : 1589534498767,
        "stop" : 1589534504582,
        "duration" : 5815
      }
    }, {
      "uid" : "b6f566d4a7980900",
      "status" : "passed",
      "time" : {
        "start" : 1589469138949,
        "stop" : 1589469140509,
        "duration" : 1560
      }
    }, {
      "uid" : "7e16df0dca768587",
      "status" : "passed",
      "time" : {
        "start" : 1589386779195,
        "stop" : 1589386780400,
        "duration" : 1205
      }
    }, {
      "uid" : "92e6c61d2b0a10f7",
      "status" : "passed",
      "time" : {
        "start" : 1589272046754,
        "stop" : 1589272052578,
        "duration" : 5824
      }
    }, {
      "uid" : "47ca87984bfc2006",
      "status" : "passed",
      "time" : {
        "start" : 1589258675075,
        "stop" : 1589258676677,
        "duration" : 1602
      }
    }, {
      "uid" : "322d62b0ee70d322",
      "status" : "passed",
      "time" : {
        "start" : 1589258563230,
        "stop" : 1589258564829,
        "duration" : 1599
      }
    }, {
      "uid" : "1c3b9d5000cbd90a",
      "status" : "passed",
      "time" : {
        "start" : 1589255116955,
        "stop" : 1589255118600,
        "duration" : 1645
      }
    }, {
      "uid" : "762e1359c677f4da",
      "status" : "passed",
      "time" : {
        "start" : 1589253201710,
        "stop" : 1589253203280,
        "duration" : 1570
      }
    }, {
      "uid" : "d6e13889683e4caa",
      "status" : "passed",
      "time" : {
        "start" : 1589216116376,
        "stop" : 1589216117805,
        "duration" : 1429
      }
    }, {
      "uid" : "6fa021a7c8682114",
      "status" : "passed",
      "time" : {
        "start" : 1589207721537,
        "stop" : 1589207723633,
        "duration" : 2096
      }
    }, {
      "uid" : "d20d2eb74fdb9a56",
      "status" : "passed",
      "time" : {
        "start" : 1589206270389,
        "stop" : 1589206272597,
        "duration" : 2208
      }
    }, {
      "uid" : "f3842af4cca2b8e3",
      "status" : "passed",
      "time" : {
        "start" : 1589205346421,
        "stop" : 1589205347768,
        "duration" : 1347
      }
    }, {
      "uid" : "6ddd47785eb7130e",
      "status" : "passed",
      "time" : {
        "start" : 1589203295494,
        "stop" : 1589203297496,
        "duration" : 2002
      }
    }, {
      "uid" : "fa4ed60a50c284d7",
      "status" : "passed",
      "time" : {
        "start" : 1589163788393,
        "stop" : 1589163790042,
        "duration" : 1649
      }
    }, {
      "uid" : "c623b4bb370b918e",
      "status" : "passed",
      "time" : {
        "start" : 1589113055758,
        "stop" : 1589113057525,
        "duration" : 1767
      }
    }, {
      "uid" : "aa36d15cc2a4233d",
      "status" : "passed",
      "time" : {
        "start" : 1588853653389,
        "stop" : 1588853660534,
        "duration" : 7145
      }
    }, {
      "uid" : "ec5fecce8aac98bf",
      "status" : "passed",
      "time" : {
        "start" : 1588852333995,
        "stop" : 1588852335328,
        "duration" : 1333
      }
    } ],
    "categories" : [ {
      "name" : "Product defects",
      "matchedStatuses" : [ ],
      "flaky" : false
    } ],
    "history" : {
      "statistic" : {
        "failed" : 9,
        "broken" : 5,
        "skipped" : 0,
        "passed" : 34,
        "unknown" : 0,
        "total" : 48
      },
      "items" : [ {
        "uid" : "401d89f81070c9e4",
        "reportUrl" : "http://localhost:9090/jenkins/job/MattamyAutomationFramework/66/allure/#testresult/401d89f81070c9e4",
        "status" : "failed",
        "statusDetails" : "AssertionError",
        "time" : {
          "start" : 1592046007811,
          "stop" : 1592046030650,
          "duration" : 22839
        }
      }, {
        "uid" : "d02d0a9ead28805c",
        "reportUrl" : "http://localhost:9090/jenkins/job/MattamyAutomationFramework/65/allure/#testresult/d02d0a9ead28805c",
        "status" : "failed",
        "statusDetails" : "AssertionError",
        "time" : {
          "start" : 1591950684049,
          "stop" : 1591950707208,
          "duration" : 23159
        }
      }, {
        "uid" : "8323a9c6795038a4",
        "reportUrl" : "http://localhost:9090/jenkins/job/MattamyAutomationFramework/64/allure/#testresult/8323a9c6795038a4",
        "status" : "failed",
        "statusDetails" : "AssertionError",
        "time" : {
          "start" : 1591865313832,
          "stop" : 1591865336275,
          "duration" : 22443
        }
      }, {
        "uid" : "9a92e68952320568",
        "reportUrl" : "http://localhost:9090/jenkins/job/MattamyAutomationFramework/63/allure/#testresult/9a92e68952320568",
        "status" : "passed",
        "time" : {
          "start" : 1591778271843,
          "stop" : 1591778280429,
          "duration" : 8586
        }
      }, {
        "uid" : "22fac1520da99f2d",
        "reportUrl" : "http://localhost:9090/jenkins/job/MattamyAutomationFramework/62/allure/#testresult/22fac1520da99f2d",
        "status" : "failed",
        "statusDetails" : "AssertionError",
        "time" : {
          "start" : 1591691438781,
          "stop" : 1591691462416,
          "duration" : 23635
        }
      }, {
        "uid" : "c253af4d4d71cd03",
        "reportUrl" : "http://localhost:9090/jenkins/job/MattamyAutomationFramework/61/allure/#testresult/c253af4d4d71cd03",
        "status" : "broken",
        "statusDetails" : "selenium.common.exceptions.NoSuchWindowException: Message: no such window: target window already closed\nfrom unknown error: web view not found\n  (Session info: chrome=83.0.4103.61)",
        "time" : {
          "start" : 1591432240367,
          "stop" : 1591432240372,
          "duration" : 5
        }
      }, {
        "uid" : "8f2c182894f824b4",
        "reportUrl" : "http://localhost:9090/jenkins/job/MattamyAutomationFramework/60/allure/#testresult/8f2c182894f824b4",
        "status" : "broken",
        "statusDetails" : "selenium.common.exceptions.NoSuchWindowException: Message: no such window: target window already closed\nfrom unknown error: web view not found\n  (Session info: chrome=83.0.4103.61)",
        "time" : {
          "start" : 1591432240367,
          "stop" : 1591432240372,
          "duration" : 5
        }
      }, {
        "uid" : "c7131f6669fd2e5a",
        "reportUrl" : "http://localhost:9090/jenkins/job/MattamyAutomationFramework/59/allure/#testresult/c7131f6669fd2e5a",
        "status" : "broken",
        "statusDetails" : "selenium.common.exceptions.NoSuchWindowException: Message: no such window: target window already closed\nfrom unknown error: web view not found\n  (Session info: chrome=83.0.4103.61)",
        "time" : {
          "start" : 1591432240367,
          "stop" : 1591432240372,
          "duration" : 5
        }
      }, {
        "uid" : "a2967b4faef64853",
        "reportUrl" : "http://localhost:9090/jenkins/job/MattamyAutomationFramework/58/allure/#testresult/a2967b4faef64853",
        "status" : "failed",
        "statusDetails" : "AssertionError",
        "time" : {
          "start" : 1591086694334,
          "stop" : 1591086718042,
          "duration" : 23708
        }
      }, {
        "uid" : "585df1437e44902",
        "reportUrl" : "http://localhost:9090/jenkins/job/MattamyAutomationFramework/57/allure/#testresult/585df1437e44902",
        "status" : "failed",
        "statusDetails" : "AssertionError",
        "time" : {
          "start" : 1591086694334,
          "stop" : 1591086718042,
          "duration" : 23708
        }
      }, {
        "uid" : "f9ad977bbb012d82",
        "reportUrl" : "http://localhost:9090/jenkins/job/MattamyAutomationFramework/56/allure/#testresult/f9ad977bbb012d82",
        "status" : "failed",
        "statusDetails" : "AssertionError",
        "time" : {
          "start" : 1591086694334,
          "stop" : 1591086718042,
          "duration" : 23708
        }
      }, {
        "uid" : "c757e8077dcc3e62",
        "reportUrl" : "http://localhost:9090/jenkins/job/MattamyAutomationFramework/55/allure/#testresult/c757e8077dcc3e62",
        "status" : "failed",
        "statusDetails" : "AssertionError",
        "time" : {
          "start" : 1591086694334,
          "stop" : 1591086718042,
          "duration" : 23708
        }
      }, {
        "uid" : "e3aadee87ce49c46",
        "reportUrl" : "http://localhost:9090/jenkins/job/MattamyAutomationFramework/54/allure/#testresult/e3aadee87ce49c46",
        "status" : "passed",
        "time" : {
          "start" : 1591000070717,
          "stop" : 1591000071908,
          "duration" : 1191
        }
      }, {
        "uid" : "b3dcee70941081c4",
        "reportUrl" : "http://localhost:9090/jenkins/job/MattamyAutomationFramework/53/allure/#testresult/b3dcee70941081c4",
        "status" : "passed",
        "time" : {
          "start" : 1590998595018,
          "stop" : 1590998596561,
          "duration" : 1543
        }
      }, {
        "uid" : "eb1a0c14dfbb06c4",
        "reportUrl" : "http://localhost:9090/jenkins/job/MattamyAutomationFramework/52/allure/#testresult/eb1a0c14dfbb06c4",
        "status" : "broken",
        "statusDetails" : "selenium.common.exceptions.SessionNotCreatedException: Message: session not created: This version of ChromeDriver only supports Chrome version 81",
        "time" : {
          "start" : 1590913647416,
          "stop" : 1590913647416,
          "duration" : 0
        }
      }, {
        "uid" : "5f8e178a474b1fbe",
        "reportUrl" : "http://localhost:9090/jenkins/job/MattamyAutomationFramework/51/allure/#testresult/5f8e178a474b1fbe",
        "status" : "passed",
        "time" : {
          "start" : 1590827285709,
          "stop" : 1590827287854,
          "duration" : 2145
        }
      }, {
        "uid" : "bdabd20e8d0ac3b",
        "reportUrl" : "http://localhost:9090/jenkins/job/MattamyAutomationFramework/50/allure/#testresult/bdabd20e8d0ac3b",
        "status" : "passed",
        "time" : {
          "start" : 1590740926456,
          "stop" : 1590740928670,
          "duration" : 2214
        }
      }, {
        "uid" : "11df18fdf98f3456",
        "reportUrl" : "http://localhost:9090/jenkins/job/MattamyAutomationFramework/49/allure/#testresult/11df18fdf98f3456",
        "status" : "broken",
        "statusDetails" : "selenium.common.exceptions.WebDriverException: Message: chrome not reachable\n  (Session info: chrome=81.0.4044.138)",
        "time" : {
          "start" : 1590654579547,
          "stop" : 1590654603607,
          "duration" : 24060
        }
      }, {
        "uid" : "b47d24ad74372624",
        "reportUrl" : "http://localhost:9090/jenkins/job/MattamyAutomationFramework/48/allure/#testresult/b47d24ad74372624",
        "status" : "passed",
        "time" : {
          "start" : 1590568864775,
          "stop" : 1590568866628,
          "duration" : 1853
        }
      }, {
        "uid" : "38736bac400a4e81",
        "reportUrl" : "http://localhost:9090/jenkins/job/MattamyAutomationFramework/47/allure/#testresult/38736bac400a4e81",
        "status" : "passed",
        "time" : {
          "start" : 1590405779679,
          "stop" : 1590405781067,
          "duration" : 1388
        }
      } ]
    },
    "tags" : [ ]
  },
  "source" : "ecf744256f1a27a8.json",
  "parameterValues" : [ ]
}