{
  "uid" : "f5bf3e390f4ab26d",
  "name" : "test_FindYourDreamHomeDropdownExist",
  "fullName" : "test_regression_suite.HeaderTests#test_FindYourDreamHomeDropdownExist",
  "historyId" : "64d2000b8f36f3b9c6b50c30a5af008a",
  "time" : {
    "start" : 1593967942136,
    "stop" : 1593967979630,
    "duration" : 37494
  },
  "status" : "failed",
  "statusMessage" : "AssertionError",
  "statusTrace" : "self = <tests.home.header_test.HeaderTests testMethod=test_FindYourDreamHomeDropdownExist>\n\n    def test_FindYourDreamHomeDropdownExist(self):\n        result = self.hp.verifyFYDHElement()\n        self.hp.clickFindYourDreamHome()\n>       self.ts.markFinal(\"test_FindYourDreamHomeDropdownExist\", result,\n                          \"Verify that element exist under 'Find Your Dream Home' dropdown executed\")\n\nhome\\header_test.py:29: \n_ _ _ _ _ _ _ _ _ _ _ _ _ _ _ _ _ _ _ _ _ _ _ _ _ _ _ _ _ _ _ _ _ _ _ _ _ _ _ _\n\nself = <utilities.casestatus.CaseStatus object at 0x000001FF9A8D7A30>\ntestName = 'test_FindYourDreamHomeDropdownExist', result = False\nresultMessage = \"Verify that element exist under 'Find Your Dream Home' dropdown executed\"\n\n    def markFinal(self, testName, result, resultMessage):\n        \"\"\"\n        Mark the final result of verification point in a test case\n        This needs to be called at least once in a test case\n        This should be final test status of the test case\n        \"\"\"\n        self.setResult(result, resultMessage)\n    \n        if \"FAIL\" in self.resultList:\n            self.log.error(testName + \" Test Failed\")\n            self.resultList.clear()\n>           assert True == False\nE           AssertionError\n\n..\\utilities\\casestatus.py:74: AssertionError",
  "flaky" : false,
  "newFailed" : false,
  "beforeStages" : [ {
    "name" : "classSetUp",
    "time" : {
      "start" : 1593967942134,
      "stop" : 1593967942134,
      "duration" : 0
    },
    "status" : "passed",
    "steps" : [ ],
    "attachments" : [ ],
    "parameters" : [ ],
    "attachmentsCount" : 0,
    "shouldDisplayMessage" : false,
    "hasContent" : false,
    "stepsCount" : 0
  }, {
    "name" : "browser",
    "time" : {
      "start" : 1593967915308,
      "stop" : 1593967915308,
      "duration" : 0
    },
    "status" : "passed",
    "steps" : [ ],
    "attachments" : [ ],
    "parameters" : [ ],
    "attachmentsCount" : 0,
    "shouldDisplayMessage" : false,
    "hasContent" : false,
    "stepsCount" : 0
  }, {
    "name" : "oneTimeSetUp",
    "time" : {
      "start" : 1593967915309,
      "stop" : 1593967942134,
      "duration" : 26825
    },
    "status" : "passed",
    "steps" : [ ],
    "attachments" : [ ],
    "parameters" : [ ],
    "attachmentsCount" : 0,
    "shouldDisplayMessage" : false,
    "hasContent" : false,
    "stepsCount" : 0
  }, {
    "name" : "_UnitTestCase__pytest_class_setup",
    "time" : {
      "start" : 1593967915308,
      "stop" : 1593967915308,
      "duration" : 0
    },
    "status" : "passed",
    "steps" : [ ],
    "attachments" : [ ],
    "parameters" : [ ],
    "attachmentsCount" : 0,
    "shouldDisplayMessage" : false,
    "hasContent" : false,
    "stepsCount" : 0
  } ],
  "testStage" : {
    "status" : "failed",
    "statusMessage" : "AssertionError",
    "statusTrace" : "self = <tests.home.header_test.HeaderTests testMethod=test_FindYourDreamHomeDropdownExist>\n\n    def test_FindYourDreamHomeDropdownExist(self):\n        result = self.hp.verifyFYDHElement()\n        self.hp.clickFindYourDreamHome()\n>       self.ts.markFinal(\"test_FindYourDreamHomeDropdownExist\", result,\n                          \"Verify that element exist under 'Find Your Dream Home' dropdown executed\")\n\nhome\\header_test.py:29: \n_ _ _ _ _ _ _ _ _ _ _ _ _ _ _ _ _ _ _ _ _ _ _ _ _ _ _ _ _ _ _ _ _ _ _ _ _ _ _ _\n\nself = <utilities.casestatus.CaseStatus object at 0x000001FF9A8D7A30>\ntestName = 'test_FindYourDreamHomeDropdownExist', result = False\nresultMessage = \"Verify that element exist under 'Find Your Dream Home' dropdown executed\"\n\n    def markFinal(self, testName, result, resultMessage):\n        \"\"\"\n        Mark the final result of verification point in a test case\n        This needs to be called at least once in a test case\n        This should be final test status of the test case\n        \"\"\"\n        self.setResult(result, resultMessage)\n    \n        if \"FAIL\" in self.resultList:\n            self.log.error(testName + \" Test Failed\")\n            self.resultList.clear()\n>           assert True == False\nE           AssertionError\n\n..\\utilities\\casestatus.py:74: AssertionError",
    "steps" : [ ],
    "attachments" : [ {
      "uid" : "1f926245738e0d2d",
      "name" : "Verify that element exist under 'Find Your Dream Home' dropdown executed.1593967979627",
      "source" : "1f926245738e0d2d.png",
      "type" : "image/png",
      "size" : 23149
    }, {
      "uid" : "b02041e67dd7f6e",
      "name" : "log",
      "source" : "b02041e67dd7f6e.txt",
      "type" : "text/plain",
      "size" : 2665
    }, {
      "uid" : "b6e011a1dd2bd00c",
      "name" : "stdout",
      "source" : "b6e011a1dd2bd00c.txt",
      "type" : "text/plain",
      "size" : 44
    } ],
    "parameters" : [ ],
    "attachmentsCount" : 3,
    "shouldDisplayMessage" : true,
    "hasContent" : true,
    "stepsCount" : 0
  },
  "afterStages" : [ {
    "name" : "oneTimeSetUp::0",
    "time" : {
      "start" : 1593968067241,
      "stop" : 1593968069443,
      "duration" : 2202
    },
    "status" : "passed",
    "steps" : [ ],
    "attachments" : [ ],
    "parameters" : [ ],
    "attachmentsCount" : 0,
    "shouldDisplayMessage" : false,
    "hasContent" : false,
    "stepsCount" : 0
  }, {
    "name" : "_UnitTestCase__pytest_class_setup::0",
    "time" : {
      "start" : 1593968069447,
      "stop" : 1593968069447,
      "duration" : 0
    },
    "status" : "passed",
    "steps" : [ ],
    "attachments" : [ ],
    "parameters" : [ ],
    "attachmentsCount" : 0,
    "shouldDisplayMessage" : false,
    "hasContent" : false,
    "stepsCount" : 0
  } ],
  "labels" : [ {
    "name" : "suite",
    "value" : "test_regression_suite"
  }, {
    "name" : "subSuite",
    "value" : "HeaderTests"
  }, {
    "name" : "host",
    "value" : "EXIPC0154"
  }, {
    "name" : "thread",
    "value" : "18280-MainThread"
  }, {
    "name" : "framework",
    "value" : "pytest"
  }, {
    "name" : "language",
    "value" : "cpython3"
  }, {
    "name" : "package",
    "value" : "test_regression_suite"
  }, {
    "name" : "resultFormat",
    "value" : "allure2"
  } ],
  "parameters" : [ ],
  "links" : [ ],
  "hidden" : false,
  "retry" : false,
  "extra" : {
    "severity" : "normal",
    "retries" : [ {
      "uid" : "d929bbfe65e8ff88",
      "status" : "failed",
      "statusDetails" : "AssertionError",
      "time" : {
        "start" : 1593967160617,
        "stop" : 1593967175109,
        "duration" : 14492
      }
    }, {
      "uid" : "a60ad3b2b7114276",
      "status" : "failed",
      "statusDetails" : "AssertionError",
      "time" : {
        "start" : 1593679384485,
        "stop" : 1593679451192,
        "duration" : 66707
      }
    }, {
      "uid" : "6296dc2375921868",
      "status" : "failed",
      "statusDetails" : "AssertionError",
      "time" : {
        "start" : 1593420406295,
        "stop" : 1593420445412,
        "duration" : 39117
      }
    }, {
      "uid" : "2e848997ee215736",
      "status" : "failed",
      "statusDetails" : "AssertionError",
      "time" : {
        "start" : 1593334218412,
        "stop" : 1593334232724,
        "duration" : 14312
      }
    }, {
      "uid" : "e9e38b01685b86c",
      "status" : "failed",
      "statusDetails" : "AssertionError",
      "time" : {
        "start" : 1593315368338,
        "stop" : 1593315382430,
        "duration" : 14092
      }
    }, {
      "uid" : "22f0511bccba8f43",
      "status" : "failed",
      "statusDetails" : "AssertionError",
      "time" : {
        "start" : 1593275922406,
        "stop" : 1593275936347,
        "duration" : 13941
      }
    }, {
      "uid" : "f68794bd0de58816",
      "status" : "failed",
      "statusDetails" : "AssertionError",
      "time" : {
        "start" : 1593075196798,
        "stop" : 1593075211365,
        "duration" : 14567
      }
    }, {
      "uid" : "c2924d1130f490c9",
      "status" : "failed",
      "statusDetails" : "AssertionError",
      "time" : {
        "start" : 1592814962604,
        "stop" : 1592814999440,
        "duration" : 36836
      }
    }, {
      "uid" : "7d480355b56e1e35",
      "status" : "failed",
      "statusDetails" : "AssertionError",
      "time" : {
        "start" : 1592797559907,
        "stop" : 1592797574258,
        "duration" : 14351
      }
    }, {
      "uid" : "9ea77fa87afac65",
      "status" : "failed",
      "statusDetails" : "AssertionError",
      "time" : {
        "start" : 1592555794278,
        "stop" : 1592555878524,
        "duration" : 84246
      }
    }, {
      "uid" : "f70029450d14df95",
      "status" : "failed",
      "statusDetails" : "AssertionError",
      "time" : {
        "start" : 1592123801102,
        "stop" : 1592123906712,
        "duration" : 105610
      }
    }, {
      "uid" : "c16617596303fc9d",
      "status" : "failed",
      "statusDetails" : "AssertionError",
      "time" : {
        "start" : 1592046333747,
        "stop" : 1592046348404,
        "duration" : 14657
      }
    }, {
      "uid" : "fa52fcdd6826b00",
      "status" : "failed",
      "statusDetails" : "AssertionError",
      "time" : {
        "start" : 1591951009517,
        "stop" : 1591951023648,
        "duration" : 14131
      }
    }, {
      "uid" : "c2364f2e1d3816e3",
      "status" : "failed",
      "statusDetails" : "AssertionError",
      "time" : {
        "start" : 1591865637318,
        "stop" : 1591865651232,
        "duration" : 13914
      }
    }, {
      "uid" : "939b12fd9ea6fa00",
      "status" : "failed",
      "statusDetails" : "AssertionError",
      "time" : {
        "start" : 1591778500945,
        "stop" : 1591778564308,
        "duration" : 63363
      }
    }, {
      "uid" : "bcfdfe86c1ccf76",
      "status" : "broken",
      "statusDetails" : "selenium.common.exceptions.NoSuchWindowException: Message: no such window: target window already closed\nfrom unknown error: web view not found\n  (Session info: chrome=83.0.4103.61)",
      "time" : {
        "start" : 1591691762486,
        "stop" : 1591691762581,
        "duration" : 95
      }
    }, {
      "uid" : "37e9bb9ff985aff9",
      "status" : "failed",
      "statusDetails" : "AssertionError",
      "time" : {
        "start" : 1591432270280,
        "stop" : 1591432285359,
        "duration" : 15079
      }
    }, {
      "uid" : "d05cbea5e0bfb50",
      "status" : "failed",
      "statusDetails" : "AssertionError",
      "time" : {
        "start" : 1591087016670,
        "stop" : 1591087031206,
        "duration" : 14536
      }
    }, {
      "uid" : "a74042cda6c0148b",
      "status" : "passed",
      "time" : {
        "start" : 1591000114153,
        "stop" : 1591000115702,
        "duration" : 1549
      }
    }, {
      "uid" : "fc83841ef21b57e6",
      "status" : "passed",
      "time" : {
        "start" : 1590998633770,
        "stop" : 1590998635266,
        "duration" : 1496
      }
    }, {
      "uid" : "1199998b25f2e027",
      "status" : "broken",
      "statusDetails" : "selenium.common.exceptions.SessionNotCreatedException: Message: session not created: This version of ChromeDriver only supports Chrome version 81",
      "time" : {
        "start" : 1590913649567,
        "stop" : 1590913649567,
        "duration" : 0
      }
    }, {
      "uid" : "2130f18b668b709b",
      "status" : "passed",
      "time" : {
        "start" : 1590827339313,
        "stop" : 1590827340851,
        "duration" : 1538
      }
    }, {
      "uid" : "6e360479d028efda",
      "status" : "passed",
      "time" : {
        "start" : 1590740988454,
        "stop" : 1590740989115,
        "duration" : 661
      }
    }, {
      "uid" : "5973fbd202b0c441",
      "status" : "broken",
      "statusDetails" : "selenium.common.exceptions.NoSuchWindowException: Message: no such window: target window already closed\nfrom unknown error: web view not found\n  (Session info: chrome=81.0.4044.138)",
      "time" : {
        "start" : 1590654886124,
        "stop" : 1590654886284,
        "duration" : 160
      }
    }, {
      "uid" : "5ab19a6af585a691",
      "status" : "passed",
      "time" : {
        "start" : 1590568907200,
        "stop" : 1590568907998,
        "duration" : 798
      }
    }, {
      "uid" : "e9588229da8c346a",
      "status" : "passed",
      "time" : {
        "start" : 1590405822035,
        "stop" : 1590405823627,
        "duration" : 1592
      }
    }, {
      "uid" : "12d16416b2afa4d",
      "status" : "passed",
      "time" : {
        "start" : 1590404540302,
        "stop" : 1590404541757,
        "duration" : 1455
      }
    }, {
      "uid" : "cd52573d175dc587",
      "status" : "passed",
      "time" : {
        "start" : 1590404538324,
        "stop" : 1590404540924,
        "duration" : 2600
      }
    }, {
      "uid" : "f88c4484cba18810",
      "status" : "passed",
      "time" : {
        "start" : 1589610704953,
        "stop" : 1589610705811,
        "duration" : 858
      }
    }, {
      "uid" : "21fbdce71b5b0180",
      "status" : "passed",
      "time" : {
        "start" : 1589609716454,
        "stop" : 1589609717322,
        "duration" : 868
      }
    }, {
      "uid" : "831e847eb5d21907",
      "status" : "passed",
      "time" : {
        "start" : 1589609462513,
        "stop" : 1589609463254,
        "duration" : 741
      }
    }, {
      "uid" : "f117393cc0232a3d",
      "status" : "passed",
      "time" : {
        "start" : 1589609005952,
        "stop" : 1589609007010,
        "duration" : 1058
      }
    }, {
      "uid" : "42e8a8ce917cb51b",
      "status" : "broken",
      "statusDetails" : "selenium.common.exceptions.WebDriverException: Message: 'chromedriver.exe' executable needs to be in PATH. Please see https://sites.google.com/a/chromium.org/chromedriver/home",
      "time" : {
        "start" : 1589607871868,
        "stop" : 1589607871868,
        "duration" : 0
      }
    }, {
      "uid" : "a5b4f23bcda7686b",
      "status" : "passed",
      "time" : {
        "start" : 1589606535413,
        "stop" : 1589606536176,
        "duration" : 763
      }
    }, {
      "uid" : "731b6f3ed0856688",
      "status" : "passed",
      "time" : {
        "start" : 1589597936931,
        "stop" : 1589597937624,
        "duration" : 693
      }
    }, {
      "uid" : "4fb034e5e5f2c72c",
      "status" : "passed",
      "time" : {
        "start" : 1589596724953,
        "stop" : 1589596725603,
        "duration" : 650
      }
    }, {
      "uid" : "40b38578179c8e2",
      "status" : "passed",
      "time" : {
        "start" : 1589534596503,
        "stop" : 1589534597923,
        "duration" : 1420
      }
    }, {
      "uid" : "189b9787f2b04d22",
      "status" : "passed",
      "time" : {
        "start" : 1589469219346,
        "stop" : 1589469220829,
        "duration" : 1483
      }
    }, {
      "uid" : "c273cd0927508688",
      "status" : "passed",
      "time" : {
        "start" : 1589386820281,
        "stop" : 1589386821745,
        "duration" : 1464
      }
    }, {
      "uid" : "5f1929373284d850",
      "status" : "passed",
      "time" : {
        "start" : 1589272268150,
        "stop" : 1589272269763,
        "duration" : 1613
      }
    }, {
      "uid" : "ecde44697d901e77",
      "status" : "failed",
      "statusDetails" : "AssertionError",
      "time" : {
        "start" : 1589258714678,
        "stop" : 1589258747333,
        "duration" : 32655
      }
    }, {
      "uid" : "1d450f2d7c4679ed",
      "status" : "passed",
      "time" : {
        "start" : 1589258600381,
        "stop" : 1589258602023,
        "duration" : 1642
      }
    }, {
      "uid" : "8472983c245237b1",
      "status" : "passed",
      "time" : {
        "start" : 1589255148037,
        "stop" : 1589255149432,
        "duration" : 1395
      }
    }, {
      "uid" : "b5fe9677aab8c61d",
      "status" : "failed",
      "statusDetails" : "AssertionError",
      "time" : {
        "start" : 1589253234006,
        "stop" : 1589253267081,
        "duration" : 33075
      }
    }, {
      "uid" : "bc4f75a8b644b2b9",
      "status" : "failed",
      "statusDetails" : "AssertionError",
      "time" : {
        "start" : 1589216167148,
        "stop" : 1589216213652,
        "duration" : 46504
      }
    }, {
      "uid" : "ca54544e0245f8fd",
      "status" : "failed",
      "statusDetails" : "AssertionError",
      "time" : {
        "start" : 1589207770377,
        "stop" : 1589207829005,
        "duration" : 58628
      }
    }, {
      "uid" : "d66c29d98ac13333",
      "status" : "failed",
      "statusDetails" : "AssertionError",
      "time" : {
        "start" : 1589206323185,
        "stop" : 1589206367756,
        "duration" : 44571
      }
    }, {
      "uid" : "99a846271fd928b2",
      "status" : "failed",
      "statusDetails" : "AssertionError",
      "time" : {
        "start" : 1589205400408,
        "stop" : 1589205418062,
        "duration" : 17654
      }
    }, {
      "uid" : "149eb74853278841",
      "status" : "failed",
      "statusDetails" : "AssertionError",
      "time" : {
        "start" : 1589203344393,
        "stop" : 1589203405241,
        "duration" : 60848
      }
    }, {
      "uid" : "4a306545be503b76",
      "status" : "failed",
      "statusDetails" : "AssertionError",
      "time" : {
        "start" : 1589163837663,
        "stop" : 1589163924197,
        "duration" : 86534
      }
    }, {
      "uid" : "ea689ae4aff13826",
      "status" : "passed",
      "time" : {
        "start" : 1589113110076,
        "stop" : 1589113113363,
        "duration" : 3287
      }
    }, {
      "uid" : "28c6a16258853a1f",
      "status" : "passed",
      "time" : {
        "start" : 1588853743153,
        "stop" : 1588853744608,
        "duration" : 1455
      }
    }, {
      "uid" : "178272822a648dc4",
      "status" : "passed",
      "time" : {
        "start" : 1588852431212,
        "stop" : 1588852432830,
        "duration" : 1618
      }
    } ],
    "categories" : [ {
      "name" : "Product defects",
      "matchedStatuses" : [ ],
      "flaky" : false
    } ],
    "history" : {
      "statistic" : {
        "failed" : 40,
        "broken" : 3,
        "skipped" : 0,
        "passed" : 26,
        "unknown" : 0,
        "total" : 69
      },
      "items" : [ {
        "uid" : "df7a88892e8e1598",
        "reportUrl" : "http://localhost:9090/jenkins/job/MattamyAutomationFramework/87/allure/#testresult/df7a88892e8e1598",
        "status" : "failed",
        "statusDetails" : "AssertionError",
        "time" : {
          "start" : 1593967160617,
          "stop" : 1593967175109,
          "duration" : 14492
        }
      }, {
        "uid" : "6b445342272c2f60",
        "reportUrl" : "http://localhost:9090/jenkins/job/MattamyAutomationFramework/86/allure/#testresult/6b445342272c2f60",
        "status" : "failed",
        "statusDetails" : "AssertionError",
        "time" : {
          "start" : 1593679384485,
          "stop" : 1593679451192,
          "duration" : 66707
        }
      }, {
        "uid" : "cd6e550f4ed688e0",
        "reportUrl" : "http://localhost:9090/jenkins/job/MattamyAutomationFramework/85/allure/#testresult/cd6e550f4ed688e0",
        "status" : "failed",
        "statusDetails" : "AssertionError",
        "time" : {
          "start" : 1593679384485,
          "stop" : 1593679451192,
          "duration" : 66707
        }
      }, {
        "uid" : "ba302f94e887fd60",
        "reportUrl" : "http://localhost:9090/jenkins/job/MattamyAutomationFramework/84/allure/#testresult/ba302f94e887fd60",
        "status" : "failed",
        "statusDetails" : "AssertionError",
        "time" : {
          "start" : 1593420406295,
          "stop" : 1593420445412,
          "duration" : 39117
        }
      }, {
        "uid" : "c3b8b83ca263c34b",
        "reportUrl" : "http://localhost:9090/jenkins/job/MattamyAutomationFramework/83/allure/#testresult/c3b8b83ca263c34b",
        "status" : "failed",
        "statusDetails" : "AssertionError",
        "time" : {
          "start" : 1593420406295,
          "stop" : 1593420445412,
          "duration" : 39117
        }
      }, {
        "uid" : "90a16164d96eb5f4",
        "reportUrl" : "http://localhost:9090/jenkins/job/MattamyAutomationFramework/82/allure/#testresult/90a16164d96eb5f4",
        "status" : "failed",
        "statusDetails" : "AssertionError",
        "time" : {
          "start" : 1593420406295,
          "stop" : 1593420445412,
          "duration" : 39117
        }
      }, {
        "uid" : "12578a4dd9e65579",
        "reportUrl" : "http://localhost:9090/jenkins/job/MattamyAutomationFramework/81/allure/#testresult/12578a4dd9e65579",
        "status" : "failed",
        "statusDetails" : "AssertionError",
        "time" : {
          "start" : 1593334218412,
          "stop" : 1593334232724,
          "duration" : 14312
        }
      }, {
        "uid" : "c684a0f6a1d55ebf",
        "reportUrl" : "http://localhost:9090/jenkins/job/MattamyAutomationFramework/80/allure/#testresult/c684a0f6a1d55ebf",
        "status" : "failed",
        "statusDetails" : "AssertionError",
        "time" : {
          "start" : 1593315368338,
          "stop" : 1593315382430,
          "duration" : 14092
        }
      }, {
        "uid" : "1fb8faf7fe0f5167",
        "reportUrl" : "http://localhost:9090/jenkins/job/MattamyAutomationFramework/79/allure/#testresult/1fb8faf7fe0f5167",
        "status" : "failed",
        "statusDetails" : "AssertionError",
        "time" : {
          "start" : 1593275922406,
          "stop" : 1593275936347,
          "duration" : 13941
        }
      }, {
        "uid" : "d0d03a7bbda9adf9",
        "reportUrl" : "http://localhost:9090/jenkins/job/MattamyAutomationFramework/78/allure/#testresult/d0d03a7bbda9adf9",
        "status" : "failed",
        "statusDetails" : "AssertionError",
        "time" : {
          "start" : 1593075196798,
          "stop" : 1593075211365,
          "duration" : 14567
        }
      }, {
        "uid" : "3d31128b58f5048c",
        "reportUrl" : "http://localhost:9090/jenkins/job/MattamyAutomationFramework/77/allure/#testresult/3d31128b58f5048c",
        "status" : "failed",
        "statusDetails" : "AssertionError",
        "time" : {
          "start" : 1592814962604,
          "stop" : 1592814999440,
          "duration" : 36836
        }
      }, {
        "uid" : "6bb7dd13a94337f9",
        "reportUrl" : "http://localhost:9090/jenkins/job/MattamyAutomationFramework/76/allure/#testresult/6bb7dd13a94337f9",
        "status" : "failed",
        "statusDetails" : "AssertionError",
        "time" : {
          "start" : 1592814962604,
          "stop" : 1592814999440,
          "duration" : 36836
        }
      }, {
        "uid" : "13b2f573001d8911",
        "reportUrl" : "http://localhost:9090/jenkins/job/MattamyAutomationFramework/75/allure/#testresult/13b2f573001d8911",
        "status" : "failed",
        "statusDetails" : "AssertionError",
        "time" : {
          "start" : 1592814962604,
          "stop" : 1592814999440,
          "duration" : 36836
        }
      }, {
        "uid" : "cd938dc14cf9dd41",
        "reportUrl" : "http://localhost:9090/jenkins/job/MattamyAutomationFramework/74/allure/#testresult/cd938dc14cf9dd41",
        "status" : "failed",
        "statusDetails" : "AssertionError",
        "time" : {
          "start" : 1592797559907,
          "stop" : 1592797574258,
          "duration" : 14351
        }
      }, {
        "uid" : "8f3ff3f5a4928e99",
        "reportUrl" : "http://localhost:9090/jenkins/job/MattamyAutomationFramework/73/allure/#testresult/8f3ff3f5a4928e99",
        "status" : "failed",
        "statusDetails" : "AssertionError",
        "time" : {
          "start" : 1592555794278,
          "stop" : 1592555878524,
          "duration" : 84246
        }
      }, {
        "uid" : "c1461757783177d3",
        "reportUrl" : "http://localhost:9090/jenkins/job/MattamyAutomationFramework/72/allure/#testresult/c1461757783177d3",
        "status" : "failed",
        "statusDetails" : "AssertionError",
        "time" : {
          "start" : 1592555794278,
          "stop" : 1592555878524,
          "duration" : 84246
        }
      }, {
        "uid" : "8579a29d02131167",
        "reportUrl" : "http://localhost:9090/jenkins/job/MattamyAutomationFramework/71/allure/#testresult/8579a29d02131167",
        "status" : "failed",
        "statusDetails" : "AssertionError",
        "time" : {
          "start" : 1592123801102,
          "stop" : 1592123906712,
          "duration" : 105610
        }
      }, {
        "uid" : "51d118ddd5d8f15d",
        "reportUrl" : "http://localhost:9090/jenkins/job/MattamyAutomationFramework/70/allure/#testresult/51d118ddd5d8f15d",
        "status" : "failed",
        "statusDetails" : "AssertionError",
        "time" : {
          "start" : 1592123801102,
          "stop" : 1592123906712,
          "duration" : 105610
        }
      }, {
        "uid" : "fc09497d56e056c4",
        "reportUrl" : "http://localhost:9090/jenkins/job/MattamyAutomationFramework/69/allure/#testresult/fc09497d56e056c4",
        "status" : "failed",
        "statusDetails" : "AssertionError",
        "time" : {
          "start" : 1592123801102,
          "stop" : 1592123906712,
          "duration" : 105610
        }
      }, {
        "uid" : "d21eb215d7b83d96",
        "reportUrl" : "http://localhost:9090/jenkins/job/MattamyAutomationFramework/68/allure/#testresult/d21eb215d7b83d96",
        "status" : "failed",
        "statusDetails" : "AssertionError",
        "time" : {
          "start" : 1592123801102,
          "stop" : 1592123906712,
          "duration" : 105610
        }
      } ]
    },
    "tags" : [ ]
  },
  "source" : "f5bf3e390f4ab26d.json",
  "parameterValues" : [ ]
}