{
  "uid" : "feaa60c0f3e095e3",
  "name" : "test_privacyPolicyLink",
  "fullName" : "test_regression_suite.FooterTests#test_privacyPolicyLink",
  "historyId" : "b1f18d70ace4899566611e7531314bd9",
  "time" : {
    "start" : 1591086914663,
    "stop" : 1591086939662,
    "duration" : 24999
  },
  "status" : "failed",
  "statusMessage" : "AssertionError",
  "statusTrace" : "self = <tests.home.footer_test.FooterTests testMethod=test_privacyPolicyLink>\n\n    def test_privacyPolicyLink(self):\n        result = self.fp.getPrivacyLinkStatus()\n>       self.ts.markFinal(\"test_privacyPolicyLink\", result, \"Footer_Verified Privacy Policy Link\")\n\nhome\\footer_test.py:72: \n_ _ _ _ _ _ _ _ _ _ _ _ _ _ _ _ _ _ _ _ _ _ _ _ _ _ _ _ _ _ _ _ _ _ _ _ _ _ _ _\n\nself = <utilities.casestatus.CaseStatus object at 0x000001C972D51E80>\ntestName = 'test_privacyPolicyLink', result = False\nresultMessage = 'Footer_Verified Privacy Policy Link'\n\n    def markFinal(self, testName, result, resultMessage):\n        \"\"\"\n        Mark the final result of verification point in a test case\n        This needs to be called at least once in a test case\n        This should be final test status of the test case\n        \"\"\"\n        self.setResult(result, resultMessage)\n    \n        if \"FAIL\" in self.resultList:\n            self.log.error(testName + \" Test Failed\")\n            self.resultList.clear()\n>           assert True == False\nE           AssertionError\n\n..\\utilities\\casestatus.py:74: AssertionError",
  "flaky" : false,
  "newFailed" : false,
  "beforeStages" : [ {
    "name" : "_UnitTestCase__pytest_class_setup",
    "time" : {
      "start" : 1591086553519,
      "stop" : 1591086553519,
      "duration" : 0
    },
    "status" : "passed",
    "steps" : [ ],
    "attachments" : [ ],
    "parameters" : [ ],
    "attachmentsCount" : 0,
    "shouldDisplayMessage" : false,
    "hasContent" : false,
    "stepsCount" : 0
  }, {
    "name" : "classSetUp",
    "time" : {
      "start" : 1591086914662,
      "stop" : 1591086914662,
      "duration" : 0
    },
    "status" : "passed",
    "steps" : [ ],
    "attachments" : [ ],
    "parameters" : [ ],
    "attachmentsCount" : 0,
    "shouldDisplayMessage" : false,
    "hasContent" : false,
    "stepsCount" : 0
  }, {
    "name" : "browser",
    "time" : {
      "start" : 1591086553520,
      "stop" : 1591086553520,
      "duration" : 0
    },
    "status" : "passed",
    "steps" : [ ],
    "attachments" : [ ],
    "parameters" : [ ],
    "attachmentsCount" : 0,
    "shouldDisplayMessage" : false,
    "hasContent" : false,
    "stepsCount" : 0
  }, {
    "name" : "oneTimeSetUp",
    "time" : {
      "start" : 1591086553520,
      "stop" : 1591086577756,
      "duration" : 24236
    },
    "status" : "passed",
    "steps" : [ ],
    "attachments" : [ ],
    "parameters" : [ ],
    "attachmentsCount" : 0,
    "shouldDisplayMessage" : false,
    "hasContent" : false,
    "stepsCount" : 0
  } ],
  "testStage" : {
    "status" : "failed",
    "statusMessage" : "AssertionError",
    "statusTrace" : "self = <tests.home.footer_test.FooterTests testMethod=test_privacyPolicyLink>\n\n    def test_privacyPolicyLink(self):\n        result = self.fp.getPrivacyLinkStatus()\n>       self.ts.markFinal(\"test_privacyPolicyLink\", result, \"Footer_Verified Privacy Policy Link\")\n\nhome\\footer_test.py:72: \n_ _ _ _ _ _ _ _ _ _ _ _ _ _ _ _ _ _ _ _ _ _ _ _ _ _ _ _ _ _ _ _ _ _ _ _ _ _ _ _\n\nself = <utilities.casestatus.CaseStatus object at 0x000001C972D51E80>\ntestName = 'test_privacyPolicyLink', result = False\nresultMessage = 'Footer_Verified Privacy Policy Link'\n\n    def markFinal(self, testName, result, resultMessage):\n        \"\"\"\n        Mark the final result of verification point in a test case\n        This needs to be called at least once in a test case\n        This should be final test status of the test case\n        \"\"\"\n        self.setResult(result, resultMessage)\n    \n        if \"FAIL\" in self.resultList:\n            self.log.error(testName + \" Test Failed\")\n            self.resultList.clear()\n>           assert True == False\nE           AssertionError\n\n..\\utilities\\casestatus.py:74: AssertionError",
    "steps" : [ ],
    "attachments" : [ {
      "uid" : "9acbc72b8befb340",
      "name" : "Footer_Verified Privacy Policy Link.1591086939659",
      "source" : "9acbc72b8befb340.png",
      "type" : "image/png",
      "size" : 4700
    }, {
      "uid" : "fc0d1257f64918a5",
      "name" : "log",
      "source" : "fc0d1257f64918a5.txt",
      "type" : "text/plain",
      "size" : 1168
    }, {
      "uid" : "ba621fed232d8002",
      "name" : "stdout",
      "source" : "ba621fed232d8002.txt",
      "type" : "text/plain",
      "size" : 22
    } ],
    "parameters" : [ ],
    "attachmentsCount" : 3,
    "shouldDisplayMessage" : true,
    "hasContent" : true,
    "stepsCount" : 0
  },
  "afterStages" : [ {
    "name" : "_UnitTestCase__pytest_class_setup::0",
    "time" : {
      "start" : 1591086992183,
      "stop" : 1591086992183,
      "duration" : 0
    },
    "status" : "passed",
    "steps" : [ ],
    "attachments" : [ ],
    "parameters" : [ ],
    "attachmentsCount" : 0,
    "shouldDisplayMessage" : false,
    "hasContent" : false,
    "stepsCount" : 0
  }, {
    "name" : "oneTimeSetUp::0",
    "time" : {
      "start" : 1591086989649,
      "stop" : 1591086992177,
      "duration" : 2528
    },
    "status" : "passed",
    "steps" : [ ],
    "attachments" : [ ],
    "parameters" : [ ],
    "attachmentsCount" : 0,
    "shouldDisplayMessage" : false,
    "hasContent" : false,
    "stepsCount" : 0
  } ],
  "labels" : [ {
    "name" : "suite",
    "value" : "test_regression_suite"
  }, {
    "name" : "subSuite",
    "value" : "FooterTests"
  }, {
    "name" : "host",
    "value" : "EXIPC0154"
  }, {
    "name" : "thread",
    "value" : "13108-MainThread"
  }, {
    "name" : "framework",
    "value" : "pytest"
  }, {
    "name" : "language",
    "value" : "cpython3"
  }, {
    "name" : "package",
    "value" : "test_regression_suite"
  }, {
    "name" : "resultFormat",
    "value" : "allure2"
  } ],
  "parameters" : [ ],
  "links" : [ ],
  "hidden" : false,
  "retry" : false,
  "extra" : {
    "severity" : "normal",
    "retries" : [ {
      "uid" : "2f6f1204ed29d08f",
      "status" : "passed",
      "time" : {
        "start" : 1591000094471,
        "stop" : 1591000095813,
        "duration" : 1342
      }
    }, {
      "uid" : "f64ef13f305aca94",
      "status" : "passed",
      "time" : {
        "start" : 1590998614782,
        "stop" : 1590998615931,
        "duration" : 1149
      }
    }, {
      "uid" : "fc620a0be040058f",
      "status" : "broken",
      "statusDetails" : "selenium.common.exceptions.SessionNotCreatedException: Message: session not created: This version of ChromeDriver only supports Chrome version 81",
      "time" : {
        "start" : 1590913648990,
        "stop" : 1590913648990,
        "duration" : 0
      }
    }, {
      "uid" : "a34050ae287337bd",
      "status" : "passed",
      "time" : {
        "start" : 1590827311584,
        "stop" : 1590827313150,
        "duration" : 1566
      }
    }, {
      "uid" : "b4b1dddffdc7907f",
      "status" : "passed",
      "time" : {
        "start" : 1590740957114,
        "stop" : 1590740958440,
        "duration" : 1326
      }
    }, {
      "uid" : "372601bab7d53ab8",
      "status" : "broken",
      "statusDetails" : "selenium.common.exceptions.WebDriverException: Message: chrome not reachable\n  (Session info: chrome=81.0.4044.138)",
      "time" : {
        "start" : 1590654797501,
        "stop" : 1590654821573,
        "duration" : 24072
      }
    }, {
      "uid" : "52d0962845fd5714",
      "status" : "passed",
      "time" : {
        "start" : 1590568886007,
        "stop" : 1590568887265,
        "duration" : 1258
      }
    }, {
      "uid" : "8b2f88c302485124",
      "status" : "passed",
      "time" : {
        "start" : 1590405798458,
        "stop" : 1590405799772,
        "duration" : 1314
      }
    }, {
      "uid" : "861e7ec40b71da2b",
      "status" : "passed",
      "time" : {
        "start" : 1590404517540,
        "stop" : 1590404518726,
        "duration" : 1186
      }
    }, {
      "uid" : "aac1370980e033f5",
      "status" : "passed",
      "time" : {
        "start" : 1590404454663,
        "stop" : 1590404456490,
        "duration" : 1827
      }
    }, {
      "uid" : "5ceda8a7e307aaa6",
      "status" : "passed",
      "time" : {
        "start" : 1589610684093,
        "stop" : 1589610685515,
        "duration" : 1422
      }
    }, {
      "uid" : "42310c6004bebb06",
      "status" : "passed",
      "time" : {
        "start" : 1589609690444,
        "stop" : 1589609696397,
        "duration" : 5953
      }
    }, {
      "uid" : "209105e1c665704a",
      "status" : "passed",
      "time" : {
        "start" : 1589609441383,
        "stop" : 1589609442762,
        "duration" : 1379
      }
    }, {
      "uid" : "557ab4d1bf0938f9",
      "status" : "passed",
      "time" : {
        "start" : 1589608985693,
        "stop" : 1589608987520,
        "duration" : 1827
      }
    }, {
      "uid" : "302debf0506e8e4e",
      "status" : "broken",
      "statusDetails" : "selenium.common.exceptions.WebDriverException: Message: 'chromedriver.exe' executable needs to be in PATH. Please see https://sites.google.com/a/chromium.org/chromedriver/home",
      "time" : {
        "start" : 1589607870854,
        "stop" : 1589607870854,
        "duration" : 0
      }
    }, {
      "uid" : "d8ff862b9f3b6489",
      "status" : "passed",
      "time" : {
        "start" : 1589606513756,
        "stop" : 1589606515081,
        "duration" : 1325
      }
    }, {
      "uid" : "85f62d1a81efc022",
      "status" : "passed",
      "time" : {
        "start" : 1589597915080,
        "stop" : 1589597916653,
        "duration" : 1573
      }
    }, {
      "uid" : "63dd44f721081241",
      "status" : "passed",
      "time" : {
        "start" : 1589596703188,
        "stop" : 1589596704343,
        "duration" : 1155
      }
    }, {
      "uid" : "206663fb6089832e",
      "status" : "passed",
      "time" : {
        "start" : 1589534552167,
        "stop" : 1589534553586,
        "duration" : 1419
      }
    }, {
      "uid" : "83baf4601935c183",
      "status" : "failed",
      "statusDetails" : "AssertionError",
      "time" : {
        "start" : 1589469167764,
        "stop" : 1589469169433,
        "duration" : 1669
      }
    }, {
      "uid" : "b9eb1a813fa2cf05",
      "status" : "failed",
      "statusDetails" : "AssertionError",
      "time" : {
        "start" : 1589386799289,
        "stop" : 1589386800350,
        "duration" : 1061
      }
    }, {
      "uid" : "310bbf60878bbe1c",
      "status" : "failed",
      "statusDetails" : "AssertionError",
      "time" : {
        "start" : 1589272135300,
        "stop" : 1589272136433,
        "duration" : 1133
      }
    }, {
      "uid" : "7e02f051f6cca0b7",
      "status" : "failed",
      "statusDetails" : "AssertionError",
      "time" : {
        "start" : 1589258696231,
        "stop" : 1589258697125,
        "duration" : 894
      }
    }, {
      "uid" : "efa22a52d93201d7",
      "status" : "failed",
      "statusDetails" : "AssertionError",
      "time" : {
        "start" : 1589258582116,
        "stop" : 1589258583097,
        "duration" : 981
      }
    }, {
      "uid" : "560b97022881b34d",
      "status" : "failed",
      "statusDetails" : "AssertionError",
      "time" : {
        "start" : 1589255131162,
        "stop" : 1589255132071,
        "duration" : 909
      }
    }, {
      "uid" : "b064a7d8d1241c68",
      "status" : "failed",
      "statusDetails" : "AssertionError",
      "time" : {
        "start" : 1589253215975,
        "stop" : 1589253217117,
        "duration" : 1142
      }
    }, {
      "uid" : "1d5518104aea3481",
      "status" : "failed",
      "statusDetails" : "AssertionError",
      "time" : {
        "start" : 1589216129025,
        "stop" : 1589216129838,
        "duration" : 813
      }
    }, {
      "uid" : "df606910a812ba4f",
      "status" : "failed",
      "statusDetails" : "AssertionError",
      "time" : {
        "start" : 1589207739519,
        "stop" : 1589207740320,
        "duration" : 801
      }
    }, {
      "uid" : "63451d427a9bcc3c",
      "status" : "failed",
      "statusDetails" : "AssertionError",
      "time" : {
        "start" : 1589206288861,
        "stop" : 1589206289657,
        "duration" : 796
      }
    }, {
      "uid" : "436ca8514601a8",
      "status" : "failed",
      "statusDetails" : "AssertionError",
      "time" : {
        "start" : 1589205361748,
        "stop" : 1589205362612,
        "duration" : 864
      }
    }, {
      "uid" : "9bbd89067982dfa6",
      "status" : "failed",
      "statusDetails" : "AssertionError",
      "time" : {
        "start" : 1589203309624,
        "stop" : 1589203310462,
        "duration" : 838
      }
    }, {
      "uid" : "93a16196657e2c4f",
      "status" : "failed",
      "statusDetails" : "AssertionError",
      "time" : {
        "start" : 1589163802743,
        "stop" : 1589163803615,
        "duration" : 872
      }
    }, {
      "uid" : "6d1fcd79181d4fb7",
      "status" : "failed",
      "statusDetails" : "AssertionError",
      "time" : {
        "start" : 1589113071837,
        "stop" : 1589113072783,
        "duration" : 946
      }
    }, {
      "uid" : "7625856e1222f450",
      "status" : "failed",
      "statusDetails" : "AssertionError",
      "time" : {
        "start" : 1588853678758,
        "stop" : 1588853679538,
        "duration" : 780
      }
    }, {
      "uid" : "67f1aa00a7826979",
      "status" : "failed",
      "statusDetails" : "AssertionError",
      "time" : {
        "start" : 1588852352716,
        "stop" : 1588852353685,
        "duration" : 969
      }
    } ],
    "categories" : [ {
      "name" : "Product defects",
      "matchedStatuses" : [ ],
      "flaky" : false
    } ],
    "history" : {
      "statistic" : {
        "failed" : 18,
        "broken" : 2,
        "skipped" : 0,
        "passed" : 18,
        "unknown" : 0,
        "total" : 38
      },
      "items" : [ {
        "uid" : "3874e75d1071b2f9",
        "reportUrl" : "http://localhost:9090/jenkins/job/MattamyAutomationFramework/56/allure/#testresult/3874e75d1071b2f9",
        "status" : "failed",
        "statusDetails" : "AssertionError",
        "time" : {
          "start" : 1591086914663,
          "stop" : 1591086939662,
          "duration" : 24999
        }
      }, {
        "uid" : "6cd2f7ec49490564",
        "reportUrl" : "http://localhost:9090/jenkins/job/MattamyAutomationFramework/55/allure/#testresult/6cd2f7ec49490564",
        "status" : "failed",
        "statusDetails" : "AssertionError",
        "time" : {
          "start" : 1591086914663,
          "stop" : 1591086939662,
          "duration" : 24999
        }
      }, {
        "uid" : "57f01166a2b19cc2",
        "reportUrl" : "http://localhost:9090/jenkins/job/MattamyAutomationFramework/54/allure/#testresult/57f01166a2b19cc2",
        "status" : "passed",
        "time" : {
          "start" : 1591000094471,
          "stop" : 1591000095813,
          "duration" : 1342
        }
      }, {
        "uid" : "aac566f77c944d8d",
        "reportUrl" : "http://localhost:9090/jenkins/job/MattamyAutomationFramework/53/allure/#testresult/aac566f77c944d8d",
        "status" : "passed",
        "time" : {
          "start" : 1590998614782,
          "stop" : 1590998615931,
          "duration" : 1149
        }
      }, {
        "uid" : "2147fc1b04d24623",
        "reportUrl" : "http://localhost:9090/jenkins/job/MattamyAutomationFramework/52/allure/#testresult/2147fc1b04d24623",
        "status" : "broken",
        "statusDetails" : "selenium.common.exceptions.SessionNotCreatedException: Message: session not created: This version of ChromeDriver only supports Chrome version 81",
        "time" : {
          "start" : 1590913648990,
          "stop" : 1590913648990,
          "duration" : 0
        }
      }, {
        "uid" : "6351394da2a8884e",
        "reportUrl" : "http://localhost:9090/jenkins/job/MattamyAutomationFramework/51/allure/#testresult/6351394da2a8884e",
        "status" : "passed",
        "time" : {
          "start" : 1590827311584,
          "stop" : 1590827313150,
          "duration" : 1566
        }
      }, {
        "uid" : "3fd72160d47a35b2",
        "reportUrl" : "http://localhost:9090/jenkins/job/MattamyAutomationFramework/50/allure/#testresult/3fd72160d47a35b2",
        "status" : "passed",
        "time" : {
          "start" : 1590740957114,
          "stop" : 1590740958440,
          "duration" : 1326
        }
      }, {
        "uid" : "763ba976a119d266",
        "reportUrl" : "http://localhost:9090/jenkins/job/MattamyAutomationFramework/49/allure/#testresult/763ba976a119d266",
        "status" : "broken",
        "statusDetails" : "selenium.common.exceptions.WebDriverException: Message: chrome not reachable\n  (Session info: chrome=81.0.4044.138)",
        "time" : {
          "start" : 1590654797501,
          "stop" : 1590654821573,
          "duration" : 24072
        }
      }, {
        "uid" : "5b608b192c24874d",
        "reportUrl" : "http://localhost:9090/jenkins/job/MattamyAutomationFramework/48/allure/#testresult/5b608b192c24874d",
        "status" : "passed",
        "time" : {
          "start" : 1590568886007,
          "stop" : 1590568887265,
          "duration" : 1258
        }
      }, {
        "uid" : "17b9e595a22c8d25",
        "reportUrl" : "http://localhost:9090/jenkins/job/MattamyAutomationFramework/47/allure/#testresult/17b9e595a22c8d25",
        "status" : "passed",
        "time" : {
          "start" : 1590405798458,
          "stop" : 1590405799772,
          "duration" : 1314
        }
      }, {
        "uid" : "cccdc65cc94bc096",
        "reportUrl" : "http://localhost:9090/jenkins/job/MattamyAutomationFramework/46/allure/#testresult/cccdc65cc94bc096",
        "status" : "passed",
        "time" : {
          "start" : 1590405798458,
          "stop" : 1590405799772,
          "duration" : 1314
        }
      }, {
        "uid" : "75886467edcb8403",
        "reportUrl" : "http://localhost:9090/jenkins/job/MattamyAutomationFramework/45/allure/#testresult/75886467edcb8403",
        "status" : "passed",
        "time" : {
          "start" : 1590404517540,
          "stop" : 1590404518726,
          "duration" : 1186
        }
      }, {
        "uid" : "cc95e46045b78ec8",
        "reportUrl" : "http://localhost:9090/jenkins/job/MattamyAutomationFramework/43/allure/#testresult/cc95e46045b78ec8",
        "status" : "passed",
        "time" : {
          "start" : 1589610684093,
          "stop" : 1589610685515,
          "duration" : 1422
        }
      }, {
        "uid" : "2f8207fb2954cc77",
        "reportUrl" : "http://localhost:9090/jenkins/job/MattamyAutomationFramework/42/allure/#testresult/2f8207fb2954cc77",
        "status" : "passed",
        "time" : {
          "start" : 1589610684093,
          "stop" : 1589610685515,
          "duration" : 1422
        }
      }, {
        "uid" : "29048dc7ebef4fda",
        "reportUrl" : "http://localhost:9090/jenkins/job/MattamyAutomationFramework/41/allure/#testresult/29048dc7ebef4fda",
        "status" : "passed",
        "time" : {
          "start" : 1589609690444,
          "stop" : 1589609696397,
          "duration" : 5953
        }
      }, {
        "uid" : "8d99bde604dbb061",
        "reportUrl" : "http://localhost:9090/jenkins/job/MattamyAutomationFramework/40/allure/#testresult/8d99bde604dbb061",
        "status" : "passed",
        "time" : {
          "start" : 1589609441383,
          "stop" : 1589609442762,
          "duration" : 1379
        }
      }, {
        "uid" : "73f90a87135a2e76",
        "reportUrl" : "http://localhost:9090/jenkins/job/MattamyAutomationFramework/39/allure/#testresult/73f90a87135a2e76",
        "status" : "passed",
        "time" : {
          "start" : 1589608985693,
          "stop" : 1589608987520,
          "duration" : 1827
        }
      }, {
        "uid" : "802cd02013097581",
        "reportUrl" : "http://localhost:9090/jenkins/job/MattamyAutomationFramework/37/allure/#testresult/802cd02013097581",
        "status" : "passed",
        "time" : {
          "start" : 1589606513756,
          "stop" : 1589606515081,
          "duration" : 1325
        }
      }, {
        "uid" : "4059e5adcac9f9d5",
        "reportUrl" : "http://localhost:9090/jenkins/job/MattamyAutomationFramework/36/allure/#testresult/4059e5adcac9f9d5",
        "status" : "passed",
        "time" : {
          "start" : 1589597915080,
          "stop" : 1589597916653,
          "duration" : 1573
        }
      }, {
        "uid" : "405ddf806fd5f275",
        "reportUrl" : "http://localhost:9090/jenkins/job/MattamyAutomationFramework/35/allure/#testresult/405ddf806fd5f275",
        "status" : "passed",
        "time" : {
          "start" : 1589596703188,
          "stop" : 1589596704343,
          "duration" : 1155
        }
      } ]
    },
    "tags" : [ ]
  },
  "source" : "feaa60c0f3e095e3.json",
  "parameterValues" : [ ]
}